ARM GAS  C:\Users\LocalAdmin\AppData\Local\Temp\ccUOcqES.s 			page 1


   1              		.syntax unified
   2              		.cpu cortex-m3
   3              		.fpu softvfp
   4              		.eabi_attribute 20, 1
   5              		.eabi_attribute 21, 1
   6              		.eabi_attribute 23, 3
   7              		.eabi_attribute 24, 1
   8              		.eabi_attribute 25, 1
   9              		.eabi_attribute 26, 1
  10              		.eabi_attribute 30, 6
  11              		.eabi_attribute 34, 1
  12              		.eabi_attribute 18, 4
  13              		.thumb
  14              		.file	"TIA_1.c"
  15              		.text
  16              	.Ltext0:
  17              		.cfi_sections	.debug_frame
  18              		.global	TIA_1_initVar
  19              		.bss
  20              		.type	TIA_1_initVar, %object
  21              		.size	TIA_1_initVar, 1
  22              	TIA_1_initVar:
  23 0000 00       		.space	1
  24              		.section	.text.TIA_1_Init,"ax",%progbits
  25              		.align	2
  26              		.global	TIA_1_Init
  27              		.thumb
  28              		.thumb_func
  29              		.type	TIA_1_Init, %function
  30              	TIA_1_Init:
  31              	.LFB0:
  32              		.file 1 "Generated_Source\\PSoC5\\TIA_1.c"
   1:Generated_Source\PSoC5/TIA_1.c **** /*******************************************************************************
   2:Generated_Source\PSoC5/TIA_1.c **** * File Name: TIA_1.c  
   3:Generated_Source\PSoC5/TIA_1.c **** * Version 2.0
   4:Generated_Source\PSoC5/TIA_1.c **** *
   5:Generated_Source\PSoC5/TIA_1.c **** * Description:
   6:Generated_Source\PSoC5/TIA_1.c **** *  This file provides the source code to the API for the TIA User Module.
   7:Generated_Source\PSoC5/TIA_1.c **** *
   8:Generated_Source\PSoC5/TIA_1.c **** * Note:
   9:Generated_Source\PSoC5/TIA_1.c **** *
  10:Generated_Source\PSoC5/TIA_1.c **** ********************************************************************************
  11:Generated_Source\PSoC5/TIA_1.c **** * Copyright 2008-2012, Cypress Semiconductor Corporation.  All rights reserved.
  12:Generated_Source\PSoC5/TIA_1.c **** * You may use this file only in accordance with the license, terms, conditions, 
  13:Generated_Source\PSoC5/TIA_1.c **** * disclaimers, and limitations in the end user license agreement accompanying 
  14:Generated_Source\PSoC5/TIA_1.c **** * the software package with which this file was provided.
  15:Generated_Source\PSoC5/TIA_1.c **** *******************************************************************************/
  16:Generated_Source\PSoC5/TIA_1.c **** 
  17:Generated_Source\PSoC5/TIA_1.c **** #include "TIA_1.h"
  18:Generated_Source\PSoC5/TIA_1.c **** 
  19:Generated_Source\PSoC5/TIA_1.c **** #if (!CY_PSOC5A)
  20:Generated_Source\PSoC5/TIA_1.c ****     #if (CYDEV_VARIABLE_VDDA == 1u)
  21:Generated_Source\PSoC5/TIA_1.c ****         #include "CyScBoostClk.h"
  22:Generated_Source\PSoC5/TIA_1.c ****     #endif /* (CYDEV_VARIABLE_VDDA == 1u) */
  23:Generated_Source\PSoC5/TIA_1.c **** #endif /* (!CY_PSOC5A) */
  24:Generated_Source\PSoC5/TIA_1.c **** 
  25:Generated_Source\PSoC5/TIA_1.c **** /* Fixed configuration of SC Block only performed once */
ARM GAS  C:\Users\LocalAdmin\AppData\Local\Temp\ccUOcqES.s 			page 2


  26:Generated_Source\PSoC5/TIA_1.c **** uint8 TIA_1_initVar = 0u;
  27:Generated_Source\PSoC5/TIA_1.c **** 
  28:Generated_Source\PSoC5/TIA_1.c **** #if (CY_PSOC5A)
  29:Generated_Source\PSoC5/TIA_1.c ****     static TIA_1_BACKUP_STRUCT  TIA_1_P5backup;
  30:Generated_Source\PSoC5/TIA_1.c **** #endif /* (CY_PSOC5A) */
  31:Generated_Source\PSoC5/TIA_1.c **** 
  32:Generated_Source\PSoC5/TIA_1.c **** 
  33:Generated_Source\PSoC5/TIA_1.c **** /*******************************************************************************   
  34:Generated_Source\PSoC5/TIA_1.c **** * Function Name: TIA_1_Init
  35:Generated_Source\PSoC5/TIA_1.c **** ********************************************************************************
  36:Generated_Source\PSoC5/TIA_1.c **** *
  37:Generated_Source\PSoC5/TIA_1.c **** * Summary:
  38:Generated_Source\PSoC5/TIA_1.c **** *  Initialize component's parameters to the parameters set by user in the 
  39:Generated_Source\PSoC5/TIA_1.c **** *  customizer of the component placed onto schematic. Usually called in 
  40:Generated_Source\PSoC5/TIA_1.c **** *  TIA_1_Start().
  41:Generated_Source\PSoC5/TIA_1.c **** *
  42:Generated_Source\PSoC5/TIA_1.c **** * Parameters:
  43:Generated_Source\PSoC5/TIA_1.c **** *  void
  44:Generated_Source\PSoC5/TIA_1.c **** *
  45:Generated_Source\PSoC5/TIA_1.c **** * Return:
  46:Generated_Source\PSoC5/TIA_1.c **** *  void
  47:Generated_Source\PSoC5/TIA_1.c **** *
  48:Generated_Source\PSoC5/TIA_1.c **** *******************************************************************************/
  49:Generated_Source\PSoC5/TIA_1.c **** void TIA_1_Init(void) 
  50:Generated_Source\PSoC5/TIA_1.c **** {
  33              		.loc 1 50 0
  34              		.cfi_startproc
  35              		@ args = 0, pretend = 0, frame = 0
  36              		@ frame_needed = 1, uses_anonymous_args = 0
  37 0000 80B5     		push	{r7, lr}
  38              		.cfi_def_cfa_offset 8
  39              		.cfi_offset 7, -8
  40              		.cfi_offset 14, -4
  41 0002 00AF     		add	r7, sp, #0
  42              		.cfi_def_cfa_register 7
  51:Generated_Source\PSoC5/TIA_1.c ****     /* Set SC Block Mode to TIA - SCxx_CR0[3:1] */
  52:Generated_Source\PSoC5/TIA_1.c ****     TIA_1_CR0_REG = TIA_1_MODE_TIA;
  43              		.loc 1 52 0
  44 0004 094B     		ldr	r3, .L2
  45 0006 0222     		movs	r2, #2
  46 0008 1A70     		strb	r2, [r3]
  53:Generated_Source\PSoC5/TIA_1.c ****     
  54:Generated_Source\PSoC5/TIA_1.c ****     /*    Set SC Block CR1 Control Register fields to support TIA mode 
  55:Generated_Source\PSoC5/TIA_1.c ****             drive field set by SetPower() API
  56:Generated_Source\PSoC5/TIA_1.c ****             compensation Cap - 5.1 pF
  57:Generated_Source\PSoC5/TIA_1.c ****             div2 - disable, n/a for TIA mode
  58:Generated_Source\PSoC5/TIA_1.c ****             Mixer/PGA Gain - 0db, n/a for TIA mode   */
  59:Generated_Source\PSoC5/TIA_1.c **** 
  60:Generated_Source\PSoC5/TIA_1.c ****     TIA_1_CR1_REG = (TIA_1_COMP_5P1PF |
  47              		.loc 1 60 0
  48 000a 094B     		ldr	r3, .L2+4
  49 000c 0C22     		movs	r2, #12
  50 000e 1A70     		strb	r2, [r3]
  61:Generated_Source\PSoC5/TIA_1.c ****                                 TIA_1_DIV2_DISABLE |
  62:Generated_Source\PSoC5/TIA_1.c ****                                 TIA_1_GAIN_0DB);
  63:Generated_Source\PSoC5/TIA_1.c **** 
  64:Generated_Source\PSoC5/TIA_1.c **** 
ARM GAS  C:\Users\LocalAdmin\AppData\Local\Temp\ccUOcqES.s 			page 3


  65:Generated_Source\PSoC5/TIA_1.c ****     /*    Set SC Block CR2 Control Register fields to support TIA mode
  66:Generated_Source\PSoC5/TIA_1.c ****             Bias - Low
  67:Generated_Source\PSoC5/TIA_1.c ****             r20_r40 - 40K, n/a for TIA mode
  68:Generated_Source\PSoC5/TIA_1.c ****             redc - set by SetCapFB() API
  69:Generated_Source\PSoC5/TIA_1.c ****             rval - set by SetResFB() API
  70:Generated_Source\PSoC5/TIA_1.c ****             PGA Ground Ref - disable, n/a for TIA mode    */
  71:Generated_Source\PSoC5/TIA_1.c **** 
  72:Generated_Source\PSoC5/TIA_1.c ****     TIA_1_CR2_REG = (TIA_1_BIAS_LOW |
  51              		.loc 1 72 0
  52 0010 084B     		ldr	r3, .L2+8
  53 0012 0122     		movs	r2, #1
  54 0014 1A70     		strb	r2, [r3]
  73:Generated_Source\PSoC5/TIA_1.c ****                                 TIA_1_R20_40B_40K |
  74:Generated_Source\PSoC5/TIA_1.c ****                                 TIA_1_GNDVREF_DI);
  75:Generated_Source\PSoC5/TIA_1.c ****                           
  76:Generated_Source\PSoC5/TIA_1.c ****     /* Set default resistive feedback value */
  77:Generated_Source\PSoC5/TIA_1.c ****     TIA_1_SetResFB(TIA_1_INIT_RES_FEEDBACK);
  55              		.loc 1 77 0
  56 0016 0520     		movs	r0, #5
  57 0018 FFF7FEFF 		bl	TIA_1_SetResFB
  78:Generated_Source\PSoC5/TIA_1.c ****       
  79:Generated_Source\PSoC5/TIA_1.c ****     /* Set default capacitive feedback value */
  80:Generated_Source\PSoC5/TIA_1.c ****     TIA_1_SetCapFB(TIA_1_INIT_CAP_FEEDBACK);
  58              		.loc 1 80 0
  59 001c 0320     		movs	r0, #3
  60 001e FFF7FEFF 		bl	TIA_1_SetCapFB
  81:Generated_Source\PSoC5/TIA_1.c **** 
  82:Generated_Source\PSoC5/TIA_1.c ****     /* Set default power */
  83:Generated_Source\PSoC5/TIA_1.c ****     TIA_1_SetPower(TIA_1_INIT_POWER);
  61              		.loc 1 83 0
  62 0022 0320     		movs	r0, #3
  63 0024 FFF7FEFF 		bl	TIA_1_SetPower
  84:Generated_Source\PSoC5/TIA_1.c **** }
  64              		.loc 1 84 0
  65 0028 80BD     		pop	{r7, pc}
  66              	.L3:
  67 002a 00BF     		.align	2
  68              	.L2:
  69 002c 00580040 		.word	1073764352
  70 0030 01580040 		.word	1073764353
  71 0034 02580040 		.word	1073764354
  72              		.cfi_endproc
  73              	.LFE0:
  74              		.size	TIA_1_Init, .-TIA_1_Init
  75              		.section	.text.TIA_1_Enable,"ax",%progbits
  76              		.align	2
  77              		.global	TIA_1_Enable
  78              		.thumb
  79              		.thumb_func
  80              		.type	TIA_1_Enable, %function
  81              	TIA_1_Enable:
  82              	.LFB1:
  85:Generated_Source\PSoC5/TIA_1.c **** 
  86:Generated_Source\PSoC5/TIA_1.c **** 
  87:Generated_Source\PSoC5/TIA_1.c **** /*******************************************************************************   
  88:Generated_Source\PSoC5/TIA_1.c **** * Function Name: TIA_1_Enable
  89:Generated_Source\PSoC5/TIA_1.c **** ********************************************************************************
ARM GAS  C:\Users\LocalAdmin\AppData\Local\Temp\ccUOcqES.s 			page 4


  90:Generated_Source\PSoC5/TIA_1.c **** *
  91:Generated_Source\PSoC5/TIA_1.c **** * Summary:
  92:Generated_Source\PSoC5/TIA_1.c **** *  Enables the TIA block operation
  93:Generated_Source\PSoC5/TIA_1.c **** *
  94:Generated_Source\PSoC5/TIA_1.c **** * Parameters:
  95:Generated_Source\PSoC5/TIA_1.c **** *  void
  96:Generated_Source\PSoC5/TIA_1.c **** *
  97:Generated_Source\PSoC5/TIA_1.c **** * Return:
  98:Generated_Source\PSoC5/TIA_1.c **** *  void
  99:Generated_Source\PSoC5/TIA_1.c **** *
 100:Generated_Source\PSoC5/TIA_1.c **** *******************************************************************************/
 101:Generated_Source\PSoC5/TIA_1.c **** void TIA_1_Enable(void) 
 102:Generated_Source\PSoC5/TIA_1.c **** {
  83              		.loc 1 102 0
  84              		.cfi_startproc
  85              		@ args = 0, pretend = 0, frame = 0
  86              		@ frame_needed = 1, uses_anonymous_args = 0
  87              		@ link register save eliminated.
  88 0000 80B4     		push	{r7}
  89              		.cfi_def_cfa_offset 4
  90              		.cfi_offset 7, -4
  91 0002 00AF     		add	r7, sp, #0
  92              		.cfi_def_cfa_register 7
 103:Generated_Source\PSoC5/TIA_1.c **** 	/* This is to restore the value of register CR1 and CR2 which is saved 
 104:Generated_Source\PSoC5/TIA_1.c ****       in prior to the modifications in stop() API */
 105:Generated_Source\PSoC5/TIA_1.c **** 	#if (CY_PSOC5A)
 106:Generated_Source\PSoC5/TIA_1.c ****         if(TIA_1_P5backup.enableState == 1u)
 107:Generated_Source\PSoC5/TIA_1.c ****         {
 108:Generated_Source\PSoC5/TIA_1.c **** 			TIA_1_CR1_REG = TIA_1_P5backup.scCR1Reg;
 109:Generated_Source\PSoC5/TIA_1.c ****             TIA_1_CR2_REG =TIA_1_P5backup.scCR2Reg;
 110:Generated_Source\PSoC5/TIA_1.c ****             TIA_1_P5backup.enableState = 0u;
 111:Generated_Source\PSoC5/TIA_1.c ****         }
 112:Generated_Source\PSoC5/TIA_1.c ****     #endif
 113:Generated_Source\PSoC5/TIA_1.c ****     /* Enable power to Amp in Active mode */
 114:Generated_Source\PSoC5/TIA_1.c ****     TIA_1_PM_ACT_CFG_REG |= TIA_1_ACT_PWR_EN;
  93              		.loc 1 114 0
  94 0004 0D4A     		ldr	r2, .L5
  95 0006 0D4B     		ldr	r3, .L5
  96 0008 1B78     		ldrb	r3, [r3]
  97 000a DBB2     		uxtb	r3, r3
  98 000c 43F00103 		orr	r3, r3, #1
  99 0010 DBB2     		uxtb	r3, r3
 100 0012 1370     		strb	r3, [r2]
 115:Generated_Source\PSoC5/TIA_1.c **** 
 116:Generated_Source\PSoC5/TIA_1.c ****     /* Enable the power to Amp in Alternative active mode*/
 117:Generated_Source\PSoC5/TIA_1.c ****     TIA_1_PM_STBY_CFG_REG |= TIA_1_STBY_PWR_EN;
 101              		.loc 1 117 0
 102 0014 0A4A     		ldr	r2, .L5+4
 103 0016 0A4B     		ldr	r3, .L5+4
 104 0018 1B78     		ldrb	r3, [r3]
 105 001a DBB2     		uxtb	r3, r3
 106 001c 43F00103 		orr	r3, r3, #1
 107 0020 DBB2     		uxtb	r3, r3
 108 0022 1370     		strb	r3, [r2]
 118:Generated_Source\PSoC5/TIA_1.c ****     
 119:Generated_Source\PSoC5/TIA_1.c ****     TIA_1_PUMP_CR1_REG |= TIA_1_PUMP_CR1_SC_CLKSEL;
 109              		.loc 1 119 0
ARM GAS  C:\Users\LocalAdmin\AppData\Local\Temp\ccUOcqES.s 			page 5


 110 0024 074A     		ldr	r2, .L5+8
 111 0026 074B     		ldr	r3, .L5+8
 112 0028 1B78     		ldrb	r3, [r3]
 113 002a DBB2     		uxtb	r3, r3
 114 002c 63F07F03 		orn	r3, r3, #127
 115 0030 DBB2     		uxtb	r3, r3
 116 0032 1370     		strb	r3, [r2]
 120:Generated_Source\PSoC5/TIA_1.c ****     
 121:Generated_Source\PSoC5/TIA_1.c ****     #if (!CY_PSOC5A)
 122:Generated_Source\PSoC5/TIA_1.c ****         #if (CYDEV_VARIABLE_VDDA == 1u)
 123:Generated_Source\PSoC5/TIA_1.c ****             if(CyScPumpEnabled == 1u)
 124:Generated_Source\PSoC5/TIA_1.c ****             {
 125:Generated_Source\PSoC5/TIA_1.c ****                 TIA_1_BSTCLK_REG &= (uint8)(~TIA_1_BST_CLK_INDEX_MASK);
 126:Generated_Source\PSoC5/TIA_1.c ****                 TIA_1_BSTCLK_REG |= TIA_1_BST_CLK_EN | CyScBoostClk__INDEX;
 127:Generated_Source\PSoC5/TIA_1.c ****                 TIA_1_SC_MISC_REG |= TIA_1_PUMP_FORCE;
 128:Generated_Source\PSoC5/TIA_1.c ****                 CyScBoostClk_Start();
 129:Generated_Source\PSoC5/TIA_1.c ****             }
 130:Generated_Source\PSoC5/TIA_1.c ****             else
 131:Generated_Source\PSoC5/TIA_1.c ****             {
 132:Generated_Source\PSoC5/TIA_1.c ****                 TIA_1_BSTCLK_REG &= (uint8)(~TIA_1_BST_CLK_EN);
 133:Generated_Source\PSoC5/TIA_1.c ****                 TIA_1_SC_MISC_REG &= (uint8)(~TIA_1_PUMP_FORCE);
 134:Generated_Source\PSoC5/TIA_1.c ****             }
 135:Generated_Source\PSoC5/TIA_1.c ****         #endif /* (CYDEV_VARIABLE_VDDA == 1u) */
 136:Generated_Source\PSoC5/TIA_1.c ****     #endif /* (!CY_PSOC5A) */
 137:Generated_Source\PSoC5/TIA_1.c **** }
 117              		.loc 1 137 0
 118 0034 BD46     		mov	sp, r7
 119              		.cfi_def_cfa_register 13
 120              		@ sp needed
 121 0036 5DF8047B 		ldr	r7, [sp], #4
 122              		.cfi_restore 7
 123              		.cfi_def_cfa_offset 0
 124 003a 7047     		bx	lr
 125              	.L6:
 126              		.align	2
 127              	.L5:
 128 003c A9430040 		.word	1073759145
 129 0040 B9430040 		.word	1073759161
 130 0044 77580040 		.word	1073764471
 131              		.cfi_endproc
 132              	.LFE1:
 133              		.size	TIA_1_Enable, .-TIA_1_Enable
 134              		.section	.text.TIA_1_Start,"ax",%progbits
 135              		.align	2
 136              		.global	TIA_1_Start
 137              		.thumb
 138              		.thumb_func
 139              		.type	TIA_1_Start, %function
 140              	TIA_1_Start:
 141              	.LFB2:
 138:Generated_Source\PSoC5/TIA_1.c **** 
 139:Generated_Source\PSoC5/TIA_1.c **** 
 140:Generated_Source\PSoC5/TIA_1.c **** /*******************************************************************************
 141:Generated_Source\PSoC5/TIA_1.c **** * Function Name: TIA_1_Start
 142:Generated_Source\PSoC5/TIA_1.c **** ********************************************************************************
 143:Generated_Source\PSoC5/TIA_1.c **** *
 144:Generated_Source\PSoC5/TIA_1.c **** * Summary:
ARM GAS  C:\Users\LocalAdmin\AppData\Local\Temp\ccUOcqES.s 			page 6


 145:Generated_Source\PSoC5/TIA_1.c **** *  The start function initializes the TIA with the default values and enables
 146:Generated_Source\PSoC5/TIA_1.c **** *  power to the SC block.
 147:Generated_Source\PSoC5/TIA_1.c **** *
 148:Generated_Source\PSoC5/TIA_1.c **** * Parameters:
 149:Generated_Source\PSoC5/TIA_1.c **** *  void
 150:Generated_Source\PSoC5/TIA_1.c **** *
 151:Generated_Source\PSoC5/TIA_1.c **** * Return:
 152:Generated_Source\PSoC5/TIA_1.c **** *  void 
 153:Generated_Source\PSoC5/TIA_1.c **** *
 154:Generated_Source\PSoC5/TIA_1.c **** * Global variables:
 155:Generated_Source\PSoC5/TIA_1.c **** *  TIA_1_initVar: Used to check the initial configuration, modified 
 156:Generated_Source\PSoC5/TIA_1.c **** *  when this function is called for the first time.
 157:Generated_Source\PSoC5/TIA_1.c **** *
 158:Generated_Source\PSoC5/TIA_1.c **** * Theory:
 159:Generated_Source\PSoC5/TIA_1.c **** *  Full initialization of the SC Block configuration registers is only perfomed
 160:Generated_Source\PSoC5/TIA_1.c **** *  the first time the routine executes - global variable  is used to
 161:Generated_Source\PSoC5/TIA_1.c **** *  TIA_1_initVar is used to indicate that the static configuration 
 162:Generated_Source\PSoC5/TIA_1.c **** *  has been completed.
 163:Generated_Source\PSoC5/TIA_1.c **** *
 164:Generated_Source\PSoC5/TIA_1.c **** *******************************************************************************/
 165:Generated_Source\PSoC5/TIA_1.c **** void TIA_1_Start(void) 
 166:Generated_Source\PSoC5/TIA_1.c **** {
 142              		.loc 1 166 0
 143              		.cfi_startproc
 144              		@ args = 0, pretend = 0, frame = 0
 145              		@ frame_needed = 1, uses_anonymous_args = 0
 146 0000 80B5     		push	{r7, lr}
 147              		.cfi_def_cfa_offset 8
 148              		.cfi_offset 7, -8
 149              		.cfi_offset 14, -4
 150 0002 00AF     		add	r7, sp, #0
 151              		.cfi_def_cfa_register 7
 167:Generated_Source\PSoC5/TIA_1.c ****     if(TIA_1_initVar == 0u)
 152              		.loc 1 167 0
 153 0004 054B     		ldr	r3, .L9
 154 0006 1B78     		ldrb	r3, [r3]	@ zero_extendqisi2
 155 0008 002B     		cmp	r3, #0
 156 000a 04D1     		bne	.L8
 168:Generated_Source\PSoC5/TIA_1.c ****     {
 169:Generated_Source\PSoC5/TIA_1.c ****         TIA_1_initVar = 1u;  
 157              		.loc 1 169 0
 158 000c 034B     		ldr	r3, .L9
 159 000e 0122     		movs	r2, #1
 160 0010 1A70     		strb	r2, [r3]
 170:Generated_Source\PSoC5/TIA_1.c ****         TIA_1_Init();
 161              		.loc 1 170 0
 162 0012 FFF7FEFF 		bl	TIA_1_Init
 163              	.L8:
 171:Generated_Source\PSoC5/TIA_1.c ****     }
 172:Generated_Source\PSoC5/TIA_1.c **** 
 173:Generated_Source\PSoC5/TIA_1.c ****     TIA_1_Enable();
 164              		.loc 1 173 0
 165 0016 FFF7FEFF 		bl	TIA_1_Enable
 174:Generated_Source\PSoC5/TIA_1.c **** }
 166              		.loc 1 174 0
 167 001a 80BD     		pop	{r7, pc}
 168              	.L10:
ARM GAS  C:\Users\LocalAdmin\AppData\Local\Temp\ccUOcqES.s 			page 7


 169              		.align	2
 170              	.L9:
 171 001c 00000000 		.word	TIA_1_initVar
 172              		.cfi_endproc
 173              	.LFE2:
 174              		.size	TIA_1_Start, .-TIA_1_Start
 175              		.section	.text.TIA_1_Stop,"ax",%progbits
 176              		.align	2
 177              		.global	TIA_1_Stop
 178              		.thumb
 179              		.thumb_func
 180              		.type	TIA_1_Stop, %function
 181              	TIA_1_Stop:
 182              	.LFB3:
 175:Generated_Source\PSoC5/TIA_1.c **** 
 176:Generated_Source\PSoC5/TIA_1.c **** 
 177:Generated_Source\PSoC5/TIA_1.c **** /*******************************************************************************
 178:Generated_Source\PSoC5/TIA_1.c **** * Function Name: TIA_1_Stop
 179:Generated_Source\PSoC5/TIA_1.c **** ********************************************************************************
 180:Generated_Source\PSoC5/TIA_1.c **** *
 181:Generated_Source\PSoC5/TIA_1.c **** * Summary: 
 182:Generated_Source\PSoC5/TIA_1.c **** *  Disables power to SC block.
 183:Generated_Source\PSoC5/TIA_1.c **** *
 184:Generated_Source\PSoC5/TIA_1.c **** * Parameters:
 185:Generated_Source\PSoC5/TIA_1.c **** *  void
 186:Generated_Source\PSoC5/TIA_1.c **** *
 187:Generated_Source\PSoC5/TIA_1.c **** * Return:
 188:Generated_Source\PSoC5/TIA_1.c **** *  void
 189:Generated_Source\PSoC5/TIA_1.c **** *
 190:Generated_Source\PSoC5/TIA_1.c **** *******************************************************************************/
 191:Generated_Source\PSoC5/TIA_1.c **** void TIA_1_Stop(void) 
 192:Generated_Source\PSoC5/TIA_1.c **** {
 183              		.loc 1 192 0
 184              		.cfi_startproc
 185              		@ args = 0, pretend = 0, frame = 0
 186              		@ frame_needed = 1, uses_anonymous_args = 0
 187              		@ link register save eliminated.
 188 0000 80B4     		push	{r7}
 189              		.cfi_def_cfa_offset 4
 190              		.cfi_offset 7, -4
 191 0002 00AF     		add	r7, sp, #0
 192              		.cfi_def_cfa_register 7
 193:Generated_Source\PSoC5/TIA_1.c ****      /* Disble power to the Amp in Active mode template*/
 194:Generated_Source\PSoC5/TIA_1.c ****     TIA_1_PM_ACT_CFG_REG &= (uint8)(~TIA_1_ACT_PWR_EN);
 193              		.loc 1 194 0
 194 0004 094A     		ldr	r2, .L12
 195 0006 094B     		ldr	r3, .L12
 196 0008 1B78     		ldrb	r3, [r3]
 197 000a DBB2     		uxtb	r3, r3
 198 000c 23F00103 		bic	r3, r3, #1
 199 0010 DBB2     		uxtb	r3, r3
 200 0012 1370     		strb	r3, [r2]
 195:Generated_Source\PSoC5/TIA_1.c **** 
 196:Generated_Source\PSoC5/TIA_1.c ****     /* Disble power to the Amp in Alternative active mode template*/
 197:Generated_Source\PSoC5/TIA_1.c ****     TIA_1_PM_STBY_CFG_REG &= (uint8)(~TIA_1_STBY_PWR_EN);
 201              		.loc 1 197 0
 202 0014 064A     		ldr	r2, .L12+4
ARM GAS  C:\Users\LocalAdmin\AppData\Local\Temp\ccUOcqES.s 			page 8


 203 0016 064B     		ldr	r3, .L12+4
 204 0018 1B78     		ldrb	r3, [r3]
 205 001a DBB2     		uxtb	r3, r3
 206 001c 23F00103 		bic	r3, r3, #1
 207 0020 DBB2     		uxtb	r3, r3
 208 0022 1370     		strb	r3, [r2]
 198:Generated_Source\PSoC5/TIA_1.c ****     
 199:Generated_Source\PSoC5/TIA_1.c ****     #if (!CY_PSOC5A)
 200:Generated_Source\PSoC5/TIA_1.c ****         #if (CYDEV_VARIABLE_VDDA == 1u)
 201:Generated_Source\PSoC5/TIA_1.c ****             TIA_1_BSTCLK_REG &= (uint8)(~TIA_1_BST_CLK_EN);
 202:Generated_Source\PSoC5/TIA_1.c ****             /* Disable pumps only if there aren't any SC block in use */
 203:Generated_Source\PSoC5/TIA_1.c ****             if ((TIA_1_PM_ACT_CFG_REG & TIA_1_PM_ACT_CFG_MASK) == 0u)
 204:Generated_Source\PSoC5/TIA_1.c ****             {
 205:Generated_Source\PSoC5/TIA_1.c ****                 TIA_1_SC_MISC_REG &= (uint8)(~TIA_1_PUMP_FORCE);
 206:Generated_Source\PSoC5/TIA_1.c ****                 TIA_1_PUMP_CR1_REG &= (uint8)(~TIA_1_PUMP_CR1_SC_CLKSEL);
 207:Generated_Source\PSoC5/TIA_1.c ****                 CyScBoostClk_Stop();
 208:Generated_Source\PSoC5/TIA_1.c ****             }
 209:Generated_Source\PSoC5/TIA_1.c ****         #endif /* CYDEV_VARIABLE_VDDA == 1u */
 210:Generated_Source\PSoC5/TIA_1.c ****     #endif /* (CY_PSOC3 || CY_PSOC5LP) */
 211:Generated_Source\PSoC5/TIA_1.c ****         
 212:Generated_Source\PSoC5/TIA_1.c ****     /* This sets TIA in zero current mode and output routes are valid */
 213:Generated_Source\PSoC5/TIA_1.c ****     #if (CY_PSOC5A)
 214:Generated_Source\PSoC5/TIA_1.c ****         TIA_1_P5backup.scCR1Reg = TIA_1_CR1_REG;
 215:Generated_Source\PSoC5/TIA_1.c ****         TIA_1_P5backup.scCR2Reg = TIA_1_CR2_REG;
 216:Generated_Source\PSoC5/TIA_1.c ****         TIA_1_CR1_REG = 0x00u;
 217:Generated_Source\PSoC5/TIA_1.c ****         TIA_1_CR2_REG = 0x00u;
 218:Generated_Source\PSoC5/TIA_1.c ****         TIA_1_P5backup.enableState = 1u;
 219:Generated_Source\PSoC5/TIA_1.c ****     #endif /* (CY_PSOC5A) */
 220:Generated_Source\PSoC5/TIA_1.c **** }
 209              		.loc 1 220 0
 210 0024 BD46     		mov	sp, r7
 211              		.cfi_def_cfa_register 13
 212              		@ sp needed
 213 0026 5DF8047B 		ldr	r7, [sp], #4
 214              		.cfi_restore 7
 215              		.cfi_def_cfa_offset 0
 216 002a 7047     		bx	lr
 217              	.L13:
 218              		.align	2
 219              	.L12:
 220 002c A9430040 		.word	1073759145
 221 0030 B9430040 		.word	1073759161
 222              		.cfi_endproc
 223              	.LFE3:
 224              		.size	TIA_1_Stop, .-TIA_1_Stop
 225              		.section	.text.TIA_1_SetPower,"ax",%progbits
 226              		.align	2
 227              		.global	TIA_1_SetPower
 228              		.thumb
 229              		.thumb_func
 230              		.type	TIA_1_SetPower, %function
 231              	TIA_1_SetPower:
 232              	.LFB4:
 221:Generated_Source\PSoC5/TIA_1.c **** 
 222:Generated_Source\PSoC5/TIA_1.c **** 
 223:Generated_Source\PSoC5/TIA_1.c **** /*******************************************************************************
 224:Generated_Source\PSoC5/TIA_1.c **** * Function Name: TIA_1_SetPower
ARM GAS  C:\Users\LocalAdmin\AppData\Local\Temp\ccUOcqES.s 			page 9


 225:Generated_Source\PSoC5/TIA_1.c **** ********************************************************************************
 226:Generated_Source\PSoC5/TIA_1.c **** *
 227:Generated_Source\PSoC5/TIA_1.c **** * Summary:
 228:Generated_Source\PSoC5/TIA_1.c **** *  Set the drive power of the TIA.
 229:Generated_Source\PSoC5/TIA_1.c **** *
 230:Generated_Source\PSoC5/TIA_1.c **** * Parameters:
 231:Generated_Source\PSoC5/TIA_1.c **** *  Power: Sets power level between (0) and (3) high power.
 232:Generated_Source\PSoC5/TIA_1.c **** *
 233:Generated_Source\PSoC5/TIA_1.c **** * Return:
 234:Generated_Source\PSoC5/TIA_1.c **** *  void
 235:Generated_Source\PSoC5/TIA_1.c **** *
 236:Generated_Source\PSoC5/TIA_1.c **** *******************************************************************************/
 237:Generated_Source\PSoC5/TIA_1.c **** void TIA_1_SetPower(uint8 power) 
 238:Generated_Source\PSoC5/TIA_1.c **** {
 233              		.loc 1 238 0
 234              		.cfi_startproc
 235              		@ args = 0, pretend = 0, frame = 16
 236              		@ frame_needed = 1, uses_anonymous_args = 0
 237              		@ link register save eliminated.
 238 0000 80B4     		push	{r7}
 239              		.cfi_def_cfa_offset 4
 240              		.cfi_offset 7, -4
 241 0002 85B0     		sub	sp, sp, #20
 242              		.cfi_def_cfa_offset 24
 243 0004 00AF     		add	r7, sp, #0
 244              		.cfi_def_cfa_register 7
 245 0006 0346     		mov	r3, r0
 246 0008 FB71     		strb	r3, [r7, #7]
 239:Generated_Source\PSoC5/TIA_1.c ****     uint8 tmpCR;
 240:Generated_Source\PSoC5/TIA_1.c **** 
 241:Generated_Source\PSoC5/TIA_1.c ****     /* Sets drive bits in SC Block Control Register 1:  SCxx_CR[1:0] */
 242:Generated_Source\PSoC5/TIA_1.c ****     tmpCR = TIA_1_CR1_REG & (uint8)(~TIA_1_DRIVE_MASK);
 247              		.loc 1 242 0
 248 000a 0A4B     		ldr	r3, .L15
 249 000c 1B78     		ldrb	r3, [r3]
 250 000e DBB2     		uxtb	r3, r3
 251 0010 23F00303 		bic	r3, r3, #3
 252 0014 FB73     		strb	r3, [r7, #15]
 243:Generated_Source\PSoC5/TIA_1.c ****     tmpCR |= (power & TIA_1_DRIVE_MASK);
 253              		.loc 1 243 0
 254 0016 FB79     		ldrb	r3, [r7, #7]
 255 0018 03F00303 		and	r3, r3, #3
 256 001c DAB2     		uxtb	r2, r3
 257 001e FB7B     		ldrb	r3, [r7, #15]
 258 0020 1343     		orrs	r3, r3, r2
 259 0022 FB73     		strb	r3, [r7, #15]
 244:Generated_Source\PSoC5/TIA_1.c ****     TIA_1_CR1_REG = tmpCR;  
 260              		.loc 1 244 0
 261 0024 034A     		ldr	r2, .L15
 262 0026 FB7B     		ldrb	r3, [r7, #15]
 263 0028 1370     		strb	r3, [r2]
 245:Generated_Source\PSoC5/TIA_1.c **** }
 264              		.loc 1 245 0
 265 002a 1437     		adds	r7, r7, #20
 266              		.cfi_def_cfa_offset 4
 267 002c BD46     		mov	sp, r7
 268              		.cfi_def_cfa_register 13
ARM GAS  C:\Users\LocalAdmin\AppData\Local\Temp\ccUOcqES.s 			page 10


 269              		@ sp needed
 270 002e 5DF8047B 		ldr	r7, [sp], #4
 271              		.cfi_restore 7
 272              		.cfi_def_cfa_offset 0
 273 0032 7047     		bx	lr
 274              	.L16:
 275              		.align	2
 276              	.L15:
 277 0034 01580040 		.word	1073764353
 278              		.cfi_endproc
 279              	.LFE4:
 280              		.size	TIA_1_SetPower, .-TIA_1_SetPower
 281              		.section	.text.TIA_1_SetResFB,"ax",%progbits
 282              		.align	2
 283              		.global	TIA_1_SetResFB
 284              		.thumb
 285              		.thumb_func
 286              		.type	TIA_1_SetResFB, %function
 287              	TIA_1_SetResFB:
 288              	.LFB5:
 246:Generated_Source\PSoC5/TIA_1.c **** 
 247:Generated_Source\PSoC5/TIA_1.c **** 
 248:Generated_Source\PSoC5/TIA_1.c **** /*******************************************************************************
 249:Generated_Source\PSoC5/TIA_1.c **** * Function Name: TIA_1_SetResFB
 250:Generated_Source\PSoC5/TIA_1.c **** ********************************************************************************
 251:Generated_Source\PSoC5/TIA_1.c **** *
 252:Generated_Source\PSoC5/TIA_1.c **** * Summary:
 253:Generated_Source\PSoC5/TIA_1.c **** *  This function sets value for the resistive feedback of the amplifier.
 254:Generated_Source\PSoC5/TIA_1.c **** *
 255:Generated_Source\PSoC5/TIA_1.c **** * Parameters:
 256:Generated_Source\PSoC5/TIA_1.c **** *  res_feedback: specifies resistive feedback value (see header file for gain 
 257:Generated_Source\PSoC5/TIA_1.c **** *                values.)
 258:Generated_Source\PSoC5/TIA_1.c **** *
 259:Generated_Source\PSoC5/TIA_1.c **** * Return:
 260:Generated_Source\PSoC5/TIA_1.c **** *  void
 261:Generated_Source\PSoC5/TIA_1.c **** *
 262:Generated_Source\PSoC5/TIA_1.c **** *******************************************************************************/
 263:Generated_Source\PSoC5/TIA_1.c **** void TIA_1_SetResFB(uint8 res_feedback) 
 264:Generated_Source\PSoC5/TIA_1.c **** {
 289              		.loc 1 264 0
 290              		.cfi_startproc
 291              		@ args = 0, pretend = 0, frame = 8
 292              		@ frame_needed = 1, uses_anonymous_args = 0
 293              		@ link register save eliminated.
 294 0000 80B4     		push	{r7}
 295              		.cfi_def_cfa_offset 4
 296              		.cfi_offset 7, -4
 297 0002 83B0     		sub	sp, sp, #12
 298              		.cfi_def_cfa_offset 16
 299 0004 00AF     		add	r7, sp, #0
 300              		.cfi_def_cfa_register 7
 301 0006 0346     		mov	r3, r0
 302 0008 FB71     		strb	r3, [r7, #7]
 265:Generated_Source\PSoC5/TIA_1.c ****     /* Only set new gain if it is a valid gain */
 266:Generated_Source\PSoC5/TIA_1.c ****     if( res_feedback <= TIA_1_RES_FEEDBACK_MAX)
 303              		.loc 1 266 0
 304 000a FB79     		ldrb	r3, [r7, #7]	@ zero_extendqisi2
ARM GAS  C:\Users\LocalAdmin\AppData\Local\Temp\ccUOcqES.s 			page 11


 305 000c 072B     		cmp	r3, #7
 306 000e 11D8     		bhi	.L17
 267:Generated_Source\PSoC5/TIA_1.c ****     {
 268:Generated_Source\PSoC5/TIA_1.c ****         /* Clear SCxx_CR2 rval bits - SCxx_CR2[6:4] */
 269:Generated_Source\PSoC5/TIA_1.c ****         TIA_1_CR2_REG &= (uint8)(~TIA_1_RVAL_MASK);
 307              		.loc 1 269 0
 308 0010 0B4A     		ldr	r2, .L19
 309 0012 0B4B     		ldr	r3, .L19
 310 0014 1B78     		ldrb	r3, [r3]
 311 0016 DBB2     		uxtb	r3, r3
 312 0018 23F07003 		bic	r3, r3, #112
 313 001c DBB2     		uxtb	r3, r3
 314 001e 1370     		strb	r3, [r2]
 270:Generated_Source\PSoC5/TIA_1.c **** 
 271:Generated_Source\PSoC5/TIA_1.c ****         /* Set resistive feedback value */
 272:Generated_Source\PSoC5/TIA_1.c ****         TIA_1_CR2_REG |= (uint8)(res_feedback << 4);
 315              		.loc 1 272 0
 316 0020 0749     		ldr	r1, .L19
 317 0022 074B     		ldr	r3, .L19
 318 0024 1B78     		ldrb	r3, [r3]
 319 0026 DAB2     		uxtb	r2, r3
 320 0028 FB79     		ldrb	r3, [r7, #7]
 321 002a 1B01     		lsls	r3, r3, #4
 322 002c DBB2     		uxtb	r3, r3
 323 002e 1343     		orrs	r3, r3, r2
 324 0030 DBB2     		uxtb	r3, r3
 325 0032 0B70     		strb	r3, [r1]
 326              	.L17:
 273:Generated_Source\PSoC5/TIA_1.c ****     }
 274:Generated_Source\PSoC5/TIA_1.c **** }
 327              		.loc 1 274 0
 328 0034 0C37     		adds	r7, r7, #12
 329              		.cfi_def_cfa_offset 4
 330 0036 BD46     		mov	sp, r7
 331              		.cfi_def_cfa_register 13
 332              		@ sp needed
 333 0038 5DF8047B 		ldr	r7, [sp], #4
 334              		.cfi_restore 7
 335              		.cfi_def_cfa_offset 0
 336 003c 7047     		bx	lr
 337              	.L20:
 338 003e 00BF     		.align	2
 339              	.L19:
 340 0040 02580040 		.word	1073764354
 341              		.cfi_endproc
 342              	.LFE5:
 343              		.size	TIA_1_SetResFB, .-TIA_1_SetResFB
 344              		.section	.text.TIA_1_SetCapFB,"ax",%progbits
 345              		.align	2
 346              		.global	TIA_1_SetCapFB
 347              		.thumb
 348              		.thumb_func
 349              		.type	TIA_1_SetCapFB, %function
 350              	TIA_1_SetCapFB:
 351              	.LFB6:
 275:Generated_Source\PSoC5/TIA_1.c **** 
 276:Generated_Source\PSoC5/TIA_1.c **** 
ARM GAS  C:\Users\LocalAdmin\AppData\Local\Temp\ccUOcqES.s 			page 12


 277:Generated_Source\PSoC5/TIA_1.c **** /*******************************************************************************
 278:Generated_Source\PSoC5/TIA_1.c **** * Function Name: TIA_1_SetCapFB
 279:Generated_Source\PSoC5/TIA_1.c **** ********************************************************************************
 280:Generated_Source\PSoC5/TIA_1.c **** *
 281:Generated_Source\PSoC5/TIA_1.c **** * Summary:
 282:Generated_Source\PSoC5/TIA_1.c **** *  This function sets the value for the capacitive feedback of the amplifier.
 283:Generated_Source\PSoC5/TIA_1.c **** *
 284:Generated_Source\PSoC5/TIA_1.c **** * Parameters:
 285:Generated_Source\PSoC5/TIA_1.c **** *  cap_feedback: specifies capacitive feedback value (see header file for gain 
 286:Generated_Source\PSoC5/TIA_1.c **** *                values.)
 287:Generated_Source\PSoC5/TIA_1.c **** *
 288:Generated_Source\PSoC5/TIA_1.c **** * Return:
 289:Generated_Source\PSoC5/TIA_1.c **** *  void
 290:Generated_Source\PSoC5/TIA_1.c **** *
 291:Generated_Source\PSoC5/TIA_1.c **** *******************************************************************************/
 292:Generated_Source\PSoC5/TIA_1.c **** void TIA_1_SetCapFB(uint8 cap_feedback) 
 293:Generated_Source\PSoC5/TIA_1.c **** {
 352              		.loc 1 293 0
 353              		.cfi_startproc
 354              		@ args = 0, pretend = 0, frame = 8
 355              		@ frame_needed = 1, uses_anonymous_args = 0
 356              		@ link register save eliminated.
 357 0000 80B4     		push	{r7}
 358              		.cfi_def_cfa_offset 4
 359              		.cfi_offset 7, -4
 360 0002 83B0     		sub	sp, sp, #12
 361              		.cfi_def_cfa_offset 16
 362 0004 00AF     		add	r7, sp, #0
 363              		.cfi_def_cfa_register 7
 364 0006 0346     		mov	r3, r0
 365 0008 FB71     		strb	r3, [r7, #7]
 294:Generated_Source\PSoC5/TIA_1.c ****     /* Only set new gain if it is a valid gain */
 295:Generated_Source\PSoC5/TIA_1.c ****     if( cap_feedback <= TIA_1_CAP_FEEDBACK_MAX)
 366              		.loc 1 295 0
 367 000a FB79     		ldrb	r3, [r7, #7]	@ zero_extendqisi2
 368 000c 032B     		cmp	r3, #3
 369 000e 11D8     		bhi	.L21
 296:Generated_Source\PSoC5/TIA_1.c ****     {
 297:Generated_Source\PSoC5/TIA_1.c ****         /* Clear SCxx_CR2 redc bits -  - CR2[3:2] */
 298:Generated_Source\PSoC5/TIA_1.c ****         TIA_1_CR2_REG &= (uint8)(~TIA_1_REDC_MASK);
 370              		.loc 1 298 0
 371 0010 0B4A     		ldr	r2, .L23
 372 0012 0B4B     		ldr	r3, .L23
 373 0014 1B78     		ldrb	r3, [r3]
 374 0016 DBB2     		uxtb	r3, r3
 375 0018 23F00C03 		bic	r3, r3, #12
 376 001c DBB2     		uxtb	r3, r3
 377 001e 1370     		strb	r3, [r2]
 299:Generated_Source\PSoC5/TIA_1.c **** 
 300:Generated_Source\PSoC5/TIA_1.c ****         /* Set redc capacitive feedback value */
 301:Generated_Source\PSoC5/TIA_1.c ****         TIA_1_CR2_REG |= (uint8)(cap_feedback << 2);
 378              		.loc 1 301 0
 379 0020 0749     		ldr	r1, .L23
 380 0022 074B     		ldr	r3, .L23
 381 0024 1B78     		ldrb	r3, [r3]
 382 0026 DAB2     		uxtb	r2, r3
 383 0028 FB79     		ldrb	r3, [r7, #7]
ARM GAS  C:\Users\LocalAdmin\AppData\Local\Temp\ccUOcqES.s 			page 13


 384 002a 9B00     		lsls	r3, r3, #2
 385 002c DBB2     		uxtb	r3, r3
 386 002e 1343     		orrs	r3, r3, r2
 387 0030 DBB2     		uxtb	r3, r3
 388 0032 0B70     		strb	r3, [r1]
 389              	.L21:
 302:Generated_Source\PSoC5/TIA_1.c ****     }
 303:Generated_Source\PSoC5/TIA_1.c **** }
 390              		.loc 1 303 0
 391 0034 0C37     		adds	r7, r7, #12
 392              		.cfi_def_cfa_offset 4
 393 0036 BD46     		mov	sp, r7
 394              		.cfi_def_cfa_register 13
 395              		@ sp needed
 396 0038 5DF8047B 		ldr	r7, [sp], #4
 397              		.cfi_restore 7
 398              		.cfi_def_cfa_offset 0
 399 003c 7047     		bx	lr
 400              	.L24:
 401 003e 00BF     		.align	2
 402              	.L23:
 403 0040 02580040 		.word	1073764354
 404              		.cfi_endproc
 405              	.LFE6:
 406              		.size	TIA_1_SetCapFB, .-TIA_1_SetCapFB
 407              		.text
 408              	.Letext0:
 409              		.file 2 "Generated_Source\\PSoC5\\cytypes.h"
 410              		.section	.debug_info,"",%progbits
 411              	.Ldebug_info0:
 412 0000 73010000 		.4byte	0x173
 413 0004 0400     		.2byte	0x4
 414 0006 00000000 		.4byte	.Ldebug_abbrev0
 415 000a 04       		.byte	0x4
 416 000b 01       		.uleb128 0x1
 417 000c 75010000 		.4byte	.LASF25
 418 0010 01       		.byte	0x1
 419 0011 14010000 		.4byte	.LASF26
 420 0015 79000000 		.4byte	.LASF27
 421 0019 00000000 		.4byte	.Ldebug_ranges0+0
 422 001d 00000000 		.4byte	0
 423 0021 00000000 		.4byte	.Ldebug_line0
 424 0025 02       		.uleb128 0x2
 425 0026 01       		.byte	0x1
 426 0027 06       		.byte	0x6
 427 0028 56020000 		.4byte	.LASF0
 428 002c 02       		.uleb128 0x2
 429 002d 01       		.byte	0x1
 430 002e 08       		.byte	0x8
 431 002f 3F000000 		.4byte	.LASF1
 432 0033 02       		.uleb128 0x2
 433 0034 02       		.byte	0x2
 434 0035 05       		.byte	0x5
 435 0036 03020000 		.4byte	.LASF2
 436 003a 02       		.uleb128 0x2
 437 003b 02       		.byte	0x2
 438 003c 07       		.byte	0x7
ARM GAS  C:\Users\LocalAdmin\AppData\Local\Temp\ccUOcqES.s 			page 14


 439 003d 15000000 		.4byte	.LASF3
 440 0041 02       		.uleb128 0x2
 441 0042 04       		.byte	0x4
 442 0043 05       		.byte	0x5
 443 0044 4D020000 		.4byte	.LASF4
 444 0048 02       		.uleb128 0x2
 445 0049 04       		.byte	0x4
 446 004a 07       		.byte	0x7
 447 004b 52000000 		.4byte	.LASF5
 448 004f 02       		.uleb128 0x2
 449 0050 08       		.byte	0x8
 450 0051 05       		.byte	0x5
 451 0052 62010000 		.4byte	.LASF6
 452 0056 02       		.uleb128 0x2
 453 0057 08       		.byte	0x8
 454 0058 07       		.byte	0x7
 455 0059 33010000 		.4byte	.LASF7
 456 005d 03       		.uleb128 0x3
 457 005e 04       		.byte	0x4
 458 005f 05       		.byte	0x5
 459 0060 696E7400 		.ascii	"int\000"
 460 0064 02       		.uleb128 0x2
 461 0065 04       		.byte	0x4
 462 0066 07       		.byte	0x7
 463 0067 07010000 		.4byte	.LASF8
 464 006b 04       		.uleb128 0x4
 465 006c 64000000 		.4byte	.LASF12
 466 0070 02       		.byte	0x2
 467 0071 A1       		.byte	0xa1
 468 0072 2C000000 		.4byte	0x2c
 469 0076 02       		.uleb128 0x2
 470 0077 04       		.byte	0x4
 471 0078 04       		.byte	0x4
 472 0079 39000000 		.4byte	.LASF9
 473 007d 02       		.uleb128 0x2
 474 007e 08       		.byte	0x8
 475 007f 04       		.byte	0x4
 476 0080 F4000000 		.4byte	.LASF10
 477 0084 02       		.uleb128 0x2
 478 0085 01       		.byte	0x1
 479 0086 08       		.byte	0x8
 480 0087 70010000 		.4byte	.LASF11
 481 008b 05       		.uleb128 0x5
 482 008c 4D000000 		.4byte	.LASF13
 483 0090 02       		.byte	0x2
 484 0091 4B01     		.2byte	0x14b
 485 0093 97000000 		.4byte	0x97
 486 0097 06       		.uleb128 0x6
 487 0098 6B000000 		.4byte	0x6b
 488 009c 02       		.uleb128 0x2
 489 009d 04       		.byte	0x4
 490 009e 07       		.byte	0x7
 491 009f 59010000 		.4byte	.LASF14
 492 00a3 07       		.uleb128 0x7
 493 00a4 34020000 		.4byte	.LASF15
 494 00a8 01       		.byte	0x1
 495 00a9 31       		.byte	0x31
ARM GAS  C:\Users\LocalAdmin\AppData\Local\Temp\ccUOcqES.s 			page 15


 496 00aa 00000000 		.4byte	.LFB0
 497 00ae 38000000 		.4byte	.LFE0-.LFB0
 498 00b2 01       		.uleb128 0x1
 499 00b3 9C       		.byte	0x9c
 500 00b4 08       		.uleb128 0x8
 501 00b5 27020000 		.4byte	.LASF16
 502 00b9 01       		.byte	0x1
 503 00ba 65       		.byte	0x65
 504 00bb 00000000 		.4byte	.LFB1
 505 00bf 48000000 		.4byte	.LFE1-.LFB1
 506 00c3 01       		.uleb128 0x1
 507 00c4 9C       		.byte	0x9c
 508 00c5 07       		.uleb128 0x7
 509 00c6 FB000000 		.4byte	.LASF17
 510 00ca 01       		.byte	0x1
 511 00cb A5       		.byte	0xa5
 512 00cc 00000000 		.4byte	.LFB2
 513 00d0 20000000 		.4byte	.LFE2-.LFB2
 514 00d4 01       		.uleb128 0x1
 515 00d5 9C       		.byte	0x9c
 516 00d6 08       		.uleb128 0x8
 517 00d7 28000000 		.4byte	.LASF18
 518 00db 01       		.byte	0x1
 519 00dc BF       		.byte	0xbf
 520 00dd 00000000 		.4byte	.LFB3
 521 00e1 34000000 		.4byte	.LFE3-.LFB3
 522 00e5 01       		.uleb128 0x1
 523 00e6 9C       		.byte	0x9c
 524 00e7 09       		.uleb128 0x9
 525 00e8 6A000000 		.4byte	.LASF19
 526 00ec 01       		.byte	0x1
 527 00ed ED       		.byte	0xed
 528 00ee 00000000 		.4byte	.LFB4
 529 00f2 38000000 		.4byte	.LFE4-.LFB4
 530 00f6 01       		.uleb128 0x1
 531 00f7 9C       		.byte	0x9c
 532 00f8 19010000 		.4byte	0x119
 533 00fc 0A       		.uleb128 0xa
 534 00fd 33000000 		.4byte	.LASF21
 535 0101 01       		.byte	0x1
 536 0102 ED       		.byte	0xed
 537 0103 6B000000 		.4byte	0x6b
 538 0107 02       		.uleb128 0x2
 539 0108 91       		.byte	0x91
 540 0109 6F       		.sleb128 -17
 541 010a 0B       		.uleb128 0xb
 542 010b 00000000 		.4byte	.LASF28
 543 010f 01       		.byte	0x1
 544 0110 EF       		.byte	0xef
 545 0111 6B000000 		.4byte	0x6b
 546 0115 02       		.uleb128 0x2
 547 0116 91       		.byte	0x91
 548 0117 77       		.sleb128 -9
 549 0118 00       		.byte	0
 550 0119 0C       		.uleb128 0xc
 551 011a 4A010000 		.4byte	.LASF20
 552 011e 01       		.byte	0x1
ARM GAS  C:\Users\LocalAdmin\AppData\Local\Temp\ccUOcqES.s 			page 16


 553 011f 0701     		.2byte	0x107
 554 0121 00000000 		.4byte	.LFB5
 555 0125 44000000 		.4byte	.LFE5-.LFB5
 556 0129 01       		.uleb128 0x1
 557 012a 9C       		.byte	0x9c
 558 012b 3F010000 		.4byte	0x13f
 559 012f 0D       		.uleb128 0xd
 560 0130 0D020000 		.4byte	.LASF22
 561 0134 01       		.byte	0x1
 562 0135 0701     		.2byte	0x107
 563 0137 6B000000 		.4byte	0x6b
 564 013b 02       		.uleb128 0x2
 565 013c 91       		.byte	0x91
 566 013d 77       		.sleb128 -9
 567 013e 00       		.byte	0
 568 013f 0C       		.uleb128 0xc
 569 0140 06000000 		.4byte	.LASF23
 570 0144 01       		.byte	0x1
 571 0145 2401     		.2byte	0x124
 572 0147 00000000 		.4byte	.LFB6
 573 014b 44000000 		.4byte	.LFE6-.LFB6
 574 014f 01       		.uleb128 0x1
 575 0150 9C       		.byte	0x9c
 576 0151 65010000 		.4byte	0x165
 577 0155 0D       		.uleb128 0xd
 578 0156 1A020000 		.4byte	.LASF24
 579 015a 01       		.byte	0x1
 580 015b 2401     		.2byte	0x124
 581 015d 6B000000 		.4byte	0x6b
 582 0161 02       		.uleb128 0x2
 583 0162 91       		.byte	0x91
 584 0163 77       		.sleb128 -9
 585 0164 00       		.byte	0
 586 0165 0E       		.uleb128 0xe
 587 0166 3F020000 		.4byte	.LASF29
 588 016a 01       		.byte	0x1
 589 016b 1A       		.byte	0x1a
 590 016c 6B000000 		.4byte	0x6b
 591 0170 05       		.uleb128 0x5
 592 0171 03       		.byte	0x3
 593 0172 00000000 		.4byte	TIA_1_initVar
 594 0176 00       		.byte	0
 595              		.section	.debug_abbrev,"",%progbits
 596              	.Ldebug_abbrev0:
 597 0000 01       		.uleb128 0x1
 598 0001 11       		.uleb128 0x11
 599 0002 01       		.byte	0x1
 600 0003 25       		.uleb128 0x25
 601 0004 0E       		.uleb128 0xe
 602 0005 13       		.uleb128 0x13
 603 0006 0B       		.uleb128 0xb
 604 0007 03       		.uleb128 0x3
 605 0008 0E       		.uleb128 0xe
 606 0009 1B       		.uleb128 0x1b
 607 000a 0E       		.uleb128 0xe
 608 000b 55       		.uleb128 0x55
 609 000c 17       		.uleb128 0x17
ARM GAS  C:\Users\LocalAdmin\AppData\Local\Temp\ccUOcqES.s 			page 17


 610 000d 11       		.uleb128 0x11
 611 000e 01       		.uleb128 0x1
 612 000f 10       		.uleb128 0x10
 613 0010 17       		.uleb128 0x17
 614 0011 00       		.byte	0
 615 0012 00       		.byte	0
 616 0013 02       		.uleb128 0x2
 617 0014 24       		.uleb128 0x24
 618 0015 00       		.byte	0
 619 0016 0B       		.uleb128 0xb
 620 0017 0B       		.uleb128 0xb
 621 0018 3E       		.uleb128 0x3e
 622 0019 0B       		.uleb128 0xb
 623 001a 03       		.uleb128 0x3
 624 001b 0E       		.uleb128 0xe
 625 001c 00       		.byte	0
 626 001d 00       		.byte	0
 627 001e 03       		.uleb128 0x3
 628 001f 24       		.uleb128 0x24
 629 0020 00       		.byte	0
 630 0021 0B       		.uleb128 0xb
 631 0022 0B       		.uleb128 0xb
 632 0023 3E       		.uleb128 0x3e
 633 0024 0B       		.uleb128 0xb
 634 0025 03       		.uleb128 0x3
 635 0026 08       		.uleb128 0x8
 636 0027 00       		.byte	0
 637 0028 00       		.byte	0
 638 0029 04       		.uleb128 0x4
 639 002a 16       		.uleb128 0x16
 640 002b 00       		.byte	0
 641 002c 03       		.uleb128 0x3
 642 002d 0E       		.uleb128 0xe
 643 002e 3A       		.uleb128 0x3a
 644 002f 0B       		.uleb128 0xb
 645 0030 3B       		.uleb128 0x3b
 646 0031 0B       		.uleb128 0xb
 647 0032 49       		.uleb128 0x49
 648 0033 13       		.uleb128 0x13
 649 0034 00       		.byte	0
 650 0035 00       		.byte	0
 651 0036 05       		.uleb128 0x5
 652 0037 16       		.uleb128 0x16
 653 0038 00       		.byte	0
 654 0039 03       		.uleb128 0x3
 655 003a 0E       		.uleb128 0xe
 656 003b 3A       		.uleb128 0x3a
 657 003c 0B       		.uleb128 0xb
 658 003d 3B       		.uleb128 0x3b
 659 003e 05       		.uleb128 0x5
 660 003f 49       		.uleb128 0x49
 661 0040 13       		.uleb128 0x13
 662 0041 00       		.byte	0
 663 0042 00       		.byte	0
 664 0043 06       		.uleb128 0x6
 665 0044 35       		.uleb128 0x35
 666 0045 00       		.byte	0
ARM GAS  C:\Users\LocalAdmin\AppData\Local\Temp\ccUOcqES.s 			page 18


 667 0046 49       		.uleb128 0x49
 668 0047 13       		.uleb128 0x13
 669 0048 00       		.byte	0
 670 0049 00       		.byte	0
 671 004a 07       		.uleb128 0x7
 672 004b 2E       		.uleb128 0x2e
 673 004c 00       		.byte	0
 674 004d 3F       		.uleb128 0x3f
 675 004e 19       		.uleb128 0x19
 676 004f 03       		.uleb128 0x3
 677 0050 0E       		.uleb128 0xe
 678 0051 3A       		.uleb128 0x3a
 679 0052 0B       		.uleb128 0xb
 680 0053 3B       		.uleb128 0x3b
 681 0054 0B       		.uleb128 0xb
 682 0055 27       		.uleb128 0x27
 683 0056 19       		.uleb128 0x19
 684 0057 11       		.uleb128 0x11
 685 0058 01       		.uleb128 0x1
 686 0059 12       		.uleb128 0x12
 687 005a 06       		.uleb128 0x6
 688 005b 40       		.uleb128 0x40
 689 005c 18       		.uleb128 0x18
 690 005d 9642     		.uleb128 0x2116
 691 005f 19       		.uleb128 0x19
 692 0060 00       		.byte	0
 693 0061 00       		.byte	0
 694 0062 08       		.uleb128 0x8
 695 0063 2E       		.uleb128 0x2e
 696 0064 00       		.byte	0
 697 0065 3F       		.uleb128 0x3f
 698 0066 19       		.uleb128 0x19
 699 0067 03       		.uleb128 0x3
 700 0068 0E       		.uleb128 0xe
 701 0069 3A       		.uleb128 0x3a
 702 006a 0B       		.uleb128 0xb
 703 006b 3B       		.uleb128 0x3b
 704 006c 0B       		.uleb128 0xb
 705 006d 27       		.uleb128 0x27
 706 006e 19       		.uleb128 0x19
 707 006f 11       		.uleb128 0x11
 708 0070 01       		.uleb128 0x1
 709 0071 12       		.uleb128 0x12
 710 0072 06       		.uleb128 0x6
 711 0073 40       		.uleb128 0x40
 712 0074 18       		.uleb128 0x18
 713 0075 9742     		.uleb128 0x2117
 714 0077 19       		.uleb128 0x19
 715 0078 00       		.byte	0
 716 0079 00       		.byte	0
 717 007a 09       		.uleb128 0x9
 718 007b 2E       		.uleb128 0x2e
 719 007c 01       		.byte	0x1
 720 007d 3F       		.uleb128 0x3f
 721 007e 19       		.uleb128 0x19
 722 007f 03       		.uleb128 0x3
 723 0080 0E       		.uleb128 0xe
ARM GAS  C:\Users\LocalAdmin\AppData\Local\Temp\ccUOcqES.s 			page 19


 724 0081 3A       		.uleb128 0x3a
 725 0082 0B       		.uleb128 0xb
 726 0083 3B       		.uleb128 0x3b
 727 0084 0B       		.uleb128 0xb
 728 0085 27       		.uleb128 0x27
 729 0086 19       		.uleb128 0x19
 730 0087 11       		.uleb128 0x11
 731 0088 01       		.uleb128 0x1
 732 0089 12       		.uleb128 0x12
 733 008a 06       		.uleb128 0x6
 734 008b 40       		.uleb128 0x40
 735 008c 18       		.uleb128 0x18
 736 008d 9742     		.uleb128 0x2117
 737 008f 19       		.uleb128 0x19
 738 0090 01       		.uleb128 0x1
 739 0091 13       		.uleb128 0x13
 740 0092 00       		.byte	0
 741 0093 00       		.byte	0
 742 0094 0A       		.uleb128 0xa
 743 0095 05       		.uleb128 0x5
 744 0096 00       		.byte	0
 745 0097 03       		.uleb128 0x3
 746 0098 0E       		.uleb128 0xe
 747 0099 3A       		.uleb128 0x3a
 748 009a 0B       		.uleb128 0xb
 749 009b 3B       		.uleb128 0x3b
 750 009c 0B       		.uleb128 0xb
 751 009d 49       		.uleb128 0x49
 752 009e 13       		.uleb128 0x13
 753 009f 02       		.uleb128 0x2
 754 00a0 18       		.uleb128 0x18
 755 00a1 00       		.byte	0
 756 00a2 00       		.byte	0
 757 00a3 0B       		.uleb128 0xb
 758 00a4 34       		.uleb128 0x34
 759 00a5 00       		.byte	0
 760 00a6 03       		.uleb128 0x3
 761 00a7 0E       		.uleb128 0xe
 762 00a8 3A       		.uleb128 0x3a
 763 00a9 0B       		.uleb128 0xb
 764 00aa 3B       		.uleb128 0x3b
 765 00ab 0B       		.uleb128 0xb
 766 00ac 49       		.uleb128 0x49
 767 00ad 13       		.uleb128 0x13
 768 00ae 02       		.uleb128 0x2
 769 00af 18       		.uleb128 0x18
 770 00b0 00       		.byte	0
 771 00b1 00       		.byte	0
 772 00b2 0C       		.uleb128 0xc
 773 00b3 2E       		.uleb128 0x2e
 774 00b4 01       		.byte	0x1
 775 00b5 3F       		.uleb128 0x3f
 776 00b6 19       		.uleb128 0x19
 777 00b7 03       		.uleb128 0x3
 778 00b8 0E       		.uleb128 0xe
 779 00b9 3A       		.uleb128 0x3a
 780 00ba 0B       		.uleb128 0xb
ARM GAS  C:\Users\LocalAdmin\AppData\Local\Temp\ccUOcqES.s 			page 20


 781 00bb 3B       		.uleb128 0x3b
 782 00bc 05       		.uleb128 0x5
 783 00bd 27       		.uleb128 0x27
 784 00be 19       		.uleb128 0x19
 785 00bf 11       		.uleb128 0x11
 786 00c0 01       		.uleb128 0x1
 787 00c1 12       		.uleb128 0x12
 788 00c2 06       		.uleb128 0x6
 789 00c3 40       		.uleb128 0x40
 790 00c4 18       		.uleb128 0x18
 791 00c5 9742     		.uleb128 0x2117
 792 00c7 19       		.uleb128 0x19
 793 00c8 01       		.uleb128 0x1
 794 00c9 13       		.uleb128 0x13
 795 00ca 00       		.byte	0
 796 00cb 00       		.byte	0
 797 00cc 0D       		.uleb128 0xd
 798 00cd 05       		.uleb128 0x5
 799 00ce 00       		.byte	0
 800 00cf 03       		.uleb128 0x3
 801 00d0 0E       		.uleb128 0xe
 802 00d1 3A       		.uleb128 0x3a
 803 00d2 0B       		.uleb128 0xb
 804 00d3 3B       		.uleb128 0x3b
 805 00d4 05       		.uleb128 0x5
 806 00d5 49       		.uleb128 0x49
 807 00d6 13       		.uleb128 0x13
 808 00d7 02       		.uleb128 0x2
 809 00d8 18       		.uleb128 0x18
 810 00d9 00       		.byte	0
 811 00da 00       		.byte	0
 812 00db 0E       		.uleb128 0xe
 813 00dc 34       		.uleb128 0x34
 814 00dd 00       		.byte	0
 815 00de 03       		.uleb128 0x3
 816 00df 0E       		.uleb128 0xe
 817 00e0 3A       		.uleb128 0x3a
 818 00e1 0B       		.uleb128 0xb
 819 00e2 3B       		.uleb128 0x3b
 820 00e3 0B       		.uleb128 0xb
 821 00e4 49       		.uleb128 0x49
 822 00e5 13       		.uleb128 0x13
 823 00e6 3F       		.uleb128 0x3f
 824 00e7 19       		.uleb128 0x19
 825 00e8 02       		.uleb128 0x2
 826 00e9 18       		.uleb128 0x18
 827 00ea 00       		.byte	0
 828 00eb 00       		.byte	0
 829 00ec 00       		.byte	0
 830              		.section	.debug_aranges,"",%progbits
 831 0000 4C000000 		.4byte	0x4c
 832 0004 0200     		.2byte	0x2
 833 0006 00000000 		.4byte	.Ldebug_info0
 834 000a 04       		.byte	0x4
 835 000b 00       		.byte	0
 836 000c 0000     		.2byte	0
 837 000e 0000     		.2byte	0
ARM GAS  C:\Users\LocalAdmin\AppData\Local\Temp\ccUOcqES.s 			page 21


 838 0010 00000000 		.4byte	.LFB0
 839 0014 38000000 		.4byte	.LFE0-.LFB0
 840 0018 00000000 		.4byte	.LFB1
 841 001c 48000000 		.4byte	.LFE1-.LFB1
 842 0020 00000000 		.4byte	.LFB2
 843 0024 20000000 		.4byte	.LFE2-.LFB2
 844 0028 00000000 		.4byte	.LFB3
 845 002c 34000000 		.4byte	.LFE3-.LFB3
 846 0030 00000000 		.4byte	.LFB4
 847 0034 38000000 		.4byte	.LFE4-.LFB4
 848 0038 00000000 		.4byte	.LFB5
 849 003c 44000000 		.4byte	.LFE5-.LFB5
 850 0040 00000000 		.4byte	.LFB6
 851 0044 44000000 		.4byte	.LFE6-.LFB6
 852 0048 00000000 		.4byte	0
 853 004c 00000000 		.4byte	0
 854              		.section	.debug_ranges,"",%progbits
 855              	.Ldebug_ranges0:
 856 0000 00000000 		.4byte	.LFB0
 857 0004 38000000 		.4byte	.LFE0
 858 0008 00000000 		.4byte	.LFB1
 859 000c 48000000 		.4byte	.LFE1
 860 0010 00000000 		.4byte	.LFB2
 861 0014 20000000 		.4byte	.LFE2
 862 0018 00000000 		.4byte	.LFB3
 863 001c 34000000 		.4byte	.LFE3
 864 0020 00000000 		.4byte	.LFB4
 865 0024 38000000 		.4byte	.LFE4
 866 0028 00000000 		.4byte	.LFB5
 867 002c 44000000 		.4byte	.LFE5
 868 0030 00000000 		.4byte	.LFB6
 869 0034 44000000 		.4byte	.LFE6
 870 0038 00000000 		.4byte	0
 871 003c 00000000 		.4byte	0
 872              		.section	.debug_line,"",%progbits
 873              	.Ldebug_line0:
 874 0000 DE000000 		.section	.debug_str,"MS",%progbits,1
 874      02004200 
 874      00000201 
 874      FB0E0D00 
 874      01010101 
 875              	.LASF28:
 876 0000 746D7043 		.ascii	"tmpCR\000"
 876      5200
 877              	.LASF23:
 878 0006 5449415F 		.ascii	"TIA_1_SetCapFB\000"
 878      315F5365 
 878      74436170 
 878      464200
 879              	.LASF3:
 880 0015 73686F72 		.ascii	"short unsigned int\000"
 880      7420756E 
 880      7369676E 
 880      65642069 
 880      6E7400
 881              	.LASF18:
 882 0028 5449415F 		.ascii	"TIA_1_Stop\000"
ARM GAS  C:\Users\LocalAdmin\AppData\Local\Temp\ccUOcqES.s 			page 22


 882      315F5374 
 882      6F7000
 883              	.LASF21:
 884 0033 706F7765 		.ascii	"power\000"
 884      7200
 885              	.LASF9:
 886 0039 666C6F61 		.ascii	"float\000"
 886      7400
 887              	.LASF1:
 888 003f 756E7369 		.ascii	"unsigned char\000"
 888      676E6564 
 888      20636861 
 888      7200
 889              	.LASF13:
 890 004d 72656738 		.ascii	"reg8\000"
 890      00
 891              	.LASF5:
 892 0052 6C6F6E67 		.ascii	"long unsigned int\000"
 892      20756E73 
 892      69676E65 
 892      6420696E 
 892      7400
 893              	.LASF12:
 894 0064 75696E74 		.ascii	"uint8\000"
 894      3800
 895              	.LASF19:
 896 006a 5449415F 		.ascii	"TIA_1_SetPower\000"
 896      315F5365 
 896      74506F77 
 896      657200
 897              	.LASF27:
 898 0079 433A5C55 		.ascii	"C:\\Users\\LocalAdmin\\Documents\\GitHub\\phd-proje"
 898      73657273 
 898      5C4C6F63 
 898      616C4164 
 898      6D696E5C 
 899 00a7 6374735C 		.ascii	"cts\\Devices\\One Laser Lamella\\PSOC5_LamellaDevic"
 899      44657669 
 899      6365735C 
 899      4F6E6520 
 899      4C617365 
 900 00d7 655C5053 		.ascii	"e\\PSOC5_Blinkschaltung.cydsn\000"
 900      4F43355F 
 900      426C696E 
 900      6B736368 
 900      616C7475 
 901              	.LASF10:
 902 00f4 646F7562 		.ascii	"double\000"
 902      6C6500
 903              	.LASF17:
 904 00fb 5449415F 		.ascii	"TIA_1_Start\000"
 904      315F5374 
 904      61727400 
 905              	.LASF8:
 906 0107 756E7369 		.ascii	"unsigned int\000"
 906      676E6564 
 906      20696E74 
ARM GAS  C:\Users\LocalAdmin\AppData\Local\Temp\ccUOcqES.s 			page 23


 906      00
 907              	.LASF26:
 908 0114 47656E65 		.ascii	"Generated_Source\\PSoC5\\TIA_1.c\000"
 908      72617465 
 908      645F536F 
 908      75726365 
 908      5C50536F 
 909              	.LASF7:
 910 0133 6C6F6E67 		.ascii	"long long unsigned int\000"
 910      206C6F6E 
 910      6720756E 
 910      7369676E 
 910      65642069 
 911              	.LASF20:
 912 014a 5449415F 		.ascii	"TIA_1_SetResFB\000"
 912      315F5365 
 912      74526573 
 912      464200
 913              	.LASF14:
 914 0159 73697A65 		.ascii	"sizetype\000"
 914      74797065 
 914      00
 915              	.LASF6:
 916 0162 6C6F6E67 		.ascii	"long long int\000"
 916      206C6F6E 
 916      6720696E 
 916      7400
 917              	.LASF11:
 918 0170 63686172 		.ascii	"char\000"
 918      00
 919              	.LASF25:
 920 0175 474E5520 		.ascii	"GNU C 4.9.3 20150303 (release) [ARM/embedded-4_9-br"
 920      4320342E 
 920      392E3320 
 920      32303135 
 920      30333033 
 921 01a8 616E6368 		.ascii	"anch revision 221220] -mcpu=cortex-m3 -mthumb -g -O"
 921      20726576 
 921      6973696F 
 921      6E203232 
 921      31323230 
 922 01db 30202D66 		.ascii	"0 -ffunction-sections -ffat-lto-objects\000"
 922      66756E63 
 922      74696F6E 
 922      2D736563 
 922      74696F6E 
 923              	.LASF2:
 924 0203 73686F72 		.ascii	"short int\000"
 924      7420696E 
 924      7400
 925              	.LASF22:
 926 020d 7265735F 		.ascii	"res_feedback\000"
 926      66656564 
 926      6261636B 
 926      00
 927              	.LASF24:
 928 021a 6361705F 		.ascii	"cap_feedback\000"
ARM GAS  C:\Users\LocalAdmin\AppData\Local\Temp\ccUOcqES.s 			page 24


 928      66656564 
 928      6261636B 
 928      00
 929              	.LASF16:
 930 0227 5449415F 		.ascii	"TIA_1_Enable\000"
 930      315F456E 
 930      61626C65 
 930      00
 931              	.LASF15:
 932 0234 5449415F 		.ascii	"TIA_1_Init\000"
 932      315F496E 
 932      697400
 933              	.LASF29:
 934 023f 5449415F 		.ascii	"TIA_1_initVar\000"
 934      315F696E 
 934      69745661 
 934      7200
 935              	.LASF4:
 936 024d 6C6F6E67 		.ascii	"long int\000"
 936      20696E74 
 936      00
 937              	.LASF0:
 938 0256 7369676E 		.ascii	"signed char\000"
 938      65642063 
 938      68617200 
 939              		.ident	"GCC: (GNU Tools for ARM Embedded Processors) 4.9.3 20150303 (release) [ARM/embedded-4_9-br
