--------------- Rebuild Started: 01/29/2019 10:58:59 Project: D_main.c, Configuration: ARM GCC 5.4-2016-q2-update Debug ---------------
arm-none-eabi-gcc.exe -mcpu=cortex-m3 -mthumb -I.\emFile_V322c\Code\Include\PSoC5 -I.\emFile_V322c\Code\Include\PSoC5\emf32nOS -I. -IGenerated_Source\PSoC5 -Wa,-alh=.\CortexM3\ARM_GCC_541\Debug/D_main.lst -g -D DEBUG -Wall -ffunction-sections -ffat-lto-objects -O0 -c D_main.c -o .\CortexM3\ARM_GCC_541\Debug\D_main.o
In file included from D_main.c:112:0:
./D_NextionLCD_Communication.h: In function 'Nextion_ToggleShowButton':
./D_NextionLCD_Communication.h:43:29: warning: pointer targets in passing argument 1 of 'Nextion_Send_String' differ in signedness [-Wpointer-sign]
         Nextion_Send_String("vis b_show,1");
                             ^
./D_NextionLCD_Communication.h:29:6: note: expected 'unsigned char *' but argument is of type 'char *'
 void Nextion_Send_String(unsigned char *sfloat)
      ^
./D_NextionLCD_Communication.h:44:29: warning: pointer targets in passing argument 1 of 'Nextion_Send_String' differ in signedness [-Wpointer-sign]
         Nextion_Send_String("vis b_Parameter,0");
                             ^
./D_NextionLCD_Communication.h:29:6: note: expected 'unsigned char *' but argument is of type 'char *'
 void Nextion_Send_String(unsigned char *sfloat)
      ^
./D_NextionLCD_Communication.h:49:29: warning: pointer targets in passing argument 1 of 'Nextion_Send_String' differ in signedness [-Wpointer-sign]
         Nextion_Send_String("vis b_show,0");
                             ^
./D_NextionLCD_Communication.h:29:6: note: expected 'unsigned char *' but argument is of type 'char *'
 void Nextion_Send_String(unsigned char *sfloat)
      ^
./D_NextionLCD_Communication.h:50:29: warning: pointer targets in passing argument 1 of 'Nextion_Send_String' differ in signedness [-Wpointer-sign]
         Nextion_Send_String("vis b_Parameter,1");
                             ^
./D_NextionLCD_Communication.h:29:6: note: expected 'unsigned char *' but argument is of type 'char *'
 void Nextion_Send_String(unsigned char *sfloat)
      ^
In file included from D_main.c:112:0:
./D_NextionLCD_Communication.h: In function 'Init_NextionTFT':
./D_NextionLCD_Communication.h:125:25: warning: pointer targets in passing argument 1 of 'Nextion_Send_String' differ in signedness [-Wpointer-sign]
     Nextion_Send_String("page Home");
                         ^
In file included from D_main.c:112:0:
./D_NextionLCD_Communication.h:29:6: note: expected 'unsigned char *' but argument is of type 'char *'
 void Nextion_Send_String(unsigned char *sfloat)
      ^
In file included from D_main.c:112:0:
./D_NextionLCD_Communication.h:128:25: warning: pointer targets in passing argument 1 of 'Nextion_Send_String' differ in signedness [-Wpointer-sign]
     Nextion_Send_String("b_measure.txt=\"Start Measurement\"");
                         ^
In file included from D_main.c:112:0:
./D_NextionLCD_Communication.h:29:6: note: expected 'unsigned char *' but argument is of type 'char *'
 void Nextion_Send_String(unsigned char *sfloat)
      ^
In file included from D_main.c:112:0:
./D_NextionLCD_Communication.h:129:25: warning: pointer targets in passing argument 1 of 'Nextion_Send_String' differ in signedness [-Wpointer-sign]
     Nextion_Send_String("b_measure.bco=1024");
                         ^
In file included from D_main.c:112:0:
./D_NextionLCD_Communication.h:29:6: note: expected 'unsigned char *' but argument is of type 'char *'
 void Nextion_Send_String(unsigned char *sfloat)
      ^
In file included from D_main.c:112:0:
./D_NextionLCD_Communication.h:130:25: warning: pointer targets in passing argument 1 of 'Nextion_Send_String' differ in signedness [-Wpointer-sign]
     Nextion_Send_String("ref Home");
                         ^
In file included from D_main.c:112:0:
./D_NextionLCD_Communication.h:29:6: note: expected 'unsigned char *' but argument is of type 'char *'
 void Nextion_Send_String(unsigned char *sfloat)
      ^
In file included from D_main.c:112:0:
./D_NextionLCD_Communication.h:131:25: warning: pointer targets in passing argument 1 of 'Nextion_Send_String' differ in signedness [-Wpointer-sign]
     Nextion_Send_String("vis slider,1");
                         ^
In file included from D_main.c:112:0:
./D_NextionLCD_Communication.h:29:6: note: expected 'unsigned char *' but argument is of type 'char *'
 void Nextion_Send_String(unsigned char *sfloat)
      ^
In file included from D_main.c:117:0:
./D_DataLogger.h: In function 'Open_Log_Files':
./D_DataLogger.h:26:9: warning: assignment discards 'const' qualifier from pointer target type [-Wdiscarded-qualifiers]
     ptr = &eepromArray[3];
         ^
D_main.c: In function 'main':
D_main.c:218:9: warning: assignment discards 'const' qualifier from pointer target type [-Wdiscarded-qualifiers]
     ptr = &eepromArray[3];
         ^
D_main.c:321:37: warning: pointer targets in passing argument 1 of 'Nextion_Send_String' differ in signedness [-Wpointer-sign]
                 Nextion_Send_String("page Export");
                                     ^
In file included from D_main.c:112:0:
./D_NextionLCD_Communication.h:29:6: note: expected 'unsigned char *' but argument is of type 'char *'
 void Nextion_Send_String(unsigned char *sfloat)
      ^
D_main.c:322:37: warning: pointer targets in passing argument 1 of 'Nextion_Send_String' differ in signedness [-Wpointer-sign]
                 Nextion_Send_String("p_saved.pic=0");
                                     ^
In file included from D_main.c:112:0:
./D_NextionLCD_Communication.h:29:6: note: expected 'unsigned char *' but argument is of type 'char *'
 void Nextion_Send_String(unsigned char *sfloat)
      ^
D_main.c:325:37: warning: pointer targets in passing argument 1 of 'Nextion_Send_String' differ in signedness [-Wpointer-sign]
                 Nextion_Send_String("p_saved.pic=1");
                                     ^
In file included from D_main.c:112:0:
./D_NextionLCD_Communication.h:29:6: note: expected 'unsigned char *' but argument is of type 'char *'
 void Nextion_Send_String(unsigned char *sfloat)
      ^
D_main.c:435:41: warning: pointer targets in passing argument 1 of 'Nextion_Send_String' differ in signedness [-Wpointer-sign]
                     Nextion_Send_String("ref LiveData");
                                         ^
In file included from D_main.c:112:0:
./D_NextionLCD_Communication.h:29:6: note: expected 'unsigned char *' but argument is of type 'char *'
 void Nextion_Send_String(unsigned char *sfloat)
      ^
D_main.c:436:41: warning: pointer targets in passing argument 1 of 'Nextion_Send_String' differ in signedness [-Wpointer-sign]
                     Nextion_Send_String("ref ScaledData");
                                         ^
In file included from D_main.c:112:0:
./D_NextionLCD_Communication.h:29:6: note: expected 'unsigned char *' but argument is of type 'char *'
 void Nextion_Send_String(unsigned char *sfloat)
      ^
D_main.c:488:57: warning: pointer targets in passing argument 1 of 'Nextion_Send_String' differ in signedness [-Wpointer-sign]
                                     Nextion_Send_String("page Home");
                                                         ^
In file included from D_main.c:112:0:
./D_NextionLCD_Communication.h:29:6: note: expected 'unsigned char *' but argument is of type 'char *'
 void Nextion_Send_String(unsigned char *sfloat)
      ^
D_main.c:536:45: warning: pointer targets in passing argument 1 of 'Nextion_Send_String' differ in signedness [-Wpointer-sign]
                         Nextion_Send_String("b_measure.txt=\"Start Measurement\"");
                                             ^
In file included from D_main.c:112:0:
./D_NextionLCD_Communication.h:29:6: note: expected 'unsigned char *' but argument is of type 'char *'
 void Nextion_Send_String(unsigned char *sfloat)
      ^
D_main.c:537:45: warning: pointer targets in passing argument 1 of 'Nextion_Send_String' differ in signedness [-Wpointer-sign]
                         Nextion_Send_String("b_measure.bco=1024");
                                             ^
In file included from D_main.c:112:0:
./D_NextionLCD_Communication.h:29:6: note: expected 'unsigned char *' but argument is of type 'char *'
 void Nextion_Send_String(unsigned char *sfloat)
      ^
D_main.c:538:45: warning: pointer targets in passing argument 1 of 'Nextion_Send_String' differ in signedness [-Wpointer-sign]
                         Nextion_Send_String("ref Home");
                                             ^
In file included from D_main.c:112:0:
./D_NextionLCD_Communication.h:29:6: note: expected 'unsigned char *' but argument is of type 'char *'
 void Nextion_Send_String(unsigned char *sfloat)
      ^
D_main.c:539:45: warning: pointer targets in passing argument 1 of 'Nextion_Send_String' differ in signedness [-Wpointer-sign]
                         Nextion_Send_String("vis slider,1");
                                             ^
In file included from D_main.c:112:0:
./D_NextionLCD_Communication.h:29:6: note: expected 'unsigned char *' but argument is of type 'char *'
 void Nextion_Send_String(unsigned char *sfloat)
      ^
D_main.c:545:45: warning: pointer targets in passing argument 1 of 'Nextion_Send_String' differ in signedness [-Wpointer-sign]
                         Nextion_Send_String("b_measure.txt=\"Stop Measurement\"");
                                             ^
In file included from D_main.c:112:0:
./D_NextionLCD_Communication.h:29:6: note: expected 'unsigned char *' but argument is of type 'char *'
 void Nextion_Send_String(unsigned char *sfloat)
      ^
D_main.c:546:45: warning: pointer targets in passing argument 1 of 'Nextion_Send_String' differ in signedness [-Wpointer-sign]
                         Nextion_Send_String("b_measure.bco=63488");
                                             ^
In file included from D_main.c:112:0:
./D_NextionLCD_Communication.h:29:6: note: expected 'unsigned char *' but argument is of type 'char *'
 void Nextion_Send_String(unsigned char *sfloat)
      ^
D_main.c:547:45: warning: pointer targets in passing argument 1 of 'Nextion_Send_String' differ in signedness [-Wpointer-sign]
                         Nextion_Send_String("ref Home");
                                             ^
In file included from D_main.c:112:0:
./D_NextionLCD_Communication.h:29:6: note: expected 'unsigned char *' but argument is of type 'char *'
 void Nextion_Send_String(unsigned char *sfloat)
      ^
D_main.c:548:45: warning: pointer targets in passing argument 1 of 'Nextion_Send_String' differ in signedness [-Wpointer-sign]
                         Nextion_Send_String("vis slider,0");
                                             ^
In file included from D_main.c:112:0:
./D_NextionLCD_Communication.h:29:6: note: expected 'unsigned char *' but argument is of type 'char *'
 void Nextion_Send_String(unsigned char *sfloat)
      ^
--------------- Rebuild Succeeded: 01/29/2019 10:59:00 ---------------
