--------------- Clean Started: 07/05/2019 09:13:25 Project: PSOC5_LamellaControlHofmann, Configuration: ARM GCC 5.4-2016-q2-update Debug ---------------
Deleting file ".\CortexM3\ARM_GCC_541\Debug\main.o"
Deleting file ".\CortexM3\ARM_GCC_541\Debug\cyfitter_cfg.o"
Deleting file ".\CortexM3\ARM_GCC_541\Debug\cymetadata.o"
Deleting file ".\CortexM3\ARM_GCC_541\Debug\Cm3Start.o"
Deleting file ".\CortexM3\ARM_GCC_541\Debug\CyBootAsmGnu.o"
Deleting file ".\CortexM3\ARM_GCC_541\Debug\CyDmac.o"
Deleting file ".\CortexM3\ARM_GCC_541\Debug\CyFlash.o"
Deleting file ".\CortexM3\ARM_GCC_541\Debug\CyLib.o"
Deleting file ".\CortexM3\ARM_GCC_541\Debug\cyPm.o"
Deleting file ".\CortexM3\ARM_GCC_541\Debug\CySpc.o"
Deleting file ".\CortexM3\ARM_GCC_541\Debug\cyutils.o"
Deleting file ".\CortexM3\ARM_GCC_541\Debug\Pin_LED.o"
Deleting file ".\CortexM3\ARM_GCC_541\Debug\Pin_StepperCLK.o"
Deleting file ".\CortexM3\ARM_GCC_541\Debug\Pin_StepperDIR.o"
Deleting file ".\CortexM3\ARM_GCC_541\Debug\Pin_StepperEN.o"
Deleting file ".\CortexM3\ARM_GCC_541\Debug\Analog_Digital_Converter.o"
Deleting file ".\CortexM3\ARM_GCC_541\Debug\Analog_Digital_Converter_INT.o"
Deleting file ".\CortexM3\ARM_GCC_541\Debug\Analog_Digital_Converter_PM.o"
Deleting file ".\CortexM3\ARM_GCC_541\Debug\Analog_Digital_Converter_IRQ.o"
Deleting file ".\CortexM3\ARM_GCC_541\Debug\Analog_Digital_Converter_theACLK.o"
Deleting file ".\CortexM3\ARM_GCC_541\Debug\Analog_Digital_Converter_Bypass.o"
Deleting file ".\CortexM3\ARM_GCC_541\Debug\UART_TFT.o"
Deleting file ".\CortexM3\ARM_GCC_541\Debug\UART_TFT_PM.o"
Deleting file ".\CortexM3\ARM_GCC_541\Debug\UART_TFT_INT.o"
Deleting file ".\CortexM3\ARM_GCC_541\Debug\UART_TFT_BOOT.o"
Deleting file ".\CortexM3\ARM_GCC_541\Debug\UART_TFT_IntClock.o"
Deleting file ".\CortexM3\ARM_GCC_541\Debug\Interr_TFT.o"
Deleting file ".\CortexM3\ARM_GCC_541\Debug\timer_clock.o"
Deleting file ".\CortexM3\ARM_GCC_541\Debug\Timer1.o"
Deleting file ".\CortexM3\ARM_GCC_541\Debug\Timer1_PM.o"
Deleting file ".\CortexM3\ARM_GCC_541\Debug\Timer1_Function.o"
Deleting file ".\CortexM3\ARM_GCC_541\Debug\LED_slider_val_sent.o"
Deleting file ".\CortexM3\ARM_GCC_541\Debug\LED_slider_val_received.o"
Deleting file ".\CortexM3\ARM_GCC_541\Debug\LED_Measurement_running.o"
Deleting file ".\CortexM3\ARM_GCC_541\Debug\Emul_EEPROM.o"
Deleting file ".\CortexM3\ARM_GCC_541\Debug\PGA_Photo.o"
Deleting file ".\CortexM3\ARM_GCC_541\Debug\PGA_Photo_PM.o"
Deleting file ".\CortexM3\ARM_GCC_541\Debug\Pin_StepperSLEEP.o"
Deleting file ".\CortexM3\ARM_GCC_541\Debug\Pin_StepperRES.o"
Deleting file ".\CortexM3\ARM_GCC_541\Debug\Pin_StepperMS3.o"
Deleting file ".\CortexM3\ARM_GCC_541\Debug\Pin_StepperMS2.o"
Deleting file ".\CortexM3\ARM_GCC_541\Debug\Pin_StepperMS1.o"
Deleting file ".\CortexM3\ARM_GCC_541\Debug\Pin_PhotoDiode.o"
Deleting file ".\CortexM3\ARM_GCC_541\Debug\TIA_1.o"
Deleting file ".\CortexM3\ARM_GCC_541\Debug\TIA_1_PM.o"
Deleting file ".\CortexM3\ARM_GCC_541\Debug\emFile_ConfigMMC_SPI.o"
Deleting file ".\CortexM3\ARM_GCC_541\Debug\emFile_MMC_HW_SPI.o"
Deleting file ".\CortexM3\ARM_GCC_541\Debug\emFile_PM.o"
Deleting file ".\CortexM3\ARM_GCC_541\Debug\emFile_SPI0.o"
Deleting file ".\CortexM3\ARM_GCC_541\Debug\emFile_SPI0_PM.o"
Deleting file ".\CortexM3\ARM_GCC_541\Debug\emFile_SPI0_INT.o"
Deleting file ".\CortexM3\ARM_GCC_541\Debug\emFile_mosi0.o"
Deleting file ".\CortexM3\ARM_GCC_541\Debug\emFile_Clock_1.o"
Deleting file ".\CortexM3\ARM_GCC_541\Debug\emFile_miso0.o"
Deleting file ".\CortexM3\ARM_GCC_541\Debug\emFile_sclk0.o"
Deleting file ".\CortexM3\ARM_GCC_541\Debug\emFile_SPI0_CS.o"
Deleting file ".\CortexM3\ARM_GCC_541\Debug\cy_em_eeprom.o"
Deleting file ".\CortexM3\ARM_GCC_541\Debug\Pin_LaserEN1.o"
Deleting file ".\CortexM3\ARM_GCC_541\Debug\Pin_LaserEN2.o"
Deleting file ".\CortexM3\ARM_GCC_541\Debug\UART_PC.o"
Deleting file ".\CortexM3\ARM_GCC_541\Debug\UART_PC_PM.o"
Deleting file ".\CortexM3\ARM_GCC_541\Debug\UART_PC_INT.o"
Deleting file ".\CortexM3\ARM_GCC_541\Debug\UART_PC_BOOT.o"
Deleting file ".\CortexM3\ARM_GCC_541\Debug\UART_PC_IntClock.o"
Deleting file ".\CortexM3\ARM_GCC_541\Debug\Interr_PC.o"
Deleting file ".\CortexM3\ARM_GCC_541\Debug\Pin_Relais2.o"
Deleting file ".\CortexM3\ARM_GCC_541\Debug\Pin_Relais1.o"
Deleting file ".\CortexM3\ARM_GCC_541\Debug\Pin_IRLaserEN.o"
Deleting file ".\CortexM3\ARM_GCC_541\Debug\PSOC5_LamellaControlHofmann.hex"
Deleting file ".\CortexM3\ARM_GCC_541\Debug\PSOC5_LamellaControlHofmann.elf"
Deleting file ".\CortexM3\ARM_GCC_541\Debug\PSOC5_LamellaControlHofmann.map"
Deleting file ".\PSOC5_LamellaControlHofmann.cycdx"
Deleting file ".\PSOC5_LamellaControlHofmann.svd"
Deleting file ".\PSOC5_LamellaControlHofmann.rpt"
Deleting file ".\PSOC5_LamellaControlHofmann_timing.html"
Deleting file ".\CortexM3\ARM_GCC_541\Debug\.deps\SOURCE_C__ARM_GCC_GENERIC.P"
Deleting file ".\CortexM3\ARM_GCC_541\Debug\.deps\SOURCE_ASM__ARM_GCC_GENERIC.P"
--------------- Clean Succeeded: 07/05/2019 09:13:25 ---------------
