#***************************************************************************

#sjplacer

#Version:            1.1

#Build Date:         Dec  5 2017 15:35:27

#File Generated:     Feb 8 2021 10:50:59

#Purpose:            

#Copyright (C) 2010-2011 by Softjin Technologies Pvt Ltd. All rights reserved.

#***************************************************************************

Executing : D:\Programme\PSoC\PSoC Creator\4.2\PSoC Creator\bin/sjplacer.exe --proj-name LamellaDevice --netlist-vh2 LamellaDevice_p.vh2 --arch p35_udb4x6 --arch-file D:\Programme\PSoC\PSoC Creator\4.2\PSoC Creator\dev\arch/udbdsi_4x6_24.cydata --ip-file D:\Programme\PSoC\PSoC Creator\4.2\PSoC Creator\dev\psoc5/psoc5lp/ip_blocks.cydata --rrg-file D:\Programme\PSoC\PSoC Creator\4.2\PSoC Creator\dev\psoc5/psoc5lp/route_arch-rrg.cydata --irq-file D:\Programme\PSoC\PSoC Creator\4.2\PSoC Creator\dev\psoc5/psoc5lp/irqconn.cydata --drq-file D:\Programme\PSoC\PSoC Creator\4.2\PSoC Creator\dev\psoc5/psoc5lp/dmaconn.cydata --dsi-conn-file D:\Programme\PSoC\PSoC Creator\4.2\PSoC Creator\dev\psoc5/psoc5lp/dsiconn.cydata --pins-file pins_68-QFN.xml --lib-file LamellaDevice_p.lib --sdc-file LamellaDevice.sdc --io-pcf LamellaDevice.pci --outdir .

		Softjin Techologies Placer, Version 1.1

Build Date : Dec  5 2017	15:33:41

D2004: Option and Settings Summary
=============================================================
Netlist vh2 file          - LamellaDevice_p.vh2
Architecture file         - D:\Programme\PSoC\PSoC Creator\4.2\PSoC Creator\dev\arch/udbdsi_4x6_24.cydata
Package                   - 
Defparam file             - 
SDC file                  - LamellaDevice.sdc
Output directory          - .
Timing library            - LamellaDevice_p.lib
IO Placement file         - LamellaDevice.pci

D2050: Starting reading inputs for placer
=============================================================
D2065: Reading netlist file : "LamellaDevice_p.vh2"
D2065: Reading arch file : "D:\Programme\PSoC\PSoC Creator\4.2\PSoC Creator\dev\arch/udbdsi_4x6_24.cydata"
D2051: Reading of inputs for placer completed successfully

D2053: Starting placement of the design
=============================================================

Phase 2
Phase 3

Design Statistics after Packing
    Number of Combinational MCs 	:	24
    Number of Sequential MCs    	:	43
    Number of DPs               	:	7
    Number of Controls          	:	3
    Number of Status            	:	6
    Number of SyncCells         	:	2
    Number of count7cells       	:	3

Device Utilization Summary after Packing
    Macrocells                  :	67/192
    UDBS                        :	12/24
    IOs                         :	28/72


D2088: Phase 3, elapsed time : 0.0 (sec)

Phase 4
D2088: Phase 4, elapsed time : 0.0 (sec)

Phase 5
D2088: Phase 5, elapsed time : 0.0 (sec)

Phase 6

######################################################################
Placement Timing Summary

The timing summary is based on estimated routing delays after
placement. For final timing report, please carry out the timing
analysis after routing.
======================================================================

######################################################################
                     Clock Summary 
======================================================================
Number of clocks: 12
Clock: Analog_Digital_Converter_theACLK | Frequency: N/A       | Target:  10.7 MHz
Clock: Analog_Digital_Converter_theACLK(fixed-function) | Frequency: N/A       | Target:  10.7 MHz
Clock: CyBUS_CLK            | Frequency:  68.8 MHz | Target:  64.0 MHz
Clock: CyILO                | Frequency: N/A       | Target:   0.1 MHz
Clock: CyIMO                | Frequency: N/A       | Target:  24.0 MHz
Clock: CyMASTER_CLK         | Frequency: N/A       | Target:  64.0 MHz
Clock: CyPLL_OUT            | Frequency: N/A       | Target:  64.0 MHz
Clock: UART_PC_IntClock     | Frequency:  57.2 MHz | Target:   0.9 MHz
Clock: UART_TFT_IntClock    | Frequency:  57.2 MHz | Target:   0.1 MHz
Clock: emFile_Clock_1       | Frequency:  52.5 MHz | Target:  64.0 MHz
Clock: timer_clock          | Frequency: N/A       | Target:  32.0 MHz
Clock: timer_clock(fixed-function) | Frequency: N/A       | Target:  32.0 MHz

======================================================================
                     End of Clock Summary
######################################################################

D2088: Phase 6, elapsed time : 0.0 (sec)

Phase 7
######################################################################
                     Clock Summary 
======================================================================
Number of clocks: 12
Clock: Analog_Digital_Converter_theACLK | Frequency: N/A       | Target:  10.7 MHz
Clock: Analog_Digital_Converter_theACLK(fixed-function) | Frequency: N/A       | Target:  10.7 MHz
Clock: CyBUS_CLK            | Frequency:  68.8 MHz | Target:  64.0 MHz
Clock: CyILO                | Frequency: N/A       | Target:   0.1 MHz
Clock: CyIMO                | Frequency: N/A       | Target:  24.0 MHz
Clock: CyMASTER_CLK         | Frequency: N/A       | Target:  64.0 MHz
Clock: CyPLL_OUT            | Frequency: N/A       | Target:  64.0 MHz
Clock: UART_PC_IntClock     | Frequency:  53.6 MHz | Target:   0.9 MHz
Clock: UART_TFT_IntClock    | Frequency:  53.6 MHz | Target:   0.1 MHz
Clock: emFile_Clock_1       | Frequency:  52.5 MHz | Target:  64.0 MHz
Clock: timer_clock          | Frequency: N/A       | Target:  32.0 MHz
Clock: timer_clock(fixed-function) | Frequency: N/A       | Target:  32.0 MHz

======================================================================
                     End of Clock Summary
######################################################################
D2088: Phase 7, elapsed time : 0.5 (sec)

Final Design Statistics
    Number of Combinational MCs 	:	24
    Number of Sequential MCs    	:	43
    Number of DPs               	:	7
    Number of Controls          	:	3
    Number of Status            	:	6
    Number of SyncCells         	:	2
    Number of count7cells       	:	3
    Number of IOs       	:	28

Device Utilization Summary
    Macrocells                  :	67/192
    IOs                         :	28/72



######################################################################
Placement Timing Summary

The timing summary is based on estimated routing delays after
placement. For final timing report, please carry out the timing
analysis after routing.
======================================================================


######################################################################
                     Clock Summary 
======================================================================
Number of clocks: 12
Clock: Analog_Digital_Converter_theACLK | Frequency: N/A       | Target:  10.7 MHz
Clock: Analog_Digital_Converter_theACLK(fixed-function) | Frequency: N/A       | Target:  10.7 MHz
Clock: CyBUS_CLK            | Frequency:  66.0 MHz | Target:  64.0 MHz
Clock: CyILO                | Frequency: N/A       | Target:   0.1 MHz
Clock: CyIMO                | Frequency: N/A       | Target:  24.0 MHz
Clock: CyMASTER_CLK         | Frequency: N/A       | Target:  64.0 MHz
Clock: CyPLL_OUT            | Frequency: N/A       | Target:  64.0 MHz
Clock: UART_PC_IntClock     | Frequency:  57.0 MHz | Target:   0.9 MHz
Clock: UART_TFT_IntClock    | Frequency:  55.3 MHz | Target:   0.1 MHz
Clock: emFile_Clock_1       | Frequency:  54.3 MHz | Target:  64.0 MHz
Clock: timer_clock          | Frequency: N/A       | Target:  32.0 MHz
Clock: timer_clock(fixed-function) | Frequency: N/A       | Target:  32.0 MHz

======================================================================
                     End of Clock Summary
######################################################################

Phase 8
D2088: Phase 8, elapsed time : 0.0 (sec)

D2054: Placement of the design completed successfully

I2076: Total run-time: 1.1 sec.

