ARM GAS  C:\Users\LOCALA~1\AppData\Local\Temp\ccJVbwQh.s 			page 1


   1              		.syntax unified
   2              		.cpu cortex-m3
   3              		.fpu softvfp
   4              		.eabi_attribute 20, 1
   5              		.eabi_attribute 21, 1
   6              		.eabi_attribute 23, 3
   7              		.eabi_attribute 24, 1
   8              		.eabi_attribute 25, 1
   9              		.eabi_attribute 26, 1
  10              		.eabi_attribute 30, 6
  11              		.eabi_attribute 34, 1
  12              		.eabi_attribute 18, 4
  13              		.thumb
  14              		.syntax unified
  15              		.file	"cymetadata.c"
  16              		.text
  17              	.Ltext0:
  18              		.cfi_sections	.debug_frame
  19              		.global	cy_meta_configecc
  20              		.section	.cyconfigecc,"a",%progbits
  21              		.align	2
  22              		.type	cy_meta_configecc, %object
  23              		.size	cy_meta_configecc, 2332
  24              	cy_meta_configecc:
  25 0000 02       		.byte	2
  26 0001 4F       		.byte	79
  27 0002 00       		.byte	0
  28 0003 40       		.byte	64
  29 0004 04       		.byte	4
  30 0005 52       		.byte	82
  31 0006 00       		.byte	0
  32 0007 40       		.byte	64
  33 0008 04       		.byte	4
  34 0009 64       		.byte	100
  35 000a 00       		.byte	0
  36 000b 40       		.byte	64
  37 000c 03       		.byte	3
  38 000d 65       		.byte	101
  39 000e 00       		.byte	0
  40 000f 40       		.byte	64
  41 0010 01       		.byte	1
  42 0011 03       		.byte	3
  43 0012 01       		.byte	1
  44 0013 40       		.byte	64
  45 0014 01       		.byte	1
  46 0015 05       		.byte	5
  47 0016 01       		.byte	1
  48 0017 40       		.byte	64
  49 0018 01       		.byte	1
  50 0019 07       		.byte	7
  51 001a 01       		.byte	1
  52 001b 40       		.byte	64
  53 001c 27       		.byte	39
  54 001d 08       		.byte	8
  55 001e 01       		.byte	1
  56 001f 40       		.byte	64
  57 0020 4A       		.byte	74
ARM GAS  C:\Users\LOCALA~1\AppData\Local\Temp\ccJVbwQh.s 			page 2


  58 0021 09       		.byte	9
  59 0022 01       		.byte	1
  60 0023 40       		.byte	64
  61 0024 55       		.byte	85
  62 0025 0A       		.byte	10
  63 0026 01       		.byte	1
  64 0027 40       		.byte	64
  65 0028 4B       		.byte	75
  66 0029 0B       		.byte	11
  67 002a 01       		.byte	1
  68 002b 40       		.byte	64
  69 002c 74       		.byte	116
  70 002d 0C       		.byte	12
  71 002e 01       		.byte	1
  72 002f 40       		.byte	64
  73 0030 44       		.byte	68
  74 0031 0D       		.byte	13
  75 0032 01       		.byte	1
  76 0033 40       		.byte	64
  77 0034 56       		.byte	86
  78 0035 0E       		.byte	14
  79 0036 01       		.byte	1
  80 0037 40       		.byte	64
  81 0038 3B       		.byte	59
  82 0039 0F       		.byte	15
  83 003a 01       		.byte	1
  84 003b 40       		.byte	64
  85 003c 01       		.byte	1
  86 003d 15       		.byte	21
  87 003e 01       		.byte	1
  88 003f 40       		.byte	64
  89 0040 59       		.byte	89
  90 0041 18       		.byte	24
  91 0042 01       		.byte	1
  92 0043 40       		.byte	64
  93 0044 46       		.byte	70
  94 0045 19       		.byte	25
  95 0046 01       		.byte	1
  96 0047 40       		.byte	64
  97 0048 14       		.byte	20
  98 0049 1A       		.byte	26
  99 004a 01       		.byte	1
 100 004b 40       		.byte	64
 101 004c 41       		.byte	65
 102 004d 1B       		.byte	27
 103 004e 01       		.byte	1
 104 004f 40       		.byte	64
 105 0050 09       		.byte	9
 106 0051 40       		.byte	64
 107 0052 01       		.byte	1
 108 0053 40       		.byte	64
 109 0054 0A       		.byte	10
 110 0055 41       		.byte	65
 111 0056 01       		.byte	1
 112 0057 40       		.byte	64
 113 0058 0A       		.byte	10
 114 0059 42       		.byte	66
ARM GAS  C:\Users\LOCALA~1\AppData\Local\Temp\ccJVbwQh.s 			page 3


 115 005a 01       		.byte	1
 116 005b 40       		.byte	64
 117 005c 04       		.byte	4
 118 005d 43       		.byte	67
 119 005e 01       		.byte	1
 120 005f 40       		.byte	64
 121 0060 04       		.byte	4
 122 0061 44       		.byte	68
 123 0062 01       		.byte	1
 124 0063 40       		.byte	64
 125 0064 0A       		.byte	10
 126 0065 45       		.byte	69
 127 0066 01       		.byte	1
 128 0067 40       		.byte	64
 129 0068 04       		.byte	4
 130 0069 46       		.byte	70
 131 006a 01       		.byte	1
 132 006b 40       		.byte	64
 133 006c 02       		.byte	2
 134 006d 47       		.byte	71
 135 006e 01       		.byte	1
 136 006f 40       		.byte	64
 137 0070 02       		.byte	2
 138 0071 48       		.byte	72
 139 0072 01       		.byte	1
 140 0073 40       		.byte	64
 141 0074 03       		.byte	3
 142 0075 49       		.byte	73
 143 0076 01       		.byte	1
 144 0077 40       		.byte	64
 145 0078 06       		.byte	6
 146 0079 4C       		.byte	76
 147 007a 01       		.byte	1
 148 007b 40       		.byte	64
 149 007c 04       		.byte	4
 150 007d 4D       		.byte	77
 151 007e 01       		.byte	1
 152 007f 40       		.byte	64
 153 0080 09       		.byte	9
 154 0081 50       		.byte	80
 155 0082 01       		.byte	1
 156 0083 40       		.byte	64
 157 0084 02       		.byte	2
 158 0085 51       		.byte	81
 159 0086 01       		.byte	1
 160 0087 40       		.byte	64
 161 0088 01       		.byte	1
 162 0089 10       		.byte	16
 163 008a 0A       		.byte	10
 164 008b 4B       		.byte	75
 165 008c 09       		.byte	9
 166 008d 40       		.byte	64
 167 008e 10       		.byte	16
 168 008f 06       		.byte	6
 169 0090 11       		.byte	17
 170 0091 02       		.byte	2
 171 0092 60       		.byte	96
ARM GAS  C:\Users\LOCALA~1\AppData\Local\Temp\ccJVbwQh.s 			page 4


 172 0093 20       		.byte	32
 173 0094 8A       		.byte	-118
 174 0095 38       		.byte	56
 175 0096 8B       		.byte	-117
 176 0097 0F       		.byte	15
 177 0098 8C       		.byte	-116
 178 0099 0F       		.byte	15
 179 009a 8F       		.byte	-113
 180 009b 72       		.byte	114
 181 009c 88       		.byte	-120
 182 009d 38       		.byte	56
 183 009e 89       		.byte	-119
 184 009f 0F       		.byte	15
 185 00a0 8B       		.byte	-117
 186 00a1 72       		.byte	114
 187 00a2 E6       		.byte	-26
 188 00a3 02       		.byte	2
 189 00a4 E6       		.byte	-26
 190 00a5 02       		.byte	2
 191 00a6 EE       		.byte	-18
 192 00a7 04       		.byte	4
 193 00a8 02       		.byte	2
 194 00a9 15       		.byte	21
 195 00aa 03       		.byte	3
 196 00ab 8C       		.byte	-116
 197 00ac 04       		.byte	4
 198 00ad 2A       		.byte	42
 199 00ae 06       		.byte	6
 200 00af 04       		.byte	4
 201 00b0 07       		.byte	7
 202 00b1 08       		.byte	8
 203 00b2 0B       		.byte	11
 204 00b3 10       		.byte	16
 205 00b4 10       		.byte	16
 206 00b5 33       		.byte	51
 207 00b6 11       		.byte	17
 208 00b7 31       		.byte	49
 209 00b8 12       		.byte	18
 210 00b9 0C       		.byte	12
 211 00ba 13       		.byte	19
 212 00bb 86       		.byte	-122
 213 00bc 15       		.byte	21
 214 00bd 31       		.byte	49
 215 00be 17       		.byte	23
 216 00bf 0E       		.byte	14
 217 00c0 19       		.byte	25
 218 00c1 8C       		.byte	-116
 219 00c2 1B       		.byte	27
 220 00c3 33       		.byte	51
 221 00c4 1E       		.byte	30
 222 00c5 08       		.byte	8
 223 00c6 24       		.byte	36
 224 00c7 33       		.byte	51
 225 00c8 26       		.byte	38
 226 00c9 04       		.byte	4
 227 00ca 28       		.byte	40
 228 00cb 03       		.byte	3
ARM GAS  C:\Users\LOCALA~1\AppData\Local\Temp\ccJVbwQh.s 			page 5


 229 00cc 2A       		.byte	42
 230 00cd 04       		.byte	4
 231 00ce 2D       		.byte	45
 232 00cf 40       		.byte	64
 233 00d0 2F       		.byte	47
 234 00d1 13       		.byte	19
 235 00d2 30       		.byte	48
 236 00d3 0F       		.byte	15
 237 00d4 31       		.byte	49
 238 00d5 60       		.byte	96
 239 00d6 33       		.byte	51
 240 00d7 0F       		.byte	15
 241 00d8 34       		.byte	52
 242 00d9 30       		.byte	48
 243 00da 35       		.byte	53
 244 00db 8A       		.byte	-118
 245 00dc 37       		.byte	55
 246 00dd 10       		.byte	16
 247 00de 38       		.byte	56
 248 00df 20       		.byte	32
 249 00e0 39       		.byte	57
 250 00e1 02       		.byte	2
 251 00e2 3A       		.byte	58
 252 00e3 02       		.byte	2
 253 00e4 3B       		.byte	59
 254 00e5 28       		.byte	40
 255 00e6 3E       		.byte	62
 256 00e7 10       		.byte	16
 257 00e8 3F       		.byte	63
 258 00e9 40       		.byte	64
 259 00ea 54       		.byte	84
 260 00eb 40       		.byte	64
 261 00ec 58       		.byte	88
 262 00ed 04       		.byte	4
 263 00ee 59       		.byte	89
 264 00ef 04       		.byte	4
 265 00f0 5B       		.byte	91
 266 00f1 04       		.byte	4
 267 00f2 5C       		.byte	92
 268 00f3 22       		.byte	34
 269 00f4 5F       		.byte	95
 270 00f5 01       		.byte	1
 271 00f6 01       		.byte	1
 272 00f7 81       		.byte	-127
 273 00f8 06       		.byte	6
 274 00f9 C0       		.byte	-64
 275 00fa 07       		.byte	7
 276 00fb 20       		.byte	32
 277 00fc 09       		.byte	9
 278 00fd 0A       		.byte	10
 279 00fe 0A       		.byte	10
 280 00ff 04       		.byte	4
 281 0100 0C       		.byte	12
 282 0101 01       		.byte	1
 283 0102 0E       		.byte	14
 284 0103 42       		.byte	66
 285 0104 0F       		.byte	15
ARM GAS  C:\Users\LOCALA~1\AppData\Local\Temp\ccJVbwQh.s 			page 6


 286 0105 40       		.byte	64
 287 0106 15       		.byte	21
 288 0107 10       		.byte	16
 289 0108 17       		.byte	23
 290 0109 04       		.byte	4
 291 010a 19       		.byte	25
 292 010b 90       		.byte	-112
 293 010c 1A       		.byte	26
 294 010d 04       		.byte	4
 295 010e 1D       		.byte	29
 296 010f 20       		.byte	32
 297 0110 1E       		.byte	30
 298 0111 40       		.byte	64
 299 0112 21       		.byte	33
 300 0113 01       		.byte	1
 301 0114 23       		.byte	35
 302 0115 10       		.byte	16
 303 0116 25       		.byte	37
 304 0117 11       		.byte	17
 305 0118 26       		.byte	38
 306 0119 41       		.byte	65
 307 011a 27       		.byte	39
 308 011b 24       		.byte	36
 309 011c 28       		.byte	40
 310 011d 04       		.byte	4
 311 011e 2A       		.byte	42
 312 011f 05       		.byte	5
 313 0120 2B       		.byte	43
 314 0121 01       		.byte	1
 315 0122 2E       		.byte	46
 316 0123 80       		.byte	-128
 317 0124 30       		.byte	48
 318 0125 20       		.byte	32
 319 0126 31       		.byte	49
 320 0127 0A       		.byte	10
 321 0128 33       		.byte	51
 322 0129 40       		.byte	64
 323 012a 34       		.byte	52
 324 012b 01       		.byte	1
 325 012c 37       		.byte	55
 326 012d 24       		.byte	36
 327 012e 38       		.byte	56
 328 012f 14       		.byte	20
 329 0130 39       		.byte	57
 330 0131 40       		.byte	64
 331 0132 3A       		.byte	58
 332 0133 02       		.byte	2
 333 0134 3D       		.byte	61
 334 0135 12       		.byte	18
 335 0136 3E       		.byte	62
 336 0137 28       		.byte	40
 337 0138 40       		.byte	64
 338 0139 08       		.byte	8
 339 013a 41       		.byte	65
 340 013b 4A       		.byte	74
 341 013c 49       		.byte	73
 342 013d 05       		.byte	5
ARM GAS  C:\Users\LOCALA~1\AppData\Local\Temp\ccJVbwQh.s 			page 7


 343 013e 4A       		.byte	74
 344 013f 02       		.byte	2
 345 0140 50       		.byte	80
 346 0141 02       		.byte	2
 347 0142 52       		.byte	82
 348 0143 15       		.byte	21
 349 0144 59       		.byte	89
 350 0145 04       		.byte	4
 351 0146 5A       		.byte	90
 352 0147 82       		.byte	-126
 353 0148 5B       		.byte	91
 354 0149 10       		.byte	16
 355 014a 61       		.byte	97
 356 014b 40       		.byte	64
 357 014c 66       		.byte	102
 358 014d 10       		.byte	16
 359 014e 67       		.byte	103
 360 014f 11       		.byte	17
 361 0150 80       		.byte	-128
 362 0151 08       		.byte	8
 363 0152 91       		.byte	-111
 364 0153 0C       		.byte	12
 365 0154 92       		.byte	-110
 366 0155 80       		.byte	-128
 367 0156 94       		.byte	-108
 368 0157 10       		.byte	16
 369 0158 95       		.byte	-107
 370 0159 D1       		.byte	-47
 371 015a 96       		.byte	-106
 372 015b 01       		.byte	1
 373 015c 97       		.byte	-105
 374 015d 40       		.byte	64
 375 015e 99       		.byte	-103
 376 015f 40       		.byte	64
 377 0160 9A       		.byte	-102
 378 0161 20       		.byte	32
 379 0162 9D       		.byte	-99
 380 0163 81       		.byte	-127
 381 0164 9E       		.byte	-98
 382 0165 49       		.byte	73
 383 0166 9F       		.byte	-97
 384 0167 64       		.byte	100
 385 0168 A1       		.byte	-95
 386 0169 0A       		.byte	10
 387 016a A2       		.byte	-94
 388 016b 10       		.byte	16
 389 016c A4       		.byte	-92
 390 016d 28       		.byte	40
 391 016e A5       		.byte	-91
 392 016f 10       		.byte	16
 393 0170 A6       		.byte	-90
 394 0171 45       		.byte	69
 395 0172 A9       		.byte	-87
 396 0173 02       		.byte	2
 397 0174 C0       		.byte	-64
 398 0175 39       		.byte	57
 399 0176 C2       		.byte	-62
ARM GAS  C:\Users\LOCALA~1\AppData\Local\Temp\ccJVbwQh.s 			page 8


 400 0177 9E       		.byte	-98
 401 0178 C4       		.byte	-60
 402 0179 60       		.byte	96
 403 017a CA       		.byte	-54
 404 017b 1F       		.byte	31
 405 017c CC       		.byte	-52
 406 017d EF       		.byte	-17
 407 017e CE       		.byte	-50
 408 017f EF       		.byte	-17
 409 0180 D0       		.byte	-48
 410 0181 0F       		.byte	15
 411 0182 D2       		.byte	-46
 412 0183 08       		.byte	8
 413 0184 D6       		.byte	-42
 414 0185 0F       		.byte	15
 415 0186 D8       		.byte	-40
 416 0187 78       		.byte	120
 417 0188 E6       		.byte	-26
 418 0189 04       		.byte	4
 419 018a 01       		.byte	1
 420 018b 51       		.byte	81
 421 018c 02       		.byte	2
 422 018d 02       		.byte	2
 423 018e 03       		.byte	3
 424 018f 0E       		.byte	14
 425 0190 06       		.byte	6
 426 0191 02       		.byte	2
 427 0192 07       		.byte	7
 428 0193 6F       		.byte	111
 429 0194 09       		.byte	9
 430 0195 24       		.byte	36
 431 0196 0D       		.byte	13
 432 0197 2C       		.byte	44
 433 0198 11       		.byte	17
 434 0199 31       		.byte	49
 435 019a 13       		.byte	19
 436 019b 42       		.byte	66
 437 019c 17       		.byte	23
 438 019d 2C       		.byte	44
 439 019e 19       		.byte	25
 440 019f 24       		.byte	36
 441 01a0 1B       		.byte	27
 442 01a1 08       		.byte	8
 443 01a2 1D       		.byte	29
 444 01a3 2C       		.byte	44
 445 01a4 21       		.byte	33
 446 01a5 08       		.byte	8
 447 01a6 23       		.byte	35
 448 01a7 10       		.byte	16
 449 01a8 26       		.byte	38
 450 01a9 01       		.byte	1
 451 01aa 2A       		.byte	42
 452 01ab 01       		.byte	1
 453 01ac 2D       		.byte	45
 454 01ad 2C       		.byte	44
 455 01ae 31       		.byte	49
 456 01af 0F       		.byte	15
ARM GAS  C:\Users\LOCALA~1\AppData\Local\Temp\ccJVbwQh.s 			page 9


 457 01b0 33       		.byte	51
 458 01b1 31       		.byte	49
 459 01b2 34       		.byte	52
 460 01b3 01       		.byte	1
 461 01b4 36       		.byte	54
 462 01b5 02       		.byte	2
 463 01b6 37       		.byte	55
 464 01b7 40       		.byte	64
 465 01b8 38       		.byte	56
 466 01b9 02       		.byte	2
 467 01ba 3B       		.byte	59
 468 01bb 0C       		.byte	12
 469 01bc 3E       		.byte	62
 470 01bd 51       		.byte	81
 471 01be 3F       		.byte	63
 472 01bf 40       		.byte	64
 473 01c0 54       		.byte	84
 474 01c1 18       		.byte	24
 475 01c2 56       		.byte	86
 476 01c3 04       		.byte	4
 477 01c4 58       		.byte	88
 478 01c5 04       		.byte	4
 479 01c6 59       		.byte	89
 480 01c7 04       		.byte	4
 481 01c8 5B       		.byte	91
 482 01c9 04       		.byte	4
 483 01ca 5D       		.byte	93
 484 01cb 30       		.byte	48
 485 01cc 5F       		.byte	95
 486 01cd 01       		.byte	1
 487 01ce 80       		.byte	-128
 488 01cf 10       		.byte	16
 489 01d0 82       		.byte	-126
 490 01d1 0C       		.byte	12
 491 01d2 84       		.byte	-124
 492 01d3 1C       		.byte	28
 493 01d4 85       		.byte	-123
 494 01d5 10       		.byte	16
 495 01d6 86       		.byte	-122
 496 01d7 02       		.byte	2
 497 01d8 88       		.byte	-120
 498 01d9 40       		.byte	64
 499 01da 89       		.byte	-119
 500 01db 10       		.byte	16
 501 01dc 8B       		.byte	-117
 502 01dd 0C       		.byte	12
 503 01de 91       		.byte	-111
 504 01df 1C       		.byte	28
 505 01e0 93       		.byte	-109
 506 01e1 02       		.byte	2
 507 01e2 95       		.byte	-107
 508 01e3 0C       		.byte	12
 509 01e4 96       		.byte	-106
 510 01e5 03       		.byte	3
 511 01e6 97       		.byte	-105
 512 01e7 11       		.byte	17
 513 01e8 9B       		.byte	-101
ARM GAS  C:\Users\LOCALA~1\AppData\Local\Temp\ccJVbwQh.s 			page 10


 514 01e9 03       		.byte	3
 515 01ea 9C       		.byte	-100
 516 01eb 09       		.byte	9
 517 01ec 9E       		.byte	-98
 518 01ed 10       		.byte	16
 519 01ee A0       		.byte	-96
 520 01ef 14       		.byte	20
 521 01f0 A4       		.byte	-92
 522 01f1 0C       		.byte	12
 523 01f2 A5       		.byte	-91
 524 01f3 09       		.byte	9
 525 01f4 A6       		.byte	-90
 526 01f5 11       		.byte	17
 527 01f6 A7       		.byte	-89
 528 01f7 10       		.byte	16
 529 01f8 A8       		.byte	-88
 530 01f9 10       		.byte	16
 531 01fa A9       		.byte	-87
 532 01fb 14       		.byte	20
 533 01fc AC       		.byte	-84
 534 01fd 20       		.byte	32
 535 01fe B2       		.byte	-78
 536 01ff 1F       		.byte	31
 537 0200 B3       		.byte	-77
 538 0201 1F       		.byte	31
 539 0202 B4       		.byte	-76
 540 0203 20       		.byte	32
 541 0204 B6       		.byte	-74
 542 0205 40       		.byte	64
 543 0206 BE       		.byte	-66
 544 0207 50       		.byte	80
 545 0208 C0       		.byte	-64
 546 0209 54       		.byte	84
 547 020a C1       		.byte	-63
 548 020b 02       		.byte	2
 549 020c C6       		.byte	-58
 550 020d CB       		.byte	-53
 551 020e C7       		.byte	-57
 552 020f E0       		.byte	-32
 553 0210 C8       		.byte	-56
 554 0211 2C       		.byte	44
 555 0212 C9       		.byte	-55
 556 0213 FF       		.byte	-1
 557 0214 CA       		.byte	-54
 558 0215 FF       		.byte	-1
 559 0216 CB       		.byte	-53
 560 0217 FF       		.byte	-1
 561 0218 CE       		.byte	-50
 562 0219 F0       		.byte	-16
 563 021a CF       		.byte	-49
 564 021b 44       		.byte	68
 565 021c D0       		.byte	-48
 566 021d 0C       		.byte	12
 567 021e D4       		.byte	-44
 568 021f 01       		.byte	1
 569 0220 D8       		.byte	-40
 570 0221 04       		.byte	4
ARM GAS  C:\Users\LOCALA~1\AppData\Local\Temp\ccJVbwQh.s 			page 11


 571 0222 D9       		.byte	-39
 572 0223 04       		.byte	4
 573 0224 DA       		.byte	-38
 574 0225 04       		.byte	4
 575 0226 DB       		.byte	-37
 576 0227 04       		.byte	4
 577 0228 DC       		.byte	-36
 578 0229 32       		.byte	50
 579 022a DD       		.byte	-35
 580 022b 22       		.byte	34
 581 022c DF       		.byte	-33
 582 022d 01       		.byte	1
 583 022e E6       		.byte	-26
 584 022f C0       		.byte	-64
 585 0230 EA       		.byte	-22
 586 0231 40       		.byte	64
 587 0232 EB       		.byte	-21
 588 0233 02       		.byte	2
 589 0234 01       		.byte	1
 590 0235 08       		.byte	8
 591 0236 02       		.byte	2
 592 0237 80       		.byte	-128
 593 0238 04       		.byte	4
 594 0239 22       		.byte	34
 595 023a 07       		.byte	7
 596 023b 20       		.byte	32
 597 023c 0E       		.byte	14
 598 023d 22       		.byte	34
 599 023e 12       		.byte	18
 600 023f 08       		.byte	8
 601 0240 13       		.byte	19
 602 0241 04       		.byte	4
 603 0242 14       		.byte	20
 604 0243 02       		.byte	2
 605 0244 16       		.byte	22
 606 0245 8A       		.byte	-118
 607 0246 17       		.byte	23
 608 0247 04       		.byte	4
 609 0248 18       		.byte	24
 610 0249 05       		.byte	5
 611 024a 19       		.byte	25
 612 024b 02       		.byte	2
 613 024c 1E       		.byte	30
 614 024d 24       		.byte	36
 615 024e 1F       		.byte	31
 616 024f 80       		.byte	-128
 617 0250 21       		.byte	33
 618 0251 0F       		.byte	15
 619 0252 22       		.byte	34
 620 0253 42       		.byte	66
 621 0254 24       		.byte	36
 622 0255 20       		.byte	32
 623 0256 27       		.byte	39
 624 0257 10       		.byte	16
 625 0258 29       		.byte	41
 626 0259 01       		.byte	1
 627 025a 2B       		.byte	43
ARM GAS  C:\Users\LOCALA~1\AppData\Local\Temp\ccJVbwQh.s 			page 12


 628 025b 01       		.byte	1
 629 025c 2F       		.byte	47
 630 025d 28       		.byte	40
 631 025e 30       		.byte	48
 632 025f 28       		.byte	40
 633 0260 31       		.byte	49
 634 0261 02       		.byte	2
 635 0262 33       		.byte	51
 636 0263 40       		.byte	64
 637 0264 37       		.byte	55
 638 0265 19       		.byte	25
 639 0266 38       		.byte	56
 640 0267 10       		.byte	16
 641 0268 39       		.byte	57
 642 0269 49       		.byte	73
 643 026a 3C       		.byte	60
 644 026b 20       		.byte	32
 645 026c 3D       		.byte	61
 646 026d 08       		.byte	8
 647 026e 3E       		.byte	62
 648 026f 01       		.byte	1
 649 0270 3F       		.byte	63
 650 0271 02       		.byte	2
 651 0272 45       		.byte	69
 652 0273 10       		.byte	16
 653 0274 46       		.byte	70
 654 0275 40       		.byte	64
 655 0276 4C       		.byte	76
 656 0277 01       		.byte	1
 657 0278 4F       		.byte	79
 658 0279 40       		.byte	64
 659 027a 56       		.byte	86
 660 027b A2       		.byte	-94
 661 027c 5A       		.byte	90
 662 027d 02       		.byte	2
 663 027e 5C       		.byte	92
 664 027f 02       		.byte	2
 665 0280 5D       		.byte	93
 666 0281 10       		.byte	16
 667 0282 5E       		.byte	94
 668 0283 84       		.byte	-124
 669 0284 60       		.byte	96
 670 0285 85       		.byte	-123
 671 0286 83       		.byte	-125
 672 0287 80       		.byte	-128
 673 0288 84       		.byte	-124
 674 0289 80       		.byte	-128
 675 028a 91       		.byte	-111
 676 028b 04       		.byte	4
 677 028c 92       		.byte	-110
 678 028d 02       		.byte	2
 679 028e 93       		.byte	-109
 680 028f 04       		.byte	4
 681 0290 95       		.byte	-107
 682 0291 C3       		.byte	-61
 683 0292 96       		.byte	-106
 684 0293 01       		.byte	1
ARM GAS  C:\Users\LOCALA~1\AppData\Local\Temp\ccJVbwQh.s 			page 13


 685 0294 99       		.byte	-103
 686 0295 48       		.byte	72
 687 0296 9B       		.byte	-101
 688 0297 09       		.byte	9
 689 0298 9D       		.byte	-99
 690 0299 80       		.byte	-128
 691 029a 9E       		.byte	-98
 692 029b 01       		.byte	1
 693 029c 9F       		.byte	-97
 694 029d 40       		.byte	64
 695 029e A0       		.byte	-96
 696 029f 10       		.byte	16
 697 02a0 A1       		.byte	-95
 698 02a1 04       		.byte	4
 699 02a2 A2       		.byte	-94
 700 02a3 88       		.byte	-120
 701 02a4 A3       		.byte	-93
 702 02a5 28       		.byte	40
 703 02a6 A4       		.byte	-92
 704 02a7 28       		.byte	40
 705 02a8 A5       		.byte	-91
 706 02a9 08       		.byte	8
 707 02aa A6       		.byte	-90
 708 02ab 06       		.byte	6
 709 02ac AA       		.byte	-86
 710 02ad 40       		.byte	64
 711 02ae B1       		.byte	-79
 712 02af 10       		.byte	16
 713 02b0 B3       		.byte	-77
 714 02b1 01       		.byte	1
 715 02b2 C0       		.byte	-64
 716 02b3 7C       		.byte	124
 717 02b4 C2       		.byte	-62
 718 02b5 A0       		.byte	-96
 719 02b6 C4       		.byte	-60
 720 02b7 F6       		.byte	-10
 721 02b8 CA       		.byte	-54
 722 02b9 69       		.byte	105
 723 02ba CC       		.byte	-52
 724 02bb EF       		.byte	-17
 725 02bc CE       		.byte	-50
 726 02bd 6F       		.byte	111
 727 02be D0       		.byte	-48
 728 02bf A0       		.byte	-96
 729 02c0 D2       		.byte	-46
 730 02c1 10       		.byte	16
 731 02c2 D6       		.byte	-42
 732 02c3 F1       		.byte	-15
 733 02c4 D8       		.byte	-40
 734 02c5 0D       		.byte	13
 735 02c6 E4       		.byte	-28
 736 02c7 04       		.byte	4
 737 02c8 EC       		.byte	-20
 738 02c9 01       		.byte	1
 739 02ca 03       		.byte	3
 740 02cb 13       		.byte	19
 741 02cc 04       		.byte	4
ARM GAS  C:\Users\LOCALA~1\AppData\Local\Temp\ccJVbwQh.s 			page 14


 742 02cd 33       		.byte	51
 743 02ce 06       		.byte	6
 744 02cf 0C       		.byte	12
 745 02d0 07       		.byte	7
 746 02d1 08       		.byte	8
 747 02d2 0A       		.byte	10
 748 02d3 08       		.byte	8
 749 02d4 0C       		.byte	12
 750 02d5 0A       		.byte	10
 751 02d6 0E       		.byte	14
 752 02d7 34       		.byte	52
 753 02d8 11       		.byte	17
 754 02d9 6C       		.byte	108
 755 02da 13       		.byte	19
 756 02db 03       		.byte	3
 757 02dc 15       		.byte	21
 758 02dd 31       		.byte	49
 759 02de 17       		.byte	23
 760 02df 0E       		.byte	14
 761 02e0 1C       		.byte	28
 762 02e1 03       		.byte	3
 763 02e2 1E       		.byte	30
 764 02e3 14       		.byte	20
 765 02e4 24       		.byte	36
 766 02e5 33       		.byte	51
 767 02e6 26       		.byte	38
 768 02e7 04       		.byte	4
 769 02e8 27       		.byte	39
 770 02e9 4C       		.byte	76
 771 02ea 29       		.byte	41
 772 02eb 31       		.byte	49
 773 02ec 2B       		.byte	43
 774 02ed 46       		.byte	70
 775 02ee 2C       		.byte	44
 776 02ef 40       		.byte	64
 777 02f0 2E       		.byte	46
 778 02f1 15       		.byte	21
 779 02f2 30       		.byte	48
 780 02f3 10       		.byte	16
 781 02f4 32       		.byte	50
 782 02f5 0F       		.byte	15
 783 02f6 33       		.byte	51
 784 02f7 30       		.byte	48
 785 02f8 34       		.byte	52
 786 02f9 60       		.byte	96
 787 02fa 35       		.byte	53
 788 02fb 4A       		.byte	74
 789 02fc 37       		.byte	55
 790 02fd 0F       		.byte	15
 791 02fe 38       		.byte	56
 792 02ff 20       		.byte	32
 793 0300 39       		.byte	57
 794 0301 08       		.byte	8
 795 0302 3A       		.byte	58
 796 0303 08       		.byte	8
 797 0304 3B       		.byte	59
 798 0305 A0       		.byte	-96
ARM GAS  C:\Users\LOCALA~1\AppData\Local\Temp\ccJVbwQh.s 			page 15


 799 0306 3E       		.byte	62
 800 0307 01       		.byte	1
 801 0308 3F       		.byte	63
 802 0309 04       		.byte	4
 803 030a 40       		.byte	64
 804 030b 21       		.byte	33
 805 030c 41       		.byte	65
 806 030d 03       		.byte	3
 807 030e 45       		.byte	69
 808 030f EE       		.byte	-18
 809 0310 47       		.byte	71
 810 0311 CB       		.byte	-53
 811 0312 48       		.byte	72
 812 0313 33       		.byte	51
 813 0314 49       		.byte	73
 814 0315 FF       		.byte	-1
 815 0316 4A       		.byte	74
 816 0317 FF       		.byte	-1
 817 0318 4B       		.byte	75
 818 0319 FF       		.byte	-1
 819 031a 4E       		.byte	78
 820 031b F0       		.byte	-16
 821 031c 4F       		.byte	79
 822 031d 44       		.byte	68
 823 031e 50       		.byte	80
 824 031f 0C       		.byte	12
 825 0320 54       		.byte	84
 826 0321 01       		.byte	1
 827 0322 56       		.byte	86
 828 0323 04       		.byte	4
 829 0324 58       		.byte	88
 830 0325 04       		.byte	4
 831 0326 59       		.byte	89
 832 0327 04       		.byte	4
 833 0328 5A       		.byte	90
 834 0329 04       		.byte	4
 835 032a 5B       		.byte	91
 836 032b 04       		.byte	4
 837 032c 5C       		.byte	92
 838 032d 33       		.byte	51
 839 032e 5D       		.byte	93
 840 032f 33       		.byte	51
 841 0330 5F       		.byte	95
 842 0331 01       		.byte	1
 843 0332 66       		.byte	102
 844 0333 C0       		.byte	-64
 845 0334 6A       		.byte	106
 846 0335 40       		.byte	64
 847 0336 6B       		.byte	107
 848 0337 02       		.byte	2
 849 0338 80       		.byte	-128
 850 0339 0D       		.byte	13
 851 033a 81       		.byte	-127
 852 033b 21       		.byte	33
 853 033c 83       		.byte	-125
 854 033d 02       		.byte	2
 855 033e 87       		.byte	-121
ARM GAS  C:\Users\LOCALA~1\AppData\Local\Temp\ccJVbwQh.s 			page 16


 856 033f EC       		.byte	-20
 857 0340 88       		.byte	-120
 858 0341 02       		.byte	2
 859 0342 8A       		.byte	-118
 860 0343 0D       		.byte	13
 861 0344 8B       		.byte	-117
 862 0345 01       		.byte	1
 863 0346 8C       		.byte	-116
 864 0347 0D       		.byte	13
 865 0348 8D       		.byte	-115
 866 0349 04       		.byte	4
 867 034a 8F       		.byte	-113
 868 034b 43       		.byte	67
 869 034c 92       		.byte	-110
 870 034d 10       		.byte	16
 871 034e 94       		.byte	-108
 872 034f E2       		.byte	-30
 873 0350 95       		.byte	-107
 874 0351 88       		.byte	-120
 875 0352 96       		.byte	-106
 876 0353 08       		.byte	8
 877 0354 97       		.byte	-105
 878 0355 03       		.byte	3
 879 0356 9C       		.byte	-100
 880 0357 0D       		.byte	13
 881 0358 A0       		.byte	-96
 882 0359 82       		.byte	-126
 883 035a A2       		.byte	-94
 884 035b 54       		.byte	84
 885 035c A3       		.byte	-93
 886 035d 12       		.byte	18
 887 035e A4       		.byte	-92
 888 035f 0D       		.byte	13
 889 0360 A8       		.byte	-88
 890 0361 0D       		.byte	13
 891 0362 AC       		.byte	-84
 892 0363 81       		.byte	-127
 893 0364 AD       		.byte	-83
 894 0365 E0       		.byte	-32
 895 0366 AE       		.byte	-82
 896 0367 32       		.byte	50
 897 0368 B0       		.byte	-80
 898 0369 70       		.byte	112
 899 036a B3       		.byte	-77
 900 036b 0F       		.byte	15
 901 036c B4       		.byte	-76
 902 036d 0F       		.byte	15
 903 036e B5       		.byte	-75
 904 036f 10       		.byte	16
 905 0370 B6       		.byte	-74
 906 0371 80       		.byte	-128
 907 0372 B7       		.byte	-73
 908 0373 E0       		.byte	-32
 909 0374 BA       		.byte	-70
 910 0375 20       		.byte	32
 911 0376 BE       		.byte	-66
 912 0377 40       		.byte	64
ARM GAS  C:\Users\LOCALA~1\AppData\Local\Temp\ccJVbwQh.s 			page 17


 913 0378 BF       		.byte	-65
 914 0379 40       		.byte	64
 915 037a C0       		.byte	-64
 916 037b 31       		.byte	49
 917 037c C1       		.byte	-63
 918 037d 02       		.byte	2
 919 037e C2       		.byte	-62
 920 037f 05       		.byte	5
 921 0380 C4       		.byte	-60
 922 0381 04       		.byte	4
 923 0382 C5       		.byte	-59
 924 0383 0C       		.byte	12
 925 0384 C7       		.byte	-57
 926 0385 0E       		.byte	14
 927 0386 C8       		.byte	-56
 928 0387 11       		.byte	17
 929 0388 C9       		.byte	-55
 930 0389 FF       		.byte	-1
 931 038a CA       		.byte	-54
 932 038b FF       		.byte	-1
 933 038c CB       		.byte	-53
 934 038d FF       		.byte	-1
 935 038e CC       		.byte	-52
 936 038f 62       		.byte	98
 937 0390 CD       		.byte	-51
 938 0391 A0       		.byte	-96
 939 0392 CE       		.byte	-50
 940 0393 F0       		.byte	-16
 941 0394 CF       		.byte	-49
 942 0395 41       		.byte	65
 943 0396 D0       		.byte	-48
 944 0397 0C       		.byte	12
 945 0398 D8       		.byte	-40
 946 0399 04       		.byte	4
 947 039a D9       		.byte	-39
 948 039b 04       		.byte	4
 949 039c DA       		.byte	-38
 950 039d 04       		.byte	4
 951 039e DD       		.byte	-35
 952 039f 03       		.byte	3
 953 03a0 DF       		.byte	-33
 954 03a1 01       		.byte	1
 955 03a2 E6       		.byte	-26
 956 03a3 40       		.byte	64
 957 03a4 E7       		.byte	-25
 958 03a5 02       		.byte	2
 959 03a6 E9       		.byte	-23
 960 03a7 10       		.byte	16
 961 03a8 EA       		.byte	-22
 962 03a9 30       		.byte	48
 963 03aa EB       		.byte	-21
 964 03ab 10       		.byte	16
 965 03ac ED       		.byte	-19
 966 03ad 10       		.byte	16
 967 03ae EE       		.byte	-18
 968 03af 10       		.byte	16
 969 03b0 EF       		.byte	-17
ARM GAS  C:\Users\LOCALA~1\AppData\Local\Temp\ccJVbwQh.s 			page 18


 970 03b1 12       		.byte	18
 971 03b2 01       		.byte	1
 972 03b3 60       		.byte	96
 973 03b4 03       		.byte	3
 974 03b5 40       		.byte	64
 975 03b6 05       		.byte	5
 976 03b7 14       		.byte	20
 977 03b8 07       		.byte	7
 978 03b9 01       		.byte	1
 979 03ba 09       		.byte	9
 980 03bb 08       		.byte	8
 981 03bc 0A       		.byte	10
 982 03bd 41       		.byte	65
 983 03be 0F       		.byte	15
 984 03bf 02       		.byte	2
 985 03c0 10       		.byte	16
 986 03c1 28       		.byte	40
 987 03c2 11       		.byte	17
 988 03c3 01       		.byte	1
 989 03c4 12       		.byte	18
 990 03c5 02       		.byte	2
 991 03c6 16       		.byte	22
 992 03c7 02       		.byte	2
 993 03c8 17       		.byte	23
 994 03c9 08       		.byte	8
 995 03ca 19       		.byte	25
 996 03cb 60       		.byte	96
 997 03cc 1A       		.byte	26
 998 03cd 40       		.byte	64
 999 03ce 1C       		.byte	28
 1000 03cf 60       		.byte	96
 1001 03d0 1D       		.byte	29
 1002 03d1 14       		.byte	20
 1003 03d2 1F       		.byte	31
 1004 03d3 24       		.byte	36
 1005 03d4 21       		.byte	33
 1006 03d5 14       		.byte	20
 1007 03d6 22       		.byte	34
 1008 03d7 40       		.byte	64
 1009 03d8 27       		.byte	39
 1010 03d9 29       		.byte	41
 1011 03da 29       		.byte	41
 1012 03db 80       		.byte	-128
 1013 03dc 2A       		.byte	42
 1014 03dd 01       		.byte	1
 1015 03de 2C       		.byte	44
 1016 03df 04       		.byte	4
 1017 03e0 2F       		.byte	47
 1018 03e1 24       		.byte	36
 1019 03e2 31       		.byte	49
 1020 03e3 08       		.byte	8
 1021 03e4 37       		.byte	55
 1022 03e5 09       		.byte	9
 1023 03e6 39       		.byte	57
 1024 03e7 AA       		.byte	-86
 1025 03e8 3D       		.byte	61
 1026 03e9 08       		.byte	8
ARM GAS  C:\Users\LOCALA~1\AppData\Local\Temp\ccJVbwQh.s 			page 19


 1027 03ea 3E       		.byte	62
 1028 03eb 02       		.byte	2
 1029 03ec 40       		.byte	64
 1030 03ed 05       		.byte	5
 1031 03ee 42       		.byte	66
 1032 03ef 20       		.byte	32
 1033 03f0 43       		.byte	67
 1034 03f1 02       		.byte	2
 1035 03f2 44       		.byte	68
 1036 03f3 04       		.byte	4
 1037 03f4 46       		.byte	70
 1038 03f5 02       		.byte	2
 1039 03f6 47       		.byte	71
 1040 03f7 08       		.byte	8
 1041 03f8 49       		.byte	73
 1042 03f9 08       		.byte	8
 1043 03fa 4B       		.byte	75
 1044 03fb 80       		.byte	-128
 1045 03fc 4D       		.byte	77
 1046 03fd 06       		.byte	6
 1047 03fe 52       		.byte	82
 1048 03ff 08       		.byte	8
 1049 0400 57       		.byte	87
 1050 0401 09       		.byte	9
 1051 0402 5C       		.byte	92
 1052 0403 40       		.byte	64
 1053 0404 5D       		.byte	93
 1054 0405 12       		.byte	18
 1055 0406 5E       		.byte	94
 1056 0407 08       		.byte	8
 1057 0408 67       		.byte	103
 1058 0409 40       		.byte	64
 1059 040a 7E       		.byte	126
 1060 040b 80       		.byte	-128
 1061 040c 7F       		.byte	127
 1062 040d 40       		.byte	64
 1063 040e 82       		.byte	-126
 1064 040f 40       		.byte	64
 1065 0410 87       		.byte	-121
 1066 0411 40       		.byte	64
 1067 0412 90       		.byte	-112
 1068 0413 05       		.byte	5
 1069 0414 92       		.byte	-110
 1070 0415 02       		.byte	2
 1071 0416 93       		.byte	-109
 1072 0417 04       		.byte	4
 1073 0418 9A       		.byte	-102
 1074 0419 22       		.byte	34
 1075 041a 9F       		.byte	-97
 1076 041b 20       		.byte	32
 1077 041c A1       		.byte	-95
 1078 041d 04       		.byte	4
 1079 041e A2       		.byte	-94
 1080 041f 80       		.byte	-128
 1081 0420 A3       		.byte	-93
 1082 0421 02       		.byte	2
 1083 0422 B0       		.byte	-80
ARM GAS  C:\Users\LOCALA~1\AppData\Local\Temp\ccJVbwQh.s 			page 20


 1084 0423 80       		.byte	-128
 1085 0424 C0       		.byte	-64
 1086 0425 EB       		.byte	-21
 1087 0426 C2       		.byte	-62
 1088 0427 8D       		.byte	-115
 1089 0428 C4       		.byte	-60
 1090 0429 AF       		.byte	-81
 1091 042a CA       		.byte	-54
 1092 042b 69       		.byte	105
 1093 042c CC       		.byte	-52
 1094 042d C2       		.byte	-62
 1095 042e CE       		.byte	-50
 1096 042f CF       		.byte	-49
 1097 0430 D0       		.byte	-48
 1098 0431 7F       		.byte	127
 1099 0432 D2       		.byte	-46
 1100 0433 08       		.byte	8
 1101 0434 D6       		.byte	-42
 1102 0435 F0       		.byte	-16
 1103 0436 D8       		.byte	-40
 1104 0437 80       		.byte	-128
 1105 0438 E0       		.byte	-32
 1106 0439 04       		.byte	4
 1107 043a 00       		.byte	0
 1108 043b 4C       		.byte	76
 1109 043c 01       		.byte	1
 1110 043d 20       		.byte	32
 1111 043e 02       		.byte	2
 1112 043f A3       		.byte	-93
 1113 0440 04       		.byte	4
 1114 0441 03       		.byte	3
 1115 0442 05       		.byte	5
 1116 0443 10       		.byte	16
 1117 0444 09       		.byte	9
 1118 0445 30       		.byte	48
 1119 0446 0A       		.byte	10
 1120 0447 40       		.byte	64
 1121 0448 0C       		.byte	12
 1122 0449 4F       		.byte	79
 1123 044a 0D       		.byte	13
 1124 044b 02       		.byte	2
 1125 044c 0E       		.byte	14
 1126 044d 90       		.byte	-112
 1127 044e 10       		.byte	16
 1128 044f 42       		.byte	66
 1129 0450 13       		.byte	19
 1130 0451 0B       		.byte	11
 1131 0452 14       		.byte	20
 1132 0453 01       		.byte	1
 1133 0454 15       		.byte	21
 1134 0455 01       		.byte	1
 1135 0456 18       		.byte	24
 1136 0457 FF       		.byte	-1
 1137 0458 19       		.byte	25
 1138 0459 7F       		.byte	127
 1139 045a 1C       		.byte	28
 1140 045b F3       		.byte	-13
ARM GAS  C:\Users\LOCALA~1\AppData\Local\Temp\ccJVbwQh.s 			page 21


 1141 045c 1D       		.byte	29
 1142 045d 70       		.byte	112
 1143 045e 1E       		.byte	30
 1144 045f 0C       		.byte	12
 1145 0460 1F       		.byte	31
 1146 0461 0F       		.byte	15
 1147 0462 20       		.byte	32
 1148 0463 08       		.byte	8
 1149 0464 21       		.byte	33
 1150 0465 78       		.byte	120
 1151 0466 23       		.byte	35
 1152 0467 07       		.byte	7
 1153 0468 24       		.byte	36
 1154 0469 04       		.byte	4
 1155 046a 25       		.byte	37
 1156 046b 03       		.byte	3
 1157 046c 28       		.byte	40
 1158 046d 0C       		.byte	12
 1159 046e 29       		.byte	41
 1160 046f 4F       		.byte	79
 1161 0470 2B       		.byte	43
 1162 0471 30       		.byte	48
 1163 0472 2E       		.byte	46
 1164 0473 B3       		.byte	-77
 1165 0474 30       		.byte	48
 1166 0475 7C       		.byte	124
 1167 0476 31       		.byte	49
 1168 0477 03       		.byte	3
 1169 0478 33       		.byte	51
 1170 0479 40       		.byte	64
 1171 047a 34       		.byte	52
 1172 047b 0F       		.byte	15
 1173 047c 35       		.byte	53
 1174 047d 04       		.byte	4
 1175 047e 36       		.byte	54
 1176 047f 8C       		.byte	-116
 1177 0480 37       		.byte	55
 1178 0481 38       		.byte	56
 1179 0482 39       		.byte	57
 1180 0483 20       		.byte	32
 1181 0484 3A       		.byte	58
 1182 0485 A2       		.byte	-94
 1183 0486 3F       		.byte	63
 1184 0487 04       		.byte	4
 1185 0488 56       		.byte	86
 1186 0489 08       		.byte	8
 1187 048a 58       		.byte	88
 1188 048b 04       		.byte	4
 1189 048c 59       		.byte	89
 1190 048d 04       		.byte	4
 1191 048e 5B       		.byte	91
 1192 048f 04       		.byte	4
 1193 0490 5C       		.byte	92
 1194 0491 33       		.byte	51
 1195 0492 5D       		.byte	93
 1196 0493 90       		.byte	-112
 1197 0494 5F       		.byte	95
ARM GAS  C:\Users\LOCALA~1\AppData\Local\Temp\ccJVbwQh.s 			page 22


 1198 0495 01       		.byte	1
 1199 0496 83       		.byte	-125
 1200 0497 01       		.byte	1
 1201 0498 94       		.byte	-108
 1202 0499 0A       		.byte	10
 1203 049a 96       		.byte	-106
 1204 049b 51       		.byte	81
 1205 049c 98       		.byte	-104
 1206 049d 01       		.byte	1
 1207 049e 9A       		.byte	-102
 1208 049f 26       		.byte	38
 1209 04a0 9C       		.byte	-100
 1210 04a1 14       		.byte	20
 1211 04a2 9E       		.byte	-98
 1212 04a3 49       		.byte	73
 1213 04a4 A4       		.byte	-92
 1214 04a5 9F       		.byte	-97
 1215 04a6 A8       		.byte	-88
 1216 04a7 9F       		.byte	-97
 1217 04a8 AC       		.byte	-84
 1218 04a9 80       		.byte	-128
 1219 04aa B0       		.byte	-80
 1220 04ab 60       		.byte	96
 1221 04ac B2       		.byte	-78
 1222 04ad 18       		.byte	24
 1223 04ae B3       		.byte	-77
 1224 04af 01       		.byte	1
 1225 04b0 B4       		.byte	-76
 1226 04b1 07       		.byte	7
 1227 04b2 B6       		.byte	-74
 1228 04b3 80       		.byte	-128
 1229 04b4 BB       		.byte	-69
 1230 04b5 20       		.byte	32
 1231 04b6 BE       		.byte	-66
 1232 04b7 01       		.byte	1
 1233 04b8 C0       		.byte	-64
 1234 04b9 02       		.byte	2
 1235 04ba C7       		.byte	-57
 1236 04bb 04       		.byte	4
 1237 04bc C9       		.byte	-55
 1238 04bd FF       		.byte	-1
 1239 04be CA       		.byte	-54
 1240 04bf 07       		.byte	7
 1241 04c0 CB       		.byte	-53
 1242 04c1 FF       		.byte	-1
 1243 04c2 CC       		.byte	-52
 1244 04c3 40       		.byte	64
 1245 04c4 CD       		.byte	-51
 1246 04c5 20       		.byte	32
 1247 04c6 CE       		.byte	-50
 1248 04c7 F0       		.byte	-16
 1249 04c8 CF       		.byte	-49
 1250 04c9 05       		.byte	5
 1251 04ca D0       		.byte	-48
 1252 04cb 08       		.byte	8
 1253 04cc D6       		.byte	-42
 1254 04cd 02       		.byte	2
ARM GAS  C:\Users\LOCALA~1\AppData\Local\Temp\ccJVbwQh.s 			page 23


 1255 04ce D7       		.byte	-41
 1256 04cf 11       		.byte	17
 1257 04d0 D8       		.byte	-40
 1258 04d1 04       		.byte	4
 1259 04d2 D9       		.byte	-39
 1260 04d3 04       		.byte	4
 1261 04d4 DA       		.byte	-38
 1262 04d5 04       		.byte	4
 1263 04d6 DB       		.byte	-37
 1264 04d7 04       		.byte	4
 1265 04d8 DC       		.byte	-36
 1266 04d9 33       		.byte	51
 1267 04da DD       		.byte	-35
 1268 04db 33       		.byte	51
 1269 04dc DF       		.byte	-33
 1270 04dd 01       		.byte	1
 1271 04de E0       		.byte	-32
 1272 04df 40       		.byte	64
 1273 04e0 E1       		.byte	-31
 1274 04e1 A8       		.byte	-88
 1275 04e2 E2       		.byte	-30
 1276 04e3 40       		.byte	64
 1277 04e4 E3       		.byte	-29
 1278 04e5 20       		.byte	32
 1279 04e6 00       		.byte	0
 1280 04e7 08       		.byte	8
 1281 04e8 01       		.byte	1
 1282 04e9 82       		.byte	-126
 1283 04ea 02       		.byte	2
 1284 04eb 08       		.byte	8
 1285 04ec 04       		.byte	4
 1286 04ed 01       		.byte	1
 1287 04ee 05       		.byte	5
 1288 04ef 01       		.byte	1
 1289 04f0 07       		.byte	7
 1290 04f1 80       		.byte	-128
 1291 04f2 08       		.byte	8
 1292 04f3 02       		.byte	2
 1293 04f4 09       		.byte	9
 1294 04f5 18       		.byte	24
 1295 04f6 0B       		.byte	11
 1296 04f7 02       		.byte	2
 1297 04f8 0D       		.byte	13
 1298 04f9 08       		.byte	8
 1299 04fa 0E       		.byte	14
 1300 04fb 08       		.byte	8
 1301 04fc 0F       		.byte	15
 1302 04fd 02       		.byte	2
 1303 04fe 10       		.byte	16
 1304 04ff 08       		.byte	8
 1305 0500 13       		.byte	19
 1306 0501 8A       		.byte	-118
 1307 0502 15       		.byte	21
 1308 0503 40       		.byte	64
 1309 0504 17       		.byte	23
 1310 0505 14       		.byte	20
 1311 0506 19       		.byte	25
ARM GAS  C:\Users\LOCALA~1\AppData\Local\Temp\ccJVbwQh.s 			page 24


 1312 0507 92       		.byte	-110
 1313 0508 1B       		.byte	27
 1314 0509 80       		.byte	-128
 1315 050a 1C       		.byte	28
 1316 050b 09       		.byte	9
 1317 050c 1D       		.byte	29
 1318 050d 08       		.byte	8
 1319 050e 1E       		.byte	30
 1320 050f 08       		.byte	8
 1321 0510 1F       		.byte	31
 1322 0511 22       		.byte	34
 1323 0512 22       		.byte	34
 1324 0513 81       		.byte	-127
 1325 0514 23       		.byte	35
 1326 0515 14       		.byte	20
 1327 0516 24       		.byte	36
 1328 0517 04       		.byte	4
 1329 0518 25       		.byte	37
 1330 0519 10       		.byte	16
 1331 051a 26       		.byte	38
 1332 051b 28       		.byte	40
 1333 051c 29       		.byte	41
 1334 051d 12       		.byte	18
 1335 051e 2A       		.byte	42
 1336 051f 20       		.byte	32
 1337 0520 2B       		.byte	43
 1338 0521 20       		.byte	32
 1339 0522 31       		.byte	49
 1340 0523 09       		.byte	9
 1341 0524 32       		.byte	50
 1342 0525 20       		.byte	32
 1343 0526 33       		.byte	51
 1344 0527 80       		.byte	-128
 1345 0528 3A       		.byte	58
 1346 0529 55       		.byte	85
 1347 052a 3F       		.byte	63
 1348 052b 02       		.byte	2
 1349 052c 47       		.byte	71
 1350 052d 20       		.byte	32
 1351 052e 55       		.byte	85
 1352 052f 04       		.byte	4
 1353 0530 56       		.byte	86
 1354 0531 02       		.byte	2
 1355 0532 58       		.byte	88
 1356 0533 80       		.byte	-128
 1357 0534 5F       		.byte	95
 1358 0535 10       		.byte	16
 1359 0536 60       		.byte	96
 1360 0537 02       		.byte	2
 1361 0538 62       		.byte	98
 1362 0539 40       		.byte	64
 1363 053a 63       		.byte	99
 1364 053b 02       		.byte	2
 1365 053c 6D       		.byte	109
 1366 053d 40       		.byte	64
 1367 053e 6F       		.byte	111
 1368 053f 14       		.byte	20
ARM GAS  C:\Users\LOCALA~1\AppData\Local\Temp\ccJVbwQh.s 			page 25


 1369 0540 74       		.byte	116
 1370 0541 08       		.byte	8
 1371 0542 76       		.byte	118
 1372 0543 15       		.byte	21
 1373 0544 77       		.byte	119
 1374 0545 0A       		.byte	10
 1375 0546 8D       		.byte	-115
 1376 0547 10       		.byte	16
 1377 0548 8F       		.byte	-113
 1378 0549 01       		.byte	1
 1379 054a C0       		.byte	-64
 1380 054b 0F       		.byte	15
 1381 054c C2       		.byte	-62
 1382 054d EF       		.byte	-17
 1383 054e C4       		.byte	-60
 1384 054f EF       		.byte	-17
 1385 0550 CA       		.byte	-54
 1386 0551 07       		.byte	7
 1387 0552 CC       		.byte	-52
 1388 0553 0F       		.byte	15
 1389 0554 CE       		.byte	-50
 1390 0555 8F       		.byte	-113
 1391 0556 D0       		.byte	-48
 1392 0557 20       		.byte	32
 1393 0558 D6       		.byte	-42
 1394 0559 28       		.byte	40
 1395 055a D8       		.byte	-40
 1396 055b 08       		.byte	8
 1397 055c EE       		.byte	-18
 1398 055d 06       		.byte	6
 1399 055e 06       		.byte	6
 1400 055f 01       		.byte	1
 1401 0560 0A       		.byte	10
 1402 0561 01       		.byte	1
 1403 0562 12       		.byte	18
 1404 0563 04       		.byte	4
 1405 0564 13       		.byte	19
 1406 0565 01       		.byte	1
 1407 0566 14       		.byte	20
 1408 0567 02       		.byte	2
 1409 0568 24       		.byte	36
 1410 0569 08       		.byte	8
 1411 056a 2A       		.byte	42
 1412 056b 04       		.byte	4
 1413 056c 30       		.byte	48
 1414 056d 02       		.byte	2
 1415 056e 32       		.byte	50
 1416 056f 04       		.byte	4
 1417 0570 34       		.byte	52
 1418 0571 08       		.byte	8
 1419 0572 36       		.byte	54
 1420 0573 01       		.byte	1
 1421 0574 37       		.byte	55
 1422 0575 01       		.byte	1
 1423 0576 3B       		.byte	59
 1424 0577 08       		.byte	8
 1425 0578 3E       		.byte	62
ARM GAS  C:\Users\LOCALA~1\AppData\Local\Temp\ccJVbwQh.s 			page 26


 1426 0579 55       		.byte	85
 1427 057a 40       		.byte	64
 1428 057b 02       		.byte	2
 1429 057c 47       		.byte	71
 1430 057d 04       		.byte	4
 1431 057e 49       		.byte	73
 1432 057f FF       		.byte	-1
 1433 0580 4A       		.byte	74
 1434 0581 07       		.byte	7
 1435 0582 4B       		.byte	75
 1436 0583 FF       		.byte	-1
 1437 0584 4C       		.byte	76
 1438 0585 40       		.byte	64
 1439 0586 4D       		.byte	77
 1440 0587 20       		.byte	32
 1441 0588 4E       		.byte	78
 1442 0589 F0       		.byte	-16
 1443 058a 4F       		.byte	79
 1444 058b 05       		.byte	5
 1445 058c 50       		.byte	80
 1446 058d 08       		.byte	8
 1447 058e 54       		.byte	84
 1448 058f 18       		.byte	24
 1449 0590 56       		.byte	86
 1450 0591 04       		.byte	4
 1451 0592 58       		.byte	88
 1452 0593 04       		.byte	4
 1453 0594 59       		.byte	89
 1454 0595 04       		.byte	4
 1455 0596 5A       		.byte	90
 1456 0597 04       		.byte	4
 1457 0598 5B       		.byte	91
 1458 0599 04       		.byte	4
 1459 059a 5C       		.byte	92
 1460 059b 20       		.byte	32
 1461 059c 5D       		.byte	93
 1462 059d 22       		.byte	34
 1463 059e 5F       		.byte	95
 1464 059f 01       		.byte	1
 1465 05a0 60       		.byte	96
 1466 05a1 40       		.byte	64
 1467 05a2 61       		.byte	97
 1468 05a3 A8       		.byte	-88
 1469 05a4 62       		.byte	98
 1470 05a5 40       		.byte	64
 1471 05a6 63       		.byte	99
 1472 05a7 20       		.byte	32
 1473 05a8 80       		.byte	-128
 1474 05a9 C0       		.byte	-64
 1475 05aa 81       		.byte	-127
 1476 05ab 40       		.byte	64
 1477 05ac 82       		.byte	-126
 1478 05ad 02       		.byte	2
 1479 05ae 85       		.byte	-123
 1480 05af 31       		.byte	49
 1481 05b0 86       		.byte	-122
 1482 05b1 60       		.byte	96
ARM GAS  C:\Users\LOCALA~1\AppData\Local\Temp\ccJVbwQh.s 			page 27


 1483 05b2 87       		.byte	-121
 1484 05b3 0E       		.byte	14
 1485 05b4 88       		.byte	-120
 1486 05b5 80       		.byte	-128
 1487 05b6 89       		.byte	-119
 1488 05b7 22       		.byte	34
 1489 05b8 8B       		.byte	-117
 1490 05b9 10       		.byte	16
 1491 05ba 8C       		.byte	-116
 1492 05bb 90       		.byte	-112
 1493 05bc 8D       		.byte	-115
 1494 05bd 06       		.byte	6
 1495 05be 8E       		.byte	-114
 1496 05bf 40       		.byte	64
 1497 05c0 8F       		.byte	-113
 1498 05c1 90       		.byte	-112
 1499 05c2 90       		.byte	-112
 1500 05c3 1F       		.byte	31
 1501 05c4 91       		.byte	-111
 1502 05c5 04       		.byte	4
 1503 05c6 92       		.byte	-110
 1504 05c7 20       		.byte	32
 1505 05c8 94       		.byte	-108
 1506 05c9 7F       		.byte	127
 1507 05ca 95       		.byte	-107
 1508 05cb 90       		.byte	-112
 1509 05cc 96       		.byte	-106
 1510 05cd 80       		.byte	-128
 1511 05ce 97       		.byte	-105
 1512 05cf 06       		.byte	6
 1513 05d0 99       		.byte	-103
 1514 05d1 92       		.byte	-110
 1515 05d2 9B       		.byte	-101
 1516 05d3 04       		.byte	4
 1517 05d4 9C       		.byte	-100
 1518 05d5 C0       		.byte	-64
 1519 05d6 9D       		.byte	-99
 1520 05d7 96       		.byte	-106
 1521 05d8 9E       		.byte	-98
 1522 05d9 01       		.byte	1
 1523 05da A1       		.byte	-95
 1524 05db 96       		.byte	-106
 1525 05dc A2       		.byte	-94
 1526 05dd FF       		.byte	-1
 1527 05de A4       		.byte	-92
 1528 05df C0       		.byte	-64
 1529 05e0 A5       		.byte	-91
 1530 05e1 40       		.byte	64
 1531 05e2 A6       		.byte	-90
 1532 05e3 04       		.byte	4
 1533 05e4 A8       		.byte	-88
 1534 05e5 C0       		.byte	-64
 1535 05e6 A9       		.byte	-87
 1536 05e7 29       		.byte	41
 1537 05e8 AA       		.byte	-86
 1538 05e9 08       		.byte	8
 1539 05ea AB       		.byte	-85
ARM GAS  C:\Users\LOCALA~1\AppData\Local\Temp\ccJVbwQh.s 			page 28


 1540 05eb 16       		.byte	22
 1541 05ec AD       		.byte	-83
 1542 05ed 17       		.byte	23
 1543 05ee AE       		.byte	-82
 1544 05ef 9F       		.byte	-97
 1545 05f0 AF       		.byte	-81
 1546 05f1 28       		.byte	40
 1547 05f2 B1       		.byte	-79
 1548 05f3 80       		.byte	-128
 1549 05f4 B2       		.byte	-78
 1550 05f5 FF       		.byte	-1
 1551 05f6 B3       		.byte	-77
 1552 05f7 30       		.byte	48
 1553 05f8 B5       		.byte	-75
 1554 05f9 40       		.byte	64
 1555 05fa B7       		.byte	-73
 1556 05fb 0F       		.byte	15
 1557 05fc B9       		.byte	-71
 1558 05fd A0       		.byte	-96
 1559 05fe BB       		.byte	-69
 1560 05ff 08       		.byte	8
 1561 0600 BE       		.byte	-66
 1562 0601 04       		.byte	4
 1563 0602 BF       		.byte	-65
 1564 0603 01       		.byte	1
 1565 0604 D6       		.byte	-42
 1566 0605 02       		.byte	2
 1567 0606 D7       		.byte	-41
 1568 0607 24       		.byte	36
 1569 0608 D8       		.byte	-40
 1570 0609 04       		.byte	4
 1571 060a D9       		.byte	-39
 1572 060b 04       		.byte	4
 1573 060c DB       		.byte	-37
 1574 060d 04       		.byte	4
 1575 060e DF       		.byte	-33
 1576 060f 01       		.byte	1
 1577 0610 00       		.byte	0
 1578 0611 14       		.byte	20
 1579 0612 01       		.byte	1
 1580 0613 40       		.byte	64
 1581 0614 03       		.byte	3
 1582 0615 40       		.byte	64
 1583 0616 04       		.byte	4
 1584 0617 20       		.byte	32
 1585 0618 06       		.byte	6
 1586 0619 10       		.byte	16
 1587 061a 08       		.byte	8
 1588 061b 01       		.byte	1
 1589 061c 09       		.byte	9
 1590 061d 0A       		.byte	10
 1591 061e 0A       		.byte	10
 1592 061f 01       		.byte	1
 1593 0620 0E       		.byte	14
 1594 0621 A0       		.byte	-96
 1595 0622 10       		.byte	16
 1596 0623 2A       		.byte	42
ARM GAS  C:\Users\LOCALA~1\AppData\Local\Temp\ccJVbwQh.s 			page 29


 1597 0624 11       		.byte	17
 1598 0625 01       		.byte	1
 1599 0626 13       		.byte	19
 1600 0627 01       		.byte	1
 1601 0628 15       		.byte	21
 1602 0629 04       		.byte	4
 1603 062a 16       		.byte	22
 1604 062b 04       		.byte	4
 1605 062c 19       		.byte	25
 1606 062d 08       		.byte	8
 1607 062e 1D       		.byte	29
 1608 062f 40       		.byte	64
 1609 0630 1E       		.byte	30
 1610 0631 08       		.byte	8
 1611 0632 1F       		.byte	31
 1612 0633 06       		.byte	6
 1613 0634 20       		.byte	32
 1614 0635 14       		.byte	20
 1615 0636 21       		.byte	33
 1616 0637 40       		.byte	64
 1617 0638 22       		.byte	34
 1618 0639 43       		.byte	67
 1619 063a 23       		.byte	35
 1620 063b 01       		.byte	1
 1621 063c 27       		.byte	39
 1622 063d 11       		.byte	17
 1623 063e 28       		.byte	40
 1624 063f 01       		.byte	1
 1625 0640 29       		.byte	41
 1626 0641 28       		.byte	40
 1627 0642 2A       		.byte	42
 1628 0643 02       		.byte	2
 1629 0644 30       		.byte	48
 1630 0645 2C       		.byte	44
 1631 0646 31       		.byte	49
 1632 0647 01       		.byte	1
 1633 0648 33       		.byte	51
 1634 0649 40       		.byte	64
 1635 064a 34       		.byte	52
 1636 064b 02       		.byte	2
 1637 064c 38       		.byte	56
 1638 064d 10       		.byte	16
 1639 064e 39       		.byte	57
 1640 064f 4A       		.byte	74
 1641 0650 45       		.byte	69
 1642 0651 20       		.byte	32
 1643 0652 56       		.byte	86
 1644 0653 48       		.byte	72
 1645 0654 5E       		.byte	94
 1646 0655 02       		.byte	2
 1647 0656 61       		.byte	97
 1648 0657 10       		.byte	16
 1649 0658 63       		.byte	99
 1650 0659 03       		.byte	3
 1651 065a 65       		.byte	101
 1652 065b 40       		.byte	64
 1653 065c 67       		.byte	103
ARM GAS  C:\Users\LOCALA~1\AppData\Local\Temp\ccJVbwQh.s 			page 30


 1654 065d 48       		.byte	72
 1655 065e 68       		.byte	104
 1656 065f 28       		.byte	40
 1657 0660 69       		.byte	105
 1658 0661 40       		.byte	64
 1659 0662 6B       		.byte	107
 1660 0663 40       		.byte	64
 1661 0664 72       		.byte	114
 1662 0665 03       		.byte	3
 1663 0666 91       		.byte	-111
 1664 0667 0E       		.byte	14
 1665 0668 94       		.byte	-108
 1666 0669 14       		.byte	20
 1667 066a 95       		.byte	-107
 1668 066b C1       		.byte	-63
 1669 066c 96       		.byte	-106
 1670 066d 03       		.byte	3
 1671 066e 99       		.byte	-103
 1672 066f 11       		.byte	17
 1673 0670 9C       		.byte	-100
 1674 0671 04       		.byte	4
 1675 0672 9E       		.byte	-98
 1676 0673 4A       		.byte	74
 1677 0674 9F       		.byte	-97
 1678 0675 40       		.byte	64
 1679 0676 A0       		.byte	-96
 1680 0677 02       		.byte	2
 1681 0678 A1       		.byte	-95
 1682 0679 2A       		.byte	42
 1683 067a A2       		.byte	-94
 1684 067b 10       		.byte	16
 1685 067c A4       		.byte	-92
 1686 067d 28       		.byte	40
 1687 067e A6       		.byte	-90
 1688 067f 06       		.byte	6
 1689 0680 A7       		.byte	-89
 1690 0681 01       		.byte	1
 1691 0682 AA       		.byte	-86
 1692 0683 04       		.byte	4
 1693 0684 AB       		.byte	-85
 1694 0685 01       		.byte	1
 1695 0686 B5       		.byte	-75
 1696 0687 01       		.byte	1
 1697 0688 B7       		.byte	-73
 1698 0689 10       		.byte	16
 1699 068a C0       		.byte	-64
 1700 068b 6F       		.byte	111
 1701 068c C2       		.byte	-62
 1702 068d 3D       		.byte	61
 1703 068e C4       		.byte	-60
 1704 068f 6F       		.byte	111
 1705 0690 CA       		.byte	-54
 1706 0691 0F       		.byte	15
 1707 0692 CC       		.byte	-52
 1708 0693 8F       		.byte	-113
 1709 0694 CE       		.byte	-50
 1710 0695 0F       		.byte	15
ARM GAS  C:\Users\LOCALA~1\AppData\Local\Temp\ccJVbwQh.s 			page 31


 1711 0696 D0       		.byte	-48
 1712 0697 20       		.byte	32
 1713 0698 D6       		.byte	-42
 1714 0699 80       		.byte	-128
 1715 069a D8       		.byte	-40
 1716 069b B4       		.byte	-76
 1717 069c 04       		.byte	4
 1718 069d 01       		.byte	1
 1719 069e 06       		.byte	6
 1720 069f 26       		.byte	38
 1721 06a0 0C       		.byte	12
 1722 06a1 0A       		.byte	10
 1723 06a2 0E       		.byte	14
 1724 06a3 51       		.byte	81
 1725 06a4 10       		.byte	16
 1726 06a5 14       		.byte	20
 1727 06a6 12       		.byte	18
 1728 06a7 49       		.byte	73
 1729 06a8 24       		.byte	36
 1730 06a9 9F       		.byte	-97
 1731 06aa 28       		.byte	40
 1732 06ab 9F       		.byte	-97
 1733 06ac 2C       		.byte	44
 1734 06ad 80       		.byte	-128
 1735 06ae 30       		.byte	48
 1736 06af 18       		.byte	24
 1737 06b0 32       		.byte	50
 1738 06b1 07       		.byte	7
 1739 06b2 34       		.byte	52
 1740 06b3 60       		.byte	96
 1741 06b4 36       		.byte	54
 1742 06b5 80       		.byte	-128
 1743 06b6 3E       		.byte	62
 1744 06b7 10       		.byte	16
 1745 06b8 56       		.byte	86
 1746 06b9 08       		.byte	8
 1747 06ba 58       		.byte	88
 1748 06bb 04       		.byte	4
 1749 06bc 5B       		.byte	91
 1750 06bd 04       		.byte	4
 1751 06be 5C       		.byte	92
 1752 06bf 02       		.byte	2
 1753 06c0 5D       		.byte	93
 1754 06c1 90       		.byte	-112
 1755 06c2 5F       		.byte	95
 1756 06c3 01       		.byte	1
 1757 06c4 00       		.byte	0
 1758 06c5 40       		.byte	64
 1759 06c6 01       		.byte	1
 1760 06c7 08       		.byte	8
 1761 06c8 05       		.byte	5
 1762 06c9 41       		.byte	65
 1763 06ca 07       		.byte	7
 1764 06cb 24       		.byte	36
 1765 06cc 08       		.byte	8
 1766 06cd 02       		.byte	2
 1767 06ce 0C       		.byte	12
ARM GAS  C:\Users\LOCALA~1\AppData\Local\Temp\ccJVbwQh.s 			page 32


 1768 06cf 80       		.byte	-128
 1769 06d0 0E       		.byte	14
 1770 06d1 50       		.byte	80
 1771 06d2 0F       		.byte	15
 1772 06d3 08       		.byte	8
 1773 06d4 10       		.byte	16
 1774 06d5 2A       		.byte	42
 1775 06d6 14       		.byte	20
 1776 06d7 12       		.byte	18
 1777 06d8 17       		.byte	23
 1778 06d9 11       		.byte	17
 1779 06da 18       		.byte	24
 1780 06db 41       		.byte	65
 1781 06dc 19       		.byte	25
 1782 06dd 49       		.byte	73
 1783 06de 1A       		.byte	26
 1784 06df 08       		.byte	8
 1785 06e0 1B       		.byte	27
 1786 06e1 44       		.byte	68
 1787 06e2 1E       		.byte	30
 1788 06e3 50       		.byte	80
 1789 06e4 1F       		.byte	31
 1790 06e5 14       		.byte	20
 1791 06e6 24       		.byte	36
 1792 06e7 20       		.byte	32
 1793 06e8 26       		.byte	38
 1794 06e9 51       		.byte	81
 1795 06ea 2C       		.byte	44
 1796 06eb 90       		.byte	-112
 1797 06ec 2F       		.byte	47
 1798 06ed 14       		.byte	20
 1799 06ee 35       		.byte	53
 1800 06ef 09       		.byte	9
 1801 06f0 36       		.byte	54
 1802 06f1 80       		.byte	-128
 1803 06f2 37       		.byte	55
 1804 06f3 10       		.byte	16
 1805 06f4 3C       		.byte	60
 1806 06f5 01       		.byte	1
 1807 06f6 3E       		.byte	62
 1808 06f7 68       		.byte	104
 1809 06f8 44       		.byte	68
 1810 06f9 10       		.byte	16
 1811 06fa 46       		.byte	70
 1812 06fb 01       		.byte	1
 1813 06fc 47       		.byte	71
 1814 06fd 10       		.byte	16
 1815 06fe 4E       		.byte	78
 1816 06ff 04       		.byte	4
 1817 0700 4F       		.byte	79
 1818 0701 80       		.byte	-128
 1819 0702 56       		.byte	86
 1820 0703 14       		.byte	20
 1821 0704 58       		.byte	88
 1822 0705 80       		.byte	-128
 1823 0706 5E       		.byte	94
 1824 0707 20       		.byte	32
ARM GAS  C:\Users\LOCALA~1\AppData\Local\Temp\ccJVbwQh.s 			page 33


 1825 0708 60       		.byte	96
 1826 0709 02       		.byte	2
 1827 070a 62       		.byte	98
 1828 070b 80       		.byte	-128
 1829 070c 6C       		.byte	108
 1830 070d 2A       		.byte	42
 1831 070e 74       		.byte	116
 1832 070f 80       		.byte	-128
 1833 0710 76       		.byte	118
 1834 0711 28       		.byte	40
 1835 0712 77       		.byte	119
 1836 0713 24       		.byte	36
 1837 0714 8C       		.byte	-116
 1838 0715 10       		.byte	16
 1839 0716 8E       		.byte	-114
 1840 0717 01       		.byte	1
 1841 0718 94       		.byte	-108
 1842 0719 20       		.byte	32
 1843 071a 98       		.byte	-104
 1844 071b 80       		.byte	-128
 1845 071c 9B       		.byte	-101
 1846 071d 11       		.byte	17
 1847 071e 9C       		.byte	-100
 1848 071f 02       		.byte	2
 1849 0720 9E       		.byte	-98
 1850 0721 14       		.byte	20
 1851 0722 A6       		.byte	-90
 1852 0723 41       		.byte	65
 1853 0724 AB       		.byte	-85
 1854 0725 02       		.byte	2
 1855 0726 AF       		.byte	-81
 1856 0727 40       		.byte	64
 1857 0728 B0       		.byte	-80
 1858 0729 80       		.byte	-128
 1859 072a B5       		.byte	-75
 1860 072b 20       		.byte	32
 1861 072c B6       		.byte	-74
 1862 072d 40       		.byte	64
 1863 072e C0       		.byte	-64
 1864 072f F5       		.byte	-11
 1865 0730 C2       		.byte	-62
 1866 0731 F8       		.byte	-8
 1867 0732 C4       		.byte	-60
 1868 0733 F7       		.byte	-9
 1869 0734 CA       		.byte	-54
 1870 0735 E0       		.byte	-32
 1871 0736 CC       		.byte	-52
 1872 0737 F0       		.byte	-16
 1873 0738 CE       		.byte	-50
 1874 0739 F0       		.byte	-16
 1875 073a D0       		.byte	-48
 1876 073b 70       		.byte	112
 1877 073c D2       		.byte	-46
 1878 073d 30       		.byte	48
 1879 073e D6       		.byte	-42
 1880 073f 28       		.byte	40
 1881 0740 D8       		.byte	-40
ARM GAS  C:\Users\LOCALA~1\AppData\Local\Temp\ccJVbwQh.s 			page 34


 1882 0741 08       		.byte	8
 1883 0742 E8       		.byte	-24
 1884 0743 04       		.byte	4
 1885 0744 EE       		.byte	-18
 1886 0745 04       		.byte	4
 1887 0746 30       		.byte	48
 1888 0747 10       		.byte	16
 1889 0748 33       		.byte	51
 1890 0749 04       		.byte	4
 1891 074a 35       		.byte	53
 1892 074b 20       		.byte	32
 1893 074c 36       		.byte	54
 1894 074d 04       		.byte	4
 1895 074e 3B       		.byte	59
 1896 074f 20       		.byte	32
 1897 0750 65       		.byte	101
 1898 0751 20       		.byte	32
 1899 0752 67       		.byte	103
 1900 0753 20       		.byte	32
 1901 0754 CC       		.byte	-52
 1902 0755 F0       		.byte	-16
 1903 0756 CE       		.byte	-50
 1904 0757 10       		.byte	16
 1905 0758 32       		.byte	50
 1906 0759 20       		.byte	32
 1907 075a 69       		.byte	105
 1908 075b 04       		.byte	4
 1909 075c 6B       		.byte	107
 1910 075d 04       		.byte	4
 1911 075e 86       		.byte	-122
 1912 075f 20       		.byte	32
 1913 0760 97       		.byte	-105
 1914 0761 20       		.byte	32
 1915 0762 9C       		.byte	-100
 1916 0763 10       		.byte	16
 1917 0764 9F       		.byte	-97
 1918 0765 04       		.byte	4
 1919 0766 A6       		.byte	-90
 1920 0767 04       		.byte	4
 1921 0768 CC       		.byte	-52
 1922 0769 10       		.byte	16
 1923 076a E6       		.byte	-26
 1924 076b 40       		.byte	64
 1925 076c 11       		.byte	17
 1926 076d 04       		.byte	4
 1927 076e 58       		.byte	88
 1928 076f 08       		.byte	8
 1929 0770 87       		.byte	-121
 1930 0771 10       		.byte	16
 1931 0772 95       		.byte	-107
 1932 0773 04       		.byte	4
 1933 0774 97       		.byte	-105
 1934 0775 20       		.byte	32
 1935 0776 9C       		.byte	-100
 1936 0777 10       		.byte	16
 1937 0778 A6       		.byte	-90
 1938 0779 04       		.byte	4
ARM GAS  C:\Users\LOCALA~1\AppData\Local\Temp\ccJVbwQh.s 			page 35


 1939 077a C4       		.byte	-60
 1940 077b 10       		.byte	16
 1941 077c D6       		.byte	-42
 1942 077d 40       		.byte	64
 1943 077e E6       		.byte	-26
 1944 077f 40       		.byte	64
 1945 0780 9C       		.byte	-100
 1946 0781 10       		.byte	16
 1947 0782 A6       		.byte	-90
 1948 0783 04       		.byte	4
 1949 0784 A8       		.byte	-88
 1950 0785 08       		.byte	8
 1951 0786 EE       		.byte	-18
 1952 0787 20       		.byte	32
 1953 0788 10       		.byte	16
 1954 0789 10       		.byte	16
 1955 078a 7C       		.byte	124
 1956 078b 40       		.byte	64
 1957 078c C4       		.byte	-60
 1958 078d 08       		.byte	8
 1959 078e DE       		.byte	-34
 1960 078f 04       		.byte	4
 1961 0790 06       		.byte	6
 1962 0791 02       		.byte	2
 1963 0792 56       		.byte	86
 1964 0793 20       		.byte	32
 1965 0794 5C       		.byte	92
 1966 0795 10       		.byte	16
 1967 0796 82       		.byte	-126
 1968 0797 20       		.byte	32
 1969 0798 94       		.byte	-108
 1970 0799 40       		.byte	64
 1971 079a B0       		.byte	-80
 1972 079b 10       		.byte	16
 1973 079c C0       		.byte	-64
 1974 079d 01       		.byte	1
 1975 079e D4       		.byte	-44
 1976 079f 02       		.byte	2
 1977 07a0 D6       		.byte	-42
 1978 07a1 04       		.byte	4
 1979 07a2 EA       		.byte	-22
 1980 07a3 04       		.byte	4
 1981 07a4 80       		.byte	-128
 1982 07a5 40       		.byte	64
 1983 07a6 94       		.byte	-108
 1984 07a7 40       		.byte	64
 1985 07a8 9A       		.byte	-102
 1986 07a9 02       		.byte	2
 1987 07aa A8       		.byte	-88
 1988 07ab 10       		.byte	16
 1989 07ac 82       		.byte	-126
 1990 07ad 02       		.byte	2
 1991 07ae 9A       		.byte	-102
 1992 07af 02       		.byte	2
 1993 07b0 9C       		.byte	-100
 1994 07b1 10       		.byte	16
 1995 07b2 A6       		.byte	-90
ARM GAS  C:\Users\LOCALA~1\AppData\Local\Temp\ccJVbwQh.s 			page 36


 1996 07b3 04       		.byte	4
 1997 07b4 AA       		.byte	-86
 1998 07b5 04       		.byte	4
 1999 07b6 AC       		.byte	-84
 2000 07b7 10       		.byte	16
 2001 07b8 EE       		.byte	-18
 2002 07b9 60       		.byte	96
 2003 07ba 0C       		.byte	12
 2004 07bb 10       		.byte	16
 2005 07bc 1F       		.byte	31
 2006 07bd 80       		.byte	-128
 2007 07be 62       		.byte	98
 2008 07bf 01       		.byte	1
 2009 07c0 C2       		.byte	-62
 2010 07c1 01       		.byte	1
 2011 07c2 C6       		.byte	-58
 2012 07c3 01       		.byte	1
 2013 07c4 D8       		.byte	-40
 2014 07c5 02       		.byte	2
 2015 07c6 AA       		.byte	-86
 2016 07c7 01       		.byte	1
 2017 07c8 AB       		.byte	-85
 2018 07c9 80       		.byte	-128
 2019 07ca B0       		.byte	-80
 2020 07cb 10       		.byte	16
 2021 07cc EA       		.byte	-22
 2022 07cd 04       		.byte	4
 2023 07ce 00       		.byte	0
 2024 07cf 0D       		.byte	13
 2025 07d0 01       		.byte	1
 2026 07d1 01       		.byte	1
 2027 07d2 0C       		.byte	12
 2028 07d3 0D       		.byte	13
 2029 07d4 0E       		.byte	14
 2030 07d5 09       		.byte	9
 2031 07d6 0F       		.byte	15
 2032 07d7 01       		.byte	1
 2033 07d8 10       		.byte	16
 2034 07d9 05       		.byte	5
 2035 07da 11       		.byte	17
 2036 07db 01       		.byte	1
 2037 07dc 1C       		.byte	28
 2038 07dd 05       		.byte	5
 2039 07de 1D       		.byte	29
 2040 07df 01       		.byte	1
 2041 07e0 00       		.byte	0
 2042 07e1 EA       		.byte	-22
 2043 07e2 01       		.byte	1
 2044 07e3 0F       		.byte	15
 2045 07e4 0B       		.byte	11
 2046 07e5 41       		.byte	65
 2047 07e6 24       		.byte	36
 2048 07e7 00       		.byte	0
 2049 07e8 00       		.byte	0
 2050 07e9 04       		.byte	4
 2051 07ea 00       		.byte	0
 2052 07eb 00       		.byte	0
ARM GAS  C:\Users\LOCALA~1\AppData\Local\Temp\ccJVbwQh.s 			page 37


 2053 07ec 00       		.byte	0
 2054 07ed 01       		.byte	1
 2055 07ee 00       		.byte	0
 2056 07ef 00       		.byte	0
 2057 07f0 30       		.byte	48
 2058 07f1 01       		.byte	1
 2059 07f2 00       		.byte	0
 2060 07f3 40       		.byte	64
 2061 07f4 09       		.byte	9
 2062 07f5 07       		.byte	7
 2063 07f6 16       		.byte	22
 2064 07f7 18       		.byte	24
 2065 07f8 15       		.byte	21
 2066 07f9 22       		.byte	34
 2067 07fa 0A       		.byte	10
 2068 07fb 08       		.byte	8
 2069 07fc 04       		.byte	4
 2070 07fd 41       		.byte	65
 2071 07fe 03       		.byte	3
 2072 07ff 00       		.byte	0
 2073 0800 00       		.byte	0
 2074 0801 41       		.byte	65
 2075 0802 00       		.byte	0
 2076 0803 00       		.byte	0
 2077 0804 00       		.byte	0
 2078 0805 10       		.byte	16
 2079 0806 00       		.byte	0
 2080 0807 00       		.byte	0
 2081 0808 00       		.byte	0
 2082 0809 00       		.byte	0
 2083 080a 00       		.byte	0
 2084 080b 40       		.byte	64
 2085 080c 00       		.byte	0
 2086 080d 40       		.byte	64
 2087 080e 00       		.byte	0
 2088 080f 00       		.byte	0
 2089 0810 00       		.byte	0
 2090 0811 08       		.byte	8
 2091 0812 00       		.byte	0
 2092 0813 21       		.byte	33
 2093 0814 00       		.byte	0
 2094 0815 3F       		.byte	63
 2095 0816 00       		.byte	0
 2096 0817 40       		.byte	64
 2097 0818 07       		.byte	7
 2098 0819 00       		.byte	0
 2099 081a 38       		.byte	56
 2100 081b 00       		.byte	0
 2101 081c 80       		.byte	-128
 2102 081d 02       		.byte	2
 2103 081e 20       		.byte	32
 2104 081f 00       		.byte	0
 2105 0820 00       		.byte	0
 2106 0821 00       		.byte	0
 2107 0822 00       		.byte	0
 2108 0823 05       		.byte	5
 2109 0824 13       		.byte	19
ARM GAS  C:\Users\LOCALA~1\AppData\Local\Temp\ccJVbwQh.s 			page 38


 2110 0825 04       		.byte	4
 2111 0826 50       		.byte	80
 2112 0827 00       		.byte	0
 2113 0828 02       		.byte	2
 2114 0829 CE       		.byte	-50
 2115 082a F0       		.byte	-16
 2116 082b BD       		.byte	-67
 2117 082c 3B       		.byte	59
 2118 082d FF       		.byte	-1
 2119 082e FF       		.byte	-1
 2120 082f FF       		.byte	-1
 2121 0830 22       		.byte	34
 2122 0831 00       		.byte	0
 2123 0832 F0       		.byte	-16
 2124 0833 08       		.byte	8
 2125 0834 04       		.byte	4
 2126 0835 00       		.byte	0
 2127 0836 00       		.byte	0
 2128 0837 00       		.byte	0
 2129 0838 09       		.byte	9
 2130 0839 00       		.byte	0
 2131 083a 00       		.byte	0
 2132 083b 00       		.byte	0
 2133 083c 04       		.byte	4
 2134 083d 04       		.byte	4
 2135 083e 04       		.byte	4
 2136 083f 04       		.byte	4
 2137 0840 00       		.byte	0
 2138 0841 00       		.byte	0
 2139 0842 00       		.byte	0
 2140 0843 01       		.byte	1
 2141 0844 00       		.byte	0
 2142 0845 00       		.byte	0
 2143 0846 C0       		.byte	-64
 2144 0847 00       		.byte	0
 2145 0848 40       		.byte	64
 2146 0849 01       		.byte	1
 2147 084a 10       		.byte	16
 2148 084b 11       		.byte	17
 2149 084c C0       		.byte	-64
 2150 084d 01       		.byte	1
 2151 084e 00       		.byte	0
 2152 084f 11       		.byte	17
 2153 0850 40       		.byte	64
 2154 0851 01       		.byte	1
 2155 0852 40       		.byte	64
 2156 0853 01       		.byte	1
 2157 0854 00       		.byte	0
 2158 0855 00       		.byte	0
 2159 0856 00       		.byte	0
 2160 0857 00       		.byte	0
 2161 0858 00       		.byte	0
 2162 0859 00       		.byte	0
 2163 085a 00       		.byte	0
 2164 085b 00       		.byte	0
 2165 085c 00       		.byte	0
 2166 085d 00       		.byte	0
ARM GAS  C:\Users\LOCALA~1\AppData\Local\Temp\ccJVbwQh.s 			page 39


 2167 085e 00       		.byte	0
 2168 085f 00       		.byte	0
 2169 0860 00       		.byte	0
 2170 0861 00       		.byte	0
 2171 0862 00       		.byte	0
 2172 0863 00       		.byte	0
 2173 0864 01       		.byte	1
 2174 0865 00       		.byte	0
 2175 0866 00       		.byte	0
 2176 0867 0B       		.byte	11
 2177 0868 0C       		.byte	12
 2178 0869 10       		.byte	16
 2179 086a 00       		.byte	0
 2180 086b 00       		.byte	0
 2181 086c 04       		.byte	4
 2182 086d 30       		.byte	48
 2183 086e 00       		.byte	0
 2184 086f 00       		.byte	0
 2185 0870 00       		.byte	0
 2186 0871 70       		.byte	112
 2187 0872 B3       		.byte	-77
 2188 0873 0F       		.byte	15
 2189 0874 4F       		.byte	79
 2190 0875 01       		.byte	1
 2191 0876 90       		.byte	-112
 2192 0877 00       		.byte	0
 2193 0878 4C       		.byte	76
 2194 0879 03       		.byte	3
 2195 087a A3       		.byte	-93
 2196 087b 00       		.byte	0
 2197 087c 03       		.byte	3
 2198 087d 7F       		.byte	127
 2199 087e 00       		.byte	0
 2200 087f 00       		.byte	0
 2201 0880 08       		.byte	8
 2202 0881 02       		.byte	2
 2203 0882 00       		.byte	0
 2204 0883 00       		.byte	0
 2205 0884 00       		.byte	0
 2206 0885 20       		.byte	32
 2207 0886 40       		.byte	64
 2208 0887 00       		.byte	0
 2209 0888 F3       		.byte	-13
 2210 0889 4F       		.byte	79
 2211 088a 0C       		.byte	12
 2212 088b 30       		.byte	48
 2213 088c FF       		.byte	-1
 2214 088d 78       		.byte	120
 2215 088e 00       		.byte	0
 2216 088f 07       		.byte	7
 2217 0890 42       		.byte	66
 2218 0891 00       		.byte	0
 2219 0892 00       		.byte	0
 2220 0893 00       		.byte	0
 2221 0894 8C       		.byte	-116
 2222 0895 03       		.byte	3
 2223 0896 7C       		.byte	124
ARM GAS  C:\Users\LOCALA~1\AppData\Local\Temp\ccJVbwQh.s 			page 40


 2224 0897 38       		.byte	56
 2225 0898 0F       		.byte	15
 2226 0899 40       		.byte	64
 2227 089a 00       		.byte	0
 2228 089b 04       		.byte	4
 2229 089c 00       		.byte	0
 2230 089d 80       		.byte	-128
 2231 089e 2A       		.byte	42
 2232 089f 00       		.byte	0
 2233 08a0 00       		.byte	0
 2234 08a1 00       		.byte	0
 2235 08a2 00       		.byte	0
 2236 08a3 10       		.byte	16
 2237 08a4 35       		.byte	53
 2238 08a5 02       		.byte	2
 2239 08a6 01       		.byte	1
 2240 08a7 00       		.byte	0
 2241 08a8 06       		.byte	6
 2242 08a9 00       		.byte	0
 2243 08aa C0       		.byte	-64
 2244 08ab 0E       		.byte	14
 2245 08ac 18       		.byte	24
 2246 08ad FF       		.byte	-1
 2247 08ae FF       		.byte	-1
 2248 08af FF       		.byte	-1
 2249 08b0 62       		.byte	98
 2250 08b1 A0       		.byte	-96
 2251 08b2 F0       		.byte	-16
 2252 08b3 41       		.byte	65
 2253 08b4 0C       		.byte	12
 2254 08b5 00       		.byte	0
 2255 08b6 00       		.byte	0
 2256 08b7 00       		.byte	0
 2257 08b8 00       		.byte	0
 2258 08b9 00       		.byte	0
 2259 08ba 02       		.byte	2
 2260 08bb 11       		.byte	17
 2261 08bc 04       		.byte	4
 2262 08bd 04       		.byte	4
 2263 08be 04       		.byte	4
 2264 08bf 04       		.byte	4
 2265 08c0 22       		.byte	34
 2266 08c1 22       		.byte	34
 2267 08c2 00       		.byte	0
 2268 08c3 01       		.byte	1
 2269 08c4 00       		.byte	0
 2270 08c5 00       		.byte	0
 2271 08c6 00       		.byte	0
 2272 08c7 00       		.byte	0
 2273 08c8 00       		.byte	0
 2274 08c9 00       		.byte	0
 2275 08ca 40       		.byte	64
 2276 08cb 02       		.byte	2
 2277 08cc 00       		.byte	0
 2278 08cd 10       		.byte	16
 2279 08ce 30       		.byte	48
 2280 08cf 10       		.byte	16
ARM GAS  C:\Users\LOCALA~1\AppData\Local\Temp\ccJVbwQh.s 			page 41


 2281 08d0 00       		.byte	0
 2282 08d1 10       		.byte	16
 2283 08d2 10       		.byte	16
 2284 08d3 12       		.byte	18
 2285 08d4 00       		.byte	0
 2286 08d5 00       		.byte	0
 2287 08d6 00       		.byte	0
 2288 08d7 00       		.byte	0
 2289 08d8 00       		.byte	0
 2290 08d9 00       		.byte	0
 2291 08da 00       		.byte	0
 2292 08db 00       		.byte	0
 2293 08dc 00       		.byte	0
 2294 08dd 00       		.byte	0
 2295 08de 00       		.byte	0
 2296 08df 00       		.byte	0
 2297 08e0 00       		.byte	0
 2298 08e1 00       		.byte	0
 2299 08e2 00       		.byte	0
 2300 08e3 00       		.byte	0
 2301 08e4 00       		.byte	0
 2302 08e5 00       		.byte	0
 2303 08e6 00       		.byte	0
 2304 08e7 00       		.byte	0
 2305 08e8 00       		.byte	0
 2306 08e9 00       		.byte	0
 2307 08ea 14       		.byte	20
 2308 08eb 00       		.byte	0
 2309 08ec 20       		.byte	32
 2310 08ed 00       		.byte	0
 2311 08ee 10       		.byte	16
 2312 08ef 27       		.byte	39
 2313 08f0 27       		.byte	39
 2314 08f1 00       		.byte	0
 2315 08f2 20       		.byte	32
 2316 08f3 00       		.byte	0
 2317 08f4 00       		.byte	0
 2318 08f5 00       		.byte	0
 2319 08f6 00       		.byte	0
 2320 08f7 00       		.byte	0
 2321 08f8 54       		.byte	84
 2322 08f9 00       		.byte	0
 2323 08fa 80       		.byte	-128
 2324 08fb 7F       		.byte	127
 2325 08fc 7F       		.byte	127
 2326 08fd 00       		.byte	0
 2327 08fe 40       		.byte	64
 2328 08ff 00       		.byte	0
 2329 0900 00       		.byte	0
 2330 0901 00       		.byte	0
 2331 0902 00       		.byte	0
 2332 0903 00       		.byte	0
 2333 0904 08       		.byte	8
 2334 0905 F7       		.byte	-9
 2335 0906 F7       		.byte	-9
 2336 0907 00       		.byte	0
 2337 0908 06       		.byte	6
ARM GAS  C:\Users\LOCALA~1\AppData\Local\Temp\ccJVbwQh.s 			page 42


 2338 0909 00       		.byte	0
 2339 090a 00       		.byte	0
 2340 090b 00       		.byte	0
 2341 090c 6C       		.byte	108
 2342 090d 00       		.byte	0
 2343 090e 00       		.byte	0
 2344 090f FF       		.byte	-1
 2345 0910 FF       		.byte	-1
 2346 0911 00       		.byte	0
 2347 0912 00       		.byte	0
 2348 0913 00       		.byte	0
 2349 0914 00       		.byte	0
 2350 0915 00       		.byte	0
 2351 0916 00       		.byte	0
 2352 0917 00       		.byte	0
 2353 0918 05       		.byte	5
 2354 0919 00       		.byte	0
 2355 091a 18       		.byte	24
 2356 091b 01       		.byte	1
 2357              		.global	cy_meta_custnvl
 2358              		.section	.cycustnvl,"a",%progbits
 2359              		.align	2
 2360              		.type	cy_meta_custnvl, %object
 2361              		.size	cy_meta_custnvl, 4
 2362              	cy_meta_custnvl:
 2363 0000 00       		.byte	0
 2364 0001 00       		.byte	0
 2365 0002 40       		.byte	64
 2366 0003 05       		.byte	5
 2367              		.global	cy_meta_wonvl
 2368              		.section	.cywolatch,"a",%progbits
 2369              		.align	2
 2370              		.type	cy_meta_wonvl, %object
 2371              		.size	cy_meta_wonvl, 4
 2372              	cy_meta_wonvl:
 2373 0000 BC       		.byte	-68
 2374 0001 90       		.byte	-112
 2375 0002 AC       		.byte	-84
 2376 0003 AF       		.byte	-81
 2377              		.global	cy_meta_flashprotect
 2378              		.section	.cyflashprotect,"a",%progbits
 2379              		.align	2
 2380              		.type	cy_meta_flashprotect, %object
 2381              		.size	cy_meta_flashprotect, 256
 2382              	cy_meta_flashprotect:
 2383 0000 00000000 		.space	256
 2383      00000000 
 2383      00000000 
 2383      00000000 
 2383      00000000 
 2384              		.global	cy_metadata
 2385              		.section	.cymeta,"a",%progbits
 2386              		.align	2
 2387              		.type	cy_metadata, %object
 2388              		.size	cy_metadata, 12
 2389              	cy_metadata:
 2390 0000 00       		.byte	0
ARM GAS  C:\Users\LOCALA~1\AppData\Local\Temp\ccJVbwQh.s 			page 43


 2391 0001 01       		.byte	1
 2392 0002 2E       		.byte	46
 2393 0003 16       		.byte	22
 2394 0004 10       		.byte	16
 2395 0005 69       		.byte	105
 2396 0006 00       		.byte	0
 2397 0007 01       		.byte	1
 2398 0008 00       		.byte	0
 2399 0009 00       		.byte	0
 2400 000a 00       		.byte	0
 2401 000b 00       		.byte	0
 2402              		.text
 2403              	.Letext0:
 2404              		.file 1 "d:\\programme\\psoc\\psoc creator\\4.2\\psoc creator\\import\\gnu\\arm\\5.4.1\\arm-none-e
 2405              		.file 2 "d:\\programme\\psoc\\psoc creator\\4.2\\psoc creator\\import\\gnu\\arm\\5.4.1\\arm-none-e
 2406              		.file 3 "Generated_Source\\PSoC5\\cymetadata.c"
 2407              		.section	.debug_info,"",%progbits
 2408              	.Ldebug_info0:
 2409 0000 35010000 		.4byte	0x135
 2410 0004 0400     		.2byte	0x4
 2411 0006 00000000 		.4byte	.Ldebug_abbrev0
 2412 000a 04       		.byte	0x4
 2413 000b 01       		.uleb128 0x1
 2414 000c 0A000000 		.4byte	.LASF17
 2415 0010 0C       		.byte	0xc
 2416 0011 B7010000 		.4byte	.LASF18
 2417 0015 7E010000 		.4byte	.LASF19
 2418 0019 00000000 		.4byte	.Ldebug_line0
 2419 001d 02       		.uleb128 0x2
 2420 001e 01       		.byte	0x1
 2421 001f 06       		.byte	0x6
 2422 0020 72010000 		.4byte	.LASF0
 2423 0024 03       		.uleb128 0x3
 2424 0025 00000000 		.4byte	.LASF9
 2425 0029 01       		.byte	0x1
 2426 002a 1D       		.byte	0x1d
 2427 002b 2F000000 		.4byte	0x2f
 2428 002f 02       		.uleb128 0x2
 2429 0030 01       		.byte	0x1
 2430 0031 08       		.byte	0x8
 2431 0032 A4000000 		.4byte	.LASF1
 2432 0036 02       		.uleb128 0x2
 2433 0037 02       		.byte	0x2
 2434 0038 05       		.byte	0x5
 2435 0039 5F010000 		.4byte	.LASF2
 2436 003d 02       		.uleb128 0x2
 2437 003e 02       		.byte	0x2
 2438 003f 07       		.byte	0x7
 2439 0040 C4000000 		.4byte	.LASF3
 2440 0044 02       		.uleb128 0x2
 2441 0045 04       		.byte	0x4
 2442 0046 05       		.byte	0x5
 2443 0047 69010000 		.4byte	.LASF4
 2444 004b 02       		.uleb128 0x2
 2445 004c 04       		.byte	0x4
 2446 004d 07       		.byte	0x7
 2447 004e B2000000 		.4byte	.LASF5
ARM GAS  C:\Users\LOCALA~1\AppData\Local\Temp\ccJVbwQh.s 			page 44


 2448 0052 02       		.uleb128 0x2
 2449 0053 08       		.byte	0x8
 2450 0054 05       		.byte	0x5
 2451 0055 51010000 		.4byte	.LASF6
 2452 0059 02       		.uleb128 0x2
 2453 005a 08       		.byte	0x8
 2454 005b 07       		.byte	0x7
 2455 005c 06010000 		.4byte	.LASF7
 2456 0060 04       		.uleb128 0x4
 2457 0061 04       		.byte	0x4
 2458 0062 05       		.byte	0x5
 2459 0063 696E7400 		.ascii	"int\000"
 2460 0067 02       		.uleb128 0x2
 2461 0068 04       		.byte	0x4
 2462 0069 07       		.byte	0x7
 2463 006a F9000000 		.4byte	.LASF8
 2464 006e 03       		.uleb128 0x3
 2465 006f 1D010000 		.4byte	.LASF10
 2466 0073 02       		.byte	0x2
 2467 0074 18       		.byte	0x18
 2468 0075 24000000 		.4byte	0x24
 2469 0079 05       		.uleb128 0x5
 2470 007a 91000000 		.4byte	0x91
 2471 007e 8A000000 		.4byte	0x8a
 2472 0082 06       		.uleb128 0x6
 2473 0083 8A000000 		.4byte	0x8a
 2474 0087 1B09     		.2byte	0x91b
 2475 0089 00       		.byte	0
 2476 008a 02       		.uleb128 0x2
 2477 008b 04       		.byte	0x4
 2478 008c 07       		.byte	0x7
 2479 008d 48010000 		.4byte	.LASF11
 2480 0091 07       		.uleb128 0x7
 2481 0092 6E000000 		.4byte	0x6e
 2482 0096 08       		.uleb128 0x8
 2483 0097 E7000000 		.4byte	.LASF12
 2484 009b 03       		.byte	0x3
 2485 009c 1F       		.byte	0x1f
 2486 009d A7000000 		.4byte	0xa7
 2487 00a1 05       		.uleb128 0x5
 2488 00a2 03       		.byte	0x3
 2489 00a3 00000000 		.4byte	cy_meta_configecc
 2490 00a7 07       		.uleb128 0x7
 2491 00a8 79000000 		.4byte	0x79
 2492 00ac 05       		.uleb128 0x5
 2493 00ad 91000000 		.4byte	0x91
 2494 00b1 BC000000 		.4byte	0xbc
 2495 00b5 09       		.uleb128 0x9
 2496 00b6 8A000000 		.4byte	0x8a
 2497 00ba 03       		.byte	0x3
 2498 00bb 00       		.byte	0
 2499 00bc 0A       		.uleb128 0xa
 2500 00bd D7000000 		.4byte	.LASF13
 2501 00c1 03       		.byte	0x3
 2502 00c2 5001     		.2byte	0x150
 2503 00c4 CE000000 		.4byte	0xce
 2504 00c8 05       		.uleb128 0x5
ARM GAS  C:\Users\LOCALA~1\AppData\Local\Temp\ccJVbwQh.s 			page 45


 2505 00c9 03       		.byte	0x3
 2506 00ca 00000000 		.4byte	cy_meta_custnvl
 2507 00ce 07       		.uleb128 0x7
 2508 00cf AC000000 		.4byte	0xac
 2509 00d3 0A       		.uleb128 0xa
 2510 00d4 3A010000 		.4byte	.LASF14
 2511 00d8 03       		.byte	0x3
 2512 00d9 5E01     		.2byte	0x15e
 2513 00db E5000000 		.4byte	0xe5
 2514 00df 05       		.uleb128 0x5
 2515 00e0 03       		.byte	0x3
 2516 00e1 00000000 		.4byte	cy_meta_wonvl
 2517 00e5 07       		.uleb128 0x7
 2518 00e6 AC000000 		.4byte	0xac
 2519 00ea 05       		.uleb128 0x5
 2520 00eb 91000000 		.4byte	0x91
 2521 00ef FA000000 		.4byte	0xfa
 2522 00f3 09       		.uleb128 0x9
 2523 00f4 8A000000 		.4byte	0x8a
 2524 00f8 FF       		.byte	0xff
 2525 00f9 00       		.byte	0
 2526 00fa 0A       		.uleb128 0xa
 2527 00fb 25010000 		.4byte	.LASF15
 2528 00ff 03       		.byte	0x3
 2529 0100 6C01     		.2byte	0x16c
 2530 0102 0C010000 		.4byte	0x10c
 2531 0106 05       		.uleb128 0x5
 2532 0107 03       		.byte	0x3
 2533 0108 00000000 		.4byte	cy_meta_flashprotect
 2534 010c 07       		.uleb128 0x7
 2535 010d EA000000 		.4byte	0xea
 2536 0111 05       		.uleb128 0x5
 2537 0112 91000000 		.4byte	0x91
 2538 0116 21010000 		.4byte	0x121
 2539 011a 09       		.uleb128 0x9
 2540 011b 8A000000 		.4byte	0x8a
 2541 011f 0B       		.byte	0xb
 2542 0120 00       		.byte	0
 2543 0121 0A       		.uleb128 0xa
 2544 0122 98000000 		.4byte	.LASF16
 2545 0126 03       		.byte	0x3
 2546 0127 9901     		.2byte	0x199
 2547 0129 33010000 		.4byte	0x133
 2548 012d 05       		.uleb128 0x5
 2549 012e 03       		.byte	0x3
 2550 012f 00000000 		.4byte	cy_metadata
 2551 0133 07       		.uleb128 0x7
 2552 0134 11010000 		.4byte	0x111
 2553 0138 00       		.byte	0
 2554              		.section	.debug_abbrev,"",%progbits
 2555              	.Ldebug_abbrev0:
 2556 0000 01       		.uleb128 0x1
 2557 0001 11       		.uleb128 0x11
 2558 0002 01       		.byte	0x1
 2559 0003 25       		.uleb128 0x25
 2560 0004 0E       		.uleb128 0xe
 2561 0005 13       		.uleb128 0x13
ARM GAS  C:\Users\LOCALA~1\AppData\Local\Temp\ccJVbwQh.s 			page 46


 2562 0006 0B       		.uleb128 0xb
 2563 0007 03       		.uleb128 0x3
 2564 0008 0E       		.uleb128 0xe
 2565 0009 1B       		.uleb128 0x1b
 2566 000a 0E       		.uleb128 0xe
 2567 000b 10       		.uleb128 0x10
 2568 000c 17       		.uleb128 0x17
 2569 000d 00       		.byte	0
 2570 000e 00       		.byte	0
 2571 000f 02       		.uleb128 0x2
 2572 0010 24       		.uleb128 0x24
 2573 0011 00       		.byte	0
 2574 0012 0B       		.uleb128 0xb
 2575 0013 0B       		.uleb128 0xb
 2576 0014 3E       		.uleb128 0x3e
 2577 0015 0B       		.uleb128 0xb
 2578 0016 03       		.uleb128 0x3
 2579 0017 0E       		.uleb128 0xe
 2580 0018 00       		.byte	0
 2581 0019 00       		.byte	0
 2582 001a 03       		.uleb128 0x3
 2583 001b 16       		.uleb128 0x16
 2584 001c 00       		.byte	0
 2585 001d 03       		.uleb128 0x3
 2586 001e 0E       		.uleb128 0xe
 2587 001f 3A       		.uleb128 0x3a
 2588 0020 0B       		.uleb128 0xb
 2589 0021 3B       		.uleb128 0x3b
 2590 0022 0B       		.uleb128 0xb
 2591 0023 49       		.uleb128 0x49
 2592 0024 13       		.uleb128 0x13
 2593 0025 00       		.byte	0
 2594 0026 00       		.byte	0
 2595 0027 04       		.uleb128 0x4
 2596 0028 24       		.uleb128 0x24
 2597 0029 00       		.byte	0
 2598 002a 0B       		.uleb128 0xb
 2599 002b 0B       		.uleb128 0xb
 2600 002c 3E       		.uleb128 0x3e
 2601 002d 0B       		.uleb128 0xb
 2602 002e 03       		.uleb128 0x3
 2603 002f 08       		.uleb128 0x8
 2604 0030 00       		.byte	0
 2605 0031 00       		.byte	0
 2606 0032 05       		.uleb128 0x5
 2607 0033 01       		.uleb128 0x1
 2608 0034 01       		.byte	0x1
 2609 0035 49       		.uleb128 0x49
 2610 0036 13       		.uleb128 0x13
 2611 0037 01       		.uleb128 0x1
 2612 0038 13       		.uleb128 0x13
 2613 0039 00       		.byte	0
 2614 003a 00       		.byte	0
 2615 003b 06       		.uleb128 0x6
 2616 003c 21       		.uleb128 0x21
 2617 003d 00       		.byte	0
 2618 003e 49       		.uleb128 0x49
ARM GAS  C:\Users\LOCALA~1\AppData\Local\Temp\ccJVbwQh.s 			page 47


 2619 003f 13       		.uleb128 0x13
 2620 0040 2F       		.uleb128 0x2f
 2621 0041 05       		.uleb128 0x5
 2622 0042 00       		.byte	0
 2623 0043 00       		.byte	0
 2624 0044 07       		.uleb128 0x7
 2625 0045 26       		.uleb128 0x26
 2626 0046 00       		.byte	0
 2627 0047 49       		.uleb128 0x49
 2628 0048 13       		.uleb128 0x13
 2629 0049 00       		.byte	0
 2630 004a 00       		.byte	0
 2631 004b 08       		.uleb128 0x8
 2632 004c 34       		.uleb128 0x34
 2633 004d 00       		.byte	0
 2634 004e 03       		.uleb128 0x3
 2635 004f 0E       		.uleb128 0xe
 2636 0050 3A       		.uleb128 0x3a
 2637 0051 0B       		.uleb128 0xb
 2638 0052 3B       		.uleb128 0x3b
 2639 0053 0B       		.uleb128 0xb
 2640 0054 49       		.uleb128 0x49
 2641 0055 13       		.uleb128 0x13
 2642 0056 3F       		.uleb128 0x3f
 2643 0057 19       		.uleb128 0x19
 2644 0058 02       		.uleb128 0x2
 2645 0059 18       		.uleb128 0x18
 2646 005a 00       		.byte	0
 2647 005b 00       		.byte	0
 2648 005c 09       		.uleb128 0x9
 2649 005d 21       		.uleb128 0x21
 2650 005e 00       		.byte	0
 2651 005f 49       		.uleb128 0x49
 2652 0060 13       		.uleb128 0x13
 2653 0061 2F       		.uleb128 0x2f
 2654 0062 0B       		.uleb128 0xb
 2655 0063 00       		.byte	0
 2656 0064 00       		.byte	0
 2657 0065 0A       		.uleb128 0xa
 2658 0066 34       		.uleb128 0x34
 2659 0067 00       		.byte	0
 2660 0068 03       		.uleb128 0x3
 2661 0069 0E       		.uleb128 0xe
 2662 006a 3A       		.uleb128 0x3a
 2663 006b 0B       		.uleb128 0xb
 2664 006c 3B       		.uleb128 0x3b
 2665 006d 05       		.uleb128 0x5
 2666 006e 49       		.uleb128 0x49
 2667 006f 13       		.uleb128 0x13
 2668 0070 3F       		.uleb128 0x3f
 2669 0071 19       		.uleb128 0x19
 2670 0072 02       		.uleb128 0x2
 2671 0073 18       		.uleb128 0x18
 2672 0074 00       		.byte	0
 2673 0075 00       		.byte	0
 2674 0076 00       		.byte	0
 2675              		.section	.debug_aranges,"",%progbits
ARM GAS  C:\Users\LOCALA~1\AppData\Local\Temp\ccJVbwQh.s 			page 48


 2676 0000 14000000 		.4byte	0x14
 2677 0004 0200     		.2byte	0x2
 2678 0006 00000000 		.4byte	.Ldebug_info0
 2679 000a 04       		.byte	0x4
 2680 000b 00       		.byte	0
 2681 000c 0000     		.2byte	0
 2682 000e 0000     		.2byte	0
 2683 0010 00000000 		.4byte	0
 2684 0014 00000000 		.4byte	0
 2685              		.section	.debug_line,"",%progbits
 2686              	.Ldebug_line0:
 2687 0000 23010000 		.section	.debug_str,"MS",%progbits,1
 2687      02001D01 
 2687      00000201 
 2687      FB0E0D00 
 2687      01010101 
 2688              	.LASF9:
 2689 0000 5F5F7569 		.ascii	"__uint8_t\000"
 2689      6E74385F 
 2689      7400
 2690              	.LASF17:
 2691 000a 474E5520 		.ascii	"GNU C11 5.4.1 20160609 (release) [ARM/embedded-5-br"
 2691      43313120 
 2691      352E342E 
 2691      31203230 
 2691      31363036 
 2692 003d 616E6368 		.ascii	"anch revision 237715] -mcpu=cortex-m3 -mthumb -g -O"
 2692      20726576 
 2692      6973696F 
 2692      6E203233 
 2692      37373135 
 2693 0070 30202D66 		.ascii	"0 -ffunction-sections -ffat-lto-objects\000"
 2693      66756E63 
 2693      74696F6E 
 2693      2D736563 
 2693      74696F6E 
 2694              	.LASF16:
 2695 0098 63795F6D 		.ascii	"cy_metadata\000"
 2695      65746164 
 2695      61746100 
 2696              	.LASF1:
 2697 00a4 756E7369 		.ascii	"unsigned char\000"
 2697      676E6564 
 2697      20636861 
 2697      7200
 2698              	.LASF5:
 2699 00b2 6C6F6E67 		.ascii	"long unsigned int\000"
 2699      20756E73 
 2699      69676E65 
 2699      6420696E 
 2699      7400
 2700              	.LASF3:
 2701 00c4 73686F72 		.ascii	"short unsigned int\000"
 2701      7420756E 
 2701      7369676E 
 2701      65642069 
 2701      6E7400
ARM GAS  C:\Users\LOCALA~1\AppData\Local\Temp\ccJVbwQh.s 			page 49


 2702              	.LASF13:
 2703 00d7 63795F6D 		.ascii	"cy_meta_custnvl\000"
 2703      6574615F 
 2703      63757374 
 2703      6E766C00 
 2704              	.LASF12:
 2705 00e7 63795F6D 		.ascii	"cy_meta_configecc\000"
 2705      6574615F 
 2705      636F6E66 
 2705      69676563 
 2705      6300
 2706              	.LASF8:
 2707 00f9 756E7369 		.ascii	"unsigned int\000"
 2707      676E6564 
 2707      20696E74 
 2707      00
 2708              	.LASF7:
 2709 0106 6C6F6E67 		.ascii	"long long unsigned int\000"
 2709      206C6F6E 
 2709      6720756E 
 2709      7369676E 
 2709      65642069 
 2710              	.LASF10:
 2711 011d 75696E74 		.ascii	"uint8_t\000"
 2711      385F7400 
 2712              	.LASF15:
 2713 0125 63795F6D 		.ascii	"cy_meta_flashprotect\000"
 2713      6574615F 
 2713      666C6173 
 2713      6870726F 
 2713      74656374 
 2714              	.LASF14:
 2715 013a 63795F6D 		.ascii	"cy_meta_wonvl\000"
 2715      6574615F 
 2715      776F6E76 
 2715      6C00
 2716              	.LASF11:
 2717 0148 73697A65 		.ascii	"sizetype\000"
 2717      74797065 
 2717      00
 2718              	.LASF6:
 2719 0151 6C6F6E67 		.ascii	"long long int\000"
 2719      206C6F6E 
 2719      6720696E 
 2719      7400
 2720              	.LASF2:
 2721 015f 73686F72 		.ascii	"short int\000"
 2721      7420696E 
 2721      7400
 2722              	.LASF4:
 2723 0169 6C6F6E67 		.ascii	"long int\000"
 2723      20696E74 
 2723      00
 2724              	.LASF0:
 2725 0172 7369676E 		.ascii	"signed char\000"
 2725      65642063 
 2725      68617200 
ARM GAS  C:\Users\LOCALA~1\AppData\Local\Temp\ccJVbwQh.s 			page 50


 2726              	.LASF19:
 2727 017e 443A5C4D 		.ascii	"D:\\Messdaten\\Projekte\\lamella-device\\LamellaDev"
 2727      65737364 
 2727      6174656E 
 2727      5C50726F 
 2727      6A656B74 
 2728 01ad 6963652E 		.ascii	"ice.cydsn\000"
 2728      63796473 
 2728      6E00
 2729              	.LASF18:
 2730 01b7 47656E65 		.ascii	"Generated_Source\\PSoC5\\cymetadata.c\000"
 2730      72617465 
 2730      645F536F 
 2730      75726365 
 2730      5C50536F 
 2731              		.ident	"GCC: (GNU Tools for ARM Embedded Processors) 5.4.1 20160609 (release) [ARM/embedded-5-bran
