ARM GAS  C:\Users\LocalAdmin\AppData\Local\Temp\cc3gOcxg.s 			page 1


   1              		.syntax unified
   2              		.cpu cortex-m3
   3              		.fpu softvfp
   4              		.eabi_attribute 20, 1
   5              		.eabi_attribute 21, 1
   6              		.eabi_attribute 23, 3
   7              		.eabi_attribute 24, 1
   8              		.eabi_attribute 25, 1
   9              		.eabi_attribute 26, 1
  10              		.eabi_attribute 30, 6
  11              		.eabi_attribute 34, 1
  12              		.eabi_attribute 18, 4
  13              		.thumb
  14              		.file	"cyfitter_cfg.c"
  15              		.text
  16              	.Ltext0:
  17              		.cfi_sections	.debug_frame
  18              		.section	.text.CYMEMZERO,"ax",%progbits
  19              		.align	2
  20              		.thumb
  21              		.thumb_func
  22              		.type	CYMEMZERO, %function
  23              	CYMEMZERO:
  24              	.LFB0:
  25              		.file 1 ".\\Generated_Source\\PSoC5\\cyfitter_cfg.c"
   1:.\Generated_Source\PSoC5/cyfitter_cfg.c **** /*******************************************************************************
   2:.\Generated_Source\PSoC5/cyfitter_cfg.c **** * FILENAME: cyfitter_cfg.c
   3:.\Generated_Source\PSoC5/cyfitter_cfg.c **** * PSoC Creator  3.1 SP3
   4:.\Generated_Source\PSoC5/cyfitter_cfg.c **** *
   5:.\Generated_Source\PSoC5/cyfitter_cfg.c **** * Description:
   6:.\Generated_Source\PSoC5/cyfitter_cfg.c **** * This file is automatically generated by PSoC Creator with device 
   7:.\Generated_Source\PSoC5/cyfitter_cfg.c **** * initialization code.  Except for the user defined sections in
   8:.\Generated_Source\PSoC5/cyfitter_cfg.c **** * CyClockStartupError(), this file should not be modified.
   9:.\Generated_Source\PSoC5/cyfitter_cfg.c **** *
  10:.\Generated_Source\PSoC5/cyfitter_cfg.c **** ********************************************************************************
  11:.\Generated_Source\PSoC5/cyfitter_cfg.c **** * Copyright 2013, Cypress Semiconductor Corporation.  All rights reserved.
  12:.\Generated_Source\PSoC5/cyfitter_cfg.c **** * You may use this file only in accordance with the license, terms, conditions, 
  13:.\Generated_Source\PSoC5/cyfitter_cfg.c **** * disclaimers, and limitations in the end user license agreement accompanying 
  14:.\Generated_Source\PSoC5/cyfitter_cfg.c **** * the software package with which this file was provided.
  15:.\Generated_Source\PSoC5/cyfitter_cfg.c **** ********************************************************************************/
  16:.\Generated_Source\PSoC5/cyfitter_cfg.c **** 
  17:.\Generated_Source\PSoC5/cyfitter_cfg.c **** #include <string.h>
  18:.\Generated_Source\PSoC5/cyfitter_cfg.c **** #include <cytypes.h>
  19:.\Generated_Source\PSoC5/cyfitter_cfg.c **** #include <cydevice_trm.h>
  20:.\Generated_Source\PSoC5/cyfitter_cfg.c **** #include <cyfitter.h>
  21:.\Generated_Source\PSoC5/cyfitter_cfg.c **** #include <CyLib.h>
  22:.\Generated_Source\PSoC5/cyfitter_cfg.c **** #include <cyfitter_cfg.h>
  23:.\Generated_Source\PSoC5/cyfitter_cfg.c **** 
  24:.\Generated_Source\PSoC5/cyfitter_cfg.c **** #define CY_NEED_CYCLOCKSTARTUPERROR 1
  25:.\Generated_Source\PSoC5/cyfitter_cfg.c **** 
  26:.\Generated_Source\PSoC5/cyfitter_cfg.c **** 
  27:.\Generated_Source\PSoC5/cyfitter_cfg.c **** #if defined(__GNUC__) || defined(__ARMCC_VERSION)
  28:.\Generated_Source\PSoC5/cyfitter_cfg.c ****     #define CYPACKED 
  29:.\Generated_Source\PSoC5/cyfitter_cfg.c ****     #define CYPACKED_ATTR __attribute__ ((packed))
  30:.\Generated_Source\PSoC5/cyfitter_cfg.c ****     #define CYALIGNED __attribute__ ((aligned))
  31:.\Generated_Source\PSoC5/cyfitter_cfg.c ****     #define CY_CFG_UNUSED __attribute__ ((unused))
  32:.\Generated_Source\PSoC5/cyfitter_cfg.c ****     #define CY_CFG_SECTION __attribute__ ((section(".psocinit")))
ARM GAS  C:\Users\LocalAdmin\AppData\Local\Temp\cc3gOcxg.s 			page 2


  33:.\Generated_Source\PSoC5/cyfitter_cfg.c ****     
  34:.\Generated_Source\PSoC5/cyfitter_cfg.c ****     #if defined(__ARMCC_VERSION)
  35:.\Generated_Source\PSoC5/cyfitter_cfg.c ****         #define CY_CFG_MEMORY_BARRIER() __memory_changed()
  36:.\Generated_Source\PSoC5/cyfitter_cfg.c ****     #else
  37:.\Generated_Source\PSoC5/cyfitter_cfg.c ****         #define CY_CFG_MEMORY_BARRIER() __sync_synchronize()
  38:.\Generated_Source\PSoC5/cyfitter_cfg.c ****     #endif
  39:.\Generated_Source\PSoC5/cyfitter_cfg.c ****     
  40:.\Generated_Source\PSoC5/cyfitter_cfg.c **** #elif defined(__ICCARM__)
  41:.\Generated_Source\PSoC5/cyfitter_cfg.c ****     #include <intrinsics.h>
  42:.\Generated_Source\PSoC5/cyfitter_cfg.c **** 
  43:.\Generated_Source\PSoC5/cyfitter_cfg.c ****     #define CYPACKED __packed
  44:.\Generated_Source\PSoC5/cyfitter_cfg.c ****     #define CYPACKED_ATTR 
  45:.\Generated_Source\PSoC5/cyfitter_cfg.c ****     #define CYALIGNED _Pragma("data_alignment=4")
  46:.\Generated_Source\PSoC5/cyfitter_cfg.c ****     #define CY_CFG_UNUSED _Pragma("diag_suppress=Pe177")
  47:.\Generated_Source\PSoC5/cyfitter_cfg.c ****     #define CY_CFG_SECTION _Pragma("location=\".psocinit\"")
  48:.\Generated_Source\PSoC5/cyfitter_cfg.c ****     
  49:.\Generated_Source\PSoC5/cyfitter_cfg.c ****     #define CY_CFG_MEMORY_BARRIER() __DMB()
  50:.\Generated_Source\PSoC5/cyfitter_cfg.c ****     
  51:.\Generated_Source\PSoC5/cyfitter_cfg.c **** #else
  52:.\Generated_Source\PSoC5/cyfitter_cfg.c ****     #error Unsupported toolchain
  53:.\Generated_Source\PSoC5/cyfitter_cfg.c **** #endif
  54:.\Generated_Source\PSoC5/cyfitter_cfg.c **** 
  55:.\Generated_Source\PSoC5/cyfitter_cfg.c **** 
  56:.\Generated_Source\PSoC5/cyfitter_cfg.c **** CY_CFG_UNUSED
  57:.\Generated_Source\PSoC5/cyfitter_cfg.c **** static void CYMEMZERO(void *s, size_t n);
  58:.\Generated_Source\PSoC5/cyfitter_cfg.c **** CY_CFG_UNUSED
  59:.\Generated_Source\PSoC5/cyfitter_cfg.c **** static void CYMEMZERO(void *s, size_t n)
  60:.\Generated_Source\PSoC5/cyfitter_cfg.c **** {
  26              		.loc 1 60 0
  27              		.cfi_startproc
  28              		@ args = 0, pretend = 0, frame = 8
  29              		@ frame_needed = 1, uses_anonymous_args = 0
  30 0000 80B5     		push	{r7, lr}
  31              		.cfi_def_cfa_offset 8
  32              		.cfi_offset 7, -8
  33              		.cfi_offset 14, -4
  34 0002 82B0     		sub	sp, sp, #8
  35              		.cfi_def_cfa_offset 16
  36 0004 00AF     		add	r7, sp, #0
  37              		.cfi_def_cfa_register 7
  38 0006 7860     		str	r0, [r7, #4]
  39 0008 3960     		str	r1, [r7]
  61:.\Generated_Source\PSoC5/cyfitter_cfg.c **** 	(void)memset(s, 0, n);
  40              		.loc 1 61 0
  41 000a 7868     		ldr	r0, [r7, #4]
  42 000c 0021     		movs	r1, #0
  43 000e 3A68     		ldr	r2, [r7]
  44 0010 FFF7FEFF 		bl	memset
  62:.\Generated_Source\PSoC5/cyfitter_cfg.c **** }
  45              		.loc 1 62 0
  46 0014 0837     		adds	r7, r7, #8
  47 0016 BD46     		mov	sp, r7
  48              		@ sp needed
  49 0018 80BD     		pop	{r7, pc}
  50              		.cfi_endproc
  51              	.LFE0:
  52              		.size	CYMEMZERO, .-CYMEMZERO
ARM GAS  C:\Users\LocalAdmin\AppData\Local\Temp\cc3gOcxg.s 			page 3


  53 001a 00BF     		.section	.text.CYCONFIGCPY,"ax",%progbits
  54              		.align	2
  55              		.thumb
  56              		.thumb_func
  57              		.type	CYCONFIGCPY, %function
  58              	CYCONFIGCPY:
  59              	.LFB1:
  63:.\Generated_Source\PSoC5/cyfitter_cfg.c **** CY_CFG_UNUSED
  64:.\Generated_Source\PSoC5/cyfitter_cfg.c **** static void CYCONFIGCPY(void *dest, const void *src, size_t n);
  65:.\Generated_Source\PSoC5/cyfitter_cfg.c **** CY_CFG_UNUSED
  66:.\Generated_Source\PSoC5/cyfitter_cfg.c **** static void CYCONFIGCPY(void *dest, const void *src, size_t n)
  67:.\Generated_Source\PSoC5/cyfitter_cfg.c **** {
  60              		.loc 1 67 0
  61              		.cfi_startproc
  62              		@ args = 0, pretend = 0, frame = 16
  63              		@ frame_needed = 1, uses_anonymous_args = 0
  64 0000 80B5     		push	{r7, lr}
  65              		.cfi_def_cfa_offset 8
  66              		.cfi_offset 7, -8
  67              		.cfi_offset 14, -4
  68 0002 84B0     		sub	sp, sp, #16
  69              		.cfi_def_cfa_offset 24
  70 0004 00AF     		add	r7, sp, #0
  71              		.cfi_def_cfa_register 7
  72 0006 F860     		str	r0, [r7, #12]
  73 0008 B960     		str	r1, [r7, #8]
  74 000a 7A60     		str	r2, [r7, #4]
  68:.\Generated_Source\PSoC5/cyfitter_cfg.c **** 	(void)memcpy(dest, src, n);
  75              		.loc 1 68 0
  76 000c F868     		ldr	r0, [r7, #12]
  77 000e B968     		ldr	r1, [r7, #8]
  78 0010 7A68     		ldr	r2, [r7, #4]
  79 0012 FFF7FEFF 		bl	memcpy
  69:.\Generated_Source\PSoC5/cyfitter_cfg.c **** }
  80              		.loc 1 69 0
  81 0016 1037     		adds	r7, r7, #16
  82 0018 BD46     		mov	sp, r7
  83              		@ sp needed
  84 001a 80BD     		pop	{r7, pc}
  85              		.cfi_endproc
  86              	.LFE1:
  87              		.size	CYCONFIGCPY, .-CYCONFIGCPY
  88              		.section	.text.CYCONFIGCPYCODE,"ax",%progbits
  89              		.align	2
  90              		.thumb
  91              		.thumb_func
  92              		.type	CYCONFIGCPYCODE, %function
  93              	CYCONFIGCPYCODE:
  94              	.LFB2:
  70:.\Generated_Source\PSoC5/cyfitter_cfg.c **** CY_CFG_UNUSED
  71:.\Generated_Source\PSoC5/cyfitter_cfg.c **** static void CYCONFIGCPYCODE(void *dest, const void *src, size_t n);
  72:.\Generated_Source\PSoC5/cyfitter_cfg.c **** CY_CFG_UNUSED
  73:.\Generated_Source\PSoC5/cyfitter_cfg.c **** static void CYCONFIGCPYCODE(void *dest, const void *src, size_t n)
  74:.\Generated_Source\PSoC5/cyfitter_cfg.c **** {
  95              		.loc 1 74 0
  96              		.cfi_startproc
  97              		@ args = 0, pretend = 0, frame = 16
ARM GAS  C:\Users\LocalAdmin\AppData\Local\Temp\cc3gOcxg.s 			page 4


  98              		@ frame_needed = 1, uses_anonymous_args = 0
  99 0000 80B5     		push	{r7, lr}
 100              		.cfi_def_cfa_offset 8
 101              		.cfi_offset 7, -8
 102              		.cfi_offset 14, -4
 103 0002 84B0     		sub	sp, sp, #16
 104              		.cfi_def_cfa_offset 24
 105 0004 00AF     		add	r7, sp, #0
 106              		.cfi_def_cfa_register 7
 107 0006 F860     		str	r0, [r7, #12]
 108 0008 B960     		str	r1, [r7, #8]
 109 000a 7A60     		str	r2, [r7, #4]
  75:.\Generated_Source\PSoC5/cyfitter_cfg.c **** 	(void)memcpy(dest, src, n);
 110              		.loc 1 75 0
 111 000c F868     		ldr	r0, [r7, #12]
 112 000e B968     		ldr	r1, [r7, #8]
 113 0010 7A68     		ldr	r2, [r7, #4]
 114 0012 FFF7FEFF 		bl	memcpy
  76:.\Generated_Source\PSoC5/cyfitter_cfg.c **** }
 115              		.loc 1 76 0
 116 0016 1037     		adds	r7, r7, #16
 117 0018 BD46     		mov	sp, r7
 118              		@ sp needed
 119 001a 80BD     		pop	{r7, pc}
 120              		.cfi_endproc
 121              	.LFE2:
 122              		.size	CYCONFIGCPYCODE, .-CYCONFIGCPYCODE
 123              		.section	.text.CyClockStartupError,"ax",%progbits
 124              		.align	2
 125              		.thumb
 126              		.thumb_func
 127              		.type	CyClockStartupError, %function
 128              	CyClockStartupError:
 129              	.LFB3:
  77:.\Generated_Source\PSoC5/cyfitter_cfg.c **** 
  78:.\Generated_Source\PSoC5/cyfitter_cfg.c **** 
  79:.\Generated_Source\PSoC5/cyfitter_cfg.c **** 
  80:.\Generated_Source\PSoC5/cyfitter_cfg.c **** /* Clock startup error codes                                                   */
  81:.\Generated_Source\PSoC5/cyfitter_cfg.c **** #define CYCLOCKSTART_NO_ERROR    0u
  82:.\Generated_Source\PSoC5/cyfitter_cfg.c **** #define CYCLOCKSTART_XTAL_ERROR  1u
  83:.\Generated_Source\PSoC5/cyfitter_cfg.c **** #define CYCLOCKSTART_32KHZ_ERROR 2u
  84:.\Generated_Source\PSoC5/cyfitter_cfg.c **** #define CYCLOCKSTART_PLL_ERROR   3u
  85:.\Generated_Source\PSoC5/cyfitter_cfg.c **** 
  86:.\Generated_Source\PSoC5/cyfitter_cfg.c **** #ifdef CY_NEED_CYCLOCKSTARTUPERROR
  87:.\Generated_Source\PSoC5/cyfitter_cfg.c **** /*******************************************************************************
  88:.\Generated_Source\PSoC5/cyfitter_cfg.c **** * Function Name: CyClockStartupError
  89:.\Generated_Source\PSoC5/cyfitter_cfg.c **** ********************************************************************************
  90:.\Generated_Source\PSoC5/cyfitter_cfg.c **** * Summary:
  91:.\Generated_Source\PSoC5/cyfitter_cfg.c **** *  If an error is encountered during clock configuration (crystal startup error,
  92:.\Generated_Source\PSoC5/cyfitter_cfg.c **** *  PLL lock error, etc.), the system will end up here.  Unless reimplemented by
  93:.\Generated_Source\PSoC5/cyfitter_cfg.c **** *  the customer, this function will stop in an infinite loop.
  94:.\Generated_Source\PSoC5/cyfitter_cfg.c **** *
  95:.\Generated_Source\PSoC5/cyfitter_cfg.c **** * Parameters:
  96:.\Generated_Source\PSoC5/cyfitter_cfg.c **** *   void
  97:.\Generated_Source\PSoC5/cyfitter_cfg.c **** *
  98:.\Generated_Source\PSoC5/cyfitter_cfg.c **** * Return:
  99:.\Generated_Source\PSoC5/cyfitter_cfg.c **** *   void
ARM GAS  C:\Users\LocalAdmin\AppData\Local\Temp\cc3gOcxg.s 			page 5


 100:.\Generated_Source\PSoC5/cyfitter_cfg.c **** *
 101:.\Generated_Source\PSoC5/cyfitter_cfg.c **** *******************************************************************************/
 102:.\Generated_Source\PSoC5/cyfitter_cfg.c **** CY_CFG_UNUSED
 103:.\Generated_Source\PSoC5/cyfitter_cfg.c **** static void CyClockStartupError(uint8 errorCode);
 104:.\Generated_Source\PSoC5/cyfitter_cfg.c **** CY_CFG_UNUSED
 105:.\Generated_Source\PSoC5/cyfitter_cfg.c **** static void CyClockStartupError(uint8 errorCode)
 106:.\Generated_Source\PSoC5/cyfitter_cfg.c **** {
 130              		.loc 1 106 0
 131              		.cfi_startproc
 132              		@ args = 0, pretend = 0, frame = 8
 133              		@ frame_needed = 1, uses_anonymous_args = 0
 134              		@ link register save eliminated.
 135 0000 80B4     		push	{r7}
 136              		.cfi_def_cfa_offset 4
 137              		.cfi_offset 7, -4
 138 0002 83B0     		sub	sp, sp, #12
 139              		.cfi_def_cfa_offset 16
 140 0004 00AF     		add	r7, sp, #0
 141              		.cfi_def_cfa_register 7
 142 0006 0346     		mov	r3, r0
 143 0008 FB71     		strb	r3, [r7, #7]
 144              	.L5:
 107:.\Generated_Source\PSoC5/cyfitter_cfg.c ****     /* To remove the compiler warning if errorCode not used.                */
 108:.\Generated_Source\PSoC5/cyfitter_cfg.c ****     errorCode = errorCode;
 109:.\Generated_Source\PSoC5/cyfitter_cfg.c **** 
 110:.\Generated_Source\PSoC5/cyfitter_cfg.c ****     /* `#START CyClockStartupError` */
 111:.\Generated_Source\PSoC5/cyfitter_cfg.c **** 
 112:.\Generated_Source\PSoC5/cyfitter_cfg.c ****     /* If we have a clock startup error (bad MHz crystal, PLL lock, etc.),  */
 113:.\Generated_Source\PSoC5/cyfitter_cfg.c ****     /* we will end up here to allow the customer to implement something to  */
 114:.\Generated_Source\PSoC5/cyfitter_cfg.c ****     /* deal with the clock condition.                                       */
 115:.\Generated_Source\PSoC5/cyfitter_cfg.c **** 
 116:.\Generated_Source\PSoC5/cyfitter_cfg.c ****     /* `#END` */
 117:.\Generated_Source\PSoC5/cyfitter_cfg.c **** 
 118:.\Generated_Source\PSoC5/cyfitter_cfg.c ****     /* If nothing else, stop here since the clocks have not started         */
 119:.\Generated_Source\PSoC5/cyfitter_cfg.c ****     /* correctly.                                                           */
 120:.\Generated_Source\PSoC5/cyfitter_cfg.c ****     while(1) {}
 145              		.loc 1 120 0 discriminator 1
 146 000a FEE7     		b	.L5
 147              		.cfi_endproc
 148              	.LFE3:
 149              		.size	CyClockStartupError, .-CyClockStartupError
 150              		.section	.text.ClockSetup,"ax",%progbits
 151              		.align	2
 152              		.thumb
 153              		.thumb_func
 154              		.type	ClockSetup, %function
 155              	ClockSetup:
 156              	.LFB4:
 121:.\Generated_Source\PSoC5/cyfitter_cfg.c **** }
 122:.\Generated_Source\PSoC5/cyfitter_cfg.c **** #endif
 123:.\Generated_Source\PSoC5/cyfitter_cfg.c **** 
 124:.\Generated_Source\PSoC5/cyfitter_cfg.c **** /* IOPINS0_2 Address: CYREG_PRT2_DM0 Size (bytes): 8 */
 125:.\Generated_Source\PSoC5/cyfitter_cfg.c **** #define BS_IOPINS0_2_VAL ((const uint8 CYFAR *)0x48000000u)
 126:.\Generated_Source\PSoC5/cyfitter_cfg.c **** 
 127:.\Generated_Source\PSoC5/cyfitter_cfg.c **** 
 128:.\Generated_Source\PSoC5/cyfitter_cfg.c **** /*******************************************************************************
 129:.\Generated_Source\PSoC5/cyfitter_cfg.c **** * Function Name: ClockSetup
ARM GAS  C:\Users\LocalAdmin\AppData\Local\Temp\cc3gOcxg.s 			page 6


 130:.\Generated_Source\PSoC5/cyfitter_cfg.c **** ********************************************************************************
 131:.\Generated_Source\PSoC5/cyfitter_cfg.c **** *
 132:.\Generated_Source\PSoC5/cyfitter_cfg.c **** * Summary:
 133:.\Generated_Source\PSoC5/cyfitter_cfg.c **** *  Performs the initialization of all of the clocks in the device based on the
 134:.\Generated_Source\PSoC5/cyfitter_cfg.c **** *  settings in the Clock tab of the DWR.  This includes enabling the requested
 135:.\Generated_Source\PSoC5/cyfitter_cfg.c **** *  clocks and setting the necessary dividers to produce the desired frequency. 
 136:.\Generated_Source\PSoC5/cyfitter_cfg.c **** *
 137:.\Generated_Source\PSoC5/cyfitter_cfg.c **** * Parameters:
 138:.\Generated_Source\PSoC5/cyfitter_cfg.c **** *  void
 139:.\Generated_Source\PSoC5/cyfitter_cfg.c **** *
 140:.\Generated_Source\PSoC5/cyfitter_cfg.c **** * Return:
 141:.\Generated_Source\PSoC5/cyfitter_cfg.c **** *  void
 142:.\Generated_Source\PSoC5/cyfitter_cfg.c **** *
 143:.\Generated_Source\PSoC5/cyfitter_cfg.c **** *******************************************************************************/
 144:.\Generated_Source\PSoC5/cyfitter_cfg.c **** static void ClockSetup(void);
 145:.\Generated_Source\PSoC5/cyfitter_cfg.c **** static void ClockSetup(void)
 146:.\Generated_Source\PSoC5/cyfitter_cfg.c **** {
 157              		.loc 1 146 0
 158              		.cfi_startproc
 159              		@ args = 0, pretend = 0, frame = 8
 160              		@ frame_needed = 1, uses_anonymous_args = 0
 161 0000 80B5     		push	{r7, lr}
 162              		.cfi_def_cfa_offset 8
 163              		.cfi_offset 7, -8
 164              		.cfi_offset 14, -4
 165 0002 82B0     		sub	sp, sp, #8
 166              		.cfi_def_cfa_offset 16
 167 0004 00AF     		add	r7, sp, #0
 168              		.cfi_def_cfa_register 7
 147:.\Generated_Source\PSoC5/cyfitter_cfg.c **** 	uint32 timeout;
 148:.\Generated_Source\PSoC5/cyfitter_cfg.c **** 	uint8 pllLock;
 149:.\Generated_Source\PSoC5/cyfitter_cfg.c **** 
 150:.\Generated_Source\PSoC5/cyfitter_cfg.c **** 
 151:.\Generated_Source\PSoC5/cyfitter_cfg.c **** 	/* Configure ILO based on settings from Clock DWR */
 152:.\Generated_Source\PSoC5/cyfitter_cfg.c **** 	CY_SET_XTND_REG8((void CYFAR *)(CYREG_SLOWCLK_ILO_CR0), 0x02u);
 169              		.loc 1 152 0
 170 0006 294B     		ldr	r3, .L11
 171 0008 0222     		movs	r2, #2
 172 000a 1A70     		strb	r2, [r3]
 153:.\Generated_Source\PSoC5/cyfitter_cfg.c **** 	CY_SET_XTND_REG8((void CYFAR *)(CYREG_CLKDIST_CR), 0x08u);
 173              		.loc 1 153 0
 174 000c 4FF04023 		mov	r3, #1073758208
 175 0010 0822     		movs	r2, #8
 176 0012 1A70     		strb	r2, [r3]
 154:.\Generated_Source\PSoC5/cyfitter_cfg.c **** 
 155:.\Generated_Source\PSoC5/cyfitter_cfg.c **** 	/* Configure IMO based on settings from Clock DWR */
 156:.\Generated_Source\PSoC5/cyfitter_cfg.c **** 	CY_SET_XTND_REG8((void CYFAR *)(CYREG_FASTCLK_IMO_CR), 0x03u);
 177              		.loc 1 156 0
 178 0014 264B     		ldr	r3, .L11+4
 179 0016 0322     		movs	r2, #3
 180 0018 1A70     		strb	r2, [r3]
 157:.\Generated_Source\PSoC5/cyfitter_cfg.c **** 	CY_SET_XTND_REG8((void CYFAR *)(CYREG_IMO_TR1), (CY_GET_XTND_REG8((void CYFAR *)CYREG_FLSHID_CUST_
 181              		.loc 1 157 0
 182 001a 264B     		ldr	r3, .L11+8
 183 001c 264A     		ldr	r2, .L11+12
 184 001e 1278     		ldrb	r2, [r2]
 185 0020 D2B2     		uxtb	r2, r2
ARM GAS  C:\Users\LocalAdmin\AppData\Local\Temp\cc3gOcxg.s 			page 7


 186 0022 1A70     		strb	r2, [r3]
 158:.\Generated_Source\PSoC5/cyfitter_cfg.c **** 
 159:.\Generated_Source\PSoC5/cyfitter_cfg.c **** 	/* Configure PLL based on settings from Clock DWR */
 160:.\Generated_Source\PSoC5/cyfitter_cfg.c **** 	CY_SET_XTND_REG16((void CYFAR *)(CYREG_FASTCLK_PLL_P), 0x0008u);
 187              		.loc 1 160 0
 188 0024 254B     		ldr	r3, .L11+16
 189 0026 0822     		movs	r2, #8
 190 0028 1A80     		strh	r2, [r3]	@ movhi
 161:.\Generated_Source\PSoC5/cyfitter_cfg.c **** 	CY_SET_XTND_REG16((void CYFAR *)(CYREG_FASTCLK_PLL_CFG0), 0x1251u);
 191              		.loc 1 161 0
 192 002a 254B     		ldr	r3, .L11+20
 193 002c 41F25122 		movw	r2, #4689
 194 0030 1A80     		strh	r2, [r3]	@ movhi
 162:.\Generated_Source\PSoC5/cyfitter_cfg.c **** 	/* Wait up to 250us for the PLL to lock */
 163:.\Generated_Source\PSoC5/cyfitter_cfg.c **** 	pllLock = 0u;
 195              		.loc 1 163 0
 196 0032 0023     		movs	r3, #0
 197 0034 FB70     		strb	r3, [r7, #3]
 164:.\Generated_Source\PSoC5/cyfitter_cfg.c **** 	for (timeout = 250u / 10u; (timeout > 0u) && (pllLock != 0x03u); timeout--)
 198              		.loc 1 164 0
 199 0036 1923     		movs	r3, #25
 200 0038 7B60     		str	r3, [r7, #4]
 201 003a 14E0     		b	.L7
 202              	.L9:
 165:.\Generated_Source\PSoC5/cyfitter_cfg.c **** 	{ 
 166:.\Generated_Source\PSoC5/cyfitter_cfg.c **** 		pllLock = 0x03u & ((uint8)((uint8)pllLock << 1) | ((CY_GET_XTND_REG8((void CYFAR *)CYREG_FASTCLK_
 203              		.loc 1 166 0 discriminator 1
 204 003c FB78     		ldrb	r3, [r7, #3]
 205 003e 5B00     		lsls	r3, r3, #1
 206 0040 DAB2     		uxtb	r2, r3
 207 0042 204B     		ldr	r3, .L11+24
 208 0044 1B78     		ldrb	r3, [r3]
 209 0046 DBB2     		uxtb	r3, r3
 210 0048 03F00103 		and	r3, r3, #1
 211 004c DBB2     		uxtb	r3, r3
 212 004e 1343     		orrs	r3, r3, r2
 213 0050 DBB2     		uxtb	r3, r3
 214 0052 03F00303 		and	r3, r3, #3
 215 0056 FB70     		strb	r3, [r7, #3]
 167:.\Generated_Source\PSoC5/cyfitter_cfg.c **** 		CyDelayCycles(10u * 48u); /* Delay 10us based on 48MHz clock */
 216              		.loc 1 167 0 discriminator 1
 217 0058 4FF4F070 		mov	r0, #480
 218 005c FFF7FEFF 		bl	CyDelayCycles
 164:.\Generated_Source\PSoC5/cyfitter_cfg.c **** 	for (timeout = 250u / 10u; (timeout > 0u) && (pllLock != 0x03u); timeout--)
 219              		.loc 1 164 0 discriminator 1
 220 0060 7B68     		ldr	r3, [r7, #4]
 221 0062 013B     		subs	r3, r3, #1
 222 0064 7B60     		str	r3, [r7, #4]
 223              	.L7:
 224 0066 7B68     		ldr	r3, [r7, #4]
 225 0068 002B     		cmp	r3, #0
 226 006a 02D0     		beq	.L8
 164:.\Generated_Source\PSoC5/cyfitter_cfg.c **** 	for (timeout = 250u / 10u; (timeout > 0u) && (pllLock != 0x03u); timeout--)
 227              		.loc 1 164 0 is_stmt 0 discriminator 2
 228 006c FB78     		ldrb	r3, [r7, #3]	@ zero_extendqisi2
 229 006e 032B     		cmp	r3, #3
 230 0070 E4D1     		bne	.L9
ARM GAS  C:\Users\LocalAdmin\AppData\Local\Temp\cc3gOcxg.s 			page 8


 231              	.L8:
 168:.\Generated_Source\PSoC5/cyfitter_cfg.c **** 	}
 169:.\Generated_Source\PSoC5/cyfitter_cfg.c **** 	/* If we ran out of time the PLL didn't lock so go to the error function */
 170:.\Generated_Source\PSoC5/cyfitter_cfg.c **** 	if (timeout == 0u)
 232              		.loc 1 170 0 is_stmt 1
 233 0072 7B68     		ldr	r3, [r7, #4]
 234 0074 002B     		cmp	r3, #0
 235 0076 02D1     		bne	.L10
 171:.\Generated_Source\PSoC5/cyfitter_cfg.c **** 	{
 172:.\Generated_Source\PSoC5/cyfitter_cfg.c **** 		CyClockStartupError(CYCLOCKSTART_PLL_ERROR);
 236              		.loc 1 172 0
 237 0078 0320     		movs	r0, #3
 238 007a FFF7FEFF 		bl	CyClockStartupError
 239              	.L10:
 173:.\Generated_Source\PSoC5/cyfitter_cfg.c **** 	}
 174:.\Generated_Source\PSoC5/cyfitter_cfg.c **** 
 175:.\Generated_Source\PSoC5/cyfitter_cfg.c **** 	/* Configure Bus/Master Clock based on settings from Clock DWR */
 176:.\Generated_Source\PSoC5/cyfitter_cfg.c **** 	CY_SET_XTND_REG16((void CYFAR *)(CYREG_CLKDIST_MSTR0), 0x0100u);
 240              		.loc 1 176 0
 241 007e 124B     		ldr	r3, .L11+28
 242 0080 4FF48072 		mov	r2, #256
 243 0084 1A80     		strh	r2, [r3]	@ movhi
 177:.\Generated_Source\PSoC5/cyfitter_cfg.c **** 	CY_SET_XTND_REG8((void CYFAR *)(CYREG_CLKDIST_MSTR0), 0x07u);
 244              		.loc 1 177 0
 245 0086 104B     		ldr	r3, .L11+28
 246 0088 0722     		movs	r2, #7
 247 008a 1A70     		strb	r2, [r3]
 178:.\Generated_Source\PSoC5/cyfitter_cfg.c **** 	CY_SET_XTND_REG8((void CYFAR *)(CYREG_CLKDIST_BCFG0), 0x00u);
 248              		.loc 1 178 0
 249 008c 0F4B     		ldr	r3, .L11+32
 250 008e 0022     		movs	r2, #0
 251 0090 1A70     		strb	r2, [r3]
 179:.\Generated_Source\PSoC5/cyfitter_cfg.c **** 	CY_SET_XTND_REG8((void CYFAR *)(CYREG_CLKDIST_BCFG2), 0x48u);
 252              		.loc 1 179 0
 253 0092 0F4B     		ldr	r3, .L11+36
 254 0094 4822     		movs	r2, #72
 255 0096 1A70     		strb	r2, [r3]
 180:.\Generated_Source\PSoC5/cyfitter_cfg.c **** 	CY_SET_XTND_REG8((void CYFAR *)(CYREG_CLKDIST_MSTR0), 0x00u);
 256              		.loc 1 180 0
 257 0098 0B4B     		ldr	r3, .L11+28
 258 009a 0022     		movs	r2, #0
 259 009c 1A70     		strb	r2, [r3]
 181:.\Generated_Source\PSoC5/cyfitter_cfg.c **** 	CY_SET_XTND_REG8((void CYFAR *)(CYREG_CLKDIST_LD), 0x02u);
 260              		.loc 1 181 0
 261 009e 0D4B     		ldr	r3, .L11+40
 262 00a0 0222     		movs	r2, #2
 263 00a2 1A70     		strb	r2, [r3]
 182:.\Generated_Source\PSoC5/cyfitter_cfg.c **** }
 264              		.loc 1 182 0
 265 00a4 0837     		adds	r7, r7, #8
 266 00a6 BD46     		mov	sp, r7
 267              		@ sp needed
 268 00a8 80BD     		pop	{r7, pc}
 269              	.L12:
 270 00aa 00BF     		.align	2
 271              	.L11:
 272 00ac 00430040 		.word	1073758976
ARM GAS  C:\Users\LocalAdmin\AppData\Local\Temp\cc3gOcxg.s 			page 9


 273 00b0 00420040 		.word	1073758720
 274 00b4 A1460040 		.word	1073759905
 275 00b8 08010049 		.word	1224737032
 276 00bc 22420040 		.word	1073758754
 277 00c0 20420040 		.word	1073758752
 278 00c4 25420040 		.word	1073758757
 279 00c8 04400040 		.word	1073758212
 280 00cc 06400040 		.word	1073758214
 281 00d0 08400040 		.word	1073758216
 282 00d4 01400040 		.word	1073758209
 283              		.cfi_endproc
 284              	.LFE4:
 285              		.size	ClockSetup, .-ClockSetup
 286              		.section	.text.AnalogSetDefault,"ax",%progbits
 287              		.align	2
 288              		.thumb
 289              		.thumb_func
 290              		.type	AnalogSetDefault, %function
 291              	AnalogSetDefault:
 292              	.LFB5:
 183:.\Generated_Source\PSoC5/cyfitter_cfg.c **** 
 184:.\Generated_Source\PSoC5/cyfitter_cfg.c **** 
 185:.\Generated_Source\PSoC5/cyfitter_cfg.c **** /* Analog API Functions */
 186:.\Generated_Source\PSoC5/cyfitter_cfg.c **** 
 187:.\Generated_Source\PSoC5/cyfitter_cfg.c **** 
 188:.\Generated_Source\PSoC5/cyfitter_cfg.c **** /*******************************************************************************
 189:.\Generated_Source\PSoC5/cyfitter_cfg.c **** * Function Name: AnalogSetDefault
 190:.\Generated_Source\PSoC5/cyfitter_cfg.c **** ********************************************************************************
 191:.\Generated_Source\PSoC5/cyfitter_cfg.c **** *
 192:.\Generated_Source\PSoC5/cyfitter_cfg.c **** * Summary:
 193:.\Generated_Source\PSoC5/cyfitter_cfg.c **** *  Sets up the analog portions of the chip to default values based on chip
 194:.\Generated_Source\PSoC5/cyfitter_cfg.c **** *  configuration options from the project.
 195:.\Generated_Source\PSoC5/cyfitter_cfg.c **** *
 196:.\Generated_Source\PSoC5/cyfitter_cfg.c **** * Parameters:
 197:.\Generated_Source\PSoC5/cyfitter_cfg.c **** *  void
 198:.\Generated_Source\PSoC5/cyfitter_cfg.c **** *
 199:.\Generated_Source\PSoC5/cyfitter_cfg.c **** * Return:
 200:.\Generated_Source\PSoC5/cyfitter_cfg.c **** *  void
 201:.\Generated_Source\PSoC5/cyfitter_cfg.c **** *
 202:.\Generated_Source\PSoC5/cyfitter_cfg.c **** *******************************************************************************/
 203:.\Generated_Source\PSoC5/cyfitter_cfg.c **** static void AnalogSetDefault(void);
 204:.\Generated_Source\PSoC5/cyfitter_cfg.c **** static void AnalogSetDefault(void)
 205:.\Generated_Source\PSoC5/cyfitter_cfg.c **** {
 293              		.loc 1 205 0
 294              		.cfi_startproc
 295              		@ args = 0, pretend = 0, frame = 8
 296              		@ frame_needed = 1, uses_anonymous_args = 0
 297              		@ link register save eliminated.
 298 0000 80B4     		push	{r7}
 299              		.cfi_def_cfa_offset 4
 300              		.cfi_offset 7, -4
 301 0002 83B0     		sub	sp, sp, #12
 302              		.cfi_def_cfa_offset 16
 303 0004 00AF     		add	r7, sp, #0
 304              		.cfi_def_cfa_register 7
 206:.\Generated_Source\PSoC5/cyfitter_cfg.c **** 	uint8 bg_xover_inl_trim = CY_GET_XTND_REG8((void CYFAR *)(CYREG_FLSHID_MFG_CFG_BG_XOVER_INL_TRIM +
 305              		.loc 1 206 0
ARM GAS  C:\Users\LocalAdmin\AppData\Local\Temp\cc3gOcxg.s 			page 10


 306 0006 0B4B     		ldr	r3, .L14
 307 0008 1B78     		ldrb	r3, [r3]
 308 000a FB71     		strb	r3, [r7, #7]
 207:.\Generated_Source\PSoC5/cyfitter_cfg.c **** 	CY_SET_XTND_REG8((void CYFAR *)(CYREG_BG_DFT0), (bg_xover_inl_trim & 0x07u));
 309              		.loc 1 207 0
 310 000c 0A4B     		ldr	r3, .L14+4
 311 000e FA79     		ldrb	r2, [r7, #7]
 312 0010 02F00702 		and	r2, r2, #7
 313 0014 D2B2     		uxtb	r2, r2
 314 0016 1A70     		strb	r2, [r3]
 208:.\Generated_Source\PSoC5/cyfitter_cfg.c **** 	CY_SET_XTND_REG8((void CYFAR *)(CYREG_BG_DFT1), ((bg_xover_inl_trim >> 4) & 0x0Fu));
 315              		.loc 1 208 0
 316 0018 084B     		ldr	r3, .L14+8
 317 001a FA79     		ldrb	r2, [r7, #7]	@ zero_extendqisi2
 318 001c 1209     		lsrs	r2, r2, #4
 319 001e D2B2     		uxtb	r2, r2
 320 0020 1A70     		strb	r2, [r3]
 209:.\Generated_Source\PSoC5/cyfitter_cfg.c **** 	CY_SET_XTND_REG8((void CYFAR *)CYREG_PUMP_CR0, 0x44u);
 321              		.loc 1 209 0
 322 0022 074B     		ldr	r3, .L14+12
 323 0024 4422     		movs	r2, #68
 324 0026 1A70     		strb	r2, [r3]
 210:.\Generated_Source\PSoC5/cyfitter_cfg.c **** }
 325              		.loc 1 210 0
 326 0028 0C37     		adds	r7, r7, #12
 327 002a BD46     		mov	sp, r7
 328              		@ sp needed
 329 002c 5DF8047B 		ldr	r7, [sp], #4
 330 0030 7047     		bx	lr
 331              	.L15:
 332 0032 00BF     		.align	2
 333              	.L14:
 334 0034 CF010049 		.word	1224737231
 335 0038 6E580040 		.word	1073764462
 336 003c 6F580040 		.word	1073764463
 337 0040 76580040 		.word	1073764470
 338              		.cfi_endproc
 339              	.LFE5:
 340              		.size	AnalogSetDefault, .-AnalogSetDefault
 341              		.section	.text.SetAnalogRoutingPumps,"ax",%progbits
 342              		.align	2
 343              		.global	SetAnalogRoutingPumps
 344              		.thumb
 345              		.thumb_func
 346              		.type	SetAnalogRoutingPumps, %function
 347              	SetAnalogRoutingPumps:
 348              	.LFB6:
 211:.\Generated_Source\PSoC5/cyfitter_cfg.c **** 
 212:.\Generated_Source\PSoC5/cyfitter_cfg.c **** 
 213:.\Generated_Source\PSoC5/cyfitter_cfg.c **** /*******************************************************************************
 214:.\Generated_Source\PSoC5/cyfitter_cfg.c **** * Function Name: SetAnalogRoutingPumps
 215:.\Generated_Source\PSoC5/cyfitter_cfg.c **** ********************************************************************************
 216:.\Generated_Source\PSoC5/cyfitter_cfg.c **** *
 217:.\Generated_Source\PSoC5/cyfitter_cfg.c **** * Summary:
 218:.\Generated_Source\PSoC5/cyfitter_cfg.c **** * Enables or disables the analog pumps feeding analog routing switches.
 219:.\Generated_Source\PSoC5/cyfitter_cfg.c **** * Intended to be called at startup, based on the Vdda system configuration;
 220:.\Generated_Source\PSoC5/cyfitter_cfg.c **** * may be called during operation when the user informs us that the Vdda voltage
ARM GAS  C:\Users\LocalAdmin\AppData\Local\Temp\cc3gOcxg.s 			page 11


 221:.\Generated_Source\PSoC5/cyfitter_cfg.c **** * crossed the pump threshold.
 222:.\Generated_Source\PSoC5/cyfitter_cfg.c **** *
 223:.\Generated_Source\PSoC5/cyfitter_cfg.c **** * Parameters:
 224:.\Generated_Source\PSoC5/cyfitter_cfg.c **** *  enabled - 1 to enable the pumps, 0 to disable the pumps
 225:.\Generated_Source\PSoC5/cyfitter_cfg.c **** *
 226:.\Generated_Source\PSoC5/cyfitter_cfg.c **** * Return:
 227:.\Generated_Source\PSoC5/cyfitter_cfg.c **** *  void
 228:.\Generated_Source\PSoC5/cyfitter_cfg.c **** *
 229:.\Generated_Source\PSoC5/cyfitter_cfg.c **** *******************************************************************************/
 230:.\Generated_Source\PSoC5/cyfitter_cfg.c **** void SetAnalogRoutingPumps(uint8 enabled)
 231:.\Generated_Source\PSoC5/cyfitter_cfg.c **** {
 349              		.loc 1 231 0
 350              		.cfi_startproc
 351              		@ args = 0, pretend = 0, frame = 16
 352              		@ frame_needed = 1, uses_anonymous_args = 0
 353              		@ link register save eliminated.
 354 0000 80B4     		push	{r7}
 355              		.cfi_def_cfa_offset 4
 356              		.cfi_offset 7, -4
 357 0002 85B0     		sub	sp, sp, #20
 358              		.cfi_def_cfa_offset 24
 359 0004 00AF     		add	r7, sp, #0
 360              		.cfi_def_cfa_register 7
 361 0006 0346     		mov	r3, r0
 362 0008 FB71     		strb	r3, [r7, #7]
 232:.\Generated_Source\PSoC5/cyfitter_cfg.c **** 	uint8 regValue = CY_GET_XTND_REG8((void CYFAR *)CYREG_PUMP_CR0);
 363              		.loc 1 232 0
 364 000a 064B     		ldr	r3, .L19
 365 000c 1B78     		ldrb	r3, [r3]
 366 000e FB73     		strb	r3, [r7, #15]
 233:.\Generated_Source\PSoC5/cyfitter_cfg.c **** 	if (enabled != 0u)
 367              		.loc 1 233 0
 368 0010 FB79     		ldrb	r3, [r7, #7]	@ zero_extendqisi2
 369 0012 002B     		cmp	r3, #0
 234:.\Generated_Source\PSoC5/cyfitter_cfg.c **** 	{
 235:.\Generated_Source\PSoC5/cyfitter_cfg.c **** 		regValue |= 0x00u;
 236:.\Generated_Source\PSoC5/cyfitter_cfg.c **** 	}
 237:.\Generated_Source\PSoC5/cyfitter_cfg.c **** 	else
 238:.\Generated_Source\PSoC5/cyfitter_cfg.c **** 	{
 239:.\Generated_Source\PSoC5/cyfitter_cfg.c **** 		regValue &= (uint8)~0x00u;
 240:.\Generated_Source\PSoC5/cyfitter_cfg.c **** 	}
 241:.\Generated_Source\PSoC5/cyfitter_cfg.c **** 	CY_SET_XTND_REG8((void CYFAR *)CYREG_PUMP_CR0, regValue);
 370              		.loc 1 241 0
 371 0014 034B     		ldr	r3, .L19
 372 0016 FA7B     		ldrb	r2, [r7, #15]
 373 0018 1A70     		strb	r2, [r3]
 242:.\Generated_Source\PSoC5/cyfitter_cfg.c **** }
 374              		.loc 1 242 0
 375 001a 1437     		adds	r7, r7, #20
 376 001c BD46     		mov	sp, r7
 377              		@ sp needed
 378 001e 5DF8047B 		ldr	r7, [sp], #4
 379 0022 7047     		bx	lr
 380              	.L20:
 381              		.align	2
 382              	.L19:
 383 0024 76580040 		.word	1073764470
ARM GAS  C:\Users\LocalAdmin\AppData\Local\Temp\cc3gOcxg.s 			page 12


 384              		.cfi_endproc
 385              	.LFE6:
 386              		.size	SetAnalogRoutingPumps, .-SetAnalogRoutingPumps
 387              		.section	.text.cyfitter_cfg,"ax",%progbits
 388              		.align	2
 389              		.global	cyfitter_cfg
 390              		.thumb
 391              		.thumb_func
 392              		.type	cyfitter_cfg, %function
 393              	cyfitter_cfg:
 394              	.LFB7:
 243:.\Generated_Source\PSoC5/cyfitter_cfg.c **** 
 244:.\Generated_Source\PSoC5/cyfitter_cfg.c **** #define CY_AMUX_UNUSED CYREG_BOOST_SR
 245:.\Generated_Source\PSoC5/cyfitter_cfg.c **** 
 246:.\Generated_Source\PSoC5/cyfitter_cfg.c **** 
 247:.\Generated_Source\PSoC5/cyfitter_cfg.c **** /*******************************************************************************
 248:.\Generated_Source\PSoC5/cyfitter_cfg.c **** * Function Name: cyfitter_cfg
 249:.\Generated_Source\PSoC5/cyfitter_cfg.c **** ********************************************************************************
 250:.\Generated_Source\PSoC5/cyfitter_cfg.c **** * Summary:
 251:.\Generated_Source\PSoC5/cyfitter_cfg.c **** *  This function is called by the start-up code for the selected device. It
 252:.\Generated_Source\PSoC5/cyfitter_cfg.c **** *  performs all of the necessary device configuration based on the design
 253:.\Generated_Source\PSoC5/cyfitter_cfg.c **** *  settings.  This includes settings from the Design Wide Resources (DWR) such
 254:.\Generated_Source\PSoC5/cyfitter_cfg.c **** *  as Clocks and Pins as well as any component configuration that is necessary.
 255:.\Generated_Source\PSoC5/cyfitter_cfg.c **** *
 256:.\Generated_Source\PSoC5/cyfitter_cfg.c **** * Parameters:  
 257:.\Generated_Source\PSoC5/cyfitter_cfg.c **** *   void
 258:.\Generated_Source\PSoC5/cyfitter_cfg.c **** *
 259:.\Generated_Source\PSoC5/cyfitter_cfg.c **** * Return:
 260:.\Generated_Source\PSoC5/cyfitter_cfg.c **** *   void
 261:.\Generated_Source\PSoC5/cyfitter_cfg.c **** *
 262:.\Generated_Source\PSoC5/cyfitter_cfg.c **** *******************************************************************************/
 263:.\Generated_Source\PSoC5/cyfitter_cfg.c **** 
 264:.\Generated_Source\PSoC5/cyfitter_cfg.c **** void cyfitter_cfg(void)
 265:.\Generated_Source\PSoC5/cyfitter_cfg.c **** {
 395              		.loc 1 265 0
 396              		.cfi_startproc
 397              		@ args = 0, pretend = 0, frame = 8
 398              		@ frame_needed = 1, uses_anonymous_args = 0
 399 0000 80B5     		push	{r7, lr}
 400              		.cfi_def_cfa_offset 8
 401              		.cfi_offset 7, -8
 402              		.cfi_offset 14, -4
 403 0002 82B0     		sub	sp, sp, #8
 404              		.cfi_def_cfa_offset 16
 405 0004 00AF     		add	r7, sp, #0
 406              		.cfi_def_cfa_register 7
 266:.\Generated_Source\PSoC5/cyfitter_cfg.c **** #ifdef CYGlobalIntDisable
 267:.\Generated_Source\PSoC5/cyfitter_cfg.c **** 	/* Disable interrupts by default. Let user enable if/when they want. */
 268:.\Generated_Source\PSoC5/cyfitter_cfg.c **** 	CYGlobalIntDisable
 407              		.loc 1 268 0
 408              	@ 268 ".\Generated_Source\PSoC5\cyfitter_cfg.c" 1
 409 0006 72B6     		CPSID   i
 410              	@ 0 "" 2
 269:.\Generated_Source\PSoC5/cyfitter_cfg.c **** #endif
 270:.\Generated_Source\PSoC5/cyfitter_cfg.c **** 
 271:.\Generated_Source\PSoC5/cyfitter_cfg.c **** 	/* Enable/Disable Debug functionality based on settings from System DWR */
 272:.\Generated_Source\PSoC5/cyfitter_cfg.c **** 	CY_SET_XTND_REG8((void CYFAR *)CYREG_MLOGIC_DEBUG, (CY_GET_XTND_REG8((void CYFAR *)CYREG_MLOGIC_DE
ARM GAS  C:\Users\LocalAdmin\AppData\Local\Temp\cc3gOcxg.s 			page 13


 411              		.loc 1 272 0
 412              		.thumb
 413 0008 324B     		ldr	r3, .L24
 414 000a 324A     		ldr	r2, .L24
 415 000c 1278     		ldrb	r2, [r2]
 416 000e D2B2     		uxtb	r2, r2
 417 0010 42F00402 		orr	r2, r2, #4
 418 0014 D2B2     		uxtb	r2, r2
 419 0016 1A70     		strb	r2, [r3]
 420              	.LBB2:
 273:.\Generated_Source\PSoC5/cyfitter_cfg.c **** 
 274:.\Generated_Source\PSoC5/cyfitter_cfg.c **** 	{
 275:.\Generated_Source\PSoC5/cyfitter_cfg.c **** 
 276:.\Generated_Source\PSoC5/cyfitter_cfg.c **** 		CYPACKED typedef struct {
 277:.\Generated_Source\PSoC5/cyfitter_cfg.c **** 			void CYFAR *address;
 278:.\Generated_Source\PSoC5/cyfitter_cfg.c **** 			uint16 size;
 279:.\Generated_Source\PSoC5/cyfitter_cfg.c **** 		} CYPACKED_ATTR cfg_memset_t;
 280:.\Generated_Source\PSoC5/cyfitter_cfg.c **** 
 281:.\Generated_Source\PSoC5/cyfitter_cfg.c **** 		static const cfg_memset_t CYCODE cfg_memset_list [] = {
 282:.\Generated_Source\PSoC5/cyfitter_cfg.c **** 			/* address, size */
 283:.\Generated_Source\PSoC5/cyfitter_cfg.c **** 			{(void CYFAR *)(CYREG_PRT0_DR), 32u},
 284:.\Generated_Source\PSoC5/cyfitter_cfg.c **** 			{(void CYFAR *)(CYREG_PRT3_DR), 64u},
 285:.\Generated_Source\PSoC5/cyfitter_cfg.c **** 			{(void CYFAR *)(CYREG_PRT12_DR), 16u},
 286:.\Generated_Source\PSoC5/cyfitter_cfg.c **** 			{(void CYFAR *)(CYREG_PRT15_DR), 16u},
 287:.\Generated_Source\PSoC5/cyfitter_cfg.c **** 			{(void CYFAR *)(CYDEV_UCFG_B0_P0_U0_BASE), 4096u},
 288:.\Generated_Source\PSoC5/cyfitter_cfg.c **** 			{(void CYFAR *)(CYDEV_UCFG_B1_P2_U0_BASE), 2048u},
 289:.\Generated_Source\PSoC5/cyfitter_cfg.c **** 			{(void CYFAR *)(CYDEV_UCFG_DSI0_BASE), 2560u},
 290:.\Generated_Source\PSoC5/cyfitter_cfg.c **** 			{(void CYFAR *)(CYDEV_UCFG_DSI12_BASE), 512u},
 291:.\Generated_Source\PSoC5/cyfitter_cfg.c **** 			{(void CYFAR *)(CYREG_BCTL0_MDCLK_EN), 32u},
 292:.\Generated_Source\PSoC5/cyfitter_cfg.c **** 		};
 293:.\Generated_Source\PSoC5/cyfitter_cfg.c **** 
 294:.\Generated_Source\PSoC5/cyfitter_cfg.c **** 		uint8 CYDATA i;
 295:.\Generated_Source\PSoC5/cyfitter_cfg.c **** 
 296:.\Generated_Source\PSoC5/cyfitter_cfg.c **** 		/* Zero out critical memory blocks before beginning configuration */
 297:.\Generated_Source\PSoC5/cyfitter_cfg.c **** 		for (i = 0u; i < (sizeof(cfg_memset_list)/sizeof(cfg_memset_list[0])); i++)
 421              		.loc 1 297 0
 422 0018 0023     		movs	r3, #0
 423 001a FB71     		strb	r3, [r7, #7]
 424 001c 13E0     		b	.L22
 425              	.L23:
 426              	.LBB3:
 298:.\Generated_Source\PSoC5/cyfitter_cfg.c **** 		{
 299:.\Generated_Source\PSoC5/cyfitter_cfg.c **** 			const cfg_memset_t CYCODE * CYDATA ms = &cfg_memset_list[i];
 427              		.loc 1 299 0 discriminator 2
 428 001e FA79     		ldrb	r2, [r7, #7]	@ zero_extendqisi2
 429 0020 1346     		mov	r3, r2
 430 0022 5B00     		lsls	r3, r3, #1
 431 0024 1344     		add	r3, r3, r2
 432 0026 5B00     		lsls	r3, r3, #1
 433 0028 2B4A     		ldr	r2, .L24+4
 434 002a 1344     		add	r3, r3, r2
 435 002c 3B60     		str	r3, [r7]
 300:.\Generated_Source\PSoC5/cyfitter_cfg.c **** 			CYMEMZERO(ms->address, (size_t)(uint32)(ms->size));
 436              		.loc 1 300 0 discriminator 2
 437 002e 3B68     		ldr	r3, [r7]
 438 0030 1A68     		ldr	r2, [r3]	@ unaligned
 439 0032 3B68     		ldr	r3, [r7]
ARM GAS  C:\Users\LocalAdmin\AppData\Local\Temp\cc3gOcxg.s 			page 14


 440 0034 9B88     		ldrh	r3, [r3, #4]	@ unaligned
 441 0036 9BB2     		uxth	r3, r3
 442 0038 1046     		mov	r0, r2
 443 003a 1946     		mov	r1, r3
 444 003c FFF7FEFF 		bl	CYMEMZERO
 445              	.LBE3:
 297:.\Generated_Source\PSoC5/cyfitter_cfg.c **** 		for (i = 0u; i < (sizeof(cfg_memset_list)/sizeof(cfg_memset_list[0])); i++)
 446              		.loc 1 297 0 discriminator 2
 447 0040 FB79     		ldrb	r3, [r7, #7]	@ zero_extendqisi2
 448 0042 0133     		adds	r3, r3, #1
 449 0044 FB71     		strb	r3, [r7, #7]
 450              	.L22:
 297:.\Generated_Source\PSoC5/cyfitter_cfg.c **** 		for (i = 0u; i < (sizeof(cfg_memset_list)/sizeof(cfg_memset_list[0])); i++)
 451              		.loc 1 297 0 is_stmt 0 discriminator 1
 452 0046 FB79     		ldrb	r3, [r7, #7]	@ zero_extendqisi2
 453 0048 082B     		cmp	r3, #8
 454 004a E8D9     		bls	.L23
 301:.\Generated_Source\PSoC5/cyfitter_cfg.c **** 		}
 302:.\Generated_Source\PSoC5/cyfitter_cfg.c **** 
 303:.\Generated_Source\PSoC5/cyfitter_cfg.c **** 		/* Enable digital routing */
 304:.\Generated_Source\PSoC5/cyfitter_cfg.c **** 		CY_SET_XTND_REG8((void CYFAR *)CYREG_BCTL0_BANK_CTL, CY_GET_XTND_REG8((void CYFAR *)CYREG_BCTL0_B
 455              		.loc 1 304 0 is_stmt 1
 456 004c 234B     		ldr	r3, .L24+8
 457 004e 234A     		ldr	r2, .L24+8
 458 0050 1278     		ldrb	r2, [r2]
 459 0052 D2B2     		uxtb	r2, r2
 460 0054 42F00202 		orr	r2, r2, #2
 461 0058 D2B2     		uxtb	r2, r2
 462 005a 1A70     		strb	r2, [r3]
 305:.\Generated_Source\PSoC5/cyfitter_cfg.c **** 		CY_SET_XTND_REG8((void CYFAR *)CYREG_BCTL1_BANK_CTL, CY_GET_XTND_REG8((void CYFAR *)CYREG_BCTL1_B
 463              		.loc 1 305 0
 464 005c 204B     		ldr	r3, .L24+12
 465 005e 204A     		ldr	r2, .L24+12
 466 0060 1278     		ldrb	r2, [r2]
 467 0062 D2B2     		uxtb	r2, r2
 468 0064 42F00202 		orr	r2, r2, #2
 469 0068 D2B2     		uxtb	r2, r2
 470 006a 1A70     		strb	r2, [r3]
 306:.\Generated_Source\PSoC5/cyfitter_cfg.c **** 
 307:.\Generated_Source\PSoC5/cyfitter_cfg.c **** 		/* Enable UDB array */
 308:.\Generated_Source\PSoC5/cyfitter_cfg.c **** 		CY_SET_XTND_REG8((void CYFAR *)CYREG_PM_ACT_CFG0, CY_GET_XTND_REG8((void CYFAR *)CYREG_PM_ACT_CFG
 471              		.loc 1 308 0
 472 006c 1D4B     		ldr	r3, .L24+16
 473 006e 1D4A     		ldr	r2, .L24+16
 474 0070 1278     		ldrb	r2, [r2]
 475 0072 D2B2     		uxtb	r2, r2
 476 0074 42F04002 		orr	r2, r2, #64
 477 0078 D2B2     		uxtb	r2, r2
 478 007a 1A70     		strb	r2, [r3]
 309:.\Generated_Source\PSoC5/cyfitter_cfg.c **** 		CY_SET_XTND_REG8((void CYFAR *)CYREG_PM_AVAIL_CR2, CY_GET_XTND_REG8((void CYFAR *)CYREG_PM_AVAIL_
 479              		.loc 1 309 0
 480 007c 1A4B     		ldr	r3, .L24+20
 481 007e 1A4A     		ldr	r2, .L24+20
 482 0080 1278     		ldrb	r2, [r2]
 483 0082 D2B2     		uxtb	r2, r2
 484 0084 42F01002 		orr	r2, r2, #16
 485 0088 D2B2     		uxtb	r2, r2
ARM GAS  C:\Users\LocalAdmin\AppData\Local\Temp\cc3gOcxg.s 			page 15


 486 008a 1A70     		strb	r2, [r3]
 487              	.LBE2:
 310:.\Generated_Source\PSoC5/cyfitter_cfg.c **** 	}
 311:.\Generated_Source\PSoC5/cyfitter_cfg.c **** 
 312:.\Generated_Source\PSoC5/cyfitter_cfg.c **** 	/* Perform second pass device configuration. These items must be configured in specific order afte
 313:.\Generated_Source\PSoC5/cyfitter_cfg.c **** 	CYCONFIGCPY((void CYFAR *)(CYREG_PRT2_DM0), (const void CYFAR *)(BS_IOPINS0_2_VAL), 8u);
 488              		.loc 1 313 0
 489 008c 1748     		ldr	r0, .L24+24
 490 008e 4FF09041 		mov	r1, #1207959552
 491 0092 0822     		movs	r2, #8
 492 0094 FFF7FEFF 		bl	CYCONFIGCPY
 314:.\Generated_Source\PSoC5/cyfitter_cfg.c **** 
 315:.\Generated_Source\PSoC5/cyfitter_cfg.c **** 	/* Switch Boost to the precision bandgap reference from its internal reference */
 316:.\Generated_Source\PSoC5/cyfitter_cfg.c **** 	CY_SET_REG8((void CYXDATA *)CYREG_BOOST_CR2, (CY_GET_REG8((void CYXDATA *)CYREG_BOOST_CR2) | 0x08u
 493              		.loc 1 316 0
 494 0098 154B     		ldr	r3, .L24+28
 495 009a 154A     		ldr	r2, .L24+28
 496 009c 1278     		ldrb	r2, [r2]
 497 009e D2B2     		uxtb	r2, r2
 498 00a0 42F00802 		orr	r2, r2, #8
 499 00a4 D2B2     		uxtb	r2, r2
 500 00a6 1A70     		strb	r2, [r3]
 317:.\Generated_Source\PSoC5/cyfitter_cfg.c **** 
 318:.\Generated_Source\PSoC5/cyfitter_cfg.c **** 	/* Set Flash Cycles based on max possible frequency in case a glitch occurs during ClockSetup(). *
 319:.\Generated_Source\PSoC5/cyfitter_cfg.c **** 	CY_SET_XTND_REG8((void CYFAR *)(CYREG_CACHE_CC_CTL), (((CYDEV_INSTRUCT_CACHE_ENABLED) != 0) ? 0x61
 501              		.loc 1 319 0
 502 00a8 124B     		ldr	r3, .L24+32
 503 00aa 6122     		movs	r2, #97
 504 00ac 1A70     		strb	r2, [r3]
 320:.\Generated_Source\PSoC5/cyfitter_cfg.c **** 	/* Setup clocks based on selections from Clock DWR */
 321:.\Generated_Source\PSoC5/cyfitter_cfg.c **** 	ClockSetup();
 505              		.loc 1 321 0
 506 00ae FFF7FEFF 		bl	ClockSetup
 322:.\Generated_Source\PSoC5/cyfitter_cfg.c **** 	/* Set Flash Cycles based on newly configured 24.00MHz Bus Clock. */
 323:.\Generated_Source\PSoC5/cyfitter_cfg.c **** 	CY_SET_XTND_REG8((void CYFAR *)(CYREG_CACHE_CC_CTL), (((CYDEV_INSTRUCT_CACHE_ENABLED) != 0) ? 0x81
 507              		.loc 1 323 0
 508 00b2 104B     		ldr	r3, .L24+32
 509 00b4 8122     		movs	r2, #129
 510 00b6 1A70     		strb	r2, [r3]
 324:.\Generated_Source\PSoC5/cyfitter_cfg.c **** 	CY_SET_XTND_REG8((void CYFAR *)(CYREG_PANTHER_WAITPIPE), 0x01u);
 511              		.loc 1 324 0
 512 00b8 0F4B     		ldr	r3, .L24+36
 513 00ba 0122     		movs	r2, #1
 514 00bc 1A70     		strb	r2, [r3]
 325:.\Generated_Source\PSoC5/cyfitter_cfg.c **** 
 326:.\Generated_Source\PSoC5/cyfitter_cfg.c **** 	/* Perform basic analog initialization to defaults */
 327:.\Generated_Source\PSoC5/cyfitter_cfg.c **** 	AnalogSetDefault();
 515              		.loc 1 327 0
 516 00be FFF7FEFF 		bl	AnalogSetDefault
 328:.\Generated_Source\PSoC5/cyfitter_cfg.c **** 
 329:.\Generated_Source\PSoC5/cyfitter_cfg.c **** 	/* Configure alternate active mode */
 330:.\Generated_Source\PSoC5/cyfitter_cfg.c **** 	CYCONFIGCPY((void CYFAR *)CYDEV_PM_STBY_BASE, (const void CYFAR *)CYDEV_PM_ACT_BASE, 14u);
 517              		.loc 1 330 0
 518 00c2 0E48     		ldr	r0, .L24+40
 519 00c4 0749     		ldr	r1, .L24+16
 520 00c6 0E22     		movs	r2, #14
 521 00c8 FFF7FEFF 		bl	CYCONFIGCPY
ARM GAS  C:\Users\LocalAdmin\AppData\Local\Temp\cc3gOcxg.s 			page 16


 331:.\Generated_Source\PSoC5/cyfitter_cfg.c **** }
 522              		.loc 1 331 0
 523 00cc 0837     		adds	r7, r7, #8
 524 00ce BD46     		mov	sp, r7
 525              		@ sp needed
 526 00d0 80BD     		pop	{r7, pc}
 527              	.L25:
 528 00d2 00BF     		.align	2
 529              	.L24:
 530 00d4 E8460040 		.word	1073759976
 531 00d8 00000000 		.word	cfg_memset_list.4858
 532 00dc 03500140 		.word	1073827843
 533 00e0 13500140 		.word	1073827859
 534 00e4 A0430040 		.word	1073759136
 535 00e8 C2430040 		.word	1073759170
 536 00ec 22510040 		.word	1073762594
 537 00f0 22430040 		.word	1073759010
 538 00f4 00480040 		.word	1073760256
 539 00f8 04000840 		.word	1074266116
 540 00fc B0430040 		.word	1073759152
 541              		.cfi_endproc
 542              	.LFE7:
 543              		.size	cyfitter_cfg, .-cyfitter_cfg
 544              		.section	.rodata
 545              		.align	2
 546              		.type	cfg_memset_list.4858, %object
 547              		.size	cfg_memset_list.4858, 54
 548              	cfg_memset_list.4858:
 549 0000 00510040 		.word	1073762560
 550 0004 2000     		.short	32
 551 0006 30510040 		.4byte	1073762608
 552 000a 4000     		.short	64
 553 000c C0510040 		.word	1073762752
 554 0010 1000     		.short	16
 555 0012 F0510040 		.4byte	1073762800
 556 0016 1000     		.short	16
 557 0018 00000140 		.word	1073807360
 558 001c 0010     		.short	4096
 559 001e 00140140 		.4byte	1073812480
 560 0022 0008     		.short	2048
 561 0024 00400140 		.word	1073823744
 562 0028 000A     		.short	2560
 563 002a 004C0140 		.4byte	1073826816
 564 002e 0002     		.short	512
 565 0030 00500140 		.word	1073827840
 566 0034 2000     		.short	32
 567 0036 0000     		.text
 568              	.Letext0:
 569              		.file 2 "c:\\program files (x86)\\cypress\\psoc creator\\3.1\\psoc creator\\import\\gnu_cs\\arm\\4
 570              		.file 3 ".\\Generated_Source\\PSoC5/cytypes.h"
 571              		.section	.debug_info,"",%progbits
 572              	.Ldebug_info0:
 573 0000 D5020000 		.4byte	0x2d5
 574 0004 0400     		.2byte	0x4
 575 0006 00000000 		.4byte	.Ldebug_abbrev0
 576 000a 04       		.byte	0x4
 577 000b 01       		.uleb128 0x1
ARM GAS  C:\Users\LocalAdmin\AppData\Local\Temp\cc3gOcxg.s 			page 17


 578 000c 86010000 		.4byte	.LASF36
 579 0010 01       		.byte	0x1
 580 0011 38020000 		.4byte	.LASF37
 581 0015 C5000000 		.4byte	.LASF38
 582 0019 00000000 		.4byte	.Ldebug_ranges0+0
 583 001d 00000000 		.4byte	0
 584 0021 00000000 		.4byte	.Ldebug_line0
 585 0025 02       		.uleb128 0x2
 586 0026 04       		.byte	0x4
 587 0027 05       		.byte	0x5
 588 0028 696E7400 		.ascii	"int\000"
 589 002c 03       		.uleb128 0x3
 590 002d 06000000 		.4byte	.LASF11
 591 0031 02       		.byte	0x2
 592 0032 D4       		.byte	0xd4
 593 0033 37000000 		.4byte	0x37
 594 0037 04       		.uleb128 0x4
 595 0038 04       		.byte	0x4
 596 0039 07       		.byte	0x7
 597 003a 5A010000 		.4byte	.LASF0
 598 003e 04       		.uleb128 0x4
 599 003f 01       		.byte	0x1
 600 0040 06       		.byte	0x6
 601 0041 88020000 		.4byte	.LASF1
 602 0045 04       		.uleb128 0x4
 603 0046 01       		.byte	0x1
 604 0047 08       		.byte	0x8
 605 0048 20010000 		.4byte	.LASF2
 606 004c 04       		.uleb128 0x4
 607 004d 02       		.byte	0x2
 608 004e 05       		.byte	0x5
 609 004f 2E020000 		.4byte	.LASF3
 610 0053 04       		.uleb128 0x4
 611 0054 02       		.byte	0x2
 612 0055 07       		.byte	0x7
 613 0056 49000000 		.4byte	.LASF4
 614 005a 04       		.uleb128 0x4
 615 005b 04       		.byte	0x4
 616 005c 05       		.byte	0x5
 617 005d 68020000 		.4byte	.LASF5
 618 0061 04       		.uleb128 0x4
 619 0062 04       		.byte	0x4
 620 0063 07       		.byte	0x7
 621 0064 8D000000 		.4byte	.LASF6
 622 0068 04       		.uleb128 0x4
 623 0069 08       		.byte	0x8
 624 006a 05       		.byte	0x5
 625 006b 18020000 		.4byte	.LASF7
 626 006f 04       		.uleb128 0x4
 627 0070 08       		.byte	0x8
 628 0071 07       		.byte	0x7
 629 0072 6F010000 		.4byte	.LASF8
 630 0076 04       		.uleb128 0x4
 631 0077 04       		.byte	0x4
 632 0078 07       		.byte	0x7
 633 0079 0F020000 		.4byte	.LASF9
 634 007d 05       		.uleb128 0x5
ARM GAS  C:\Users\LocalAdmin\AppData\Local\Temp\cc3gOcxg.s 			page 18


 635 007e 04       		.byte	0x4
 636 007f 04       		.uleb128 0x4
 637 0080 01       		.byte	0x1
 638 0081 08       		.byte	0x8
 639 0082 71020000 		.4byte	.LASF10
 640 0086 03       		.uleb128 0x3
 641 0087 9F000000 		.4byte	.LASF12
 642 008b 03       		.byte	0x3
 643 008c A1       		.byte	0xa1
 644 008d 45000000 		.4byte	0x45
 645 0091 03       		.uleb128 0x3
 646 0092 42010000 		.4byte	.LASF13
 647 0096 03       		.byte	0x3
 648 0097 A2       		.byte	0xa2
 649 0098 53000000 		.4byte	0x53
 650 009c 03       		.uleb128 0x3
 651 009d 53010000 		.4byte	.LASF14
 652 00a1 03       		.byte	0x3
 653 00a2 A3       		.byte	0xa3
 654 00a3 61000000 		.4byte	0x61
 655 00a7 04       		.uleb128 0x4
 656 00a8 04       		.byte	0x4
 657 00a9 04       		.byte	0x4
 658 00aa 64000000 		.4byte	.LASF15
 659 00ae 04       		.uleb128 0x4
 660 00af 08       		.byte	0x8
 661 00b0 04       		.byte	0x4
 662 00b1 2E010000 		.4byte	.LASF16
 663 00b5 06       		.uleb128 0x6
 664 00b6 88000000 		.4byte	.LASF17
 665 00ba 03       		.byte	0x3
 666 00bb 4B01     		.2byte	0x14b
 667 00bd C1000000 		.4byte	0xc1
 668 00c1 07       		.uleb128 0x7
 669 00c2 86000000 		.4byte	0x86
 670 00c6 06       		.uleb128 0x6
 671 00c7 00000000 		.4byte	.LASF18
 672 00cb 03       		.byte	0x3
 673 00cc 4C01     		.2byte	0x14c
 674 00ce D2000000 		.4byte	0xd2
 675 00d2 07       		.uleb128 0x7
 676 00d3 91000000 		.4byte	0x91
 677 00d7 08       		.uleb128 0x8
 678 00d8 A5000000 		.4byte	.LASF19
 679 00dc 01       		.byte	0x1
 680 00dd 3B       		.byte	0x3b
 681 00de 00000000 		.4byte	.LFB0
 682 00e2 1A000000 		.4byte	.LFE0-.LFB0
 683 00e6 01       		.uleb128 0x1
 684 00e7 9C       		.byte	0x9c
 685 00e8 05010000 		.4byte	0x105
 686 00ec 09       		.uleb128 0x9
 687 00ed 7300     		.ascii	"s\000"
 688 00ef 01       		.byte	0x1
 689 00f0 3B       		.byte	0x3b
 690 00f1 7D000000 		.4byte	0x7d
 691 00f5 02       		.uleb128 0x2
ARM GAS  C:\Users\LocalAdmin\AppData\Local\Temp\cc3gOcxg.s 			page 19


 692 00f6 91       		.byte	0x91
 693 00f7 74       		.sleb128 -12
 694 00f8 09       		.uleb128 0x9
 695 00f9 6E00     		.ascii	"n\000"
 696 00fb 01       		.byte	0x1
 697 00fc 3B       		.byte	0x3b
 698 00fd 2C000000 		.4byte	0x2c
 699 0101 02       		.uleb128 0x2
 700 0102 91       		.byte	0x91
 701 0103 70       		.sleb128 -16
 702 0104 00       		.byte	0
 703 0105 08       		.uleb128 0x8
 704 0106 9D020000 		.4byte	.LASF20
 705 010a 01       		.byte	0x1
 706 010b 42       		.byte	0x42
 707 010c 00000000 		.4byte	.LFB1
 708 0110 1C000000 		.4byte	.LFE1-.LFB1
 709 0114 01       		.uleb128 0x1
 710 0115 9C       		.byte	0x9c
 711 0116 43010000 		.4byte	0x143
 712 011a 0A       		.uleb128 0xa
 713 011b 7E000000 		.4byte	.LASF21
 714 011f 01       		.byte	0x1
 715 0120 42       		.byte	0x42
 716 0121 7D000000 		.4byte	0x7d
 717 0125 02       		.uleb128 0x2
 718 0126 91       		.byte	0x91
 719 0127 74       		.sleb128 -12
 720 0128 09       		.uleb128 0x9
 721 0129 73726300 		.ascii	"src\000"
 722 012d 01       		.byte	0x1
 723 012e 42       		.byte	0x42
 724 012f 43010000 		.4byte	0x143
 725 0133 02       		.uleb128 0x2
 726 0134 91       		.byte	0x91
 727 0135 70       		.sleb128 -16
 728 0136 09       		.uleb128 0x9
 729 0137 6E00     		.ascii	"n\000"
 730 0139 01       		.byte	0x1
 731 013a 42       		.byte	0x42
 732 013b 2C000000 		.4byte	0x2c
 733 013f 02       		.uleb128 0x2
 734 0140 91       		.byte	0x91
 735 0141 6C       		.sleb128 -20
 736 0142 00       		.byte	0
 737 0143 0B       		.uleb128 0xb
 738 0144 04       		.byte	0x4
 739 0145 49010000 		.4byte	0x149
 740 0149 0C       		.uleb128 0xc
 741 014a 08       		.uleb128 0x8
 742 014b 2E000000 		.4byte	.LASF22
 743 014f 01       		.byte	0x1
 744 0150 49       		.byte	0x49
 745 0151 00000000 		.4byte	.LFB2
 746 0155 1C000000 		.4byte	.LFE2-.LFB2
 747 0159 01       		.uleb128 0x1
 748 015a 9C       		.byte	0x9c
ARM GAS  C:\Users\LocalAdmin\AppData\Local\Temp\cc3gOcxg.s 			page 20


 749 015b 88010000 		.4byte	0x188
 750 015f 0A       		.uleb128 0xa
 751 0160 7E000000 		.4byte	.LASF21
 752 0164 01       		.byte	0x1
 753 0165 49       		.byte	0x49
 754 0166 7D000000 		.4byte	0x7d
 755 016a 02       		.uleb128 0x2
 756 016b 91       		.byte	0x91
 757 016c 74       		.sleb128 -12
 758 016d 09       		.uleb128 0x9
 759 016e 73726300 		.ascii	"src\000"
 760 0172 01       		.byte	0x1
 761 0173 49       		.byte	0x49
 762 0174 43010000 		.4byte	0x143
 763 0178 02       		.uleb128 0x2
 764 0179 91       		.byte	0x91
 765 017a 70       		.sleb128 -16
 766 017b 09       		.uleb128 0x9
 767 017c 6E00     		.ascii	"n\000"
 768 017e 01       		.byte	0x1
 769 017f 49       		.byte	0x49
 770 0180 2C000000 		.4byte	0x2c
 771 0184 02       		.uleb128 0x2
 772 0185 91       		.byte	0x91
 773 0186 6C       		.sleb128 -20
 774 0187 00       		.byte	0
 775 0188 0D       		.uleb128 0xd
 776 0189 6A000000 		.4byte	.LASF23
 777 018d 01       		.byte	0x1
 778 018e 69       		.byte	0x69
 779 018f 00000000 		.4byte	.LFB3
 780 0193 0C000000 		.4byte	.LFE3-.LFB3
 781 0197 01       		.uleb128 0x1
 782 0198 9C       		.byte	0x9c
 783 0199 AC010000 		.4byte	0x1ac
 784 019d 0A       		.uleb128 0xa
 785 019e 49010000 		.4byte	.LASF24
 786 01a2 01       		.byte	0x1
 787 01a3 69       		.byte	0x69
 788 01a4 86000000 		.4byte	0x86
 789 01a8 02       		.uleb128 0x2
 790 01a9 91       		.byte	0x91
 791 01aa 77       		.sleb128 -9
 792 01ab 00       		.byte	0
 793 01ac 08       		.uleb128 0x8
 794 01ad 3E000000 		.4byte	.LASF25
 795 01b1 01       		.byte	0x1
 796 01b2 91       		.byte	0x91
 797 01b3 00000000 		.4byte	.LFB4
 798 01b7 D8000000 		.4byte	.LFE4-.LFB4
 799 01bb 01       		.uleb128 0x1
 800 01bc 9C       		.byte	0x9c
 801 01bd DE010000 		.4byte	0x1de
 802 01c1 0E       		.uleb128 0xe
 803 01c2 26020000 		.4byte	.LASF26
 804 01c6 01       		.byte	0x1
 805 01c7 93       		.byte	0x93
ARM GAS  C:\Users\LocalAdmin\AppData\Local\Temp\cc3gOcxg.s 			page 21


 806 01c8 9C000000 		.4byte	0x9c
 807 01cc 02       		.uleb128 0x2
 808 01cd 91       		.byte	0x91
 809 01ce 74       		.sleb128 -12
 810 01cf 0E       		.uleb128 0xe
 811 01d0 5C000000 		.4byte	.LASF27
 812 01d4 01       		.byte	0x1
 813 01d5 94       		.byte	0x94
 814 01d6 86000000 		.4byte	0x86
 815 01da 02       		.uleb128 0x2
 816 01db 91       		.byte	0x91
 817 01dc 73       		.sleb128 -13
 818 01dd 00       		.byte	0
 819 01de 0D       		.uleb128 0xd
 820 01df 0D000000 		.4byte	.LASF28
 821 01e3 01       		.byte	0x1
 822 01e4 CC       		.byte	0xcc
 823 01e5 00000000 		.4byte	.LFB5
 824 01e9 44000000 		.4byte	.LFE5-.LFB5
 825 01ed 01       		.uleb128 0x1
 826 01ee 9C       		.byte	0x9c
 827 01ef 02020000 		.4byte	0x202
 828 01f3 0E       		.uleb128 0xe
 829 01f4 76020000 		.4byte	.LASF29
 830 01f8 01       		.byte	0x1
 831 01f9 CE       		.byte	0xce
 832 01fa 86000000 		.4byte	0x86
 833 01fe 02       		.uleb128 0x2
 834 01ff 91       		.byte	0x91
 835 0200 77       		.sleb128 -9
 836 0201 00       		.byte	0
 837 0202 0F       		.uleb128 0xf
 838 0203 AF000000 		.4byte	.LASF39
 839 0207 01       		.byte	0x1
 840 0208 E6       		.byte	0xe6
 841 0209 00000000 		.4byte	.LFB6
 842 020d 28000000 		.4byte	.LFE6-.LFB6
 843 0211 01       		.uleb128 0x1
 844 0212 9C       		.byte	0x9c
 845 0213 34020000 		.4byte	0x234
 846 0217 0A       		.uleb128 0xa
 847 0218 60020000 		.4byte	.LASF30
 848 021c 01       		.byte	0x1
 849 021d E6       		.byte	0xe6
 850 021e 86000000 		.4byte	0x86
 851 0222 02       		.uleb128 0x2
 852 0223 91       		.byte	0x91
 853 0224 6F       		.sleb128 -17
 854 0225 0E       		.uleb128 0xe
 855 0226 94020000 		.4byte	.LASF31
 856 022a 01       		.byte	0x1
 857 022b E8       		.byte	0xe8
 858 022c 86000000 		.4byte	0x86
 859 0230 02       		.uleb128 0x2
 860 0231 91       		.byte	0x91
 861 0232 77       		.sleb128 -9
 862 0233 00       		.byte	0
ARM GAS  C:\Users\LocalAdmin\AppData\Local\Temp\cc3gOcxg.s 			page 22


 863 0234 10       		.uleb128 0x10
 864 0235 35010000 		.4byte	.LASF40
 865 0239 01       		.byte	0x1
 866 023a 0801     		.2byte	0x108
 867 023c 00000000 		.4byte	.LFB7
 868 0240 00010000 		.4byte	.LFE7-.LFB7
 869 0244 01       		.uleb128 0x1
 870 0245 9C       		.byte	0x9c
 871 0246 11       		.uleb128 0x11
 872 0247 18000000 		.4byte	.LBB2
 873 024b 74000000 		.4byte	.LBE2-.LBB2
 874 024f 12       		.uleb128 0x12
 875 0250 06       		.byte	0x6
 876 0251 01       		.byte	0x1
 877 0252 1401     		.2byte	0x114
 878 0254 73020000 		.4byte	0x273
 879 0258 13       		.uleb128 0x13
 880 0259 67010000 		.4byte	.LASF32
 881 025d 01       		.byte	0x1
 882 025e 1501     		.2byte	0x115
 883 0260 7D000000 		.4byte	0x7d
 884 0264 00       		.byte	0
 885 0265 13       		.uleb128 0x13
 886 0266 83000000 		.4byte	.LASF33
 887 026a 01       		.byte	0x1
 888 026b 1601     		.2byte	0x116
 889 026d 91000000 		.4byte	0x91
 890 0271 04       		.byte	0x4
 891 0272 00       		.byte	0
 892 0273 06       		.uleb128 0x6
 893 0274 02020000 		.4byte	.LASF34
 894 0278 01       		.byte	0x1
 895 0279 1701     		.2byte	0x117
 896 027b 4F020000 		.4byte	0x24f
 897 027f 14       		.uleb128 0x14
 898 0280 73020000 		.4byte	0x273
 899 0284 8F020000 		.4byte	0x28f
 900 0288 15       		.uleb128 0x15
 901 0289 76000000 		.4byte	0x76
 902 028d 08       		.byte	0x8
 903 028e 00       		.byte	0
 904 028f 16       		.uleb128 0x16
 905 0290 1E000000 		.4byte	.LASF35
 906 0294 01       		.byte	0x1
 907 0295 1901     		.2byte	0x119
 908 0297 A1020000 		.4byte	0x2a1
 909 029b 05       		.uleb128 0x5
 910 029c 03       		.byte	0x3
 911 029d 00000000 		.4byte	cfg_memset_list.4858
 912 02a1 17       		.uleb128 0x17
 913 02a2 7F020000 		.4byte	0x27f
 914 02a6 18       		.uleb128 0x18
 915 02a7 6900     		.ascii	"i\000"
 916 02a9 01       		.byte	0x1
 917 02aa 2601     		.2byte	0x126
 918 02ac 86000000 		.4byte	0x86
 919 02b0 02       		.uleb128 0x2
ARM GAS  C:\Users\LocalAdmin\AppData\Local\Temp\cc3gOcxg.s 			page 23


 920 02b1 91       		.byte	0x91
 921 02b2 77       		.sleb128 -9
 922 02b3 11       		.uleb128 0x11
 923 02b4 1E000000 		.4byte	.LBB3
 924 02b8 22000000 		.4byte	.LBE3-.LBB3
 925 02bc 18       		.uleb128 0x18
 926 02bd 6D7300   		.ascii	"ms\000"
 927 02c0 01       		.byte	0x1
 928 02c1 2B01     		.2byte	0x12b
 929 02c3 CA020000 		.4byte	0x2ca
 930 02c7 02       		.uleb128 0x2
 931 02c8 91       		.byte	0x91
 932 02c9 70       		.sleb128 -16
 933 02ca 0B       		.uleb128 0xb
 934 02cb 04       		.byte	0x4
 935 02cc D0020000 		.4byte	0x2d0
 936 02d0 17       		.uleb128 0x17
 937 02d1 73020000 		.4byte	0x273
 938 02d5 00       		.byte	0
 939 02d6 00       		.byte	0
 940 02d7 00       		.byte	0
 941 02d8 00       		.byte	0
 942              		.section	.debug_abbrev,"",%progbits
 943              	.Ldebug_abbrev0:
 944 0000 01       		.uleb128 0x1
 945 0001 11       		.uleb128 0x11
 946 0002 01       		.byte	0x1
 947 0003 25       		.uleb128 0x25
 948 0004 0E       		.uleb128 0xe
 949 0005 13       		.uleb128 0x13
 950 0006 0B       		.uleb128 0xb
 951 0007 03       		.uleb128 0x3
 952 0008 0E       		.uleb128 0xe
 953 0009 1B       		.uleb128 0x1b
 954 000a 0E       		.uleb128 0xe
 955 000b 55       		.uleb128 0x55
 956 000c 17       		.uleb128 0x17
 957 000d 11       		.uleb128 0x11
 958 000e 01       		.uleb128 0x1
 959 000f 10       		.uleb128 0x10
 960 0010 17       		.uleb128 0x17
 961 0011 00       		.byte	0
 962 0012 00       		.byte	0
 963 0013 02       		.uleb128 0x2
 964 0014 24       		.uleb128 0x24
 965 0015 00       		.byte	0
 966 0016 0B       		.uleb128 0xb
 967 0017 0B       		.uleb128 0xb
 968 0018 3E       		.uleb128 0x3e
 969 0019 0B       		.uleb128 0xb
 970 001a 03       		.uleb128 0x3
 971 001b 08       		.uleb128 0x8
 972 001c 00       		.byte	0
 973 001d 00       		.byte	0
 974 001e 03       		.uleb128 0x3
 975 001f 16       		.uleb128 0x16
 976 0020 00       		.byte	0
ARM GAS  C:\Users\LocalAdmin\AppData\Local\Temp\cc3gOcxg.s 			page 24


 977 0021 03       		.uleb128 0x3
 978 0022 0E       		.uleb128 0xe
 979 0023 3A       		.uleb128 0x3a
 980 0024 0B       		.uleb128 0xb
 981 0025 3B       		.uleb128 0x3b
 982 0026 0B       		.uleb128 0xb
 983 0027 49       		.uleb128 0x49
 984 0028 13       		.uleb128 0x13
 985 0029 00       		.byte	0
 986 002a 00       		.byte	0
 987 002b 04       		.uleb128 0x4
 988 002c 24       		.uleb128 0x24
 989 002d 00       		.byte	0
 990 002e 0B       		.uleb128 0xb
 991 002f 0B       		.uleb128 0xb
 992 0030 3E       		.uleb128 0x3e
 993 0031 0B       		.uleb128 0xb
 994 0032 03       		.uleb128 0x3
 995 0033 0E       		.uleb128 0xe
 996 0034 00       		.byte	0
 997 0035 00       		.byte	0
 998 0036 05       		.uleb128 0x5
 999 0037 0F       		.uleb128 0xf
 1000 0038 00       		.byte	0
 1001 0039 0B       		.uleb128 0xb
 1002 003a 0B       		.uleb128 0xb
 1003 003b 00       		.byte	0
 1004 003c 00       		.byte	0
 1005 003d 06       		.uleb128 0x6
 1006 003e 16       		.uleb128 0x16
 1007 003f 00       		.byte	0
 1008 0040 03       		.uleb128 0x3
 1009 0041 0E       		.uleb128 0xe
 1010 0042 3A       		.uleb128 0x3a
 1011 0043 0B       		.uleb128 0xb
 1012 0044 3B       		.uleb128 0x3b
 1013 0045 05       		.uleb128 0x5
 1014 0046 49       		.uleb128 0x49
 1015 0047 13       		.uleb128 0x13
 1016 0048 00       		.byte	0
 1017 0049 00       		.byte	0
 1018 004a 07       		.uleb128 0x7
 1019 004b 35       		.uleb128 0x35
 1020 004c 00       		.byte	0
 1021 004d 49       		.uleb128 0x49
 1022 004e 13       		.uleb128 0x13
 1023 004f 00       		.byte	0
 1024 0050 00       		.byte	0
 1025 0051 08       		.uleb128 0x8
 1026 0052 2E       		.uleb128 0x2e
 1027 0053 01       		.byte	0x1
 1028 0054 03       		.uleb128 0x3
 1029 0055 0E       		.uleb128 0xe
 1030 0056 3A       		.uleb128 0x3a
 1031 0057 0B       		.uleb128 0xb
 1032 0058 3B       		.uleb128 0x3b
 1033 0059 0B       		.uleb128 0xb
ARM GAS  C:\Users\LocalAdmin\AppData\Local\Temp\cc3gOcxg.s 			page 25


 1034 005a 27       		.uleb128 0x27
 1035 005b 19       		.uleb128 0x19
 1036 005c 11       		.uleb128 0x11
 1037 005d 01       		.uleb128 0x1
 1038 005e 12       		.uleb128 0x12
 1039 005f 06       		.uleb128 0x6
 1040 0060 40       		.uleb128 0x40
 1041 0061 18       		.uleb128 0x18
 1042 0062 9642     		.uleb128 0x2116
 1043 0064 19       		.uleb128 0x19
 1044 0065 01       		.uleb128 0x1
 1045 0066 13       		.uleb128 0x13
 1046 0067 00       		.byte	0
 1047 0068 00       		.byte	0
 1048 0069 09       		.uleb128 0x9
 1049 006a 05       		.uleb128 0x5
 1050 006b 00       		.byte	0
 1051 006c 03       		.uleb128 0x3
 1052 006d 08       		.uleb128 0x8
 1053 006e 3A       		.uleb128 0x3a
 1054 006f 0B       		.uleb128 0xb
 1055 0070 3B       		.uleb128 0x3b
 1056 0071 0B       		.uleb128 0xb
 1057 0072 49       		.uleb128 0x49
 1058 0073 13       		.uleb128 0x13
 1059 0074 02       		.uleb128 0x2
 1060 0075 18       		.uleb128 0x18
 1061 0076 00       		.byte	0
 1062 0077 00       		.byte	0
 1063 0078 0A       		.uleb128 0xa
 1064 0079 05       		.uleb128 0x5
 1065 007a 00       		.byte	0
 1066 007b 03       		.uleb128 0x3
 1067 007c 0E       		.uleb128 0xe
 1068 007d 3A       		.uleb128 0x3a
 1069 007e 0B       		.uleb128 0xb
 1070 007f 3B       		.uleb128 0x3b
 1071 0080 0B       		.uleb128 0xb
 1072 0081 49       		.uleb128 0x49
 1073 0082 13       		.uleb128 0x13
 1074 0083 02       		.uleb128 0x2
 1075 0084 18       		.uleb128 0x18
 1076 0085 00       		.byte	0
 1077 0086 00       		.byte	0
 1078 0087 0B       		.uleb128 0xb
 1079 0088 0F       		.uleb128 0xf
 1080 0089 00       		.byte	0
 1081 008a 0B       		.uleb128 0xb
 1082 008b 0B       		.uleb128 0xb
 1083 008c 49       		.uleb128 0x49
 1084 008d 13       		.uleb128 0x13
 1085 008e 00       		.byte	0
 1086 008f 00       		.byte	0
 1087 0090 0C       		.uleb128 0xc
 1088 0091 26       		.uleb128 0x26
 1089 0092 00       		.byte	0
 1090 0093 00       		.byte	0
ARM GAS  C:\Users\LocalAdmin\AppData\Local\Temp\cc3gOcxg.s 			page 26


 1091 0094 00       		.byte	0
 1092 0095 0D       		.uleb128 0xd
 1093 0096 2E       		.uleb128 0x2e
 1094 0097 01       		.byte	0x1
 1095 0098 03       		.uleb128 0x3
 1096 0099 0E       		.uleb128 0xe
 1097 009a 3A       		.uleb128 0x3a
 1098 009b 0B       		.uleb128 0xb
 1099 009c 3B       		.uleb128 0x3b
 1100 009d 0B       		.uleb128 0xb
 1101 009e 27       		.uleb128 0x27
 1102 009f 19       		.uleb128 0x19
 1103 00a0 11       		.uleb128 0x11
 1104 00a1 01       		.uleb128 0x1
 1105 00a2 12       		.uleb128 0x12
 1106 00a3 06       		.uleb128 0x6
 1107 00a4 40       		.uleb128 0x40
 1108 00a5 18       		.uleb128 0x18
 1109 00a6 9742     		.uleb128 0x2117
 1110 00a8 19       		.uleb128 0x19
 1111 00a9 01       		.uleb128 0x1
 1112 00aa 13       		.uleb128 0x13
 1113 00ab 00       		.byte	0
 1114 00ac 00       		.byte	0
 1115 00ad 0E       		.uleb128 0xe
 1116 00ae 34       		.uleb128 0x34
 1117 00af 00       		.byte	0
 1118 00b0 03       		.uleb128 0x3
 1119 00b1 0E       		.uleb128 0xe
 1120 00b2 3A       		.uleb128 0x3a
 1121 00b3 0B       		.uleb128 0xb
 1122 00b4 3B       		.uleb128 0x3b
 1123 00b5 0B       		.uleb128 0xb
 1124 00b6 49       		.uleb128 0x49
 1125 00b7 13       		.uleb128 0x13
 1126 00b8 02       		.uleb128 0x2
 1127 00b9 18       		.uleb128 0x18
 1128 00ba 00       		.byte	0
 1129 00bb 00       		.byte	0
 1130 00bc 0F       		.uleb128 0xf
 1131 00bd 2E       		.uleb128 0x2e
 1132 00be 01       		.byte	0x1
 1133 00bf 3F       		.uleb128 0x3f
 1134 00c0 19       		.uleb128 0x19
 1135 00c1 03       		.uleb128 0x3
 1136 00c2 0E       		.uleb128 0xe
 1137 00c3 3A       		.uleb128 0x3a
 1138 00c4 0B       		.uleb128 0xb
 1139 00c5 3B       		.uleb128 0x3b
 1140 00c6 0B       		.uleb128 0xb
 1141 00c7 27       		.uleb128 0x27
 1142 00c8 19       		.uleb128 0x19
 1143 00c9 11       		.uleb128 0x11
 1144 00ca 01       		.uleb128 0x1
 1145 00cb 12       		.uleb128 0x12
 1146 00cc 06       		.uleb128 0x6
 1147 00cd 40       		.uleb128 0x40
ARM GAS  C:\Users\LocalAdmin\AppData\Local\Temp\cc3gOcxg.s 			page 27


 1148 00ce 18       		.uleb128 0x18
 1149 00cf 9742     		.uleb128 0x2117
 1150 00d1 19       		.uleb128 0x19
 1151 00d2 01       		.uleb128 0x1
 1152 00d3 13       		.uleb128 0x13
 1153 00d4 00       		.byte	0
 1154 00d5 00       		.byte	0
 1155 00d6 10       		.uleb128 0x10
 1156 00d7 2E       		.uleb128 0x2e
 1157 00d8 01       		.byte	0x1
 1158 00d9 3F       		.uleb128 0x3f
 1159 00da 19       		.uleb128 0x19
 1160 00db 03       		.uleb128 0x3
 1161 00dc 0E       		.uleb128 0xe
 1162 00dd 3A       		.uleb128 0x3a
 1163 00de 0B       		.uleb128 0xb
 1164 00df 3B       		.uleb128 0x3b
 1165 00e0 05       		.uleb128 0x5
 1166 00e1 27       		.uleb128 0x27
 1167 00e2 19       		.uleb128 0x19
 1168 00e3 11       		.uleb128 0x11
 1169 00e4 01       		.uleb128 0x1
 1170 00e5 12       		.uleb128 0x12
 1171 00e6 06       		.uleb128 0x6
 1172 00e7 40       		.uleb128 0x40
 1173 00e8 18       		.uleb128 0x18
 1174 00e9 9642     		.uleb128 0x2116
 1175 00eb 19       		.uleb128 0x19
 1176 00ec 00       		.byte	0
 1177 00ed 00       		.byte	0
 1178 00ee 11       		.uleb128 0x11
 1179 00ef 0B       		.uleb128 0xb
 1180 00f0 01       		.byte	0x1
 1181 00f1 11       		.uleb128 0x11
 1182 00f2 01       		.uleb128 0x1
 1183 00f3 12       		.uleb128 0x12
 1184 00f4 06       		.uleb128 0x6
 1185 00f5 00       		.byte	0
 1186 00f6 00       		.byte	0
 1187 00f7 12       		.uleb128 0x12
 1188 00f8 13       		.uleb128 0x13
 1189 00f9 01       		.byte	0x1
 1190 00fa 0B       		.uleb128 0xb
 1191 00fb 0B       		.uleb128 0xb
 1192 00fc 3A       		.uleb128 0x3a
 1193 00fd 0B       		.uleb128 0xb
 1194 00fe 3B       		.uleb128 0x3b
 1195 00ff 05       		.uleb128 0x5
 1196 0100 01       		.uleb128 0x1
 1197 0101 13       		.uleb128 0x13
 1198 0102 00       		.byte	0
 1199 0103 00       		.byte	0
 1200 0104 13       		.uleb128 0x13
 1201 0105 0D       		.uleb128 0xd
 1202 0106 00       		.byte	0
 1203 0107 03       		.uleb128 0x3
 1204 0108 0E       		.uleb128 0xe
ARM GAS  C:\Users\LocalAdmin\AppData\Local\Temp\cc3gOcxg.s 			page 28


 1205 0109 3A       		.uleb128 0x3a
 1206 010a 0B       		.uleb128 0xb
 1207 010b 3B       		.uleb128 0x3b
 1208 010c 05       		.uleb128 0x5
 1209 010d 49       		.uleb128 0x49
 1210 010e 13       		.uleb128 0x13
 1211 010f 38       		.uleb128 0x38
 1212 0110 0B       		.uleb128 0xb
 1213 0111 00       		.byte	0
 1214 0112 00       		.byte	0
 1215 0113 14       		.uleb128 0x14
 1216 0114 01       		.uleb128 0x1
 1217 0115 01       		.byte	0x1
 1218 0116 49       		.uleb128 0x49
 1219 0117 13       		.uleb128 0x13
 1220 0118 01       		.uleb128 0x1
 1221 0119 13       		.uleb128 0x13
 1222 011a 00       		.byte	0
 1223 011b 00       		.byte	0
 1224 011c 15       		.uleb128 0x15
 1225 011d 21       		.uleb128 0x21
 1226 011e 00       		.byte	0
 1227 011f 49       		.uleb128 0x49
 1228 0120 13       		.uleb128 0x13
 1229 0121 2F       		.uleb128 0x2f
 1230 0122 0B       		.uleb128 0xb
 1231 0123 00       		.byte	0
 1232 0124 00       		.byte	0
 1233 0125 16       		.uleb128 0x16
 1234 0126 34       		.uleb128 0x34
 1235 0127 00       		.byte	0
 1236 0128 03       		.uleb128 0x3
 1237 0129 0E       		.uleb128 0xe
 1238 012a 3A       		.uleb128 0x3a
 1239 012b 0B       		.uleb128 0xb
 1240 012c 3B       		.uleb128 0x3b
 1241 012d 05       		.uleb128 0x5
 1242 012e 49       		.uleb128 0x49
 1243 012f 13       		.uleb128 0x13
 1244 0130 02       		.uleb128 0x2
 1245 0131 18       		.uleb128 0x18
 1246 0132 00       		.byte	0
 1247 0133 00       		.byte	0
 1248 0134 17       		.uleb128 0x17
 1249 0135 26       		.uleb128 0x26
 1250 0136 00       		.byte	0
 1251 0137 49       		.uleb128 0x49
 1252 0138 13       		.uleb128 0x13
 1253 0139 00       		.byte	0
 1254 013a 00       		.byte	0
 1255 013b 18       		.uleb128 0x18
 1256 013c 34       		.uleb128 0x34
 1257 013d 00       		.byte	0
 1258 013e 03       		.uleb128 0x3
 1259 013f 08       		.uleb128 0x8
 1260 0140 3A       		.uleb128 0x3a
 1261 0141 0B       		.uleb128 0xb
ARM GAS  C:\Users\LocalAdmin\AppData\Local\Temp\cc3gOcxg.s 			page 29


 1262 0142 3B       		.uleb128 0x3b
 1263 0143 05       		.uleb128 0x5
 1264 0144 49       		.uleb128 0x49
 1265 0145 13       		.uleb128 0x13
 1266 0146 02       		.uleb128 0x2
 1267 0147 18       		.uleb128 0x18
 1268 0148 00       		.byte	0
 1269 0149 00       		.byte	0
 1270 014a 00       		.byte	0
 1271              		.section	.debug_aranges,"",%progbits
 1272 0000 54000000 		.4byte	0x54
 1273 0004 0200     		.2byte	0x2
 1274 0006 00000000 		.4byte	.Ldebug_info0
 1275 000a 04       		.byte	0x4
 1276 000b 00       		.byte	0
 1277 000c 0000     		.2byte	0
 1278 000e 0000     		.2byte	0
 1279 0010 00000000 		.4byte	.LFB0
 1280 0014 1A000000 		.4byte	.LFE0-.LFB0
 1281 0018 00000000 		.4byte	.LFB1
 1282 001c 1C000000 		.4byte	.LFE1-.LFB1
 1283 0020 00000000 		.4byte	.LFB2
 1284 0024 1C000000 		.4byte	.LFE2-.LFB2
 1285 0028 00000000 		.4byte	.LFB3
 1286 002c 0C000000 		.4byte	.LFE3-.LFB3
 1287 0030 00000000 		.4byte	.LFB4
 1288 0034 D8000000 		.4byte	.LFE4-.LFB4
 1289 0038 00000000 		.4byte	.LFB5
 1290 003c 44000000 		.4byte	.LFE5-.LFB5
 1291 0040 00000000 		.4byte	.LFB6
 1292 0044 28000000 		.4byte	.LFE6-.LFB6
 1293 0048 00000000 		.4byte	.LFB7
 1294 004c 00010000 		.4byte	.LFE7-.LFB7
 1295 0050 00000000 		.4byte	0
 1296 0054 00000000 		.4byte	0
 1297              		.section	.debug_ranges,"",%progbits
 1298              	.Ldebug_ranges0:
 1299 0000 00000000 		.4byte	.LFB0
 1300 0004 1A000000 		.4byte	.LFE0
 1301 0008 00000000 		.4byte	.LFB1
 1302 000c 1C000000 		.4byte	.LFE1
 1303 0010 00000000 		.4byte	.LFB2
 1304 0014 1C000000 		.4byte	.LFE2
 1305 0018 00000000 		.4byte	.LFB3
 1306 001c 0C000000 		.4byte	.LFE3
 1307 0020 00000000 		.4byte	.LFB4
 1308 0024 D8000000 		.4byte	.LFE4
 1309 0028 00000000 		.4byte	.LFB5
 1310 002c 44000000 		.4byte	.LFE5
 1311 0030 00000000 		.4byte	.LFB6
 1312 0034 28000000 		.4byte	.LFE6
 1313 0038 00000000 		.4byte	.LFB7
 1314 003c 00010000 		.4byte	.LFE7
 1315 0040 00000000 		.4byte	0
 1316 0044 00000000 		.4byte	0
 1317              		.section	.debug_line,"",%progbits
 1318              	.Ldebug_line0:
ARM GAS  C:\Users\LocalAdmin\AppData\Local\Temp\cc3gOcxg.s 			page 30


 1319 0000 BA010000 		.section	.debug_str,"MS",%progbits,1
 1319      0200D000 
 1319      00000201 
 1319      FB0E0D00 
 1319      01010101 
 1320              	.LASF18:
 1321 0000 72656731 		.ascii	"reg16\000"
 1321      3600
 1322              	.LASF11:
 1323 0006 73697A65 		.ascii	"size_t\000"
 1323      5F7400
 1324              	.LASF28:
 1325 000d 416E616C 		.ascii	"AnalogSetDefault\000"
 1325      6F675365 
 1325      74446566 
 1325      61756C74 
 1325      00
 1326              	.LASF35:
 1327 001e 6366675F 		.ascii	"cfg_memset_list\000"
 1327      6D656D73 
 1327      65745F6C 
 1327      69737400 
 1328              	.LASF22:
 1329 002e 4359434F 		.ascii	"CYCONFIGCPYCODE\000"
 1329      4E464947 
 1329      43505943 
 1329      4F444500 
 1330              	.LASF25:
 1331 003e 436C6F63 		.ascii	"ClockSetup\000"
 1331      6B536574 
 1331      757000
 1332              	.LASF4:
 1333 0049 73686F72 		.ascii	"short unsigned int\000"
 1333      7420756E 
 1333      7369676E 
 1333      65642069 
 1333      6E7400
 1334              	.LASF27:
 1335 005c 706C6C4C 		.ascii	"pllLock\000"
 1335      6F636B00 
 1336              	.LASF15:
 1337 0064 666C6F61 		.ascii	"float\000"
 1337      7400
 1338              	.LASF23:
 1339 006a 4379436C 		.ascii	"CyClockStartupError\000"
 1339      6F636B53 
 1339      74617274 
 1339      75704572 
 1339      726F7200 
 1340              	.LASF21:
 1341 007e 64657374 		.ascii	"dest\000"
 1341      00
 1342              	.LASF33:
 1343 0083 73697A65 		.ascii	"size\000"
 1343      00
 1344              	.LASF17:
 1345 0088 72656738 		.ascii	"reg8\000"
ARM GAS  C:\Users\LocalAdmin\AppData\Local\Temp\cc3gOcxg.s 			page 31


 1345      00
 1346              	.LASF6:
 1347 008d 6C6F6E67 		.ascii	"long unsigned int\000"
 1347      20756E73 
 1347      69676E65 
 1347      6420696E 
 1347      7400
 1348              	.LASF12:
 1349 009f 75696E74 		.ascii	"uint8\000"
 1349      3800
 1350              	.LASF19:
 1351 00a5 43594D45 		.ascii	"CYMEMZERO\000"
 1351      4D5A4552 
 1351      4F00
 1352              	.LASF39:
 1353 00af 53657441 		.ascii	"SetAnalogRoutingPumps\000"
 1353      6E616C6F 
 1353      67526F75 
 1353      74696E67 
 1353      50756D70 
 1354              	.LASF38:
 1355 00c5 433A5C55 		.ascii	"C:\\Users\\LocalAdmin\\Documents\\PSoC Creator\\PSO"
 1355      73657273 
 1355      5C4C6F63 
 1355      616C4164 
 1355      6D696E5C 
 1356 00f3 43355F42 		.ascii	"C5_Blinkschaltung\\PSOC5_Blinkschaltung.cydsn\000"
 1356      6C696E6B 
 1356      73636861 
 1356      6C74756E 
 1356      675C5053 
 1357              	.LASF2:
 1358 0120 756E7369 		.ascii	"unsigned char\000"
 1358      676E6564 
 1358      20636861 
 1358      7200
 1359              	.LASF16:
 1360 012e 646F7562 		.ascii	"double\000"
 1360      6C6500
 1361              	.LASF40:
 1362 0135 63796669 		.ascii	"cyfitter_cfg\000"
 1362      74746572 
 1362      5F636667 
 1362      00
 1363              	.LASF13:
 1364 0142 75696E74 		.ascii	"uint16\000"
 1364      313600
 1365              	.LASF24:
 1366 0149 6572726F 		.ascii	"errorCode\000"
 1366      72436F64 
 1366      6500
 1367              	.LASF14:
 1368 0153 75696E74 		.ascii	"uint32\000"
 1368      333200
 1369              	.LASF0:
 1370 015a 756E7369 		.ascii	"unsigned int\000"
 1370      676E6564 
ARM GAS  C:\Users\LocalAdmin\AppData\Local\Temp\cc3gOcxg.s 			page 32


 1370      20696E74 
 1370      00
 1371              	.LASF32:
 1372 0167 61646472 		.ascii	"address\000"
 1372      65737300 
 1373              	.LASF8:
 1374 016f 6C6F6E67 		.ascii	"long long unsigned int\000"
 1374      206C6F6E 
 1374      6720756E 
 1374      7369676E 
 1374      65642069 
 1375              	.LASF36:
 1376 0186 474E5520 		.ascii	"GNU C 4.8.4 20140526 (release) [ARM/embedded-4_8-br"
 1376      4320342E 
 1376      382E3420 
 1376      32303134 
 1376      30353236 
 1377 01b9 616E6368 		.ascii	"anch revision 211358] -mcpu=cortex-m3 -mthumb -g -O"
 1377      20726576 
 1377      6973696F 
 1377      6E203231 
 1377      31333538 
 1378 01ec 30202D66 		.ascii	"0 -ffunction-sections\000"
 1378      66756E63 
 1378      74696F6E 
 1378      2D736563 
 1378      74696F6E 
 1379              	.LASF34:
 1380 0202 6366675F 		.ascii	"cfg_memset_t\000"
 1380      6D656D73 
 1380      65745F74 
 1380      00
 1381              	.LASF9:
 1382 020f 73697A65 		.ascii	"sizetype\000"
 1382      74797065 
 1382      00
 1383              	.LASF7:
 1384 0218 6C6F6E67 		.ascii	"long long int\000"
 1384      206C6F6E 
 1384      6720696E 
 1384      7400
 1385              	.LASF26:
 1386 0226 74696D65 		.ascii	"timeout\000"
 1386      6F757400 
 1387              	.LASF3:
 1388 022e 73686F72 		.ascii	"short int\000"
 1388      7420696E 
 1388      7400
 1389              	.LASF37:
 1390 0238 2E5C4765 		.ascii	".\\Generated_Source\\PSoC5\\cyfitter_cfg.c\000"
 1390      6E657261 
 1390      7465645F 
 1390      536F7572 
 1390      63655C50 
 1391              	.LASF30:
 1392 0260 656E6162 		.ascii	"enabled\000"
 1392      6C656400 
ARM GAS  C:\Users\LocalAdmin\AppData\Local\Temp\cc3gOcxg.s 			page 33


 1393              	.LASF5:
 1394 0268 6C6F6E67 		.ascii	"long int\000"
 1394      20696E74 
 1394      00
 1395              	.LASF10:
 1396 0271 63686172 		.ascii	"char\000"
 1396      00
 1397              	.LASF29:
 1398 0276 62675F78 		.ascii	"bg_xover_inl_trim\000"
 1398      6F766572 
 1398      5F696E6C 
 1398      5F747269 
 1398      6D00
 1399              	.LASF1:
 1400 0288 7369676E 		.ascii	"signed char\000"
 1400      65642063 
 1400      68617200 
 1401              	.LASF31:
 1402 0294 72656756 		.ascii	"regValue\000"
 1402      616C7565 
 1402      00
 1403              	.LASF20:
 1404 029d 4359434F 		.ascii	"CYCONFIGCPY\000"
 1404      4E464947 
 1404      43505900 
 1405              		.ident	"GCC: (GNU Tools for ARM Embedded Processors) 4.8.4 20140526 (release) [ARM/embedded-4_8-br
