ARM GAS  C:\Users\LocalAdmin\AppData\Local\Temp\ccKlZ8D2.s 			page 1


   1              		.syntax unified
   2              		.cpu cortex-m3
   3              		.fpu softvfp
   4              		.eabi_attribute 20, 1
   5              		.eabi_attribute 21, 1
   6              		.eabi_attribute 23, 3
   7              		.eabi_attribute 24, 1
   8              		.eabi_attribute 25, 1
   9              		.eabi_attribute 26, 1
  10              		.eabi_attribute 30, 6
  11              		.eabi_attribute 34, 1
  12              		.eabi_attribute 18, 4
  13              		.thumb
  14              		.file	"main.c"
  15              		.text
  16              	.Ltext0:
  17              		.cfi_sections	.debug_frame
  18              		.section	.text.main,"ax",%progbits
  19              		.align	2
  20              		.global	main
  21              		.thumb
  22              		.thumb_func
  23              		.type	main, %function
  24              	main:
  25              	.LFB56:
  26              		.file 1 ".\\main.c"
   1:.\main.c      **** /* ========================================
   2:.\main.c      ****  *
   3:.\main.c      ****  * Copyright YOUR COMPANY, THE YEAR
   4:.\main.c      ****  * All Rights Reserved
   5:.\main.c      ****  * UNPUBLISHED, LICENSED SOFTWARE.
   6:.\main.c      ****  *
   7:.\main.c      ****  * CONFIDENTIAL AND PROPRIETARY INFORMATION
   8:.\main.c      ****  * WHICH IS THE PROPERTY OF your company.
   9:.\main.c      ****  *
  10:.\main.c      ****  * ========================================
  11:.\main.c      **** */
  12:.\main.c      **** #include <project.h>
  13:.\main.c      **** 
  14:.\main.c      **** int main()
  15:.\main.c      **** {
  27              		.loc 1 15 0
  28              		.cfi_startproc
  29              		@ args = 0, pretend = 0, frame = 0
  30              		@ frame_needed = 1, uses_anonymous_args = 0
  31 0000 80B5     		push	{r7, lr}
  32              		.cfi_def_cfa_offset 8
  33              		.cfi_offset 7, -8
  34              		.cfi_offset 14, -4
  35 0002 00AF     		add	r7, sp, #0
  36              		.cfi_def_cfa_register 7
  37              	.L2:
  16:.\main.c      ****     /* Place your initialization/startup code here (e.g. MyInst_Start()) */
  17:.\main.c      **** 
  18:.\main.c      ****     /* CyGlobalIntEnable; */ /* Uncomment this line to enable global interrupts. */
  19:.\main.c      ****     for(;;)
  20:.\main.c      ****     {
ARM GAS  C:\Users\LocalAdmin\AppData\Local\Temp\ccKlZ8D2.s 			page 2


  21:.\main.c      ****         /* Place your application code here. */
  22:.\main.c      ****         Pin_LED_Write(!Pin_LED_Read());
  38              		.loc 1 22 0 discriminator 1
  39 0004 FFF7FEFF 		bl	Pin_LED_Read
  40 0008 0346     		mov	r3, r0
  41 000a 002B     		cmp	r3, #0
  42 000c 14BF     		ite	ne
  43 000e 0023     		movne	r3, #0
  44 0010 0123     		moveq	r3, #1
  45 0012 DBB2     		uxtb	r3, r3
  46 0014 1846     		mov	r0, r3
  47 0016 FFF7FEFF 		bl	Pin_LED_Write
  23:.\main.c      ****         CyDelay(100);
  48              		.loc 1 23 0 discriminator 1
  49 001a 6420     		movs	r0, #100
  50 001c FFF7FEFF 		bl	CyDelay
  24:.\main.c      ****         
  25:.\main.c      ****     }
  51              		.loc 1 25 0 discriminator 1
  52 0020 F0E7     		b	.L2
  53              		.cfi_endproc
  54              	.LFE56:
  55              		.size	main, .-main
  56 0022 00BF     		.text
  57              	.Letext0:
  58              		.file 2 "c:\\program files (x86)\\cypress\\psoc creator\\3.1\\psoc creator\\import\\gnu_cs\\arm\\4
  59              		.file 3 "c:\\program files (x86)\\cypress\\psoc creator\\3.1\\psoc creator\\import\\gnu_cs\\arm\\4
  60              		.file 4 ".\\Generated_Source\\PSoC5/core_cm3.h"
  61              		.section	.debug_info,"",%progbits
  62              	.Ldebug_info0:
  63 0000 C0000000 		.4byte	0xc0
  64 0004 0400     		.2byte	0x4
  65 0006 00000000 		.4byte	.Ldebug_abbrev0
  66 000a 04       		.byte	0x4
  67 000b 01       		.uleb128 0x1
  68 000c 16010000 		.4byte	.LASF15
  69 0010 01       		.byte	0x1
  70 0011 78000000 		.4byte	.LASF16
  71 0015 81000000 		.4byte	.LASF17
  72 0019 00000000 		.4byte	.Ldebug_ranges0+0
  73 001d 00000000 		.4byte	0
  74 0021 00000000 		.4byte	.Ldebug_line0
  75 0025 02       		.uleb128 0x2
  76 0026 01       		.byte	0x1
  77 0027 06       		.byte	0x6
  78 0028 F0000000 		.4byte	.LASF0
  79 002c 02       		.uleb128 0x2
  80 002d 01       		.byte	0x1
  81 002e 08       		.byte	0x8
  82 002f 5C000000 		.4byte	.LASF1
  83 0033 02       		.uleb128 0x2
  84 0034 02       		.byte	0x2
  85 0035 05       		.byte	0x5
  86 0036 0C010000 		.4byte	.LASF2
  87 003a 02       		.uleb128 0x2
  88 003b 02       		.byte	0x2
  89 003c 07       		.byte	0x7
ARM GAS  C:\Users\LocalAdmin\AppData\Local\Temp\ccKlZ8D2.s 			page 3


  90 003d 0E000000 		.4byte	.LASF3
  91 0041 03       		.uleb128 0x3
  92 0042 FC000000 		.4byte	.LASF9
  93 0046 02       		.byte	0x2
  94 0047 37       		.byte	0x37
  95 0048 4C000000 		.4byte	0x4c
  96 004c 02       		.uleb128 0x2
  97 004d 04       		.byte	0x4
  98 004e 05       		.byte	0x5
  99 004f 6F000000 		.4byte	.LASF4
 100 0053 02       		.uleb128 0x2
 101 0054 04       		.byte	0x4
 102 0055 07       		.byte	0x7
 103 0056 33000000 		.4byte	.LASF5
 104 005a 02       		.uleb128 0x2
 105 005b 08       		.byte	0x8
 106 005c 05       		.byte	0x5
 107 005d 00000000 		.4byte	.LASF6
 108 0061 02       		.uleb128 0x2
 109 0062 08       		.byte	0x8
 110 0063 07       		.byte	0x7
 111 0064 45000000 		.4byte	.LASF7
 112 0068 04       		.uleb128 0x4
 113 0069 04       		.byte	0x4
 114 006a 05       		.byte	0x5
 115 006b 696E7400 		.ascii	"int\000"
 116 006f 02       		.uleb128 0x2
 117 0070 04       		.byte	0x4
 118 0071 07       		.byte	0x7
 119 0072 21000000 		.4byte	.LASF8
 120 0076 03       		.uleb128 0x3
 121 0077 92010000 		.4byte	.LASF10
 122 007b 03       		.byte	0x3
 123 007c 41       		.byte	0x41
 124 007d 41000000 		.4byte	0x41
 125 0081 02       		.uleb128 0x2
 126 0082 04       		.byte	0x4
 127 0083 04       		.byte	0x4
 128 0084 06010000 		.4byte	.LASF11
 129 0088 02       		.uleb128 0x2
 130 0089 08       		.byte	0x8
 131 008a 04       		.byte	0x4
 132 008b DC000000 		.4byte	.LASF12
 133 008f 02       		.uleb128 0x2
 134 0090 01       		.byte	0x1
 135 0091 08       		.byte	0x8
 136 0092 6A000000 		.4byte	.LASF13
 137 0096 02       		.uleb128 0x2
 138 0097 04       		.byte	0x4
 139 0098 07       		.byte	0x7
 140 0099 9A010000 		.4byte	.LASF14
 141 009d 05       		.uleb128 0x5
 142 009e 2E000000 		.4byte	.LASF18
 143 00a2 01       		.byte	0x1
 144 00a3 0E       		.byte	0xe
 145 00a4 68000000 		.4byte	0x68
 146 00a8 00000000 		.4byte	.LFB56
ARM GAS  C:\Users\LocalAdmin\AppData\Local\Temp\ccKlZ8D2.s 			page 4


 147 00ac 22000000 		.4byte	.LFE56-.LFB56
 148 00b0 01       		.uleb128 0x1
 149 00b1 9C       		.byte	0x9c
 150 00b2 06       		.uleb128 0x6
 151 00b3 E3000000 		.4byte	.LASF19
 152 00b7 04       		.byte	0x4
 153 00b8 1606     		.2byte	0x616
 154 00ba BE000000 		.4byte	0xbe
 155 00be 07       		.uleb128 0x7
 156 00bf 76000000 		.4byte	0x76
 157 00c3 00       		.byte	0
 158              		.section	.debug_abbrev,"",%progbits
 159              	.Ldebug_abbrev0:
 160 0000 01       		.uleb128 0x1
 161 0001 11       		.uleb128 0x11
 162 0002 01       		.byte	0x1
 163 0003 25       		.uleb128 0x25
 164 0004 0E       		.uleb128 0xe
 165 0005 13       		.uleb128 0x13
 166 0006 0B       		.uleb128 0xb
 167 0007 03       		.uleb128 0x3
 168 0008 0E       		.uleb128 0xe
 169 0009 1B       		.uleb128 0x1b
 170 000a 0E       		.uleb128 0xe
 171 000b 55       		.uleb128 0x55
 172 000c 17       		.uleb128 0x17
 173 000d 11       		.uleb128 0x11
 174 000e 01       		.uleb128 0x1
 175 000f 10       		.uleb128 0x10
 176 0010 17       		.uleb128 0x17
 177 0011 00       		.byte	0
 178 0012 00       		.byte	0
 179 0013 02       		.uleb128 0x2
 180 0014 24       		.uleb128 0x24
 181 0015 00       		.byte	0
 182 0016 0B       		.uleb128 0xb
 183 0017 0B       		.uleb128 0xb
 184 0018 3E       		.uleb128 0x3e
 185 0019 0B       		.uleb128 0xb
 186 001a 03       		.uleb128 0x3
 187 001b 0E       		.uleb128 0xe
 188 001c 00       		.byte	0
 189 001d 00       		.byte	0
 190 001e 03       		.uleb128 0x3
 191 001f 16       		.uleb128 0x16
 192 0020 00       		.byte	0
 193 0021 03       		.uleb128 0x3
 194 0022 0E       		.uleb128 0xe
 195 0023 3A       		.uleb128 0x3a
 196 0024 0B       		.uleb128 0xb
 197 0025 3B       		.uleb128 0x3b
 198 0026 0B       		.uleb128 0xb
 199 0027 49       		.uleb128 0x49
 200 0028 13       		.uleb128 0x13
 201 0029 00       		.byte	0
 202 002a 00       		.byte	0
 203 002b 04       		.uleb128 0x4
ARM GAS  C:\Users\LocalAdmin\AppData\Local\Temp\ccKlZ8D2.s 			page 5


 204 002c 24       		.uleb128 0x24
 205 002d 00       		.byte	0
 206 002e 0B       		.uleb128 0xb
 207 002f 0B       		.uleb128 0xb
 208 0030 3E       		.uleb128 0x3e
 209 0031 0B       		.uleb128 0xb
 210 0032 03       		.uleb128 0x3
 211 0033 08       		.uleb128 0x8
 212 0034 00       		.byte	0
 213 0035 00       		.byte	0
 214 0036 05       		.uleb128 0x5
 215 0037 2E       		.uleb128 0x2e
 216 0038 00       		.byte	0
 217 0039 3F       		.uleb128 0x3f
 218 003a 19       		.uleb128 0x19
 219 003b 03       		.uleb128 0x3
 220 003c 0E       		.uleb128 0xe
 221 003d 3A       		.uleb128 0x3a
 222 003e 0B       		.uleb128 0xb
 223 003f 3B       		.uleb128 0x3b
 224 0040 0B       		.uleb128 0xb
 225 0041 49       		.uleb128 0x49
 226 0042 13       		.uleb128 0x13
 227 0043 11       		.uleb128 0x11
 228 0044 01       		.uleb128 0x1
 229 0045 12       		.uleb128 0x12
 230 0046 06       		.uleb128 0x6
 231 0047 40       		.uleb128 0x40
 232 0048 18       		.uleb128 0x18
 233 0049 9642     		.uleb128 0x2116
 234 004b 19       		.uleb128 0x19
 235 004c 00       		.byte	0
 236 004d 00       		.byte	0
 237 004e 06       		.uleb128 0x6
 238 004f 34       		.uleb128 0x34
 239 0050 00       		.byte	0
 240 0051 03       		.uleb128 0x3
 241 0052 0E       		.uleb128 0xe
 242 0053 3A       		.uleb128 0x3a
 243 0054 0B       		.uleb128 0xb
 244 0055 3B       		.uleb128 0x3b
 245 0056 05       		.uleb128 0x5
 246 0057 49       		.uleb128 0x49
 247 0058 13       		.uleb128 0x13
 248 0059 3F       		.uleb128 0x3f
 249 005a 19       		.uleb128 0x19
 250 005b 3C       		.uleb128 0x3c
 251 005c 19       		.uleb128 0x19
 252 005d 00       		.byte	0
 253 005e 00       		.byte	0
 254 005f 07       		.uleb128 0x7
 255 0060 35       		.uleb128 0x35
 256 0061 00       		.byte	0
 257 0062 49       		.uleb128 0x49
 258 0063 13       		.uleb128 0x13
 259 0064 00       		.byte	0
 260 0065 00       		.byte	0
ARM GAS  C:\Users\LocalAdmin\AppData\Local\Temp\ccKlZ8D2.s 			page 6


 261 0066 00       		.byte	0
 262              		.section	.debug_aranges,"",%progbits
 263 0000 1C000000 		.4byte	0x1c
 264 0004 0200     		.2byte	0x2
 265 0006 00000000 		.4byte	.Ldebug_info0
 266 000a 04       		.byte	0x4
 267 000b 00       		.byte	0
 268 000c 0000     		.2byte	0
 269 000e 0000     		.2byte	0
 270 0010 00000000 		.4byte	.LFB56
 271 0014 22000000 		.4byte	.LFE56-.LFB56
 272 0018 00000000 		.4byte	0
 273 001c 00000000 		.4byte	0
 274              		.section	.debug_ranges,"",%progbits
 275              	.Ldebug_ranges0:
 276 0000 00000000 		.4byte	.LFB56
 277 0004 22000000 		.4byte	.LFE56
 278 0008 00000000 		.4byte	0
 279 000c 00000000 		.4byte	0
 280              		.section	.debug_line,"",%progbits
 281              	.Ldebug_line0:
 282 0000 68010000 		.section	.debug_str,"MS",%progbits,1
 282      02004401 
 282      00000201 
 282      FB0E0D00 
 282      01010101 
 283              	.LASF6:
 284 0000 6C6F6E67 		.ascii	"long long int\000"
 284      206C6F6E 
 284      6720696E 
 284      7400
 285              	.LASF3:
 286 000e 73686F72 		.ascii	"short unsigned int\000"
 286      7420756E 
 286      7369676E 
 286      65642069 
 286      6E7400
 287              	.LASF8:
 288 0021 756E7369 		.ascii	"unsigned int\000"
 288      676E6564 
 288      20696E74 
 288      00
 289              	.LASF18:
 290 002e 6D61696E 		.ascii	"main\000"
 290      00
 291              	.LASF5:
 292 0033 6C6F6E67 		.ascii	"long unsigned int\000"
 292      20756E73 
 292      69676E65 
 292      6420696E 
 292      7400
 293              	.LASF7:
 294 0045 6C6F6E67 		.ascii	"long long unsigned int\000"
 294      206C6F6E 
 294      6720756E 
 294      7369676E 
 294      65642069 
ARM GAS  C:\Users\LocalAdmin\AppData\Local\Temp\ccKlZ8D2.s 			page 7


 295              	.LASF1:
 296 005c 756E7369 		.ascii	"unsigned char\000"
 296      676E6564 
 296      20636861 
 296      7200
 297              	.LASF13:
 298 006a 63686172 		.ascii	"char\000"
 298      00
 299              	.LASF4:
 300 006f 6C6F6E67 		.ascii	"long int\000"
 300      20696E74 
 300      00
 301              	.LASF16:
 302 0078 2E5C6D61 		.ascii	".\\main.c\000"
 302      696E2E63 
 302      00
 303              	.LASF17:
 304 0081 433A5C55 		.ascii	"C:\\Users\\LocalAdmin\\Documents\\PSoC Creator\\PSO"
 304      73657273 
 304      5C4C6F63 
 304      616C4164 
 304      6D696E5C 
 305 00af 43355F42 		.ascii	"C5_Blinkschaltung\\PSOC5_Blinkschaltung.cydsn\000"
 305      6C696E6B 
 305      73636861 
 305      6C74756E 
 305      675C5053 
 306              	.LASF12:
 307 00dc 646F7562 		.ascii	"double\000"
 307      6C6500
 308              	.LASF19:
 309 00e3 49544D5F 		.ascii	"ITM_RxBuffer\000"
 309      52784275 
 309      66666572 
 309      00
 310              	.LASF0:
 311 00f0 7369676E 		.ascii	"signed char\000"
 311      65642063 
 311      68617200 
 312              	.LASF9:
 313 00fc 5F5F696E 		.ascii	"__int32_t\000"
 313      7433325F 
 313      7400
 314              	.LASF11:
 315 0106 666C6F61 		.ascii	"float\000"
 315      7400
 316              	.LASF2:
 317 010c 73686F72 		.ascii	"short int\000"
 317      7420696E 
 317      7400
 318              	.LASF15:
 319 0116 474E5520 		.ascii	"GNU C 4.8.4 20140526 (release) [ARM/embedded-4_8-br"
 319      4320342E 
 319      382E3420 
 319      32303134 
 319      30353236 
 320 0149 616E6368 		.ascii	"anch revision 211358] -mcpu=cortex-m3 -mthumb -g -O"
ARM GAS  C:\Users\LocalAdmin\AppData\Local\Temp\ccKlZ8D2.s 			page 8


 320      20726576 
 320      6973696F 
 320      6E203231 
 320      31333538 
 321 017c 30202D66 		.ascii	"0 -ffunction-sections\000"
 321      66756E63 
 321      74696F6E 
 321      2D736563 
 321      74696F6E 
 322              	.LASF10:
 323 0192 696E7433 		.ascii	"int32_t\000"
 323      325F7400 
 324              	.LASF14:
 325 019a 73697A65 		.ascii	"sizetype\000"
 325      74797065 
 325      00
 326              		.ident	"GCC: (GNU Tools for ARM Embedded Processors) 4.8.4 20140526 (release) [ARM/embedded-4_8-br
