ARM GAS  C:\Users\LOCALA~1\AppData\Local\Temp\ccNk9Ad0.s 			page 1


   1              		.syntax unified
   2              		.cpu cortex-m3
   3              		.fpu softvfp
   4              		.eabi_attribute 20, 1
   5              		.eabi_attribute 21, 1
   6              		.eabi_attribute 23, 3
   7              		.eabi_attribute 24, 1
   8              		.eabi_attribute 25, 1
   9              		.eabi_attribute 26, 1
  10              		.eabi_attribute 30, 6
  11              		.eabi_attribute 34, 1
  12              		.eabi_attribute 18, 4
  13              		.thumb
  14              		.syntax unified
  15              		.file	"D_main.c"
  16              		.text
  17              	.Ltext0:
  18              		.cfi_sections	.debug_frame
  19              	.Letext0:
  20              		.section	.debug_line,"",%progbits
  21              	.Ldebug_line0:
  22              		.section	.debug_str,"MS",%progbits,1
  23              	.LASF0:
  24 0000 443A5C4D 		.ascii	"D:\\Masterarbeit - Chemie\\Lamella\\Umbau-Lamellena"
  24      61737465 
  24      72617262 
  24      65697420 
  24      2D204368 
  25 0030 70706172 		.ascii	"pparatur\\Firmware\\Software_Lamellenapparatur\\Opt"
  25      61747572 
  25      5C466972 
  25      6D776172 
  25      655C536F 
  26 0060 696D6965 		.ascii	"imiert\\PSOC5_LamellaControlHofmann.cydsn\000"
  26      72745C50 
  26      534F4335 
  26      5F4C616D 
  26      656C6C61 
  27              	.LASF1:
  28 0089 474E5520 		.ascii	"GNU C11 5.4.1 20160609 (release) [ARM/embedded-5-br"
  28      43313120 
  28      352E342E 
  28      31203230 
  28      31363036 
  29 00bc 616E6368 		.ascii	"anch revision 237715] -mcpu=cortex-m3 -mthumb -g -O"
  29      20726576 
  29      6973696F 
  29      6E203233 
  29      37373135 
  30 00ef 30202D66 		.ascii	"0 -ffunction-sections -ffat-lto-objects\000"
  30      66756E63 
  30      74696F6E 
  30      2D736563 
  30      74696F6E 
  31              	.LASF2:
  32 0117 445F6D61 		.ascii	"D_main.c\000"
  32      696E2E63 
ARM GAS  C:\Users\LOCALA~1\AppData\Local\Temp\ccNk9Ad0.s 			page 2


  32      00
  33              		.ident	"GCC: (GNU Tools for ARM Embedded Processors) 5.4.1 20160609 (release) [ARM/embedded-5-bran
