ARM GAS  C:\Users\LocalAdmin\AppData\Local\Temp\ccrsQyHi.s 			page 1


   1              		.syntax unified
   2              		.cpu cortex-m3
   3              		.fpu softvfp
   4              		.eabi_attribute 20, 1
   5              		.eabi_attribute 21, 1
   6              		.eabi_attribute 23, 3
   7              		.eabi_attribute 24, 1
   8              		.eabi_attribute 25, 1
   9              		.eabi_attribute 26, 1
  10              		.eabi_attribute 30, 6
  11              		.eabi_attribute 34, 1
  12              		.eabi_attribute 18, 4
  13              		.thumb
  14              		.file	"cymetadata.c"
  15              		.text
  16              	.Ltext0:
  17              		.cfi_sections	.debug_frame
  18              		.global	cy_meta_configecc
  19              		.section	.cyconfigecc,"a",%progbits
  20              		.align	2
  21              		.type	cy_meta_configecc, %object
  22              		.size	cy_meta_configecc, 2480
  23              	cy_meta_configecc:
  24 0000 01       		.byte	1
  25 0001 45       		.byte	69
  26 0002 00       		.byte	0
  27 0003 40       		.byte	64
  28 0004 02       		.byte	2
  29 0005 4F       		.byte	79
  30 0006 00       		.byte	0
  31 0007 40       		.byte	64
  32 0008 03       		.byte	3
  33 0009 52       		.byte	82
  34 000a 00       		.byte	0
  35 000b 40       		.byte	64
  36 000c 01       		.byte	1
  37 000d 5B       		.byte	91
  38 000e 00       		.byte	0
  39 000f 40       		.byte	64
  40 0010 04       		.byte	4
  41 0011 64       		.byte	100
  42 0012 00       		.byte	0
  43 0013 40       		.byte	64
  44 0014 03       		.byte	3
  45 0015 65       		.byte	101
  46 0016 00       		.byte	0
  47 0017 40       		.byte	64
  48 0018 01       		.byte	1
  49 0019 01       		.byte	1
  50 001a 01       		.byte	1
  51 001b 40       		.byte	64
  52 001c 5F       		.byte	95
  53 001d 08       		.byte	8
  54 001e 01       		.byte	1
  55 001f 40       		.byte	64
  56 0020 49       		.byte	73
  57 0021 09       		.byte	9
ARM GAS  C:\Users\LocalAdmin\AppData\Local\Temp\ccrsQyHi.s 			page 2


  58 0022 01       		.byte	1
  59 0023 40       		.byte	64
  60 0024 5A       		.byte	90
  61 0025 0A       		.byte	10
  62 0026 01       		.byte	1
  63 0027 40       		.byte	64
  64 0028 3F       		.byte	63
  65 0029 0B       		.byte	11
  66 002a 01       		.byte	1
  67 002b 40       		.byte	64
  68 002c 6A       		.byte	106
  69 002d 0C       		.byte	12
  70 002e 01       		.byte	1
  71 002f 40       		.byte	64
  72 0030 44       		.byte	68
  73 0031 0D       		.byte	13
  74 0032 01       		.byte	1
  75 0033 40       		.byte	64
  76 0034 6C       		.byte	108
  77 0035 0E       		.byte	14
  78 0036 01       		.byte	1
  79 0037 40       		.byte	64
  80 0038 41       		.byte	65
  81 0039 0F       		.byte	15
  82 003a 01       		.byte	1
  83 003b 40       		.byte	64
  84 003c 03       		.byte	3
  85 003d 15       		.byte	21
  86 003e 01       		.byte	1
  87 003f 40       		.byte	64
  88 0040 04       		.byte	4
  89 0041 16       		.byte	22
  90 0042 01       		.byte	1
  91 0043 40       		.byte	64
  92 0044 04       		.byte	4
  93 0045 17       		.byte	23
  94 0046 01       		.byte	1
  95 0047 40       		.byte	64
  96 0048 33       		.byte	51
  97 0049 18       		.byte	24
  98 004a 01       		.byte	1
  99 004b 40       		.byte	64
 100 004c 4F       		.byte	79
 101 004d 19       		.byte	25
 102 004e 01       		.byte	1
 103 004f 40       		.byte	64
 104 0050 48       		.byte	72
 105 0051 1A       		.byte	26
 106 0052 01       		.byte	1
 107 0053 40       		.byte	64
 108 0054 4B       		.byte	75
 109 0055 1B       		.byte	27
 110 0056 01       		.byte	1
 111 0057 40       		.byte	64
 112 0058 0A       		.byte	10
 113 0059 40       		.byte	64
 114 005a 01       		.byte	1
ARM GAS  C:\Users\LocalAdmin\AppData\Local\Temp\ccrsQyHi.s 			page 3


 115 005b 40       		.byte	64
 116 005c 05       		.byte	5
 117 005d 41       		.byte	65
 118 005e 01       		.byte	1
 119 005f 40       		.byte	64
 120 0060 05       		.byte	5
 121 0061 42       		.byte	66
 122 0062 01       		.byte	1
 123 0063 40       		.byte	64
 124 0064 03       		.byte	3
 125 0065 43       		.byte	67
 126 0066 01       		.byte	1
 127 0067 40       		.byte	64
 128 0068 08       		.byte	8
 129 0069 44       		.byte	68
 130 006a 01       		.byte	1
 131 006b 40       		.byte	64
 132 006c 09       		.byte	9
 133 006d 45       		.byte	69
 134 006e 01       		.byte	1
 135 006f 40       		.byte	64
 136 0070 03       		.byte	3
 137 0071 46       		.byte	70
 138 0072 01       		.byte	1
 139 0073 40       		.byte	64
 140 0074 09       		.byte	9
 141 0075 47       		.byte	71
 142 0076 01       		.byte	1
 143 0077 40       		.byte	64
 144 0078 0C       		.byte	12
 145 0079 48       		.byte	72
 146 007a 01       		.byte	1
 147 007b 40       		.byte	64
 148 007c 07       		.byte	7
 149 007d 49       		.byte	73
 150 007e 01       		.byte	1
 151 007f 40       		.byte	64
 152 0080 0E       		.byte	14
 153 0081 4C       		.byte	76
 154 0082 01       		.byte	1
 155 0083 40       		.byte	64
 156 0084 04       		.byte	4
 157 0085 4D       		.byte	77
 158 0086 01       		.byte	1
 159 0087 40       		.byte	64
 160 0088 09       		.byte	9
 161 0089 50       		.byte	80
 162 008a 01       		.byte	1
 163 008b 40       		.byte	64
 164 008c 02       		.byte	2
 165 008d 51       		.byte	81
 166 008e 01       		.byte	1
 167 008f 40       		.byte	64
 168 0090 7E       		.byte	126
 169 0091 02       		.byte	2
 170 0092 01       		.byte	1
 171 0093 10       		.byte	16
ARM GAS  C:\Users\LocalAdmin\AppData\Local\Temp\ccrsQyHi.s 			page 4


 172 0094 0A       		.byte	10
 173 0095 36       		.byte	54
 174 0096 08       		.byte	8
 175 0097 80       		.byte	-128
 176 0098 10       		.byte	16
 177 0099 04       		.byte	4
 178 009a 7C       		.byte	124
 179 009b 40       		.byte	64
 180 009c 2F       		.byte	47
 181 009d 84       		.byte	-124
 182 009e 89       		.byte	-119
 183 009f 72       		.byte	114
 184 00a0 8B       		.byte	-117
 185 00a1 0F       		.byte	15
 186 00a2 8E       		.byte	-114
 187 00a3 0F       		.byte	15
 188 00a4 8F       		.byte	-113
 189 00a5 0F       		.byte	15
 190 00a6 88       		.byte	-120
 191 00a7 38       		.byte	56
 192 00a8 8A       		.byte	-118
 193 00a9 38       		.byte	56
 194 00aa 8B       		.byte	-117
 195 00ab 72       		.byte	114
 196 00ac E2       		.byte	-30
 197 00ad 28       		.byte	40
 198 00ae 01       		.byte	1
 199 00af 08       		.byte	8
 200 00b0 05       		.byte	5
 201 00b1 24       		.byte	36
 202 00b2 07       		.byte	7
 203 00b3 10       		.byte	16
 204 00b4 09       		.byte	9
 205 00b5 21       		.byte	33
 206 00b6 0B       		.byte	11
 207 00b7 9E       		.byte	-98
 208 00b8 0D       		.byte	13
 209 00b9 C0       		.byte	-64
 210 00ba 11       		.byte	17
 211 00bb 1C       		.byte	28
 212 00bc 15       		.byte	21
 213 00bd 70       		.byte	112
 214 00be 17       		.byte	23
 215 00bf 0F       		.byte	15
 216 00c0 19       		.byte	25
 217 00c1 11       		.byte	17
 218 00c2 1B       		.byte	27
 219 00c3 62       		.byte	98
 220 00c4 1D       		.byte	29
 221 00c5 1C       		.byte	28
 222 00c6 1E       		.byte	30
 223 00c7 01       		.byte	1
 224 00c8 20       		.byte	32
 225 00c9 02       		.byte	2
 226 00ca 25       		.byte	37
 227 00cb 14       		.byte	20
 228 00cc 27       		.byte	39
ARM GAS  C:\Users\LocalAdmin\AppData\Local\Temp\ccrsQyHi.s 			page 5


 229 00cd 08       		.byte	8
 230 00ce 29       		.byte	41
 231 00cf 10       		.byte	16
 232 00d0 2A       		.byte	42
 233 00d1 01       		.byte	1
 234 00d2 2B       		.byte	43
 235 00d3 0C       		.byte	12
 236 00d4 2D       		.byte	45
 237 00d5 0C       		.byte	12
 238 00d6 2F       		.byte	47
 239 00d7 10       		.byte	16
 240 00d8 30       		.byte	48
 241 00d9 01       		.byte	1
 242 00da 33       		.byte	51
 243 00db 30       		.byte	48
 244 00dc 34       		.byte	52
 245 00dd 02       		.byte	2
 246 00de 35       		.byte	53
 247 00df 0F       		.byte	15
 248 00e0 37       		.byte	55
 249 00e1 C1       		.byte	-63
 250 00e2 39       		.byte	57
 251 00e3 80       		.byte	-128
 252 00e4 3B       		.byte	59
 253 00e5 08       		.byte	8
 254 00e6 3E       		.byte	62
 255 00e7 11       		.byte	17
 256 00e8 40       		.byte	64
 257 00e9 36       		.byte	54
 258 00ea 41       		.byte	65
 259 00eb 02       		.byte	2
 260 00ec 42       		.byte	66
 261 00ed 40       		.byte	64
 262 00ee 44       		.byte	68
 263 00ef 05       		.byte	5
 264 00f0 45       		.byte	69
 265 00f1 CE       		.byte	-50
 266 00f2 46       		.byte	70
 267 00f3 0B       		.byte	11
 268 00f4 47       		.byte	71
 269 00f5 DF       		.byte	-33
 270 00f6 48       		.byte	72
 271 00f7 37       		.byte	55
 272 00f8 49       		.byte	73
 273 00f9 FF       		.byte	-1
 274 00fa 4A       		.byte	74
 275 00fb FF       		.byte	-1
 276 00fc 4B       		.byte	75
 277 00fd FF       		.byte	-1
 278 00fe 4C       		.byte	76
 279 00ff 22       		.byte	34
 280 0100 4E       		.byte	78
 281 0101 F0       		.byte	-16
 282 0102 4F       		.byte	79
 283 0103 08       		.byte	8
 284 0104 50       		.byte	80
 285 0105 04       		.byte	4
ARM GAS  C:\Users\LocalAdmin\AppData\Local\Temp\ccrsQyHi.s 			page 6


 286 0106 58       		.byte	88
 287 0107 04       		.byte	4
 288 0108 59       		.byte	89
 289 0109 04       		.byte	4
 290 010a 5A       		.byte	90
 291 010b 04       		.byte	4
 292 010c 5F       		.byte	95
 293 010d 01       		.byte	1
 294 010e 62       		.byte	98
 295 010f C0       		.byte	-64
 296 0110 64       		.byte	100
 297 0111 40       		.byte	64
 298 0112 65       		.byte	101
 299 0113 01       		.byte	1
 300 0114 66       		.byte	102
 301 0115 10       		.byte	16
 302 0116 67       		.byte	103
 303 0117 11       		.byte	17
 304 0118 68       		.byte	104
 305 0119 C0       		.byte	-64
 306 011a 69       		.byte	105
 307 011b 01       		.byte	1
 308 011c 6B       		.byte	107
 309 011d 11       		.byte	17
 310 011e 6C       		.byte	108
 311 011f 40       		.byte	64
 312 0120 6D       		.byte	109
 313 0121 01       		.byte	1
 314 0122 6E       		.byte	110
 315 0123 40       		.byte	64
 316 0124 6F       		.byte	111
 317 0125 01       		.byte	1
 318 0126 82       		.byte	-126
 319 0127 40       		.byte	64
 320 0128 84       		.byte	-124
 321 0129 01       		.byte	1
 322 012a 85       		.byte	-123
 323 012b 02       		.byte	2
 324 012c 88       		.byte	-120
 325 012d 73       		.byte	115
 326 012e 89       		.byte	-119
 327 012f 02       		.byte	2
 328 0130 8A       		.byte	-118
 329 0131 0C       		.byte	12
 330 0132 8C       		.byte	-116
 331 0133 4C       		.byte	76
 332 0134 8D       		.byte	-115
 333 0135 02       		.byte	2
 334 0136 8E       		.byte	-114
 335 0137 23       		.byte	35
 336 0138 90       		.byte	-112
 337 0139 42       		.byte	66
 338 013a 92       		.byte	-110
 339 013b 80       		.byte	-128
 340 013c 94       		.byte	-108
 341 013d 4F       		.byte	79
 342 013e 96       		.byte	-106
ARM GAS  C:\Users\LocalAdmin\AppData\Local\Temp\ccrsQyHi.s 			page 7


 343 013f 10       		.byte	16
 344 0140 9A       		.byte	-102
 345 0141 33       		.byte	51
 346 0142 9C       		.byte	-100
 347 0143 7F       		.byte	127
 348 0144 A0       		.byte	-96
 349 0145 08       		.byte	8
 350 0146 A4       		.byte	-92
 351 0147 04       		.byte	4
 352 0148 A5       		.byte	-91
 353 0149 01       		.byte	1
 354 014a A8       		.byte	-88
 355 014b 0C       		.byte	12
 356 014c AC       		.byte	-84
 357 014d 03       		.byte	3
 358 014e B0       		.byte	-80
 359 014f 7C       		.byte	124
 360 0150 B3       		.byte	-77
 361 0151 02       		.byte	2
 362 0152 B4       		.byte	-76
 363 0153 0F       		.byte	15
 364 0154 B5       		.byte	-75
 365 0155 01       		.byte	1
 366 0156 B6       		.byte	-74
 367 0157 80       		.byte	-128
 368 0158 BA       		.byte	-70
 369 0159 22       		.byte	34
 370 015a BF       		.byte	-65
 371 015b 10       		.byte	16
 372 015c D6       		.byte	-42
 373 015d 02       		.byte	2
 374 015e D7       		.byte	-41
 375 015f 12       		.byte	18
 376 0160 D8       		.byte	-40
 377 0161 04       		.byte	4
 378 0162 D9       		.byte	-39
 379 0163 04       		.byte	4
 380 0164 DB       		.byte	-37
 381 0165 04       		.byte	4
 382 0166 DC       		.byte	-36
 383 0167 44       		.byte	68
 384 0168 DD       		.byte	-35
 385 0169 40       		.byte	64
 386 016a DF       		.byte	-33
 387 016b 01       		.byte	1
 388 016c 00       		.byte	0
 389 016d 04       		.byte	4
 390 016e 01       		.byte	1
 391 016f 20       		.byte	32
 392 0170 03       		.byte	3
 393 0171 82       		.byte	-126
 394 0172 08       		.byte	8
 395 0173 62       		.byte	98
 396 0174 0B       		.byte	11
 397 0175 10       		.byte	16
 398 0176 0E       		.byte	14
 399 0177 02       		.byte	2
ARM GAS  C:\Users\LocalAdmin\AppData\Local\Temp\ccrsQyHi.s 			page 8


 400 0178 10       		.byte	16
 401 0179 A0       		.byte	-96
 402 017a 12       		.byte	18
 403 017b 02       		.byte	2
 404 017c 13       		.byte	19
 405 017d 20       		.byte	32
 406 017e 15       		.byte	21
 407 017f 01       		.byte	1
 408 0180 16       		.byte	22
 409 0181 04       		.byte	4
 410 0182 19       		.byte	25
 411 0183 21       		.byte	33
 412 0184 1B       		.byte	27
 413 0185 82       		.byte	-126
 414 0186 1E       		.byte	30
 415 0187 04       		.byte	4
 416 0188 1F       		.byte	31
 417 0189 01       		.byte	1
 418 018a 20       		.byte	32
 419 018b 08       		.byte	8
 420 018c 21       		.byte	33
 421 018d 04       		.byte	4
 422 018e 24       		.byte	36
 423 018f 20       		.byte	32
 424 0190 25       		.byte	37
 425 0191 64       		.byte	100
 426 0192 26       		.byte	38
 427 0193 30       		.byte	48
 428 0194 2A       		.byte	42
 429 0195 08       		.byte	8
 430 0196 2C       		.byte	44
 431 0197 02       		.byte	2
 432 0198 2D       		.byte	45
 433 0199 08       		.byte	8
 434 019a 2F       		.byte	47
 435 019b 08       		.byte	8
 436 019c 36       		.byte	54
 437 019d 28       		.byte	40
 438 019e 37       		.byte	55
 439 019f 41       		.byte	65
 440 01a0 39       		.byte	57
 441 01a1 54       		.byte	84
 442 01a2 3D       		.byte	61
 443 01a3 A8       		.byte	-88
 444 01a4 3F       		.byte	63
 445 01a5 02       		.byte	2
 446 01a6 45       		.byte	69
 447 01a7 22       		.byte	34
 448 01a8 47       		.byte	71
 449 01a9 08       		.byte	8
 450 01aa 4E       		.byte	78
 451 01ab 08       		.byte	8
 452 01ac 4F       		.byte	79
 453 01ad 46       		.byte	70
 454 01ae 56       		.byte	86
 455 01af C1       		.byte	-63
 456 01b0 57       		.byte	87
ARM GAS  C:\Users\LocalAdmin\AppData\Local\Temp\ccrsQyHi.s 			page 9


 457 01b1 04       		.byte	4
 458 01b2 5A       		.byte	90
 459 01b3 08       		.byte	8
 460 01b4 69       		.byte	105
 461 01b5 54       		.byte	84
 462 01b6 70       		.byte	112
 463 01b7 A0       		.byte	-96
 464 01b8 71       		.byte	113
 465 01b9 10       		.byte	16
 466 01ba 72       		.byte	114
 467 01bb 20       		.byte	32
 468 01bc 73       		.byte	115
 469 01bd 20       		.byte	32
 470 01be 88       		.byte	-120
 471 01bf 04       		.byte	4
 472 01c0 90       		.byte	-112
 473 01c1 04       		.byte	4
 474 01c2 91       		.byte	-111
 475 01c3 01       		.byte	1
 476 01c4 93       		.byte	-109
 477 01c5 40       		.byte	64
 478 01c6 94       		.byte	-108
 479 01c7 20       		.byte	32
 480 01c8 95       		.byte	-107
 481 01c9 14       		.byte	20
 482 01ca 96       		.byte	-106
 483 01cb 04       		.byte	4
 484 01cc 97       		.byte	-105
 485 01cd 04       		.byte	4
 486 01ce 98       		.byte	-104
 487 01cf 02       		.byte	2
 488 01d0 99       		.byte	-103
 489 01d1 08       		.byte	8
 490 01d2 9A       		.byte	-102
 491 01d3 08       		.byte	8
 492 01d4 9B       		.byte	-101
 493 01d5 49       		.byte	73
 494 01d6 9D       		.byte	-99
 495 01d7 02       		.byte	2
 496 01d8 9E       		.byte	-98
 497 01d9 C1       		.byte	-63
 498 01da A0       		.byte	-96
 499 01db 02       		.byte	2
 500 01dc A1       		.byte	-95
 501 01dd 12       		.byte	18
 502 01de A2       		.byte	-94
 503 01df 0A       		.byte	10
 504 01e0 A3       		.byte	-93
 505 01e1 08       		.byte	8
 506 01e2 A5       		.byte	-91
 507 01e3 44       		.byte	68
 508 01e4 A6       		.byte	-90
 509 01e5 30       		.byte	48
 510 01e6 A7       		.byte	-89
 511 01e7 05       		.byte	5
 512 01e8 AF       		.byte	-81
 513 01e9 40       		.byte	64
ARM GAS  C:\Users\LocalAdmin\AppData\Local\Temp\ccrsQyHi.s 			page 10


 514 01ea C0       		.byte	-64
 515 01eb 0F       		.byte	15
 516 01ec C2       		.byte	-62
 517 01ed 8F       		.byte	-113
 518 01ee C4       		.byte	-60
 519 01ef 5F       		.byte	95
 520 01f0 CA       		.byte	-54
 521 01f1 72       		.byte	114
 522 01f2 CC       		.byte	-52
 523 01f3 F0       		.byte	-16
 524 01f4 CE       		.byte	-50
 525 01f5 FE       		.byte	-2
 526 01f6 D0       		.byte	-48
 527 01f7 E0       		.byte	-32
 528 01f8 D2       		.byte	-46
 529 01f9 30       		.byte	48
 530 01fa D6       		.byte	-42
 531 01fb 02       		.byte	2
 532 01fc EE       		.byte	-18
 533 01fd 02       		.byte	2
 534 01fe 02       		.byte	2
 535 01ff 9F       		.byte	-97
 536 0200 04       		.byte	4
 537 0201 C0       		.byte	-64
 538 0202 05       		.byte	5
 539 0203 1F       		.byte	31
 540 0204 06       		.byte	6
 541 0205 04       		.byte	4
 542 0206 08       		.byte	8
 543 0207 C0       		.byte	-64
 544 0208 09       		.byte	9
 545 0209 1F       		.byte	31
 546 020a 0A       		.byte	10
 547 020b 08       		.byte	8
 548 020c 0C       		.byte	12
 549 020d C0       		.byte	-64
 550 020e 0E       		.byte	14
 551 020f 01       		.byte	1
 552 0210 10       		.byte	16
 553 0211 C0       		.byte	-64
 554 0212 11       		.byte	17
 555 0213 04       		.byte	4
 556 0214 12       		.byte	18
 557 0215 02       		.byte	2
 558 0216 13       		.byte	19
 559 0217 18       		.byte	24
 560 0218 14       		.byte	20
 561 0219 80       		.byte	-128
 562 021a 19       		.byte	25
 563 021b 09       		.byte	9
 564 021c 1A       		.byte	26
 565 021d FF       		.byte	-1
 566 021e 1B       		.byte	27
 567 021f 06       		.byte	6
 568 0220 22       		.byte	34
 569 0221 60       		.byte	96
 570 0222 24       		.byte	36
ARM GAS  C:\Users\LocalAdmin\AppData\Local\Temp\ccrsQyHi.s 			page 11


 571 0223 1F       		.byte	31
 572 0224 25       		.byte	37
 573 0225 20       		.byte	32
 574 0226 26       		.byte	38
 575 0227 20       		.byte	32
 576 0228 28       		.byte	40
 577 0229 7F       		.byte	127
 578 022a 2A       		.byte	42
 579 022b 80       		.byte	-128
 580 022c 2C       		.byte	44
 581 022d 90       		.byte	-112
 582 022e 2D       		.byte	45
 583 022f 12       		.byte	18
 584 0230 2E       		.byte	46
 585 0231 40       		.byte	64
 586 0232 2F       		.byte	47
 587 0233 05       		.byte	5
 588 0234 30       		.byte	48
 589 0235 FF       		.byte	-1
 590 0236 31       		.byte	49
 591 0237 1C       		.byte	28
 592 0238 33       		.byte	51
 593 0239 20       		.byte	32
 594 023a 35       		.byte	53
 595 023b 03       		.byte	3
 596 023c 3E       		.byte	62
 597 023d 01       		.byte	1
 598 023e 3F       		.byte	63
 599 023f 04       		.byte	4
 600 0240 54       		.byte	84
 601 0241 40       		.byte	64
 602 0242 58       		.byte	88
 603 0243 04       		.byte	4
 604 0244 59       		.byte	89
 605 0245 04       		.byte	4
 606 0246 5B       		.byte	91
 607 0247 04       		.byte	4
 608 0248 5C       		.byte	92
 609 0249 40       		.byte	64
 610 024a 5F       		.byte	95
 611 024b 01       		.byte	1
 612 024c 80       		.byte	-128
 613 024d 10       		.byte	16
 614 024e 81       		.byte	-127
 615 024f 04       		.byte	4
 616 0250 83       		.byte	-125
 617 0251 20       		.byte	32
 618 0252 84       		.byte	-124
 619 0253 08       		.byte	8
 620 0254 85       		.byte	-123
 621 0255 42       		.byte	66
 622 0256 86       		.byte	-122
 623 0257 21       		.byte	33
 624 0258 88       		.byte	-120
 625 0259 01       		.byte	1
 626 025a 89       		.byte	-119
 627 025b 39       		.byte	57
ARM GAS  C:\Users\LocalAdmin\AppData\Local\Temp\ccrsQyHi.s 			page 12


 628 025c 8B       		.byte	-117
 629 025d 06       		.byte	6
 630 025e 8D       		.byte	-115
 631 025f 46       		.byte	70
 632 0260 8E       		.byte	-114
 633 0261 80       		.byte	-128
 634 0262 90       		.byte	-112
 635 0263 01       		.byte	1
 636 0264 91       		.byte	-111
 637 0265 46       		.byte	70
 638 0266 92       		.byte	-110
 639 0267 C0       		.byte	-64
 640 0268 94       		.byte	-108
 641 0269 07       		.byte	7
 642 026a 95       		.byte	-107
 643 026b 01       		.byte	1
 644 026c 96       		.byte	-106
 645 026d 18       		.byte	24
 646 026e 97       		.byte	-105
 647 026f 5E       		.byte	94
 648 0270 98       		.byte	-104
 649 0271 22       		.byte	34
 650 0272 99       		.byte	-103
 651 0273 77       		.byte	119
 652 0274 9A       		.byte	-102
 653 0275 08       		.byte	8
 654 0276 9B       		.byte	-101
 655 0277 08       		.byte	8
 656 0278 9C       		.byte	-100
 657 0279 04       		.byte	4
 658 027a 9D       		.byte	-99
 659 027b 46       		.byte	70
 660 027c A0       		.byte	-96
 661 027d C1       		.byte	-63
 662 027e A1       		.byte	-95
 663 027f 80       		.byte	-128
 664 0280 A4       		.byte	-92
 665 0281 C0       		.byte	-64
 666 0282 A5       		.byte	-91
 667 0283 42       		.byte	66
 668 0284 A7       		.byte	-89
 669 0285 04       		.byte	4
 670 0286 A8       		.byte	-88
 671 0287 C1       		.byte	-63
 672 0288 AB       		.byte	-85
 673 0289 46       		.byte	70
 674 028a AC       		.byte	-84
 675 028b C1       		.byte	-63
 676 028c AD       		.byte	-83
 677 028d 80       		.byte	-128
 678 028e B0       		.byte	-80
 679 028f 40       		.byte	64
 680 0290 B1       		.byte	-79
 681 0291 08       		.byte	8
 682 0292 B2       		.byte	-78
 683 0293 80       		.byte	-128
 684 0294 B3       		.byte	-77
ARM GAS  C:\Users\LocalAdmin\AppData\Local\Temp\ccrsQyHi.s 			page 13


 685 0295 70       		.byte	112
 686 0296 B5       		.byte	-75
 687 0297 0F       		.byte	15
 688 0298 B6       		.byte	-74
 689 0299 3F       		.byte	63
 690 029a B7       		.byte	-73
 691 029b 80       		.byte	-128
 692 029c B8       		.byte	-72
 693 029d 80       		.byte	-128
 694 029e B9       		.byte	-71
 695 029f A0       		.byte	-96
 696 02a0 BB       		.byte	-69
 697 02a1 0C       		.byte	12
 698 02a2 BE       		.byte	-66
 699 02a3 45       		.byte	69
 700 02a4 BF       		.byte	-65
 701 02a5 01       		.byte	1
 702 02a6 D6       		.byte	-42
 703 02a7 02       		.byte	2
 704 02a8 D7       		.byte	-41
 705 02a9 2C       		.byte	44
 706 02aa D8       		.byte	-40
 707 02ab 04       		.byte	4
 708 02ac D9       		.byte	-39
 709 02ad 04       		.byte	4
 710 02ae DB       		.byte	-37
 711 02af 04       		.byte	4
 712 02b0 DF       		.byte	-33
 713 02b1 01       		.byte	1
 714 02b2 01       		.byte	1
 715 02b3 08       		.byte	8
 716 02b4 02       		.byte	2
 717 02b5 40       		.byte	64
 718 02b6 03       		.byte	3
 719 02b7 15       		.byte	21
 720 02b8 04       		.byte	4
 721 02b9 28       		.byte	40
 722 02ba 05       		.byte	5
 723 02bb 40       		.byte	64
 724 02bc 06       		.byte	6
 725 02bd 41       		.byte	65
 726 02be 09       		.byte	9
 727 02bf 15       		.byte	21
 728 02c0 0D       		.byte	13
 729 02c1 80       		.byte	-128
 730 02c2 0E       		.byte	14
 731 02c3 A8       		.byte	-88
 732 02c4 10       		.byte	16
 733 02c5 02       		.byte	2
 734 02c6 12       		.byte	18
 735 02c7 A8       		.byte	-88
 736 02c8 17       		.byte	23
 737 02c9 55       		.byte	85
 738 02ca 1B       		.byte	27
 739 02cb 02       		.byte	2
 740 02cc 1C       		.byte	28
 741 02cd 10       		.byte	16
ARM GAS  C:\Users\LocalAdmin\AppData\Local\Temp\ccrsQyHi.s 			page 14


 742 02ce 1D       		.byte	29
 743 02cf 02       		.byte	2
 744 02d0 1F       		.byte	31
 745 02d1 81       		.byte	-127
 746 02d2 20       		.byte	32
 747 02d3 04       		.byte	4
 748 02d4 22       		.byte	34
 749 02d5 16       		.byte	22
 750 02d6 24       		.byte	36
 751 02d7 48       		.byte	72
 752 02d8 25       		.byte	37
 753 02d9 90       		.byte	-112
 754 02da 26       		.byte	38
 755 02db 8C       		.byte	-116
 756 02dc 27       		.byte	39
 757 02dd 28       		.byte	40
 758 02de 28       		.byte	40
 759 02df 02       		.byte	2
 760 02e0 29       		.byte	41
 761 02e1 04       		.byte	4
 762 02e2 2F       		.byte	47
 763 02e3 AA       		.byte	-86
 764 02e4 32       		.byte	50
 765 02e5 12       		.byte	18
 766 02e6 36       		.byte	54
 767 02e7 69       		.byte	105
 768 02e8 39       		.byte	57
 769 02e9 14       		.byte	20
 770 02ea 3C       		.byte	60
 771 02eb 80       		.byte	-128
 772 02ec 3D       		.byte	61
 773 02ed 28       		.byte	40
 774 02ee 3F       		.byte	63
 775 02ef 02       		.byte	2
 776 02f0 60       		.byte	96
 777 02f1 10       		.byte	16
 778 02f2 61       		.byte	97
 779 02f3 40       		.byte	64
 780 02f4 63       		.byte	99
 781 02f5 08       		.byte	8
 782 02f6 65       		.byte	101
 783 02f7 02       		.byte	2
 784 02f8 67       		.byte	103
 785 02f9 03       		.byte	3
 786 02fa 6C       		.byte	108
 787 02fb 02       		.byte	2
 788 02fc 6D       		.byte	109
 789 02fd 02       		.byte	2
 790 02fe 6E       		.byte	110
 791 02ff 82       		.byte	-126
 792 0300 6F       		.byte	111
 793 0301 7C       		.byte	124
 794 0302 74       		.byte	116
 795 0303 40       		.byte	64
 796 0304 77       		.byte	119
 797 0305 01       		.byte	1
 798 0306 91       		.byte	-111
ARM GAS  C:\Users\LocalAdmin\AppData\Local\Temp\ccrsQyHi.s 			page 15


 799 0307 01       		.byte	1
 800 0308 94       		.byte	-108
 801 0309 40       		.byte	64
 802 030a 96       		.byte	-106
 803 030b 0C       		.byte	12
 804 030c 97       		.byte	-105
 805 030d 05       		.byte	5
 806 030e 98       		.byte	-104
 807 030f 02       		.byte	2
 808 0310 99       		.byte	-103
 809 0311 04       		.byte	4
 810 0312 9A       		.byte	-102
 811 0313 08       		.byte	8
 812 0314 9E       		.byte	-98
 813 0315 80       		.byte	-128
 814 0316 9F       		.byte	-97
 815 0317 7D       		.byte	125
 816 0318 A5       		.byte	-91
 817 0319 50       		.byte	80
 818 031a A6       		.byte	-90
 819 031b 78       		.byte	120
 820 031c A7       		.byte	-89
 821 031d 01       		.byte	1
 822 031e B1       		.byte	-79
 823 031f 10       		.byte	16
 824 0320 B3       		.byte	-77
 825 0321 01       		.byte	1
 826 0322 C0       		.byte	-64
 827 0323 FF       		.byte	-1
 828 0324 C2       		.byte	-62
 829 0325 FE       		.byte	-2
 830 0326 C4       		.byte	-60
 831 0327 FF       		.byte	-1
 832 0328 CA       		.byte	-54
 833 0329 FA       		.byte	-6
 834 032a CC       		.byte	-52
 835 032b F5       		.byte	-11
 836 032c CE       		.byte	-50
 837 032d F6       		.byte	-10
 838 032e D8       		.byte	-40
 839 032f 8E       		.byte	-114
 840 0330 04       		.byte	4
 841 0331 12       		.byte	18
 842 0332 06       		.byte	6
 843 0333 08       		.byte	8
 844 0334 07       		.byte	7
 845 0335 EC       		.byte	-20
 846 0336 08       		.byte	8
 847 0337 12       		.byte	18
 848 0338 09       		.byte	9
 849 0339 04       		.byte	4
 850 033a 0A       		.byte	10
 851 033b 04       		.byte	4
 852 033c 0B       		.byte	11
 853 033d 43       		.byte	67
 854 033e 0D       		.byte	13
 855 033f E0       		.byte	-32
ARM GAS  C:\Users\LocalAdmin\AppData\Local\Temp\ccrsQyHi.s 			page 16


 856 0340 10       		.byte	16
 857 0341 0D       		.byte	13
 858 0342 13       		.byte	19
 859 0343 01       		.byte	1
 860 0344 14       		.byte	20
 861 0345 11       		.byte	17
 862 0346 15       		.byte	21
 863 0347 88       		.byte	-120
 864 0348 16       		.byte	22
 865 0349 02       		.byte	2
 866 034a 17       		.byte	23
 867 034b 03       		.byte	3
 868 034c 18       		.byte	24
 869 034d 02       		.byte	2
 870 034e 19       		.byte	25
 871 034f 21       		.byte	33
 872 0350 1A       		.byte	26
 873 0351 0D       		.byte	13
 874 0352 1B       		.byte	27
 875 0353 02       		.byte	2
 876 0354 20       		.byte	32
 877 0355 0D       		.byte	13
 878 0356 24       		.byte	36
 879 0357 0D       		.byte	13
 880 0358 28       		.byte	40
 881 0359 0D       		.byte	13
 882 035a 2C       		.byte	44
 883 035b 0D       		.byte	13
 884 035c 2F       		.byte	47
 885 035d 12       		.byte	18
 886 035e 31       		.byte	49
 887 035f 10       		.byte	16
 888 0360 33       		.byte	51
 889 0361 0F       		.byte	15
 890 0362 34       		.byte	52
 891 0363 0F       		.byte	15
 892 0364 36       		.byte	54
 893 0365 10       		.byte	16
 894 0366 37       		.byte	55
 895 0367 E0       		.byte	-32
 896 0368 3A       		.byte	58
 897 0369 20       		.byte	32
 898 036a 3E       		.byte	62
 899 036b 40       		.byte	64
 900 036c 3F       		.byte	63
 901 036d 40       		.byte	64
 902 036e 40       		.byte	64
 903 036f 03       		.byte	3
 904 0370 45       		.byte	69
 905 0371 40       		.byte	64
 906 0372 49       		.byte	73
 907 0373 FF       		.byte	-1
 908 0374 4A       		.byte	74
 909 0375 07       		.byte	7
 910 0376 4B       		.byte	75
 911 0377 FF       		.byte	-1
 912 0378 4C       		.byte	76
ARM GAS  C:\Users\LocalAdmin\AppData\Local\Temp\ccrsQyHi.s 			page 17


 913 0379 40       		.byte	64
 914 037a 4D       		.byte	77
 915 037b 20       		.byte	32
 916 037c 4E       		.byte	78
 917 037d F0       		.byte	-16
 918 037e 4F       		.byte	79
 919 037f 05       		.byte	5
 920 0380 50       		.byte	80
 921 0381 08       		.byte	8
 922 0382 54       		.byte	84
 923 0383 09       		.byte	9
 924 0384 58       		.byte	88
 925 0385 04       		.byte	4
 926 0386 59       		.byte	89
 927 0387 04       		.byte	4
 928 0388 5A       		.byte	90
 929 0389 04       		.byte	4
 930 038a 5B       		.byte	91
 931 038b 04       		.byte	4
 932 038c 5D       		.byte	93
 933 038d 04       		.byte	4
 934 038e 5F       		.byte	95
 935 038f 01       		.byte	1
 936 0390 60       		.byte	96
 937 0391 40       		.byte	64
 938 0392 61       		.byte	97
 939 0393 A8       		.byte	-88
 940 0394 62       		.byte	98
 941 0395 40       		.byte	64
 942 0396 63       		.byte	99
 943 0397 20       		.byte	32
 944 0398 87       		.byte	-121
 945 0399 03       		.byte	3
 946 039a 89       		.byte	-119
 947 039b 09       		.byte	9
 948 039c 8B       		.byte	-117
 949 039d D0       		.byte	-48
 950 039e 8C       		.byte	-116
 951 039f 2C       		.byte	44
 952 03a0 8D       		.byte	-115
 953 03a1 10       		.byte	16
 954 03a2 8E       		.byte	-114
 955 03a3 43       		.byte	67
 956 03a4 8F       		.byte	-113
 957 03a5 AC       		.byte	-84
 958 03a6 90       		.byte	-112
 959 03a7 71       		.byte	113
 960 03a8 92       		.byte	-110
 961 03a9 06       		.byte	6
 962 03aa 96       		.byte	-106
 963 03ab 0C       		.byte	12
 964 03ac 97       		.byte	-105
 965 03ad 20       		.byte	32
 966 03ae 98       		.byte	-104
 967 03af 71       		.byte	113
 968 03b0 99       		.byte	-103
 969 03b1 0C       		.byte	12
ARM GAS  C:\Users\LocalAdmin\AppData\Local\Temp\ccrsQyHi.s 			page 18


 970 03b2 9A       		.byte	-102
 971 03b3 0E       		.byte	14
 972 03b4 9B       		.byte	-101
 973 03b5 71       		.byte	113
 974 03b6 A5       		.byte	-91
 975 03b7 10       		.byte	16
 976 03b8 A6       		.byte	-90
 977 03b9 08       		.byte	8
 978 03ba A7       		.byte	-89
 979 03bb 40       		.byte	64
 980 03bc A8       		.byte	-88
 981 03bd 80       		.byte	-128
 982 03be A9       		.byte	-87
 983 03bf 14       		.byte	20
 984 03c0 AA       		.byte	-86
 985 03c1 13       		.byte	19
 986 03c2 AD       		.byte	-83
 987 03c3 DC       		.byte	-36
 988 03c4 AF       		.byte	-81
 989 03c5 22       		.byte	34
 990 03c6 B0       		.byte	-80
 991 03c7 0F       		.byte	15
 992 03c8 B2       		.byte	-78
 993 03c9 C0       		.byte	-64
 994 03ca B3       		.byte	-77
 995 03cb 1F       		.byte	31
 996 03cc B4       		.byte	-76
 997 03cd 30       		.byte	48
 998 03ce B5       		.byte	-75
 999 03cf E0       		.byte	-32
 1000 03d0 B8       		.byte	-72
 1001 03d1 28       		.byte	40
 1002 03d2 BA       		.byte	-70
 1003 03d3 02       		.byte	2
 1004 03d4 BB       		.byte	-69
 1005 03d5 20       		.byte	32
 1006 03d6 BE       		.byte	-66
 1007 03d7 10       		.byte	16
 1008 03d8 C0       		.byte	-64
 1009 03d9 06       		.byte	6
 1010 03da C6       		.byte	-58
 1011 03db 40       		.byte	64
 1012 03dc C9       		.byte	-55
 1013 03dd FF       		.byte	-1
 1014 03de CA       		.byte	-54
 1015 03df 07       		.byte	7
 1016 03e0 CB       		.byte	-53
 1017 03e1 FF       		.byte	-1
 1018 03e2 CC       		.byte	-52
 1019 03e3 40       		.byte	64
 1020 03e4 CD       		.byte	-51
 1021 03e5 20       		.byte	32
 1022 03e6 CE       		.byte	-50
 1023 03e7 F0       		.byte	-16
 1024 03e8 CF       		.byte	-49
 1025 03e9 05       		.byte	5
 1026 03ea D0       		.byte	-48
ARM GAS  C:\Users\LocalAdmin\AppData\Local\Temp\ccrsQyHi.s 			page 19


 1027 03eb 08       		.byte	8
 1028 03ec D6       		.byte	-42
 1029 03ed 08       		.byte	8
 1030 03ee D8       		.byte	-40
 1031 03ef 04       		.byte	4
 1032 03f0 D9       		.byte	-39
 1033 03f1 04       		.byte	4
 1034 03f2 DA       		.byte	-38
 1035 03f3 04       		.byte	4
 1036 03f4 DB       		.byte	-37
 1037 03f5 04       		.byte	4
 1038 03f6 DC       		.byte	-36
 1039 03f7 33       		.byte	51
 1040 03f8 DD       		.byte	-35
 1041 03f9 93       		.byte	-109
 1042 03fa DF       		.byte	-33
 1043 03fb 01       		.byte	1
 1044 03fc E0       		.byte	-32
 1045 03fd 40       		.byte	64
 1046 03fe E1       		.byte	-31
 1047 03ff A8       		.byte	-88
 1048 0400 E2       		.byte	-30
 1049 0401 40       		.byte	64
 1050 0402 E3       		.byte	-29
 1051 0403 20       		.byte	32
 1052 0404 03       		.byte	3
 1053 0405 02       		.byte	2
 1054 0406 07       		.byte	7
 1055 0407 28       		.byte	40
 1056 0408 09       		.byte	9
 1057 0409 20       		.byte	32
 1058 040a 0A       		.byte	10
 1059 040b 50       		.byte	80
 1060 040c 0E       		.byte	14
 1061 040d A8       		.byte	-88
 1062 040e 10       		.byte	16
 1063 040f 38       		.byte	56
 1064 0410 17       		.byte	23
 1065 0411 55       		.byte	85
 1066 0412 18       		.byte	24
 1067 0413 20       		.byte	32
 1068 0414 19       		.byte	25
 1069 0415 10       		.byte	16
 1070 0416 1A       		.byte	26
 1071 0417 10       		.byte	16
 1072 0418 1B       		.byte	27
 1073 0419 02       		.byte	2
 1074 041a 1D       		.byte	29
 1075 041b 40       		.byte	64
 1076 041c 1E       		.byte	30
 1077 041d 08       		.byte	8
 1078 041e 21       		.byte	33
 1079 041f 24       		.byte	36
 1080 0420 25       		.byte	37
 1081 0421 04       		.byte	4
 1082 0422 26       		.byte	38
 1083 0423 82       		.byte	-126
ARM GAS  C:\Users\LocalAdmin\AppData\Local\Temp\ccrsQyHi.s 			page 20


 1084 0424 28       		.byte	40
 1085 0425 10       		.byte	16
 1086 0426 2B       		.byte	43
 1087 0427 0A       		.byte	10
 1088 0428 2E       		.byte	46
 1089 0429 80       		.byte	-128
 1090 042a 30       		.byte	48
 1091 042b 08       		.byte	8
 1092 042c 31       		.byte	49
 1093 042d 20       		.byte	32
 1094 042e 36       		.byte	54
 1095 042f 2A       		.byte	42
 1096 0430 38       		.byte	56
 1097 0431 20       		.byte	32
 1098 0432 39       		.byte	57
 1099 0433 08       		.byte	8
 1100 0434 3A       		.byte	58
 1101 0435 08       		.byte	8
 1102 0436 3B       		.byte	59
 1103 0437 40       		.byte	64
 1104 0438 3D       		.byte	61
 1105 0439 A8       		.byte	-88
 1106 043a 45       		.byte	69
 1107 043b 08       		.byte	8
 1108 043c 49       		.byte	73
 1109 043d 10       		.byte	16
 1110 043e 4D       		.byte	77
 1111 043f 02       		.byte	2
 1112 0440 50       		.byte	80
 1113 0441 28       		.byte	40
 1114 0442 56       		.byte	86
 1115 0443 01       		.byte	1
 1116 0444 58       		.byte	88
 1117 0445 80       		.byte	-128
 1118 0446 5C       		.byte	92
 1119 0447 40       		.byte	64
 1120 0448 5D       		.byte	93
 1121 0449 10       		.byte	16
 1122 044a 5F       		.byte	95
 1123 044b 05       		.byte	5
 1124 044c 60       		.byte	96
 1125 044d 02       		.byte	2
 1126 044e 65       		.byte	101
 1127 044f 40       		.byte	64
 1128 0450 86       		.byte	-122
 1129 0451 80       		.byte	-128
 1130 0452 91       		.byte	-111
 1131 0453 01       		.byte	1
 1132 0454 92       		.byte	-110
 1133 0455 40       		.byte	64
 1134 0456 93       		.byte	-109
 1135 0457 40       		.byte	64
 1136 0458 96       		.byte	-106
 1137 0459 1C       		.byte	28
 1138 045a 98       		.byte	-104
 1139 045b 80       		.byte	-128
 1140 045c 99       		.byte	-103
ARM GAS  C:\Users\LocalAdmin\AppData\Local\Temp\ccrsQyHi.s 			page 21


 1141 045d 04       		.byte	4
 1142 045e 9D       		.byte	-99
 1143 045f 02       		.byte	2
 1144 0460 9E       		.byte	-98
 1145 0461 01       		.byte	1
 1146 0462 A1       		.byte	-95
 1147 0463 08       		.byte	8
 1148 0464 A3       		.byte	-93
 1149 0465 08       		.byte	8
 1150 0466 A4       		.byte	-92
 1151 0467 08       		.byte	8
 1152 0468 A5       		.byte	-91
 1153 0469 20       		.byte	32
 1154 046a A7       		.byte	-89
 1155 046b 02       		.byte	2
 1156 046c A8       		.byte	-88
 1157 046d 02       		.byte	2
 1158 046e A9       		.byte	-87
 1159 046f 04       		.byte	4
 1160 0470 AE       		.byte	-82
 1161 0471 40       		.byte	64
 1162 0472 AF       		.byte	-81
 1163 0473 10       		.byte	16
 1164 0474 B0       		.byte	-80
 1165 0475 80       		.byte	-128
 1166 0476 C0       		.byte	-64
 1167 0477 61       		.byte	97
 1168 0478 C2       		.byte	-62
 1169 0479 7E       		.byte	126
 1170 047a C4       		.byte	-60
 1171 047b F6       		.byte	-10
 1172 047c CA       		.byte	-54
 1173 047d 1E       		.byte	30
 1174 047e CC       		.byte	-52
 1175 047f E6       		.byte	-26
 1176 0480 CE       		.byte	-50
 1177 0481 7E       		.byte	126
 1178 0482 D0       		.byte	-48
 1179 0483 40       		.byte	64
 1180 0484 D2       		.byte	-46
 1181 0485 04       		.byte	4
 1182 0486 D6       		.byte	-42
 1183 0487 F8       		.byte	-8
 1184 0488 D8       		.byte	-40
 1185 0489 18       		.byte	24
 1186 048a E4       		.byte	-28
 1187 048b 08       		.byte	8
 1188 048c 01       		.byte	1
 1189 048d 28       		.byte	40
 1190 048e 05       		.byte	5
 1191 048f 18       		.byte	24
 1192 0490 07       		.byte	7
 1193 0491 22       		.byte	34
 1194 0492 0C       		.byte	12
 1195 0493 0A       		.byte	10
 1196 0494 0D       		.byte	13
 1197 0495 12       		.byte	18
ARM GAS  C:\Users\LocalAdmin\AppData\Local\Temp\ccrsQyHi.s 			page 22


 1198 0496 0E       		.byte	14
 1199 0497 14       		.byte	20
 1200 0498 0F       		.byte	15
 1201 0499 20       		.byte	32
 1202 049a 10       		.byte	16
 1203 049b 13       		.byte	19
 1204 049c 11       		.byte	17
 1205 049d 01       		.byte	1
 1206 049e 12       		.byte	18
 1207 049f 0C       		.byte	12
 1208 04a0 13       		.byte	19
 1209 04a1 06       		.byte	6
 1210 04a2 15       		.byte	21
 1211 04a3 38       		.byte	56
 1212 04a4 16       		.byte	22
 1213 04a5 08       		.byte	8
 1214 04a6 17       		.byte	23
 1215 04a7 04       		.byte	4
 1216 04a8 18       		.byte	24
 1217 04a9 13       		.byte	19
 1218 04aa 1A       		.byte	26
 1219 04ab 04       		.byte	4
 1220 04ac 21       		.byte	33
 1221 04ad 20       		.byte	32
 1222 04ae 24       		.byte	36
 1223 04af 03       		.byte	3
 1224 04b0 25       		.byte	37
 1225 04b1 20       		.byte	32
 1226 04b2 26       		.byte	38
 1227 04b3 14       		.byte	20
 1228 04b4 27       		.byte	39
 1229 04b5 18       		.byte	24
 1230 04b6 2A       		.byte	42
 1231 04b7 15       		.byte	21
 1232 04b8 30       		.byte	48
 1233 04b9 0F       		.byte	15
 1234 04ba 31       		.byte	49
 1235 04bb 3E       		.byte	62
 1236 04bc 35       		.byte	53
 1237 04bd 01       		.byte	1
 1238 04be 36       		.byte	54
 1239 04bf 10       		.byte	16
 1240 04c0 3A       		.byte	58
 1241 04c1 02       		.byte	2
 1242 04c2 3E       		.byte	62
 1243 04c3 40       		.byte	64
 1244 04c4 3F       		.byte	63
 1245 04c5 10       		.byte	16
 1246 04c6 40       		.byte	64
 1247 04c7 56       		.byte	86
 1248 04c8 41       		.byte	65
 1249 04c9 02       		.byte	2
 1250 04ca 45       		.byte	69
 1251 04cb 0E       		.byte	14
 1252 04cc 46       		.byte	70
 1253 04cd C0       		.byte	-64
 1254 04ce 47       		.byte	71
ARM GAS  C:\Users\LocalAdmin\AppData\Local\Temp\ccrsQyHi.s 			page 23


 1255 04cf 0B       		.byte	11
 1256 04d0 48       		.byte	72
 1257 04d1 19       		.byte	25
 1258 04d2 49       		.byte	73
 1259 04d3 FF       		.byte	-1
 1260 04d4 4A       		.byte	74
 1261 04d5 FF       		.byte	-1
 1262 04d6 4B       		.byte	75
 1263 04d7 FF       		.byte	-1
 1264 04d8 4E       		.byte	78
 1265 04d9 F0       		.byte	-16
 1266 04da 4F       		.byte	79
 1267 04db 44       		.byte	68
 1268 04dc 50       		.byte	80
 1269 04dd 0C       		.byte	12
 1270 04de 54       		.byte	84
 1271 04df 01       		.byte	1
 1272 04e0 58       		.byte	88
 1273 04e1 04       		.byte	4
 1274 04e2 59       		.byte	89
 1275 04e3 04       		.byte	4
 1276 04e4 5A       		.byte	90
 1277 04e5 04       		.byte	4
 1278 04e6 5B       		.byte	91
 1279 04e7 04       		.byte	4
 1280 04e8 5C       		.byte	92
 1281 04e9 43       		.byte	67
 1282 04ea 5D       		.byte	93
 1283 04eb 33       		.byte	51
 1284 04ec 5F       		.byte	95
 1285 04ed 01       		.byte	1
 1286 04ee 66       		.byte	102
 1287 04ef C0       		.byte	-64
 1288 04f0 6A       		.byte	106
 1289 04f1 40       		.byte	64
 1290 04f2 6B       		.byte	107
 1291 04f3 02       		.byte	2
 1292 04f4 80       		.byte	-128
 1293 04f5 03       		.byte	3
 1294 04f6 82       		.byte	-126
 1295 04f7 04       		.byte	4
 1296 04f8 83       		.byte	-125
 1297 04f9 1C       		.byte	28
 1298 04fa 84       		.byte	-124
 1299 04fb 8A       		.byte	-118
 1300 04fc 85       		.byte	-123
 1301 04fd 21       		.byte	33
 1302 04fe 86       		.byte	-122
 1303 04ff 14       		.byte	20
 1304 0500 87       		.byte	-121
 1305 0501 16       		.byte	22
 1306 0502 88       		.byte	-120
 1307 0503 D3       		.byte	-45
 1308 0504 8A       		.byte	-118
 1309 0505 0C       		.byte	12
 1310 0506 8C       		.byte	-116
 1311 0507 20       		.byte	32
ARM GAS  C:\Users\LocalAdmin\AppData\Local\Temp\ccrsQyHi.s 			page 24


 1312 0508 8E       		.byte	-114
 1313 0509 45       		.byte	69
 1314 050a 8F       		.byte	-113
 1315 050b 20       		.byte	32
 1316 050c 93       		.byte	-109
 1317 050d 23       		.byte	35
 1318 050e 95       		.byte	-107
 1319 050f 21       		.byte	33
 1320 0510 97       		.byte	-105
 1321 0511 0E       		.byte	14
 1322 0512 99       		.byte	-103
 1323 0513 1C       		.byte	28
 1324 0514 9B       		.byte	-101
 1325 0515 23       		.byte	35
 1326 0516 9E       		.byte	-98
 1327 0517 08       		.byte	8
 1328 0518 A3       		.byte	-93
 1329 0519 08       		.byte	8
 1330 051a A4       		.byte	-92
 1331 051b D3       		.byte	-45
 1332 051c A6       		.byte	-90
 1333 051d 04       		.byte	4
 1334 051e B2       		.byte	-78
 1335 051f C0       		.byte	-64
 1336 0520 B3       		.byte	-77
 1337 0521 0F       		.byte	15
 1338 0522 B4       		.byte	-76
 1339 0523 0F       		.byte	15
 1340 0524 B5       		.byte	-75
 1341 0525 1A       		.byte	26
 1342 0526 B6       		.byte	-74
 1343 0527 30       		.byte	48
 1344 0528 B7       		.byte	-73
 1345 0529 20       		.byte	32
 1346 052a B8       		.byte	-72
 1347 052b 88       		.byte	-120
 1348 052c BA       		.byte	-70
 1349 052d 20       		.byte	32
 1350 052e BB       		.byte	-69
 1351 052f 28       		.byte	40
 1352 0530 BE       		.byte	-66
 1353 0531 04       		.byte	4
 1354 0532 BF       		.byte	-65
 1355 0533 40       		.byte	64
 1356 0534 C0       		.byte	-64
 1357 0535 24       		.byte	36
 1358 0536 C1       		.byte	-63
 1359 0537 06       		.byte	6
 1360 0538 C5       		.byte	-59
 1361 0539 E0       		.byte	-32
 1362 053a C6       		.byte	-58
 1363 053b 0C       		.byte	12
 1364 053c C7       		.byte	-57
 1365 053d B0       		.byte	-80
 1366 053e C8       		.byte	-56
 1367 053f 26       		.byte	38
 1368 0540 C9       		.byte	-55
ARM GAS  C:\Users\LocalAdmin\AppData\Local\Temp\ccrsQyHi.s 			page 25


 1369 0541 FF       		.byte	-1
 1370 0542 CA       		.byte	-54
 1371 0543 FF       		.byte	-1
 1372 0544 CB       		.byte	-53
 1373 0545 FF       		.byte	-1
 1374 0546 CE       		.byte	-50
 1375 0547 F0       		.byte	-16
 1376 0548 CF       		.byte	-49
 1377 0549 44       		.byte	68
 1378 054a D0       		.byte	-48
 1379 054b 0C       		.byte	12
 1380 054c D4       		.byte	-44
 1381 054d 01       		.byte	1
 1382 054e D6       		.byte	-42
 1383 054f 04       		.byte	4
 1384 0550 D8       		.byte	-40
 1385 0551 04       		.byte	4
 1386 0552 D9       		.byte	-39
 1387 0553 04       		.byte	4
 1388 0554 DA       		.byte	-38
 1389 0555 04       		.byte	4
 1390 0556 DB       		.byte	-37
 1391 0557 04       		.byte	4
 1392 0558 DC       		.byte	-36
 1393 0559 44       		.byte	68
 1394 055a DD       		.byte	-35
 1395 055b 44       		.byte	68
 1396 055c DF       		.byte	-33
 1397 055d 01       		.byte	1
 1398 055e E6       		.byte	-26
 1399 055f C0       		.byte	-64
 1400 0560 EA       		.byte	-22
 1401 0561 40       		.byte	64
 1402 0562 EB       		.byte	-21
 1403 0563 02       		.byte	2
 1404 0564 03       		.byte	3
 1405 0565 02       		.byte	2
 1406 0566 05       		.byte	5
 1407 0567 10       		.byte	16
 1408 0568 06       		.byte	6
 1409 0569 41       		.byte	65
 1410 056a 07       		.byte	7
 1411 056b 22       		.byte	34
 1412 056c 09       		.byte	9
 1413 056d 20       		.byte	32
 1414 056e 0A       		.byte	10
 1415 056f 50       		.byte	80
 1416 0570 0B       		.byte	11
 1417 0571 40       		.byte	64
 1418 0572 0D       		.byte	13
 1419 0573 40       		.byte	64
 1420 0574 0E       		.byte	14
 1421 0575 01       		.byte	1
 1422 0576 10       		.byte	16
 1423 0577 38       		.byte	56
 1424 0578 17       		.byte	23
 1425 0579 08       		.byte	8
ARM GAS  C:\Users\LocalAdmin\AppData\Local\Temp\ccrsQyHi.s 			page 26


 1426 057a 19       		.byte	25
 1427 057b 80       		.byte	-128
 1428 057c 1A       		.byte	26
 1429 057d 40       		.byte	64
 1430 057e 1C       		.byte	28
 1431 057f 08       		.byte	8
 1432 0580 1D       		.byte	29
 1433 0581 18       		.byte	24
 1434 0582 1E       		.byte	30
 1435 0583 01       		.byte	1
 1436 0584 20       		.byte	32
 1437 0585 04       		.byte	4
 1438 0586 21       		.byte	33
 1439 0587 02       		.byte	2
 1440 0588 24       		.byte	36
 1441 0589 08       		.byte	8
 1442 058a 26       		.byte	38
 1443 058b 48       		.byte	72
 1444 058c 27       		.byte	39
 1445 058d 28       		.byte	40
 1446 058e 29       		.byte	41
 1447 058f 02       		.byte	2
 1448 0590 2A       		.byte	42
 1449 0591 08       		.byte	8
 1450 0592 2D       		.byte	45
 1451 0593 02       		.byte	2
 1452 0594 31       		.byte	49
 1453 0595 02       		.byte	2
 1454 0596 32       		.byte	50
 1455 0597 08       		.byte	8
 1456 0598 37       		.byte	55
 1457 0599 2A       		.byte	42
 1458 059a 38       		.byte	56
 1459 059b 08       		.byte	8
 1460 059c 39       		.byte	57
 1461 059d 80       		.byte	-128
 1462 059e 3A       		.byte	58
 1463 059f 02       		.byte	2
 1464 05a0 3C       		.byte	60
 1465 05a1 08       		.byte	8
 1466 05a2 3E       		.byte	62
 1467 05a3 09       		.byte	9
 1468 05a4 3F       		.byte	63
 1469 05a5 80       		.byte	-128
 1470 05a6 41       		.byte	65
 1471 05a7 20       		.byte	32
 1472 05a8 46       		.byte	70
 1473 05a9 08       		.byte	8
 1474 05aa 47       		.byte	71
 1475 05ab 02       		.byte	2
 1476 05ac 48       		.byte	72
 1477 05ad 08       		.byte	8
 1478 05ae 49       		.byte	73
 1479 05af 04       		.byte	4
 1480 05b0 4B       		.byte	75
 1481 05b1 40       		.byte	64
 1482 05b2 4C       		.byte	76
ARM GAS  C:\Users\LocalAdmin\AppData\Local\Temp\ccrsQyHi.s 			page 27


 1483 05b3 04       		.byte	4
 1484 05b4 4D       		.byte	77
 1485 05b5 01       		.byte	1
 1486 05b6 50       		.byte	80
 1487 05b7 20       		.byte	32
 1488 05b8 53       		.byte	83
 1489 05b9 08       		.byte	8
 1490 05ba 56       		.byte	86
 1491 05bb 42       		.byte	66
 1492 05bc 57       		.byte	87
 1493 05bd 40       		.byte	64
 1494 05be 58       		.byte	88
 1495 05bf 12       		.byte	18
 1496 05c0 59       		.byte	89
 1497 05c1 80       		.byte	-128
 1498 05c2 5A       		.byte	90
 1499 05c3 08       		.byte	8
 1500 05c4 5D       		.byte	93
 1501 05c5 01       		.byte	1
 1502 05c6 5E       		.byte	94
 1503 05c7 84       		.byte	-124
 1504 05c8 5F       		.byte	95
 1505 05c9 10       		.byte	16
 1506 05ca 67       		.byte	103
 1507 05cb 80       		.byte	-128
 1508 05cc 87       		.byte	-121
 1509 05cd 40       		.byte	64
 1510 05ce 8C       		.byte	-116
 1511 05cf 04       		.byte	4
 1512 05d0 C0       		.byte	-64
 1513 05d1 F1       		.byte	-15
 1514 05d2 C2       		.byte	-62
 1515 05d3 8E       		.byte	-114
 1516 05d4 C4       		.byte	-60
 1517 05d5 26       		.byte	38
 1518 05d6 CA       		.byte	-54
 1519 05d7 83       		.byte	-125
 1520 05d8 CC       		.byte	-52
 1521 05d9 E3       		.byte	-29
 1522 05da CE       		.byte	-50
 1523 05db DB       		.byte	-37
 1524 05dc D0       		.byte	-48
 1525 05dd A4       		.byte	-92
 1526 05de D2       		.byte	-46
 1527 05df 2C       		.byte	44
 1528 05e0 D6       		.byte	-42
 1529 05e1 FF       		.byte	-1
 1530 05e2 D8       		.byte	-40
 1531 05e3 80       		.byte	-128
 1532 05e4 E2       		.byte	-30
 1533 05e5 20       		.byte	32
 1534 05e6 E2       		.byte	-30
 1535 05e7 01       		.byte	1
 1536 05e8 E6       		.byte	-26
 1537 05e9 02       		.byte	2
 1538 05ea EC       		.byte	-20
 1539 05eb 20       		.byte	32
ARM GAS  C:\Users\LocalAdmin\AppData\Local\Temp\ccrsQyHi.s 			page 28


 1540 05ec 38       		.byte	56
 1541 05ed 02       		.byte	2
 1542 05ee 3E       		.byte	62
 1543 05ef 01       		.byte	1
 1544 05f0 58       		.byte	88
 1545 05f1 04       		.byte	4
 1546 05f2 5F       		.byte	95
 1547 05f3 01       		.byte	1
 1548 05f4 1F       		.byte	31
 1549 05f5 02       		.byte	2
 1550 05f6 87       		.byte	-121
 1551 05f7 02       		.byte	2
 1552 05f8 EA       		.byte	-22
 1553 05f9 02       		.byte	2
 1554 05fa EE       		.byte	-18
 1555 05fb 0A       		.byte	10
 1556 05fc 03       		.byte	3
 1557 05fd 01       		.byte	1
 1558 05fe 0C       		.byte	12
 1559 05ff 80       		.byte	-128
 1560 0600 0F       		.byte	15
 1561 0601 02       		.byte	2
 1562 0602 14       		.byte	20
 1563 0603 01       		.byte	1
 1564 0604 16       		.byte	22
 1565 0605 26       		.byte	38
 1566 0606 18       		.byte	24
 1567 0607 0A       		.byte	10
 1568 0608 1A       		.byte	26
 1569 0609 51       		.byte	81
 1570 060a 1C       		.byte	28
 1571 060b 14       		.byte	20
 1572 060c 1E       		.byte	30
 1573 060d 49       		.byte	73
 1574 060e 23       		.byte	35
 1575 060f 02       		.byte	2
 1576 0610 24       		.byte	36
 1577 0611 9F       		.byte	-97
 1578 0612 28       		.byte	40
 1579 0613 9F       		.byte	-97
 1580 0614 30       		.byte	48
 1581 0615 60       		.byte	96
 1582 0616 32       		.byte	50
 1583 0617 07       		.byte	7
 1584 0618 33       		.byte	51
 1585 0619 01       		.byte	1
 1586 061a 34       		.byte	52
 1587 061b 18       		.byte	24
 1588 061c 35       		.byte	53
 1589 061d 02       		.byte	2
 1590 061e 36       		.byte	54
 1591 061f 80       		.byte	-128
 1592 0620 3E       		.byte	62
 1593 0621 01       		.byte	1
 1594 0622 3F       		.byte	63
 1595 0623 10       		.byte	16
 1596 0624 40       		.byte	64
ARM GAS  C:\Users\LocalAdmin\AppData\Local\Temp\ccrsQyHi.s 			page 29


 1597 0625 31       		.byte	49
 1598 0626 41       		.byte	65
 1599 0627 02       		.byte	2
 1600 0628 42       		.byte	66
 1601 0629 05       		.byte	5
 1602 062a 44       		.byte	68
 1603 062b 04       		.byte	4
 1604 062c 46       		.byte	70
 1605 062d 0E       		.byte	14
 1606 062e 47       		.byte	71
 1607 062f 0C       		.byte	12
 1608 0630 48       		.byte	72
 1609 0631 14       		.byte	20
 1610 0632 49       		.byte	73
 1611 0633 FF       		.byte	-1
 1612 0634 4A       		.byte	74
 1613 0635 FF       		.byte	-1
 1614 0636 4B       		.byte	75
 1615 0637 FF       		.byte	-1
 1616 0638 4C       		.byte	76
 1617 0639 62       		.byte	98
 1618 063a 4D       		.byte	77
 1619 063b A0       		.byte	-96
 1620 063c 4E       		.byte	78
 1621 063d F0       		.byte	-16
 1622 063e 4F       		.byte	79
 1623 063f 41       		.byte	65
 1624 0640 50       		.byte	80
 1625 0641 0C       		.byte	12
 1626 0642 54       		.byte	84
 1627 0643 18       		.byte	24
 1628 0644 58       		.byte	88
 1629 0645 04       		.byte	4
 1630 0646 59       		.byte	89
 1631 0647 04       		.byte	4
 1632 0648 5A       		.byte	90
 1633 0649 04       		.byte	4
 1634 064a 5B       		.byte	91
 1635 064b 04       		.byte	4
 1636 064c 5C       		.byte	92
 1637 064d 33       		.byte	51
 1638 064e 5D       		.byte	93
 1639 064f 33       		.byte	51
 1640 0650 5F       		.byte	95
 1641 0651 01       		.byte	1
 1642 0652 66       		.byte	102
 1643 0653 40       		.byte	64
 1644 0654 67       		.byte	103
 1645 0655 02       		.byte	2
 1646 0656 69       		.byte	105
 1647 0657 10       		.byte	16
 1648 0658 6A       		.byte	106
 1649 0659 30       		.byte	48
 1650 065a 6B       		.byte	107
 1651 065b 10       		.byte	16
 1652 065c 6D       		.byte	109
 1653 065d 10       		.byte	16
ARM GAS  C:\Users\LocalAdmin\AppData\Local\Temp\ccrsQyHi.s 			page 30


 1654 065e 6E       		.byte	110
 1655 065f 10       		.byte	16
 1656 0660 6F       		.byte	111
 1657 0661 12       		.byte	18
 1658 0662 01       		.byte	1
 1659 0663 02       		.byte	2
 1660 0664 02       		.byte	2
 1661 0665 28       		.byte	40
 1662 0666 07       		.byte	7
 1663 0667 01       		.byte	1
 1664 0668 0A       		.byte	10
 1665 0669 01       		.byte	1
 1666 066a 0C       		.byte	12
 1667 066b 10       		.byte	16
 1668 066c 0D       		.byte	13
 1669 066d 08       		.byte	8
 1670 066e 0E       		.byte	14
 1671 066f 04       		.byte	4
 1672 0670 0F       		.byte	15
 1673 0671 02       		.byte	2
 1674 0672 13       		.byte	19
 1675 0673 08       		.byte	8
 1676 0674 14       		.byte	20
 1677 0675 40       		.byte	64
 1678 0676 15       		.byte	21
 1679 0677 16       		.byte	22
 1680 0678 19       		.byte	25
 1681 0679 02       		.byte	2
 1682 067a 1A       		.byte	26
 1683 067b 01       		.byte	1
 1684 067c 1D       		.byte	29
 1685 067d 8A       		.byte	-118
 1686 067e 1E       		.byte	30
 1687 067f 04       		.byte	4
 1688 0680 1F       		.byte	31
 1689 0681 04       		.byte	4
 1690 0682 21       		.byte	33
 1691 0683 50       		.byte	80
 1692 0684 22       		.byte	34
 1693 0685 81       		.byte	-127
 1694 0686 23       		.byte	35
 1695 0687 10       		.byte	16
 1696 0688 26       		.byte	38
 1697 0689 10       		.byte	16
 1698 068a 27       		.byte	39
 1699 068b 10       		.byte	16
 1700 068c 28       		.byte	40
 1701 068d 22       		.byte	34
 1702 068e 29       		.byte	41
 1703 068f 21       		.byte	33
 1704 0690 2F       		.byte	47
 1705 0691 40       		.byte	64
 1706 0692 30       		.byte	48
 1707 0693 88       		.byte	-120
 1708 0694 31       		.byte	49
 1709 0695 10       		.byte	16
 1710 0696 32       		.byte	50
ARM GAS  C:\Users\LocalAdmin\AppData\Local\Temp\ccrsQyHi.s 			page 31


 1711 0697 02       		.byte	2
 1712 0698 38       		.byte	56
 1713 0699 44       		.byte	68
 1714 069a 3A       		.byte	58
 1715 069b 20       		.byte	32
 1716 069c 3F       		.byte	63
 1717 069d 82       		.byte	-126
 1718 069e 40       		.byte	64
 1719 069f 60       		.byte	96
 1720 06a0 41       		.byte	65
 1721 06a1 55       		.byte	85
 1722 06a2 44       		.byte	68
 1723 06a3 04       		.byte	4
 1724 06a4 45       		.byte	69
 1725 06a5 86       		.byte	-122
 1726 06a6 47       		.byte	71
 1727 06a7 40       		.byte	64
 1728 06a8 49       		.byte	73
 1729 06a9 28       		.byte	40
 1730 06aa 4C       		.byte	76
 1731 06ab 08       		.byte	8
 1732 06ac 4D       		.byte	77
 1733 06ad 40       		.byte	64
 1734 06ae 4F       		.byte	79
 1735 06af 10       		.byte	16
 1736 06b0 52       		.byte	82
 1737 06b1 40       		.byte	64
 1738 06b2 56       		.byte	86
 1739 06b3 04       		.byte	4
 1740 06b4 57       		.byte	87
 1741 06b5 40       		.byte	64
 1742 06b6 5A       		.byte	90
 1743 06b7 80       		.byte	-128
 1744 06b8 5F       		.byte	95
 1745 06b9 02       		.byte	2
 1746 06ba 63       		.byte	99
 1747 06bb 02       		.byte	2
 1748 06bc 64       		.byte	100
 1749 06bd 08       		.byte	8
 1750 06be 67       		.byte	103
 1751 06bf 02       		.byte	2
 1752 06c0 78       		.byte	120
 1753 06c1 08       		.byte	8
 1754 06c2 79       		.byte	121
 1755 06c3 40       		.byte	64
 1756 06c4 7A       		.byte	122
 1757 06c5 11       		.byte	17
 1758 06c6 86       		.byte	-122
 1759 06c7 01       		.byte	1
 1760 06c8 90       		.byte	-112
 1761 06c9 04       		.byte	4
 1762 06ca 91       		.byte	-111
 1763 06cb 08       		.byte	8
 1764 06cc 93       		.byte	-109
 1765 06cd 02       		.byte	2
 1766 06ce 96       		.byte	-106
 1767 06cf 08       		.byte	8
ARM GAS  C:\Users\LocalAdmin\AppData\Local\Temp\ccrsQyHi.s 			page 32


 1768 06d0 97       		.byte	-105
 1769 06d1 10       		.byte	16
 1770 06d2 98       		.byte	-104
 1771 06d3 02       		.byte	2
 1772 06d4 99       		.byte	-103
 1773 06d5 31       		.byte	49
 1774 06d6 9A       		.byte	-102
 1775 06d7 20       		.byte	32
 1776 06d8 9B       		.byte	-101
 1777 06d9 08       		.byte	8
 1778 06da 9C       		.byte	-100
 1779 06db 60       		.byte	96
 1780 06dc 9D       		.byte	-99
 1781 06dd 02       		.byte	2
 1782 06de 9E       		.byte	-98
 1783 06df 04       		.byte	4
 1784 06e0 A0       		.byte	-96
 1785 06e1 80       		.byte	-128
 1786 06e2 A2       		.byte	-94
 1787 06e3 2A       		.byte	42
 1788 06e4 A6       		.byte	-90
 1789 06e5 01       		.byte	1
 1790 06e6 C0       		.byte	-64
 1791 06e7 8E       		.byte	-114
 1792 06e8 C2       		.byte	-62
 1793 06e9 E1       		.byte	-31
 1794 06ea C4       		.byte	-60
 1795 06eb 64       		.byte	100
 1796 06ec CA       		.byte	-54
 1797 06ed 8F       		.byte	-113
 1798 06ee CC       		.byte	-52
 1799 06ef 0F       		.byte	15
 1800 06f0 CE       		.byte	-50
 1801 06f1 9E       		.byte	-98
 1802 06f2 D0       		.byte	-48
 1803 06f3 FF       		.byte	-1
 1804 06f4 D2       		.byte	-46
 1805 06f5 14       		.byte	20
 1806 06f6 D6       		.byte	-42
 1807 06f7 88       		.byte	-120
 1808 06f8 D8       		.byte	-40
 1809 06f9 38       		.byte	56
 1810 06fa E0       		.byte	-32
 1811 06fb 08       		.byte	8
 1812 06fc EA       		.byte	-22
 1813 06fd 02       		.byte	2
 1814 06fe EE       		.byte	-18
 1815 06ff 0A       		.byte	10
 1816 0700 09       		.byte	9
 1817 0701 04       		.byte	4
 1818 0702 0B       		.byte	11
 1819 0703 02       		.byte	2
 1820 0704 11       		.byte	17
 1821 0705 06       		.byte	6
 1822 0706 1A       		.byte	26
 1823 0707 01       		.byte	1
 1824 0708 1F       		.byte	31
ARM GAS  C:\Users\LocalAdmin\AppData\Local\Temp\ccrsQyHi.s 			page 33


 1825 0709 01       		.byte	1
 1826 070a 21       		.byte	33
 1827 070b 04       		.byte	4
 1828 070c 22       		.byte	34
 1829 070d 01       		.byte	1
 1830 070e 23       		.byte	35
 1831 070f 02       		.byte	2
 1832 0710 27       		.byte	39
 1833 0711 01       		.byte	1
 1834 0712 29       		.byte	41
 1835 0713 06       		.byte	6
 1836 0714 33       		.byte	51
 1837 0715 04       		.byte	4
 1838 0716 34       		.byte	52
 1839 0717 01       		.byte	1
 1840 0718 35       		.byte	53
 1841 0719 02       		.byte	2
 1842 071a 37       		.byte	55
 1843 071b 01       		.byte	1
 1844 071c 39       		.byte	57
 1845 071d 20       		.byte	32
 1846 071e 3B       		.byte	59
 1847 071f 02       		.byte	2
 1848 0720 3E       		.byte	62
 1849 0721 10       		.byte	16
 1850 0722 3F       		.byte	63
 1851 0723 44       		.byte	68
 1852 0724 54       		.byte	84
 1853 0725 18       		.byte	24
 1854 0726 56       		.byte	86
 1855 0727 04       		.byte	4
 1856 0728 58       		.byte	88
 1857 0729 04       		.byte	4
 1858 072a 59       		.byte	89
 1859 072b 04       		.byte	4
 1860 072c 5B       		.byte	91
 1861 072d 04       		.byte	4
 1862 072e 5C       		.byte	92
 1863 072f 40       		.byte	64
 1864 0730 5D       		.byte	93
 1865 0731 40       		.byte	64
 1866 0732 5F       		.byte	95
 1867 0733 01       		.byte	1
 1868 0734 81       		.byte	-127
 1869 0735 82       		.byte	-126
 1870 0736 82       		.byte	-126
 1871 0737 46       		.byte	70
 1872 0738 84       		.byte	-124
 1873 0739 30       		.byte	48
 1874 073a 85       		.byte	-123
 1875 073b 04       		.byte	4
 1876 073c 88       		.byte	-120
 1877 073d 10       		.byte	16
 1878 073e 89       		.byte	-119
 1879 073f 0C       		.byte	12
 1880 0740 8C       		.byte	-116
 1881 0741 20       		.byte	32
ARM GAS  C:\Users\LocalAdmin\AppData\Local\Temp\ccrsQyHi.s 			page 34


 1882 0742 8D       		.byte	-115
 1883 0743 08       		.byte	8
 1884 0744 91       		.byte	-111
 1885 0745 F3       		.byte	-13
 1886 0746 93       		.byte	-109
 1887 0747 0C       		.byte	12
 1888 0748 94       		.byte	-108
 1889 0749 38       		.byte	56
 1890 074a 95       		.byte	-107
 1891 074b 3C       		.byte	60
 1892 074c 96       		.byte	-106
 1893 074d 45       		.byte	69
 1894 074e 97       		.byte	-105
 1895 074f C3       		.byte	-61
 1896 0750 98       		.byte	-104
 1897 0751 4F       		.byte	79
 1898 0752 99       		.byte	-103
 1899 0753 41       		.byte	65
 1900 0754 9A       		.byte	-102
 1901 0755 30       		.byte	48
 1902 0756 9C       		.byte	-100
 1903 0757 08       		.byte	8
 1904 0758 9F       		.byte	-97
 1905 0759 D3       		.byte	-45
 1906 075a A4       		.byte	-92
 1907 075b 7F       		.byte	127
 1908 075c A5       		.byte	-91
 1909 075d FF       		.byte	-1
 1910 075e A9       		.byte	-87
 1911 075f C3       		.byte	-61
 1912 0760 AA       		.byte	-86
 1913 0761 08       		.byte	8
 1914 0762 AC       		.byte	-84
 1915 0763 38       		.byte	56
 1916 0764 AD       		.byte	-83
 1917 0765 2F       		.byte	47
 1918 0766 AE       		.byte	-82
 1919 0767 43       		.byte	67
 1920 0768 AF       		.byte	-81
 1921 0769 D0       		.byte	-48
 1922 076a B0       		.byte	-80
 1923 076b 70       		.byte	112
 1924 076c B1       		.byte	-79
 1925 076d 1C       		.byte	28
 1926 076e B2       		.byte	-78
 1927 076f 3E       		.byte	62
 1928 0770 B3       		.byte	-77
 1929 0771 0F       		.byte	15
 1930 0772 B5       		.byte	-75
 1931 0773 20       		.byte	32
 1932 0774 B6       		.byte	-74
 1933 0775 01       		.byte	1
 1934 0776 B7       		.byte	-73
 1935 0777 C0       		.byte	-64
 1936 0778 B8       		.byte	-72
 1937 0779 80       		.byte	-128
 1938 077a BA       		.byte	-70
ARM GAS  C:\Users\LocalAdmin\AppData\Local\Temp\ccrsQyHi.s 			page 35


 1939 077b 2A       		.byte	42
 1940 077c BB       		.byte	-69
 1941 077d 08       		.byte	8
 1942 077e BF       		.byte	-65
 1943 077f 10       		.byte	16
 1944 0780 D6       		.byte	-42
 1945 0781 02       		.byte	2
 1946 0782 D7       		.byte	-41
 1947 0783 11       		.byte	17
 1948 0784 D8       		.byte	-40
 1949 0785 04       		.byte	4
 1950 0786 D9       		.byte	-39
 1951 0787 04       		.byte	4
 1952 0788 DB       		.byte	-37
 1953 0789 04       		.byte	4
 1954 078a DC       		.byte	-36
 1955 078b 33       		.byte	51
 1956 078c DD       		.byte	-35
 1957 078d 30       		.byte	48
 1958 078e DF       		.byte	-33
 1959 078f 01       		.byte	1
 1960 0790 05       		.byte	5
 1961 0791 40       		.byte	64
 1962 0792 06       		.byte	6
 1963 0793 20       		.byte	32
 1964 0794 07       		.byte	7
 1965 0795 48       		.byte	72
 1966 0796 09       		.byte	9
 1967 0797 20       		.byte	32
 1968 0798 0D       		.byte	13
 1969 0799 08       		.byte	8
 1970 079a 0E       		.byte	14
 1971 079b 08       		.byte	8
 1972 079c 0F       		.byte	15
 1973 079d 02       		.byte	2
 1974 079e 12       		.byte	18
 1975 079f 40       		.byte	64
 1976 07a0 14       		.byte	20
 1977 07a1 01       		.byte	1
 1978 07a2 17       		.byte	23
 1979 07a3 14       		.byte	20
 1980 07a4 18       		.byte	24
 1981 07a5 04       		.byte	4
 1982 07a6 1D       		.byte	29
 1983 07a7 0C       		.byte	12
 1984 07a8 1E       		.byte	30
 1985 07a9 04       		.byte	4
 1986 07aa 1F       		.byte	31
 1987 07ab 42       		.byte	66
 1988 07ac 21       		.byte	33
 1989 07ad A3       		.byte	-93
 1990 07ae 22       		.byte	34
 1991 07af 04       		.byte	4
 1992 07b0 24       		.byte	36
 1993 07b1 10       		.byte	16
 1994 07b2 25       		.byte	37
 1995 07b3 04       		.byte	4
ARM GAS  C:\Users\LocalAdmin\AppData\Local\Temp\ccrsQyHi.s 			page 36


 1996 07b4 26       		.byte	38
 1997 07b5 15       		.byte	21
 1998 07b6 27       		.byte	39
 1999 07b7 02       		.byte	2
 2000 07b8 29       		.byte	41
 2001 07b9 29       		.byte	41
 2002 07ba 2C       		.byte	44
 2003 07bb 01       		.byte	1
 2004 07bc 2E       		.byte	46
 2005 07bd 04       		.byte	4
 2006 07be 2F       		.byte	47
 2007 07bf 06       		.byte	6
 2008 07c0 31       		.byte	49
 2009 07c1 02       		.byte	2
 2010 07c2 32       		.byte	50
 2011 07c3 80       		.byte	-128
 2012 07c4 34       		.byte	52
 2013 07c5 12       		.byte	18
 2014 07c6 35       		.byte	53
 2015 07c7 04       		.byte	4
 2016 07c8 37       		.byte	55
 2017 07c9 40       		.byte	64
 2018 07ca 3B       		.byte	59
 2019 07cb 10       		.byte	16
 2020 07cc 3C       		.byte	60
 2021 07cd 80       		.byte	-128
 2022 07ce 3E       		.byte	62
 2023 07cf 28       		.byte	40
 2024 07d0 3F       		.byte	63
 2025 07d1 02       		.byte	2
 2026 07d2 58       		.byte	88
 2027 07d3 04       		.byte	4
 2028 07d4 5A       		.byte	90
 2029 07d5 06       		.byte	6
 2030 07d6 5B       		.byte	91
 2031 07d7 04       		.byte	4
 2032 07d8 5E       		.byte	94
 2033 07d9 20       		.byte	32
 2034 07da 60       		.byte	96
 2035 07db 04       		.byte	4
 2036 07dc 61       		.byte	97
 2037 07dd 80       		.byte	-128
 2038 07de 62       		.byte	98
 2039 07df 02       		.byte	2
 2040 07e0 63       		.byte	99
 2041 07e1 40       		.byte	64
 2042 07e2 6D       		.byte	109
 2043 07e3 14       		.byte	20
 2044 07e4 6F       		.byte	111
 2045 07e5 01       		.byte	1
 2046 07e6 74       		.byte	116
 2047 07e7 40       		.byte	64
 2048 07e8 75       		.byte	117
 2049 07e9 40       		.byte	64
 2050 07ea 76       		.byte	118
 2051 07eb 28       		.byte	40
 2052 07ec 77       		.byte	119
ARM GAS  C:\Users\LocalAdmin\AppData\Local\Temp\ccrsQyHi.s 			page 37


 2053 07ed 08       		.byte	8
 2054 07ee 80       		.byte	-128
 2055 07ef 12       		.byte	18
 2056 07f0 82       		.byte	-126
 2057 07f1 02       		.byte	2
 2058 07f2 87       		.byte	-121
 2059 07f3 40       		.byte	64
 2060 07f4 92       		.byte	-110
 2061 07f5 02       		.byte	2
 2062 07f6 93       		.byte	-109
 2063 07f7 18       		.byte	24
 2064 07f8 95       		.byte	-107
 2065 07f9 16       		.byte	22
 2066 07fa 96       		.byte	-106
 2067 07fb 08       		.byte	8
 2068 07fc 97       		.byte	-105
 2069 07fd 80       		.byte	-128
 2070 07fe 98       		.byte	-104
 2071 07ff 10       		.byte	16
 2072 0800 99       		.byte	-103
 2073 0801 29       		.byte	41
 2074 0802 9A       		.byte	-102
 2075 0803 40       		.byte	64
 2076 0804 9B       		.byte	-101
 2077 0805 50       		.byte	80
 2078 0806 9C       		.byte	-100
 2079 0807 04       		.byte	4
 2080 0808 9F       		.byte	-97
 2081 0809 03       		.byte	3
 2082 080a A2       		.byte	-94
 2083 080b 80       		.byte	-128
 2084 080c A3       		.byte	-93
 2085 080d 01       		.byte	1
 2086 080e A5       		.byte	-91
 2087 080f 04       		.byte	4
 2088 0810 A6       		.byte	-90
 2089 0811 01       		.byte	1
 2090 0812 B6       		.byte	-74
 2091 0813 40       		.byte	64
 2092 0814 C0       		.byte	-64
 2093 0815 F0       		.byte	-16
 2094 0816 C2       		.byte	-62
 2095 0817 E2       		.byte	-30
 2096 0818 C4       		.byte	-60
 2097 0819 E8       		.byte	-24
 2098 081a CA       		.byte	-54
 2099 081b 77       		.byte	119
 2100 081c CC       		.byte	-52
 2101 081d F9       		.byte	-7
 2102 081e CE       		.byte	-50
 2103 081f F4       		.byte	-12
 2104 0820 D6       		.byte	-42
 2105 0821 21       		.byte	33
 2106 0822 D8       		.byte	-40
 2107 0823 0D       		.byte	13
 2108 0824 EC       		.byte	-20
 2109 0825 20       		.byte	32
ARM GAS  C:\Users\LocalAdmin\AppData\Local\Temp\ccrsQyHi.s 			page 38


 2110 0826 32       		.byte	50
 2111 0827 20       		.byte	32
 2112 0828 33       		.byte	51
 2113 0829 08       		.byte	8
 2114 082a 36       		.byte	54
 2115 082b 80       		.byte	-128
 2116 082c 37       		.byte	55
 2117 082d 04       		.byte	4
 2118 082e 3B       		.byte	59
 2119 082f 80       		.byte	-128
 2120 0830 87       		.byte	-121
 2121 0831 40       		.byte	64
 2122 0832 8B       		.byte	-117
 2123 0833 08       		.byte	8
 2124 0834 CC       		.byte	-52
 2125 0835 F0       		.byte	-16
 2126 0836 CE       		.byte	-50
 2127 0837 10       		.byte	16
 2128 0838 E2       		.byte	-30
 2129 0839 10       		.byte	16
 2130 083a 33       		.byte	51
 2131 083b 81       		.byte	-127
 2132 083c 36       		.byte	54
 2133 083d 40       		.byte	64
 2134 083e 9F       		.byte	-97
 2135 083f 04       		.byte	4
 2136 0840 A6       		.byte	-90
 2137 0841 A0       		.byte	-96
 2138 0842 CC       		.byte	-52
 2139 0843 70       		.byte	112
 2140 0844 12       		.byte	18
 2141 0845 80       		.byte	-128
 2142 0846 9F       		.byte	-97
 2143 0847 05       		.byte	5
 2144 0848 A6       		.byte	-90
 2145 0849 E0       		.byte	-32
 2146 084a A7       		.byte	-89
 2147 084b 80       		.byte	-128
 2148 084c C4       		.byte	-60
 2149 084d 10       		.byte	16
 2150 084e 9F       		.byte	-97
 2151 084f 05       		.byte	5
 2152 0850 A6       		.byte	-90
 2153 0851 60       		.byte	96
 2154 0852 A7       		.byte	-89
 2155 0853 80       		.byte	-128
 2156 0854 10       		.byte	16
 2157 0855 10       		.byte	16
 2158 0856 70       		.byte	112
 2159 0857 02       		.byte	2
 2160 0858 8B       		.byte	-117
 2161 0859 10       		.byte	16
 2162 085a 8C       		.byte	-116
 2163 085b 02       		.byte	2
 2164 085c C4       		.byte	-60
 2165 085d 08       		.byte	8
 2166 085e DC       		.byte	-36
ARM GAS  C:\Users\LocalAdmin\AppData\Local\Temp\ccrsQyHi.s 			page 39


 2167 085f 01       		.byte	1
 2168 0860 E2       		.byte	-30
 2169 0861 04       		.byte	4
 2170 0862 E4       		.byte	-28
 2171 0863 02       		.byte	2
 2172 0864 06       		.byte	6
 2173 0865 08       		.byte	8
 2174 0866 53       		.byte	83
 2175 0867 80       		.byte	-128
 2176 0868 54       		.byte	84
 2177 0869 80       		.byte	-128
 2178 086a 87       		.byte	-121
 2179 086b 80       		.byte	-128
 2180 086c 97       		.byte	-105
 2181 086d 20       		.byte	32
 2182 086e B0       		.byte	-80
 2183 086f 10       		.byte	16
 2184 0870 C0       		.byte	-64
 2185 0871 01       		.byte	1
 2186 0872 D4       		.byte	-44
 2187 0873 06       		.byte	6
 2188 0874 EA       		.byte	-22
 2189 0875 04       		.byte	4
 2190 0876 97       		.byte	-105
 2191 0877 20       		.byte	32
 2192 0878 9A       		.byte	-102
 2193 0879 08       		.byte	8
 2194 087a A4       		.byte	-92
 2195 087b 80       		.byte	-128
 2196 087c 08       		.byte	8
 2197 087d 08       		.byte	8
 2198 087e 0B       		.byte	11
 2199 087f 04       		.byte	4
 2200 0880 0F       		.byte	15
 2201 0881 40       		.byte	64
 2202 0882 89       		.byte	-119
 2203 0883 04       		.byte	4
 2204 0884 97       		.byte	-105
 2205 0885 20       		.byte	32
 2206 0886 A4       		.byte	-92
 2207 0887 80       		.byte	-128
 2208 0888 AE       		.byte	-82
 2209 0889 08       		.byte	8
 2210 088a C2       		.byte	-62
 2211 088b 0E       		.byte	14
 2212 088c E0       		.byte	-32
 2213 088d 04       		.byte	4
 2214 088e 25       		.byte	37
 2215 088f 02       		.byte	2
 2216 0890 67       		.byte	103
 2217 0891 80       		.byte	-128
 2218 0892 87       		.byte	-121
 2219 0893 40       		.byte	64
 2220 0894 9F       		.byte	-97
 2221 0895 04       		.byte	4
 2222 0896 A6       		.byte	-90
 2223 0897 20       		.byte	32
ARM GAS  C:\Users\LocalAdmin\AppData\Local\Temp\ccrsQyHi.s 			page 40


 2224 0898 AE       		.byte	-82
 2225 0899 40       		.byte	64
 2226 089a AF       		.byte	-81
 2227 089b 81       		.byte	-127
 2228 089c C8       		.byte	-56
 2229 089d 80       		.byte	-128
 2230 089e D8       		.byte	-40
 2231 089f 80       		.byte	-128
 2232 08a0 E2       		.byte	-30
 2233 08a1 10       		.byte	16
 2234 08a2 EA       		.byte	-22
 2235 08a3 40       		.byte	64
 2236 08a4 EE       		.byte	-18
 2237 08a5 50       		.byte	80
 2238 08a6 83       		.byte	-125
 2239 08a7 04       		.byte	4
 2240 08a8 86       		.byte	-122
 2241 08a9 20       		.byte	32
 2242 08aa 9F       		.byte	-97
 2243 08ab 04       		.byte	4
 2244 08ac A6       		.byte	-90
 2245 08ad 20       		.byte	32
 2246 08ae B1       		.byte	-79
 2247 08af 02       		.byte	2
 2248 08b0 E2       		.byte	-30
 2249 08b1 80       		.byte	-128
 2250 08b2 E6       		.byte	-26
 2251 08b3 40       		.byte	64
 2252 08b4 09       		.byte	9
 2253 08b5 80       		.byte	-128
 2254 08b6 1F       		.byte	31
 2255 08b7 10       		.byte	16
 2256 08b8 34       		.byte	52
 2257 08b9 01       		.byte	1
 2258 08ba 5D       		.byte	93
 2259 08bb 04       		.byte	4
 2260 08bc 84       		.byte	-124
 2261 08bd 80       		.byte	-128
 2262 08be 91       		.byte	-111
 2263 08bf 04       		.byte	4
 2264 08c0 97       		.byte	-105
 2265 08c1 20       		.byte	32
 2266 08c2 A4       		.byte	-92
 2267 08c3 80       		.byte	-128
 2268 08c4 AC       		.byte	-84
 2269 08c5 08       		.byte	8
 2270 08c6 AF       		.byte	-81
 2271 08c7 44       		.byte	68
 2272 08c8 C2       		.byte	-62
 2273 08c9 02       		.byte	2
 2274 08ca C6       		.byte	-58
 2275 08cb 01       		.byte	1
 2276 08cc CC       		.byte	-52
 2277 08cd 01       		.byte	1
 2278 08ce D6       		.byte	-42
 2279 08cf 01       		.byte	1
 2280 08d0 B0       		.byte	-80
ARM GAS  C:\Users\LocalAdmin\AppData\Local\Temp\ccrsQyHi.s 			page 41


 2281 08d1 01       		.byte	1
 2282 08d2 B5       		.byte	-75
 2283 08d3 80       		.byte	-128
 2284 08d4 EA       		.byte	-22
 2285 08d5 08       		.byte	8
 2286 08d6 EC       		.byte	-20
 2287 08d7 04       		.byte	4
 2288 08d8 00       		.byte	0
 2289 08d9 19       		.byte	25
 2290 08da 01       		.byte	1
 2291 08db 01       		.byte	1
 2292 08dc 0C       		.byte	12
 2293 08dd 11       		.byte	17
 2294 08de 0E       		.byte	14
 2295 08df 19       		.byte	25
 2296 08e0 0F       		.byte	15
 2297 08e1 01       		.byte	1
 2298 08e2 10       		.byte	16
 2299 08e3 19       		.byte	25
 2300 08e4 11       		.byte	17
 2301 08e5 01       		.byte	1
 2302 08e6 1C       		.byte	28
 2303 08e7 19       		.byte	25
 2304 08e8 1D       		.byte	29
 2305 08e9 01       		.byte	1
 2306 08ea 00       		.byte	0
 2307 08eb FA       		.byte	-6
 2308 08ec 01       		.byte	1
 2309 08ed AB       		.byte	-85
 2310 08ee 00       		.byte	0
 2311 08ef 00       		.byte	0
 2312 08f0 04       		.byte	4
 2313 08f1 00       		.byte	0
 2314 08f2 03       		.byte	3
 2315 08f3 00       		.byte	0
 2316 08f4 01       		.byte	1
 2317 08f5 40       		.byte	64
 2318 08f6 1E       		.byte	30
 2319 08f7 10       		.byte	16
 2320 08f8 35       		.byte	53
 2321 08f9 06       		.byte	6
 2322 08fa 02       		.byte	2
 2323 08fb 00       		.byte	0
 2324 08fc 00       		.byte	0
 2325 08fd E7       		.byte	-25
 2326 08fe 00       		.byte	0
 2327 08ff 00       		.byte	0
 2328 0900 00       		.byte	0
 2329 0901 C0       		.byte	-64
 2330 0902 00       		.byte	0
 2331 0903 08       		.byte	8
 2332 0904 00       		.byte	0
 2333 0905 06       		.byte	6
 2334 0906 00       		.byte	0
 2335 0907 E1       		.byte	-31
 2336 0908 00       		.byte	0
 2337 0909 02       		.byte	2
ARM GAS  C:\Users\LocalAdmin\AppData\Local\Temp\ccrsQyHi.s 			page 42


 2338 090a 00       		.byte	0
 2339 090b 00       		.byte	0
 2340 090c 00       		.byte	0
 2341 090d 04       		.byte	4
 2342 090e 08       		.byte	8
 2343 090f 00       		.byte	0
 2344 0910 00       		.byte	0
 2345 0911 26       		.byte	38
 2346 0912 00       		.byte	0
 2347 0913 C1       		.byte	-63
 2348 0914 03       		.byte	3
 2349 0915 00       		.byte	0
 2350 0916 2C       		.byte	44
 2351 0917 E1       		.byte	-31
 2352 0918 00       		.byte	0
 2353 0919 E1       		.byte	-31
 2354 091a 00       		.byte	0
 2355 091b 06       		.byte	6
 2356 091c 00       		.byte	0
 2357 091d 80       		.byte	-128
 2358 091e 00       		.byte	0
 2359 091f 10       		.byte	16
 2360 0920 07       		.byte	7
 2361 0921 C0       		.byte	-64
 2362 0922 00       		.byte	0
 2363 0923 07       		.byte	7
 2364 0924 00       		.byte	0
 2365 0925 18       		.byte	24
 2366 0926 38       		.byte	56
 2367 0927 26       		.byte	38
 2368 0928 00       		.byte	0
 2369 0929 00       		.byte	0
 2370 092a 02       		.byte	2
 2371 092b 08       		.byte	8
 2372 092c 00       		.byte	0
 2373 092d 00       		.byte	0
 2374 092e 00       		.byte	0
 2375 092f 10       		.byte	16
 2376 0930 63       		.byte	99
 2377 0931 04       		.byte	4
 2378 0932 01       		.byte	1
 2379 0933 00       		.byte	0
 2380 0934 02       		.byte	2
 2381 0935 0C       		.byte	12
 2382 0936 0E       		.byte	14
 2383 0937 00       		.byte	0
 2384 0938 05       		.byte	5
 2385 0939 FF       		.byte	-1
 2386 093a FF       		.byte	-1
 2387 093b FF       		.byte	-1
 2388 093c 62       		.byte	98
 2389 093d A0       		.byte	-96
 2390 093e F0       		.byte	-16
 2391 093f 41       		.byte	65
 2392 0940 0C       		.byte	12
 2393 0941 00       		.byte	0
 2394 0942 00       		.byte	0
ARM GAS  C:\Users\LocalAdmin\AppData\Local\Temp\ccrsQyHi.s 			page 43


 2395 0943 00       		.byte	0
 2396 0944 00       		.byte	0
 2397 0945 00       		.byte	0
 2398 0946 08       		.byte	8
 2399 0947 00       		.byte	0
 2400 0948 04       		.byte	4
 2401 0949 04       		.byte	4
 2402 094a 04       		.byte	4
 2403 094b 04       		.byte	4
 2404 094c 40       		.byte	64
 2405 094d 94       		.byte	-108
 2406 094e 00       		.byte	0
 2407 094f 01       		.byte	1
 2408 0950 00       		.byte	0
 2409 0951 00       		.byte	0
 2410 0952 00       		.byte	0
 2411 0953 00       		.byte	0
 2412 0954 00       		.byte	0
 2413 0955 00       		.byte	0
 2414 0956 40       		.byte	64
 2415 0957 02       		.byte	2
 2416 0958 00       		.byte	0
 2417 0959 10       		.byte	16
 2418 095a 30       		.byte	48
 2419 095b 10       		.byte	16
 2420 095c 00       		.byte	0
 2421 095d 10       		.byte	16
 2422 095e 10       		.byte	16
 2423 095f 12       		.byte	18
 2424 0960 00       		.byte	0
 2425 0961 00       		.byte	0
 2426 0962 00       		.byte	0
 2427 0963 00       		.byte	0
 2428 0964 00       		.byte	0
 2429 0965 00       		.byte	0
 2430 0966 00       		.byte	0
 2431 0967 00       		.byte	0
 2432 0968 00       		.byte	0
 2433 0969 00       		.byte	0
 2434 096a 00       		.byte	0
 2435 096b 00       		.byte	0
 2436 096c 00       		.byte	0
 2437 096d 00       		.byte	0
 2438 096e 00       		.byte	0
 2439 096f 00       		.byte	0
 2440 0970 00       		.byte	0
 2441 0971 00       		.byte	0
 2442 0972 00       		.byte	0
 2443 0973 00       		.byte	0
 2444 0974 00       		.byte	0
 2445 0975 00       		.byte	0
 2446 0976 14       		.byte	20
 2447 0977 00       		.byte	0
 2448 0978 20       		.byte	32
 2449 0979 00       		.byte	0
 2450 097a 10       		.byte	16
 2451 097b 21       		.byte	33
ARM GAS  C:\Users\LocalAdmin\AppData\Local\Temp\ccrsQyHi.s 			page 44


 2452 097c 21       		.byte	33
 2453 097d 00       		.byte	0
 2454 097e 20       		.byte	32
 2455 097f 00       		.byte	0
 2456 0980 00       		.byte	0
 2457 0981 00       		.byte	0
 2458 0982 00       		.byte	0
 2459 0983 00       		.byte	0
 2460 0984 00       		.byte	0
 2461 0985 00       		.byte	0
 2462 0986 00       		.byte	0
 2463 0987 00       		.byte	0
 2464 0988 00       		.byte	0
 2465 0989 00       		.byte	0
 2466 098a 00       		.byte	0
 2467 098b 00       		.byte	0
 2468 098c C0       		.byte	-64
 2469 098d 00       		.byte	0
 2470 098e 00       		.byte	0
 2471 098f 00       		.byte	0
 2472 0990 A0       		.byte	-96
 2473 0991 00       		.byte	0
 2474 0992 40       		.byte	64
 2475 0993 AB       		.byte	-85
 2476 0994 AB       		.byte	-85
 2477 0995 00       		.byte	0
 2478 0996 80       		.byte	-128
 2479 0997 00       		.byte	0
 2480 0998 00       		.byte	0
 2481 0999 00       		.byte	0
 2482 099a 00       		.byte	0
 2483 099b 00       		.byte	0
 2484 099c 08       		.byte	8
 2485 099d F7       		.byte	-9
 2486 099e F7       		.byte	-9
 2487 099f 00       		.byte	0
 2488 09a0 06       		.byte	6
 2489 09a1 00       		.byte	0
 2490 09a2 00       		.byte	0
 2491 09a3 00       		.byte	0
 2492 09a4 6C       		.byte	108
 2493 09a5 00       		.byte	0
 2494 09a6 00       		.byte	0
 2495 09a7 FF       		.byte	-1
 2496 09a8 FF       		.byte	-1
 2497 09a9 00       		.byte	0
 2498 09aa 00       		.byte	0
 2499 09ab 00       		.byte	0
 2500 09ac 00       		.byte	0
 2501 09ad 00       		.byte	0
 2502 09ae 00       		.byte	0
 2503 09af 00       		.byte	0
 2504              		.global	cy_meta_custnvl
 2505              		.section	.cycustnvl,"a",%progbits
 2506              		.align	2
 2507              		.type	cy_meta_custnvl, %object
 2508              		.size	cy_meta_custnvl, 4
ARM GAS  C:\Users\LocalAdmin\AppData\Local\Temp\ccrsQyHi.s 			page 45


 2509              	cy_meta_custnvl:
 2510 0000 00       		.byte	0
 2511 0001 00       		.byte	0
 2512 0002 40       		.byte	64
 2513 0003 05       		.byte	5
 2514              		.global	cy_meta_wonvl
 2515              		.section	.cywolatch,"a",%progbits
 2516              		.align	2
 2517              		.type	cy_meta_wonvl, %object
 2518              		.size	cy_meta_wonvl, 4
 2519              	cy_meta_wonvl:
 2520 0000 BC       		.byte	-68
 2521 0001 90       		.byte	-112
 2522 0002 AC       		.byte	-84
 2523 0003 AF       		.byte	-81
 2524              		.global	cy_meta_flashprotect
 2525              		.section	.cyflashprotect,"a",%progbits
 2526              		.align	2
 2527              		.type	cy_meta_flashprotect, %object
 2528              		.size	cy_meta_flashprotect, 256
 2529              	cy_meta_flashprotect:
 2530 0000 00000000 		.space	256
 2530      00000000 
 2530      00000000 
 2530      00000000 
 2530      00000000 
 2531              		.global	cy_metadata
 2532              		.section	.cymeta,"a",%progbits
 2533              		.align	2
 2534              		.type	cy_metadata, %object
 2535              		.size	cy_metadata, 12
 2536              	cy_metadata:
 2537 0000 00       		.byte	0
 2538 0001 01       		.byte	1
 2539 0002 2E       		.byte	46
 2540 0003 16       		.byte	22
 2541 0004 10       		.byte	16
 2542 0005 69       		.byte	105
 2543 0006 00       		.byte	0
 2544 0007 01       		.byte	1
 2545 0008 00       		.byte	0
 2546 0009 00       		.byte	0
 2547 000a 00       		.byte	0
 2548 000b 00       		.byte	0
 2549              		.text
 2550              	.Letext0:
 2551              		.file 1 "Generated_Source\\PSoC5\\cymetadata.c"
 2552              		.file 2 "Generated_Source\\PSoC5\\cytypes.h"
 2553              		.section	.debug_info,"",%progbits
 2554              	.Ldebug_info0:
 2555 0000 3A010000 		.4byte	0x13a
 2556 0004 0400     		.2byte	0x4
 2557 0006 00000000 		.4byte	.Ldebug_abbrev0
 2558 000a 04       		.byte	0x4
 2559 000b 01       		.uleb128 0x1
 2560 000c 00000000 		.4byte	.LASF18
 2561 0010 01       		.byte	0x1
ARM GAS  C:\Users\LocalAdmin\AppData\Local\Temp\ccrsQyHi.s 			page 46


 2562 0011 FF010000 		.4byte	.LASF19
 2563 0015 D3000000 		.4byte	.LASF20
 2564 0019 00000000 		.4byte	.Ldebug_line0
 2565 001d 02       		.uleb128 0x2
 2566 001e 01       		.byte	0x1
 2567 001f 06       		.byte	0x6
 2568 0020 F3010000 		.4byte	.LASF0
 2569 0024 02       		.uleb128 0x2
 2570 0025 01       		.byte	0x1
 2571 0026 08       		.byte	0x8
 2572 0027 A0000000 		.4byte	.LASF1
 2573 002b 02       		.uleb128 0x2
 2574 002c 02       		.byte	0x2
 2575 002d 05       		.byte	0x5
 2576 002e DA010000 		.4byte	.LASF2
 2577 0032 02       		.uleb128 0x2
 2578 0033 02       		.byte	0x2
 2579 0034 07       		.byte	0x7
 2580 0035 C0000000 		.4byte	.LASF3
 2581 0039 02       		.uleb128 0x2
 2582 003a 04       		.byte	0x4
 2583 003b 05       		.byte	0x5
 2584 003c EA010000 		.4byte	.LASF4
 2585 0040 02       		.uleb128 0x2
 2586 0041 04       		.byte	0x4
 2587 0042 07       		.byte	0x7
 2588 0043 AE000000 		.4byte	.LASF5
 2589 0047 02       		.uleb128 0x2
 2590 0048 08       		.byte	0x8
 2591 0049 05       		.byte	0x5
 2592 004a C7010000 		.4byte	.LASF6
 2593 004e 02       		.uleb128 0x2
 2594 004f 08       		.byte	0x8
 2595 0050 07       		.byte	0x7
 2596 0051 84010000 		.4byte	.LASF7
 2597 0055 03       		.uleb128 0x3
 2598 0056 04       		.byte	0x4
 2599 0057 05       		.byte	0x5
 2600 0058 696E7400 		.ascii	"int\000"
 2601 005c 02       		.uleb128 0x2
 2602 005d 04       		.byte	0x4
 2603 005e 07       		.byte	0x7
 2604 005f 77010000 		.4byte	.LASF8
 2605 0063 04       		.uleb128 0x4
 2606 0064 E4010000 		.4byte	.LASF21
 2607 0068 02       		.byte	0x2
 2608 0069 A1       		.byte	0xa1
 2609 006a 24000000 		.4byte	0x24
 2610 006e 02       		.uleb128 0x2
 2611 006f 04       		.byte	0x4
 2612 0070 04       		.byte	0x4
 2613 0071 9A000000 		.4byte	.LASF9
 2614 0075 02       		.uleb128 0x2
 2615 0076 08       		.byte	0x8
 2616 0077 04       		.byte	0x4
 2617 0078 4E010000 		.4byte	.LASF10
 2618 007c 02       		.uleb128 0x2
ARM GAS  C:\Users\LocalAdmin\AppData\Local\Temp\ccrsQyHi.s 			page 47


 2619 007d 01       		.byte	0x1
 2620 007e 08       		.byte	0x8
 2621 007f D5010000 		.4byte	.LASF11
 2622 0083 05       		.uleb128 0x5
 2623 0084 63000000 		.4byte	0x63
 2624 0088 94000000 		.4byte	0x94
 2625 008c 06       		.uleb128 0x6
 2626 008d 94000000 		.4byte	0x94
 2627 0091 AF09     		.2byte	0x9af
 2628 0093 00       		.byte	0
 2629 0094 02       		.uleb128 0x2
 2630 0095 04       		.byte	0x4
 2631 0096 07       		.byte	0x7
 2632 0097 BE010000 		.4byte	.LASF12
 2633 009b 07       		.uleb128 0x7
 2634 009c 65010000 		.4byte	.LASF13
 2635 00a0 01       		.byte	0x1
 2636 00a1 1F       		.byte	0x1f
 2637 00a2 AC000000 		.4byte	0xac
 2638 00a6 05       		.uleb128 0x5
 2639 00a7 03       		.byte	0x3
 2640 00a8 00000000 		.4byte	cy_meta_configecc
 2641 00ac 08       		.uleb128 0x8
 2642 00ad 83000000 		.4byte	0x83
 2643 00b1 05       		.uleb128 0x5
 2644 00b2 63000000 		.4byte	0x63
 2645 00b6 C1000000 		.4byte	0xc1
 2646 00ba 09       		.uleb128 0x9
 2647 00bb 94000000 		.4byte	0x94
 2648 00bf 03       		.byte	0x3
 2649 00c0 00       		.byte	0
 2650 00c1 0A       		.uleb128 0xa
 2651 00c2 55010000 		.4byte	.LASF14
 2652 00c6 01       		.byte	0x1
 2653 00c7 6201     		.2byte	0x162
 2654 00c9 D3000000 		.4byte	0xd3
 2655 00cd 05       		.uleb128 0x5
 2656 00ce 03       		.byte	0x3
 2657 00cf 00000000 		.4byte	cy_meta_custnvl
 2658 00d3 08       		.uleb128 0x8
 2659 00d4 B1000000 		.4byte	0xb1
 2660 00d8 0A       		.uleb128 0xa
 2661 00d9 B0010000 		.4byte	.LASF15
 2662 00dd 01       		.byte	0x1
 2663 00de 7001     		.2byte	0x170
 2664 00e0 EA000000 		.4byte	0xea
 2665 00e4 05       		.uleb128 0x5
 2666 00e5 03       		.byte	0x3
 2667 00e6 00000000 		.4byte	cy_meta_wonvl
 2668 00ea 08       		.uleb128 0x8
 2669 00eb B1000000 		.4byte	0xb1
 2670 00ef 05       		.uleb128 0x5
 2671 00f0 63000000 		.4byte	0x63
 2672 00f4 FF000000 		.4byte	0xff
 2673 00f8 09       		.uleb128 0x9
 2674 00f9 94000000 		.4byte	0x94
 2675 00fd FF       		.byte	0xff
ARM GAS  C:\Users\LocalAdmin\AppData\Local\Temp\ccrsQyHi.s 			page 48


 2676 00fe 00       		.byte	0
 2677 00ff 0A       		.uleb128 0xa
 2678 0100 9B010000 		.4byte	.LASF16
 2679 0104 01       		.byte	0x1
 2680 0105 7E01     		.2byte	0x17e
 2681 0107 11010000 		.4byte	0x111
 2682 010b 05       		.uleb128 0x5
 2683 010c 03       		.byte	0x3
 2684 010d 00000000 		.4byte	cy_meta_flashprotect
 2685 0111 08       		.uleb128 0x8
 2686 0112 EF000000 		.4byte	0xef
 2687 0116 05       		.uleb128 0x5
 2688 0117 63000000 		.4byte	0x63
 2689 011b 26010000 		.4byte	0x126
 2690 011f 09       		.uleb128 0x9
 2691 0120 94000000 		.4byte	0x94
 2692 0124 0B       		.byte	0xb
 2693 0125 00       		.byte	0
 2694 0126 0A       		.uleb128 0xa
 2695 0127 8E000000 		.4byte	.LASF17
 2696 012b 01       		.byte	0x1
 2697 012c AB01     		.2byte	0x1ab
 2698 012e 38010000 		.4byte	0x138
 2699 0132 05       		.uleb128 0x5
 2700 0133 03       		.byte	0x3
 2701 0134 00000000 		.4byte	cy_metadata
 2702 0138 08       		.uleb128 0x8
 2703 0139 16010000 		.4byte	0x116
 2704 013d 00       		.byte	0
 2705              		.section	.debug_abbrev,"",%progbits
 2706              	.Ldebug_abbrev0:
 2707 0000 01       		.uleb128 0x1
 2708 0001 11       		.uleb128 0x11
 2709 0002 01       		.byte	0x1
 2710 0003 25       		.uleb128 0x25
 2711 0004 0E       		.uleb128 0xe
 2712 0005 13       		.uleb128 0x13
 2713 0006 0B       		.uleb128 0xb
 2714 0007 03       		.uleb128 0x3
 2715 0008 0E       		.uleb128 0xe
 2716 0009 1B       		.uleb128 0x1b
 2717 000a 0E       		.uleb128 0xe
 2718 000b 10       		.uleb128 0x10
 2719 000c 17       		.uleb128 0x17
 2720 000d 00       		.byte	0
 2721 000e 00       		.byte	0
 2722 000f 02       		.uleb128 0x2
 2723 0010 24       		.uleb128 0x24
 2724 0011 00       		.byte	0
 2725 0012 0B       		.uleb128 0xb
 2726 0013 0B       		.uleb128 0xb
 2727 0014 3E       		.uleb128 0x3e
 2728 0015 0B       		.uleb128 0xb
 2729 0016 03       		.uleb128 0x3
 2730 0017 0E       		.uleb128 0xe
 2731 0018 00       		.byte	0
 2732 0019 00       		.byte	0
ARM GAS  C:\Users\LocalAdmin\AppData\Local\Temp\ccrsQyHi.s 			page 49


 2733 001a 03       		.uleb128 0x3
 2734 001b 24       		.uleb128 0x24
 2735 001c 00       		.byte	0
 2736 001d 0B       		.uleb128 0xb
 2737 001e 0B       		.uleb128 0xb
 2738 001f 3E       		.uleb128 0x3e
 2739 0020 0B       		.uleb128 0xb
 2740 0021 03       		.uleb128 0x3
 2741 0022 08       		.uleb128 0x8
 2742 0023 00       		.byte	0
 2743 0024 00       		.byte	0
 2744 0025 04       		.uleb128 0x4
 2745 0026 16       		.uleb128 0x16
 2746 0027 00       		.byte	0
 2747 0028 03       		.uleb128 0x3
 2748 0029 0E       		.uleb128 0xe
 2749 002a 3A       		.uleb128 0x3a
 2750 002b 0B       		.uleb128 0xb
 2751 002c 3B       		.uleb128 0x3b
 2752 002d 0B       		.uleb128 0xb
 2753 002e 49       		.uleb128 0x49
 2754 002f 13       		.uleb128 0x13
 2755 0030 00       		.byte	0
 2756 0031 00       		.byte	0
 2757 0032 05       		.uleb128 0x5
 2758 0033 01       		.uleb128 0x1
 2759 0034 01       		.byte	0x1
 2760 0035 49       		.uleb128 0x49
 2761 0036 13       		.uleb128 0x13
 2762 0037 01       		.uleb128 0x1
 2763 0038 13       		.uleb128 0x13
 2764 0039 00       		.byte	0
 2765 003a 00       		.byte	0
 2766 003b 06       		.uleb128 0x6
 2767 003c 21       		.uleb128 0x21
 2768 003d 00       		.byte	0
 2769 003e 49       		.uleb128 0x49
 2770 003f 13       		.uleb128 0x13
 2771 0040 2F       		.uleb128 0x2f
 2772 0041 05       		.uleb128 0x5
 2773 0042 00       		.byte	0
 2774 0043 00       		.byte	0
 2775 0044 07       		.uleb128 0x7
 2776 0045 34       		.uleb128 0x34
 2777 0046 00       		.byte	0
 2778 0047 03       		.uleb128 0x3
 2779 0048 0E       		.uleb128 0xe
 2780 0049 3A       		.uleb128 0x3a
 2781 004a 0B       		.uleb128 0xb
 2782 004b 3B       		.uleb128 0x3b
 2783 004c 0B       		.uleb128 0xb
 2784 004d 49       		.uleb128 0x49
 2785 004e 13       		.uleb128 0x13
 2786 004f 3F       		.uleb128 0x3f
 2787 0050 19       		.uleb128 0x19
 2788 0051 02       		.uleb128 0x2
 2789 0052 18       		.uleb128 0x18
ARM GAS  C:\Users\LocalAdmin\AppData\Local\Temp\ccrsQyHi.s 			page 50


 2790 0053 00       		.byte	0
 2791 0054 00       		.byte	0
 2792 0055 08       		.uleb128 0x8
 2793 0056 26       		.uleb128 0x26
 2794 0057 00       		.byte	0
 2795 0058 49       		.uleb128 0x49
 2796 0059 13       		.uleb128 0x13
 2797 005a 00       		.byte	0
 2798 005b 00       		.byte	0
 2799 005c 09       		.uleb128 0x9
 2800 005d 21       		.uleb128 0x21
 2801 005e 00       		.byte	0
 2802 005f 49       		.uleb128 0x49
 2803 0060 13       		.uleb128 0x13
 2804 0061 2F       		.uleb128 0x2f
 2805 0062 0B       		.uleb128 0xb
 2806 0063 00       		.byte	0
 2807 0064 00       		.byte	0
 2808 0065 0A       		.uleb128 0xa
 2809 0066 34       		.uleb128 0x34
 2810 0067 00       		.byte	0
 2811 0068 03       		.uleb128 0x3
 2812 0069 0E       		.uleb128 0xe
 2813 006a 3A       		.uleb128 0x3a
 2814 006b 0B       		.uleb128 0xb
 2815 006c 3B       		.uleb128 0x3b
 2816 006d 05       		.uleb128 0x5
 2817 006e 49       		.uleb128 0x49
 2818 006f 13       		.uleb128 0x13
 2819 0070 3F       		.uleb128 0x3f
 2820 0071 19       		.uleb128 0x19
 2821 0072 02       		.uleb128 0x2
 2822 0073 18       		.uleb128 0x18
 2823 0074 00       		.byte	0
 2824 0075 00       		.byte	0
 2825 0076 00       		.byte	0
 2826              		.section	.debug_aranges,"",%progbits
 2827 0000 14000000 		.4byte	0x14
 2828 0004 0200     		.2byte	0x2
 2829 0006 00000000 		.4byte	.Ldebug_info0
 2830 000a 04       		.byte	0x4
 2831 000b 00       		.byte	0
 2832 000c 0000     		.2byte	0
 2833 000e 0000     		.2byte	0
 2834 0010 00000000 		.4byte	0
 2835 0014 00000000 		.4byte	0
 2836              		.section	.debug_line,"",%progbits
 2837              	.Ldebug_line0:
 2838 0000 4D000000 		.section	.debug_str,"MS",%progbits,1
 2838      02004700 
 2838      00000201 
 2838      FB0E0D00 
 2838      01010101 
 2839              	.LASF18:
 2840 0000 474E5520 		.ascii	"GNU C 4.9.3 20150303 (release) [ARM/embedded-4_9-br"
 2840      4320342E 
 2840      392E3320 
ARM GAS  C:\Users\LocalAdmin\AppData\Local\Temp\ccrsQyHi.s 			page 51


 2840      32303135 
 2840      30333033 
 2841 0033 616E6368 		.ascii	"anch revision 221220] -mcpu=cortex-m3 -mthumb -g -O"
 2841      20726576 
 2841      6973696F 
 2841      6E203232 
 2841      31323230 
 2842 0066 30202D66 		.ascii	"0 -ffunction-sections -ffat-lto-objects\000"
 2842      66756E63 
 2842      74696F6E 
 2842      2D736563 
 2842      74696F6E 
 2843              	.LASF17:
 2844 008e 63795F6D 		.ascii	"cy_metadata\000"
 2844      65746164 
 2844      61746100 
 2845              	.LASF9:
 2846 009a 666C6F61 		.ascii	"float\000"
 2846      7400
 2847              	.LASF1:
 2848 00a0 756E7369 		.ascii	"unsigned char\000"
 2848      676E6564 
 2848      20636861 
 2848      7200
 2849              	.LASF5:
 2850 00ae 6C6F6E67 		.ascii	"long unsigned int\000"
 2850      20756E73 
 2850      69676E65 
 2850      6420696E 
 2850      7400
 2851              	.LASF3:
 2852 00c0 73686F72 		.ascii	"short unsigned int\000"
 2852      7420756E 
 2852      7369676E 
 2852      65642069 
 2852      6E7400
 2853              	.LASF20:
 2854 00d3 433A5C55 		.ascii	"C:\\Users\\LocalAdmin\\Documents\\GitHub\\phd-proje"
 2854      73657273 
 2854      5C4C6F63 
 2854      616C4164 
 2854      6D696E5C 
 2855 0101 6374735C 		.ascii	"cts\\Devices\\One Laser Lamella\\PSOC5_LamellaDevic"
 2855      44657669 
 2855      6365735C 
 2855      4F6E6520 
 2855      4C617365 
 2856 0131 655C5053 		.ascii	"e\\PSOC5_Blinkschaltung.cydsn\000"
 2856      4F43355F 
 2856      426C696E 
 2856      6B736368 
 2856      616C7475 
 2857              	.LASF10:
 2858 014e 646F7562 		.ascii	"double\000"
 2858      6C6500
 2859              	.LASF14:
 2860 0155 63795F6D 		.ascii	"cy_meta_custnvl\000"
ARM GAS  C:\Users\LocalAdmin\AppData\Local\Temp\ccrsQyHi.s 			page 52


 2860      6574615F 
 2860      63757374 
 2860      6E766C00 
 2861              	.LASF13:
 2862 0165 63795F6D 		.ascii	"cy_meta_configecc\000"
 2862      6574615F 
 2862      636F6E66 
 2862      69676563 
 2862      6300
 2863              	.LASF8:
 2864 0177 756E7369 		.ascii	"unsigned int\000"
 2864      676E6564 
 2864      20696E74 
 2864      00
 2865              	.LASF7:
 2866 0184 6C6F6E67 		.ascii	"long long unsigned int\000"
 2866      206C6F6E 
 2866      6720756E 
 2866      7369676E 
 2866      65642069 
 2867              	.LASF16:
 2868 019b 63795F6D 		.ascii	"cy_meta_flashprotect\000"
 2868      6574615F 
 2868      666C6173 
 2868      6870726F 
 2868      74656374 
 2869              	.LASF15:
 2870 01b0 63795F6D 		.ascii	"cy_meta_wonvl\000"
 2870      6574615F 
 2870      776F6E76 
 2870      6C00
 2871              	.LASF12:
 2872 01be 73697A65 		.ascii	"sizetype\000"
 2872      74797065 
 2872      00
 2873              	.LASF6:
 2874 01c7 6C6F6E67 		.ascii	"long long int\000"
 2874      206C6F6E 
 2874      6720696E 
 2874      7400
 2875              	.LASF11:
 2876 01d5 63686172 		.ascii	"char\000"
 2876      00
 2877              	.LASF2:
 2878 01da 73686F72 		.ascii	"short int\000"
 2878      7420696E 
 2878      7400
 2879              	.LASF21:
 2880 01e4 75696E74 		.ascii	"uint8\000"
 2880      3800
 2881              	.LASF4:
 2882 01ea 6C6F6E67 		.ascii	"long int\000"
 2882      20696E74 
 2882      00
 2883              	.LASF0:
 2884 01f3 7369676E 		.ascii	"signed char\000"
 2884      65642063 
ARM GAS  C:\Users\LocalAdmin\AppData\Local\Temp\ccrsQyHi.s 			page 53


 2884      68617200 
 2885              	.LASF19:
 2886 01ff 47656E65 		.ascii	"Generated_Source\\PSoC5\\cymetadata.c\000"
 2886      72617465 
 2886      645F536F 
 2886      75726365 
 2886      5C50536F 
 2887              		.ident	"GCC: (GNU Tools for ARM Embedded Processors) 4.9.3 20150303 (release) [ARM/embedded-4_9-br
