ARM GAS  C:\Users\LocalAdmin\AppData\Local\Temp\ccAn6tLz.s 			page 1


   1              		.syntax unified
   2              		.cpu cortex-m3
   3              		.fpu softvfp
   4              		.eabi_attribute 20, 1
   5              		.eabi_attribute 21, 1
   6              		.eabi_attribute 23, 3
   7              		.eabi_attribute 24, 1
   8              		.eabi_attribute 25, 1
   9              		.eabi_attribute 26, 1
  10              		.eabi_attribute 30, 6
  11              		.eabi_attribute 34, 1
  12              		.eabi_attribute 18, 4
  13              		.thumb
  14              		.file	"Pin_Resistor_3.c"
  15              		.text
  16              	.Ltext0:
  17              		.cfi_sections	.debug_frame
  18              		.section	.text.Pin_Resistor_3_Write,"ax",%progbits
  19              		.align	2
  20              		.global	Pin_Resistor_3_Write
  21              		.thumb
  22              		.thumb_func
  23              		.type	Pin_Resistor_3_Write, %function
  24              	Pin_Resistor_3_Write:
  25              	.LFB0:
  26              		.file 1 ".\\Generated_Source\\PSoC5\\Pin_Resistor_3.c"
   1:.\Generated_Source\PSoC5/Pin_Resistor_3.c **** /*******************************************************************************
   2:.\Generated_Source\PSoC5/Pin_Resistor_3.c **** * File Name: Pin_Resistor_3.c  
   3:.\Generated_Source\PSoC5/Pin_Resistor_3.c **** * Version 2.20
   4:.\Generated_Source\PSoC5/Pin_Resistor_3.c **** *
   5:.\Generated_Source\PSoC5/Pin_Resistor_3.c **** * Description:
   6:.\Generated_Source\PSoC5/Pin_Resistor_3.c **** *  This file contains API to enable firmware control of a Pins component.
   7:.\Generated_Source\PSoC5/Pin_Resistor_3.c **** *
   8:.\Generated_Source\PSoC5/Pin_Resistor_3.c **** * Note:
   9:.\Generated_Source\PSoC5/Pin_Resistor_3.c **** *
  10:.\Generated_Source\PSoC5/Pin_Resistor_3.c **** ********************************************************************************
  11:.\Generated_Source\PSoC5/Pin_Resistor_3.c **** * Copyright 2008-2015, Cypress Semiconductor Corporation.  All rights reserved.
  12:.\Generated_Source\PSoC5/Pin_Resistor_3.c **** * You may use this file only in accordance with the license, terms, conditions, 
  13:.\Generated_Source\PSoC5/Pin_Resistor_3.c **** * disclaimers, and limitations in the end user license agreement accompanying 
  14:.\Generated_Source\PSoC5/Pin_Resistor_3.c **** * the software package with which this file was provided.
  15:.\Generated_Source\PSoC5/Pin_Resistor_3.c **** *******************************************************************************/
  16:.\Generated_Source\PSoC5/Pin_Resistor_3.c **** 
  17:.\Generated_Source\PSoC5/Pin_Resistor_3.c **** #include "cytypes.h"
  18:.\Generated_Source\PSoC5/Pin_Resistor_3.c **** #include "Pin_Resistor_3.h"
  19:.\Generated_Source\PSoC5/Pin_Resistor_3.c **** 
  20:.\Generated_Source\PSoC5/Pin_Resistor_3.c **** /* APIs are not generated for P15[7:6] on PSoC 5 */
  21:.\Generated_Source\PSoC5/Pin_Resistor_3.c **** #if !(CY_PSOC5A &&\
  22:.\Generated_Source\PSoC5/Pin_Resistor_3.c **** 	 Pin_Resistor_3__PORT == 15 && ((Pin_Resistor_3__MASK & 0xC0) != 0))
  23:.\Generated_Source\PSoC5/Pin_Resistor_3.c **** 
  24:.\Generated_Source\PSoC5/Pin_Resistor_3.c **** 
  25:.\Generated_Source\PSoC5/Pin_Resistor_3.c **** /*******************************************************************************
  26:.\Generated_Source\PSoC5/Pin_Resistor_3.c **** * Function Name: Pin_Resistor_3_Write
  27:.\Generated_Source\PSoC5/Pin_Resistor_3.c **** ****************************************************************************//**
  28:.\Generated_Source\PSoC5/Pin_Resistor_3.c **** *
  29:.\Generated_Source\PSoC5/Pin_Resistor_3.c **** * \brief Writes the value to the physical port (data output register), masking
  30:.\Generated_Source\PSoC5/Pin_Resistor_3.c **** *  and shifting the bits appropriately. 
  31:.\Generated_Source\PSoC5/Pin_Resistor_3.c **** *
ARM GAS  C:\Users\LocalAdmin\AppData\Local\Temp\ccAn6tLz.s 			page 2


  32:.\Generated_Source\PSoC5/Pin_Resistor_3.c **** * The data output register controls the signal applied to the physical pin in 
  33:.\Generated_Source\PSoC5/Pin_Resistor_3.c **** * conjunction with the drive mode parameter. This function avoids changing 
  34:.\Generated_Source\PSoC5/Pin_Resistor_3.c **** * other bits in the port by using the appropriate method (read-modify-write or
  35:.\Generated_Source\PSoC5/Pin_Resistor_3.c **** * bit banding).
  36:.\Generated_Source\PSoC5/Pin_Resistor_3.c **** *
  37:.\Generated_Source\PSoC5/Pin_Resistor_3.c **** * <b>Note</b> This function should not be used on a hardware digital output pin 
  38:.\Generated_Source\PSoC5/Pin_Resistor_3.c **** * as it is driven by the hardware signal attached to it.
  39:.\Generated_Source\PSoC5/Pin_Resistor_3.c **** *
  40:.\Generated_Source\PSoC5/Pin_Resistor_3.c **** * \param value
  41:.\Generated_Source\PSoC5/Pin_Resistor_3.c **** *  Value to write to the component instance.
  42:.\Generated_Source\PSoC5/Pin_Resistor_3.c **** *
  43:.\Generated_Source\PSoC5/Pin_Resistor_3.c **** * \return 
  44:.\Generated_Source\PSoC5/Pin_Resistor_3.c **** *  None 
  45:.\Generated_Source\PSoC5/Pin_Resistor_3.c **** *
  46:.\Generated_Source\PSoC5/Pin_Resistor_3.c **** * \sideeffect
  47:.\Generated_Source\PSoC5/Pin_Resistor_3.c **** *  If you use read-modify-write operations that are not atomic; the Interrupt 
  48:.\Generated_Source\PSoC5/Pin_Resistor_3.c **** *  Service Routines (ISR) can cause corruption of this function. An ISR that 
  49:.\Generated_Source\PSoC5/Pin_Resistor_3.c **** *  interrupts this function and performs writes to the Pins component data 
  50:.\Generated_Source\PSoC5/Pin_Resistor_3.c **** *  register can cause corrupted port data. To avoid this issue, you should 
  51:.\Generated_Source\PSoC5/Pin_Resistor_3.c **** *  either use the Per-Pin APIs (primary method) or disable interrupts around 
  52:.\Generated_Source\PSoC5/Pin_Resistor_3.c **** *  this function.
  53:.\Generated_Source\PSoC5/Pin_Resistor_3.c **** *
  54:.\Generated_Source\PSoC5/Pin_Resistor_3.c **** * \funcusage
  55:.\Generated_Source\PSoC5/Pin_Resistor_3.c **** *  \snippet Pin_Resistor_3_SUT.c usage_Pin_Resistor_3_Write
  56:.\Generated_Source\PSoC5/Pin_Resistor_3.c **** *******************************************************************************/
  57:.\Generated_Source\PSoC5/Pin_Resistor_3.c **** void Pin_Resistor_3_Write(uint8 value)
  58:.\Generated_Source\PSoC5/Pin_Resistor_3.c **** {
  27              		.loc 1 58 0
  28              		.cfi_startproc
  29              		@ args = 0, pretend = 0, frame = 16
  30              		@ frame_needed = 1, uses_anonymous_args = 0
  31              		@ link register save eliminated.
  32 0000 80B4     		push	{r7}
  33              		.cfi_def_cfa_offset 4
  34              		.cfi_offset 7, -4
  35 0002 85B0     		sub	sp, sp, #20
  36              		.cfi_def_cfa_offset 24
  37 0004 00AF     		add	r7, sp, #0
  38              		.cfi_def_cfa_register 7
  39 0006 0346     		mov	r3, r0
  40 0008 FB71     		strb	r3, [r7, #7]
  59:.\Generated_Source\PSoC5/Pin_Resistor_3.c ****     uint8 staticBits = (Pin_Resistor_3_DR & (uint8)(~Pin_Resistor_3_MASK));
  41              		.loc 1 59 0
  42 000a 094B     		ldr	r3, .L2
  43 000c 1B78     		ldrb	r3, [r3]
  44 000e DBB2     		uxtb	r3, r3
  45 0010 03F07F03 		and	r3, r3, #127
  46 0014 FB73     		strb	r3, [r7, #15]
  60:.\Generated_Source\PSoC5/Pin_Resistor_3.c ****     Pin_Resistor_3_DR = staticBits | ((uint8)(value << Pin_Resistor_3_SHIFT) & Pin_Resistor_3_MASK)
  47              		.loc 1 60 0
  48 0016 0649     		ldr	r1, .L2
  49 0018 FB79     		ldrb	r3, [r7, #7]
  50 001a DB01     		lsls	r3, r3, #7
  51 001c DAB2     		uxtb	r2, r3
  52 001e FB7B     		ldrb	r3, [r7, #15]
  53 0020 1343     		orrs	r3, r3, r2
  54 0022 DBB2     		uxtb	r3, r3
ARM GAS  C:\Users\LocalAdmin\AppData\Local\Temp\ccAn6tLz.s 			page 3


  55 0024 0B70     		strb	r3, [r1]
  61:.\Generated_Source\PSoC5/Pin_Resistor_3.c **** }
  56              		.loc 1 61 0
  57 0026 1437     		adds	r7, r7, #20
  58              		.cfi_def_cfa_offset 4
  59 0028 BD46     		mov	sp, r7
  60              		.cfi_def_cfa_register 13
  61              		@ sp needed
  62 002a 5DF8047B 		ldr	r7, [sp], #4
  63              		.cfi_restore 7
  64              		.cfi_def_cfa_offset 0
  65 002e 7047     		bx	lr
  66              	.L3:
  67              		.align	2
  68              	.L2:
  69 0030 00510040 		.word	1073762560
  70              		.cfi_endproc
  71              	.LFE0:
  72              		.size	Pin_Resistor_3_Write, .-Pin_Resistor_3_Write
  73              		.section	.text.Pin_Resistor_3_SetDriveMode,"ax",%progbits
  74              		.align	2
  75              		.global	Pin_Resistor_3_SetDriveMode
  76              		.thumb
  77              		.thumb_func
  78              		.type	Pin_Resistor_3_SetDriveMode, %function
  79              	Pin_Resistor_3_SetDriveMode:
  80              	.LFB1:
  62:.\Generated_Source\PSoC5/Pin_Resistor_3.c **** 
  63:.\Generated_Source\PSoC5/Pin_Resistor_3.c **** 
  64:.\Generated_Source\PSoC5/Pin_Resistor_3.c **** /*******************************************************************************
  65:.\Generated_Source\PSoC5/Pin_Resistor_3.c **** * Function Name: Pin_Resistor_3_SetDriveMode
  66:.\Generated_Source\PSoC5/Pin_Resistor_3.c **** ****************************************************************************//**
  67:.\Generated_Source\PSoC5/Pin_Resistor_3.c **** *
  68:.\Generated_Source\PSoC5/Pin_Resistor_3.c **** * \brief Sets the drive mode for each of the Pins component's pins.
  69:.\Generated_Source\PSoC5/Pin_Resistor_3.c **** * 
  70:.\Generated_Source\PSoC5/Pin_Resistor_3.c **** * <b>Note</b> This affects all pins in the Pins component instance. Use the
  71:.\Generated_Source\PSoC5/Pin_Resistor_3.c **** * Per-Pin APIs if you wish to control individual pin's drive modes.
  72:.\Generated_Source\PSoC5/Pin_Resistor_3.c **** *
  73:.\Generated_Source\PSoC5/Pin_Resistor_3.c **** * \param mode
  74:.\Generated_Source\PSoC5/Pin_Resistor_3.c **** *  Mode for the selected signals. Valid options are documented in 
  75:.\Generated_Source\PSoC5/Pin_Resistor_3.c **** *  \ref driveMode.
  76:.\Generated_Source\PSoC5/Pin_Resistor_3.c **** *
  77:.\Generated_Source\PSoC5/Pin_Resistor_3.c **** * \return
  78:.\Generated_Source\PSoC5/Pin_Resistor_3.c **** *  None
  79:.\Generated_Source\PSoC5/Pin_Resistor_3.c **** *
  80:.\Generated_Source\PSoC5/Pin_Resistor_3.c **** * \sideeffect
  81:.\Generated_Source\PSoC5/Pin_Resistor_3.c **** *  If you use read-modify-write operations that are not atomic, the ISR can
  82:.\Generated_Source\PSoC5/Pin_Resistor_3.c **** *  cause corruption of this function. An ISR that interrupts this function 
  83:.\Generated_Source\PSoC5/Pin_Resistor_3.c **** *  and performs writes to the Pins component Drive Mode registers can cause 
  84:.\Generated_Source\PSoC5/Pin_Resistor_3.c **** *  corrupted port data. To avoid this issue, you should either use the Per-Pin
  85:.\Generated_Source\PSoC5/Pin_Resistor_3.c **** *  APIs (primary method) or disable interrupts around this function.
  86:.\Generated_Source\PSoC5/Pin_Resistor_3.c **** *
  87:.\Generated_Source\PSoC5/Pin_Resistor_3.c **** * \funcusage
  88:.\Generated_Source\PSoC5/Pin_Resistor_3.c **** *  \snippet Pin_Resistor_3_SUT.c usage_Pin_Resistor_3_SetDriveMode
  89:.\Generated_Source\PSoC5/Pin_Resistor_3.c **** *******************************************************************************/
  90:.\Generated_Source\PSoC5/Pin_Resistor_3.c **** void Pin_Resistor_3_SetDriveMode(uint8 mode)
  91:.\Generated_Source\PSoC5/Pin_Resistor_3.c **** {
ARM GAS  C:\Users\LocalAdmin\AppData\Local\Temp\ccAn6tLz.s 			page 4


  81              		.loc 1 91 0
  82              		.cfi_startproc
  83              		@ args = 0, pretend = 0, frame = 8
  84              		@ frame_needed = 1, uses_anonymous_args = 0
  85              		@ link register save eliminated.
  86 0000 80B4     		push	{r7}
  87              		.cfi_def_cfa_offset 4
  88              		.cfi_offset 7, -4
  89 0002 83B0     		sub	sp, sp, #12
  90              		.cfi_def_cfa_offset 16
  91 0004 00AF     		add	r7, sp, #0
  92              		.cfi_def_cfa_register 7
  93 0006 0346     		mov	r3, r0
  94 0008 FB71     		strb	r3, [r7, #7]
  92:.\Generated_Source\PSoC5/Pin_Resistor_3.c **** 	CyPins_SetPinDriveMode(Pin_Resistor_3_0, mode);
  95              		.loc 1 92 0
  96 000a 0A4B     		ldr	r3, .L5
  97 000c 094A     		ldr	r2, .L5
  98 000e 1278     		ldrb	r2, [r2]
  99 0010 D2B2     		uxtb	r2, r2
 100 0012 D2B2     		uxtb	r2, r2
 101 0014 22F00E02 		bic	r2, r2, #14
 102 0018 D1B2     		uxtb	r1, r2
 103 001a FA79     		ldrb	r2, [r7, #7]	@ zero_extendqisi2
 104 001c 02F00E02 		and	r2, r2, #14
 105 0020 D2B2     		uxtb	r2, r2
 106 0022 0A43     		orrs	r2, r2, r1
 107 0024 D2B2     		uxtb	r2, r2
 108 0026 D2B2     		uxtb	r2, r2
 109 0028 1A70     		strb	r2, [r3]
  93:.\Generated_Source\PSoC5/Pin_Resistor_3.c **** }
 110              		.loc 1 93 0
 111 002a 0C37     		adds	r7, r7, #12
 112              		.cfi_def_cfa_offset 4
 113 002c BD46     		mov	sp, r7
 114              		.cfi_def_cfa_register 13
 115              		@ sp needed
 116 002e 5DF8047B 		ldr	r7, [sp], #4
 117              		.cfi_restore 7
 118              		.cfi_def_cfa_offset 0
 119 0032 7047     		bx	lr
 120              	.L6:
 121              		.align	2
 122              	.L5:
 123 0034 07500040 		.word	1073762311
 124              		.cfi_endproc
 125              	.LFE1:
 126              		.size	Pin_Resistor_3_SetDriveMode, .-Pin_Resistor_3_SetDriveMode
 127              		.section	.text.Pin_Resistor_3_Read,"ax",%progbits
 128              		.align	2
 129              		.global	Pin_Resistor_3_Read
 130              		.thumb
 131              		.thumb_func
 132              		.type	Pin_Resistor_3_Read, %function
 133              	Pin_Resistor_3_Read:
 134              	.LFB2:
  94:.\Generated_Source\PSoC5/Pin_Resistor_3.c **** 
ARM GAS  C:\Users\LocalAdmin\AppData\Local\Temp\ccAn6tLz.s 			page 5


  95:.\Generated_Source\PSoC5/Pin_Resistor_3.c **** 
  96:.\Generated_Source\PSoC5/Pin_Resistor_3.c **** /*******************************************************************************
  97:.\Generated_Source\PSoC5/Pin_Resistor_3.c **** * Function Name: Pin_Resistor_3_Read
  98:.\Generated_Source\PSoC5/Pin_Resistor_3.c **** ****************************************************************************//**
  99:.\Generated_Source\PSoC5/Pin_Resistor_3.c **** *
 100:.\Generated_Source\PSoC5/Pin_Resistor_3.c **** * \brief Reads the associated physical port (pin status register) and masks 
 101:.\Generated_Source\PSoC5/Pin_Resistor_3.c **** *  the required bits according to the width and bit position of the component
 102:.\Generated_Source\PSoC5/Pin_Resistor_3.c **** *  instance. 
 103:.\Generated_Source\PSoC5/Pin_Resistor_3.c **** *
 104:.\Generated_Source\PSoC5/Pin_Resistor_3.c **** * The pin's status register returns the current logic level present on the 
 105:.\Generated_Source\PSoC5/Pin_Resistor_3.c **** * physical pin.
 106:.\Generated_Source\PSoC5/Pin_Resistor_3.c **** *
 107:.\Generated_Source\PSoC5/Pin_Resistor_3.c **** * \return 
 108:.\Generated_Source\PSoC5/Pin_Resistor_3.c **** *  The current value for the pins in the component as a right justified number.
 109:.\Generated_Source\PSoC5/Pin_Resistor_3.c **** *
 110:.\Generated_Source\PSoC5/Pin_Resistor_3.c **** * \funcusage
 111:.\Generated_Source\PSoC5/Pin_Resistor_3.c **** *  \snippet Pin_Resistor_3_SUT.c usage_Pin_Resistor_3_Read  
 112:.\Generated_Source\PSoC5/Pin_Resistor_3.c **** *******************************************************************************/
 113:.\Generated_Source\PSoC5/Pin_Resistor_3.c **** uint8 Pin_Resistor_3_Read(void)
 114:.\Generated_Source\PSoC5/Pin_Resistor_3.c **** {
 135              		.loc 1 114 0
 136              		.cfi_startproc
 137              		@ args = 0, pretend = 0, frame = 0
 138              		@ frame_needed = 1, uses_anonymous_args = 0
 139              		@ link register save eliminated.
 140 0000 80B4     		push	{r7}
 141              		.cfi_def_cfa_offset 4
 142              		.cfi_offset 7, -4
 143 0002 00AF     		add	r7, sp, #0
 144              		.cfi_def_cfa_register 7
 115:.\Generated_Source\PSoC5/Pin_Resistor_3.c ****     return (Pin_Resistor_3_PS & Pin_Resistor_3_MASK) >> Pin_Resistor_3_SHIFT;
 145              		.loc 1 115 0
 146 0004 044B     		ldr	r3, .L9
 147 0006 1B78     		ldrb	r3, [r3]
 148 0008 DBB2     		uxtb	r3, r3
 149 000a DB09     		lsrs	r3, r3, #7
 150 000c DBB2     		uxtb	r3, r3
 116:.\Generated_Source\PSoC5/Pin_Resistor_3.c **** }
 151              		.loc 1 116 0
 152 000e 1846     		mov	r0, r3
 153 0010 BD46     		mov	sp, r7
 154              		.cfi_def_cfa_register 13
 155              		@ sp needed
 156 0012 5DF8047B 		ldr	r7, [sp], #4
 157              		.cfi_restore 7
 158              		.cfi_def_cfa_offset 0
 159 0016 7047     		bx	lr
 160              	.L10:
 161              		.align	2
 162              	.L9:
 163 0018 01510040 		.word	1073762561
 164              		.cfi_endproc
 165              	.LFE2:
 166              		.size	Pin_Resistor_3_Read, .-Pin_Resistor_3_Read
 167              		.section	.text.Pin_Resistor_3_ReadDataReg,"ax",%progbits
 168              		.align	2
 169              		.global	Pin_Resistor_3_ReadDataReg
ARM GAS  C:\Users\LocalAdmin\AppData\Local\Temp\ccAn6tLz.s 			page 6


 170              		.thumb
 171              		.thumb_func
 172              		.type	Pin_Resistor_3_ReadDataReg, %function
 173              	Pin_Resistor_3_ReadDataReg:
 174              	.LFB3:
 117:.\Generated_Source\PSoC5/Pin_Resistor_3.c **** 
 118:.\Generated_Source\PSoC5/Pin_Resistor_3.c **** 
 119:.\Generated_Source\PSoC5/Pin_Resistor_3.c **** /*******************************************************************************
 120:.\Generated_Source\PSoC5/Pin_Resistor_3.c **** * Function Name: Pin_Resistor_3_ReadDataReg
 121:.\Generated_Source\PSoC5/Pin_Resistor_3.c **** ****************************************************************************//**
 122:.\Generated_Source\PSoC5/Pin_Resistor_3.c **** *
 123:.\Generated_Source\PSoC5/Pin_Resistor_3.c **** * \brief Reads the associated physical port's data output register and masks 
 124:.\Generated_Source\PSoC5/Pin_Resistor_3.c **** *  the correct bits according to the width and bit position of the component 
 125:.\Generated_Source\PSoC5/Pin_Resistor_3.c **** *  instance. 
 126:.\Generated_Source\PSoC5/Pin_Resistor_3.c **** *
 127:.\Generated_Source\PSoC5/Pin_Resistor_3.c **** * The data output register controls the signal applied to the physical pin in 
 128:.\Generated_Source\PSoC5/Pin_Resistor_3.c **** * conjunction with the drive mode parameter. This is not the same as the 
 129:.\Generated_Source\PSoC5/Pin_Resistor_3.c **** * preferred Pin_Resistor_3_Read() API because the 
 130:.\Generated_Source\PSoC5/Pin_Resistor_3.c **** * Pin_Resistor_3_ReadDataReg() reads the data register instead of the status 
 131:.\Generated_Source\PSoC5/Pin_Resistor_3.c **** * register. For output pins this is a useful function to determine the value 
 132:.\Generated_Source\PSoC5/Pin_Resistor_3.c **** * just written to the pin.
 133:.\Generated_Source\PSoC5/Pin_Resistor_3.c **** *
 134:.\Generated_Source\PSoC5/Pin_Resistor_3.c **** * \return 
 135:.\Generated_Source\PSoC5/Pin_Resistor_3.c **** *  The current value of the data register masked and shifted into a right 
 136:.\Generated_Source\PSoC5/Pin_Resistor_3.c **** *  justified number for the component instance.
 137:.\Generated_Source\PSoC5/Pin_Resistor_3.c **** *
 138:.\Generated_Source\PSoC5/Pin_Resistor_3.c **** * \funcusage
 139:.\Generated_Source\PSoC5/Pin_Resistor_3.c **** *  \snippet Pin_Resistor_3_SUT.c usage_Pin_Resistor_3_ReadDataReg 
 140:.\Generated_Source\PSoC5/Pin_Resistor_3.c **** *******************************************************************************/
 141:.\Generated_Source\PSoC5/Pin_Resistor_3.c **** uint8 Pin_Resistor_3_ReadDataReg(void)
 142:.\Generated_Source\PSoC5/Pin_Resistor_3.c **** {
 175              		.loc 1 142 0
 176              		.cfi_startproc
 177              		@ args = 0, pretend = 0, frame = 0
 178              		@ frame_needed = 1, uses_anonymous_args = 0
 179              		@ link register save eliminated.
 180 0000 80B4     		push	{r7}
 181              		.cfi_def_cfa_offset 4
 182              		.cfi_offset 7, -4
 183 0002 00AF     		add	r7, sp, #0
 184              		.cfi_def_cfa_register 7
 143:.\Generated_Source\PSoC5/Pin_Resistor_3.c ****     return (Pin_Resistor_3_DR & Pin_Resistor_3_MASK) >> Pin_Resistor_3_SHIFT;
 185              		.loc 1 143 0
 186 0004 044B     		ldr	r3, .L13
 187 0006 1B78     		ldrb	r3, [r3]
 188 0008 DBB2     		uxtb	r3, r3
 189 000a DB09     		lsrs	r3, r3, #7
 190 000c DBB2     		uxtb	r3, r3
 144:.\Generated_Source\PSoC5/Pin_Resistor_3.c **** }
 191              		.loc 1 144 0
 192 000e 1846     		mov	r0, r3
 193 0010 BD46     		mov	sp, r7
 194              		.cfi_def_cfa_register 13
 195              		@ sp needed
 196 0012 5DF8047B 		ldr	r7, [sp], #4
 197              		.cfi_restore 7
 198              		.cfi_def_cfa_offset 0
ARM GAS  C:\Users\LocalAdmin\AppData\Local\Temp\ccAn6tLz.s 			page 7


 199 0016 7047     		bx	lr
 200              	.L14:
 201              		.align	2
 202              	.L13:
 203 0018 00510040 		.word	1073762560
 204              		.cfi_endproc
 205              	.LFE3:
 206              		.size	Pin_Resistor_3_ReadDataReg, .-Pin_Resistor_3_ReadDataReg
 207              		.text
 208              	.Letext0:
 209              		.file 2 ".\\Generated_Source\\PSoC5\\cytypes.h"
 210              		.section	.debug_info,"",%progbits
 211              	.Ldebug_info0:
 212 0000 19010000 		.4byte	0x119
 213 0004 0400     		.2byte	0x4
 214 0006 00000000 		.4byte	.Ldebug_abbrev0
 215 000a 04       		.byte	0x4
 216 000b 01       		.uleb128 0x1
 217 000c 11000000 		.4byte	.LASF20
 218 0010 01       		.byte	0x1
 219 0011 9F000000 		.4byte	.LASF21
 220 0015 07010000 		.4byte	.LASF22
 221 0019 00000000 		.4byte	.Ldebug_ranges0+0
 222 001d 00000000 		.4byte	0
 223 0021 00000000 		.4byte	.Ldebug_line0
 224 0025 02       		.uleb128 0x2
 225 0026 01       		.byte	0x1
 226 0027 06       		.byte	0x6
 227 0028 31020000 		.4byte	.LASF0
 228 002c 02       		.uleb128 0x2
 229 002d 01       		.byte	0x1
 230 002e 08       		.byte	0x8
 231 002f CF000000 		.4byte	.LASF1
 232 0033 02       		.uleb128 0x2
 233 0034 02       		.byte	0x2
 234 0035 05       		.byte	0x5
 235 0036 18020000 		.4byte	.LASF2
 236 003a 02       		.uleb128 0x2
 237 003b 02       		.byte	0x2
 238 003c 07       		.byte	0x7
 239 003d F4000000 		.4byte	.LASF3
 240 0041 02       		.uleb128 0x2
 241 0042 04       		.byte	0x4
 242 0043 05       		.byte	0x5
 243 0044 28020000 		.4byte	.LASF4
 244 0048 02       		.uleb128 0x2
 245 0049 04       		.byte	0x4
 246 004a 07       		.byte	0x7
 247 004b E2000000 		.4byte	.LASF5
 248 004f 02       		.uleb128 0x2
 249 0050 08       		.byte	0x8
 250 0051 05       		.byte	0x5
 251 0052 05020000 		.4byte	.LASF6
 252 0056 02       		.uleb128 0x2
 253 0057 08       		.byte	0x8
 254 0058 07       		.byte	0x7
 255 0059 CD010000 		.4byte	.LASF7
ARM GAS  C:\Users\LocalAdmin\AppData\Local\Temp\ccAn6tLz.s 			page 8


 256 005d 03       		.uleb128 0x3
 257 005e 04       		.byte	0x4
 258 005f 05       		.byte	0x5
 259 0060 696E7400 		.ascii	"int\000"
 260 0064 02       		.uleb128 0x2
 261 0065 04       		.byte	0x4
 262 0066 07       		.byte	0x7
 263 0067 C0010000 		.4byte	.LASF8
 264 006b 04       		.uleb128 0x4
 265 006c 22020000 		.4byte	.LASF12
 266 0070 02       		.byte	0x2
 267 0071 A1       		.byte	0xa1
 268 0072 2C000000 		.4byte	0x2c
 269 0076 02       		.uleb128 0x2
 270 0077 04       		.byte	0x4
 271 0078 04       		.byte	0x4
 272 0079 C9000000 		.4byte	.LASF9
 273 007d 02       		.uleb128 0x2
 274 007e 08       		.byte	0x8
 275 007f 04       		.byte	0x4
 276 0080 90010000 		.4byte	.LASF10
 277 0084 02       		.uleb128 0x2
 278 0085 01       		.byte	0x1
 279 0086 08       		.byte	0x8
 280 0087 13020000 		.4byte	.LASF11
 281 008b 05       		.uleb128 0x5
 282 008c DD000000 		.4byte	.LASF13
 283 0090 02       		.byte	0x2
 284 0091 4B01     		.2byte	0x14b
 285 0093 97000000 		.4byte	0x97
 286 0097 06       		.uleb128 0x6
 287 0098 6B000000 		.4byte	0x6b
 288 009c 07       		.uleb128 0x7
 289 009d 97010000 		.4byte	.LASF14
 290 00a1 01       		.byte	0x1
 291 00a2 39       		.byte	0x39
 292 00a3 00000000 		.4byte	.LFB0
 293 00a7 34000000 		.4byte	.LFE0-.LFB0
 294 00ab 01       		.uleb128 0x1
 295 00ac 9C       		.byte	0x9c
 296 00ad CE000000 		.4byte	0xce
 297 00b1 08       		.uleb128 0x8
 298 00b2 00000000 		.4byte	.LASF16
 299 00b6 01       		.byte	0x1
 300 00b7 39       		.byte	0x39
 301 00b8 6B000000 		.4byte	0x6b
 302 00bc 02       		.uleb128 0x2
 303 00bd 91       		.byte	0x91
 304 00be 6F       		.sleb128 -17
 305 00bf 09       		.uleb128 0x9
 306 00c0 06000000 		.4byte	.LASF23
 307 00c4 01       		.byte	0x1
 308 00c5 3B       		.byte	0x3b
 309 00c6 6B000000 		.4byte	0x6b
 310 00ca 02       		.uleb128 0x2
 311 00cb 91       		.byte	0x91
 312 00cc 77       		.sleb128 -9
ARM GAS  C:\Users\LocalAdmin\AppData\Local\Temp\ccAn6tLz.s 			page 9


 313 00cd 00       		.byte	0
 314 00ce 07       		.uleb128 0x7
 315 00cf E9010000 		.4byte	.LASF15
 316 00d3 01       		.byte	0x1
 317 00d4 5A       		.byte	0x5a
 318 00d5 00000000 		.4byte	.LFB1
 319 00d9 38000000 		.4byte	.LFE1-.LFB1
 320 00dd 01       		.uleb128 0x1
 321 00de 9C       		.byte	0x9c
 322 00df F2000000 		.4byte	0xf2
 323 00e3 08       		.uleb128 0x8
 324 00e4 E4010000 		.4byte	.LASF17
 325 00e8 01       		.byte	0x1
 326 00e9 5A       		.byte	0x5a
 327 00ea 6B000000 		.4byte	0x6b
 328 00ee 02       		.uleb128 0x2
 329 00ef 91       		.byte	0x91
 330 00f0 77       		.sleb128 -9
 331 00f1 00       		.byte	0
 332 00f2 0A       		.uleb128 0xa
 333 00f3 AC010000 		.4byte	.LASF18
 334 00f7 01       		.byte	0x1
 335 00f8 71       		.byte	0x71
 336 00f9 6B000000 		.4byte	0x6b
 337 00fd 00000000 		.4byte	.LFB2
 338 0101 1C000000 		.4byte	.LFE2-.LFB2
 339 0105 01       		.uleb128 0x1
 340 0106 9C       		.byte	0x9c
 341 0107 0A       		.uleb128 0xa
 342 0108 75010000 		.4byte	.LASF19
 343 010c 01       		.byte	0x1
 344 010d 8D       		.byte	0x8d
 345 010e 6B000000 		.4byte	0x6b
 346 0112 00000000 		.4byte	.LFB3
 347 0116 1C000000 		.4byte	.LFE3-.LFB3
 348 011a 01       		.uleb128 0x1
 349 011b 9C       		.byte	0x9c
 350 011c 00       		.byte	0
 351              		.section	.debug_abbrev,"",%progbits
 352              	.Ldebug_abbrev0:
 353 0000 01       		.uleb128 0x1
 354 0001 11       		.uleb128 0x11
 355 0002 01       		.byte	0x1
 356 0003 25       		.uleb128 0x25
 357 0004 0E       		.uleb128 0xe
 358 0005 13       		.uleb128 0x13
 359 0006 0B       		.uleb128 0xb
 360 0007 03       		.uleb128 0x3
 361 0008 0E       		.uleb128 0xe
 362 0009 1B       		.uleb128 0x1b
 363 000a 0E       		.uleb128 0xe
 364 000b 55       		.uleb128 0x55
 365 000c 17       		.uleb128 0x17
 366 000d 11       		.uleb128 0x11
 367 000e 01       		.uleb128 0x1
 368 000f 10       		.uleb128 0x10
 369 0010 17       		.uleb128 0x17
ARM GAS  C:\Users\LocalAdmin\AppData\Local\Temp\ccAn6tLz.s 			page 10


 370 0011 00       		.byte	0
 371 0012 00       		.byte	0
 372 0013 02       		.uleb128 0x2
 373 0014 24       		.uleb128 0x24
 374 0015 00       		.byte	0
 375 0016 0B       		.uleb128 0xb
 376 0017 0B       		.uleb128 0xb
 377 0018 3E       		.uleb128 0x3e
 378 0019 0B       		.uleb128 0xb
 379 001a 03       		.uleb128 0x3
 380 001b 0E       		.uleb128 0xe
 381 001c 00       		.byte	0
 382 001d 00       		.byte	0
 383 001e 03       		.uleb128 0x3
 384 001f 24       		.uleb128 0x24
 385 0020 00       		.byte	0
 386 0021 0B       		.uleb128 0xb
 387 0022 0B       		.uleb128 0xb
 388 0023 3E       		.uleb128 0x3e
 389 0024 0B       		.uleb128 0xb
 390 0025 03       		.uleb128 0x3
 391 0026 08       		.uleb128 0x8
 392 0027 00       		.byte	0
 393 0028 00       		.byte	0
 394 0029 04       		.uleb128 0x4
 395 002a 16       		.uleb128 0x16
 396 002b 00       		.byte	0
 397 002c 03       		.uleb128 0x3
 398 002d 0E       		.uleb128 0xe
 399 002e 3A       		.uleb128 0x3a
 400 002f 0B       		.uleb128 0xb
 401 0030 3B       		.uleb128 0x3b
 402 0031 0B       		.uleb128 0xb
 403 0032 49       		.uleb128 0x49
 404 0033 13       		.uleb128 0x13
 405 0034 00       		.byte	0
 406 0035 00       		.byte	0
 407 0036 05       		.uleb128 0x5
 408 0037 16       		.uleb128 0x16
 409 0038 00       		.byte	0
 410 0039 03       		.uleb128 0x3
 411 003a 0E       		.uleb128 0xe
 412 003b 3A       		.uleb128 0x3a
 413 003c 0B       		.uleb128 0xb
 414 003d 3B       		.uleb128 0x3b
 415 003e 05       		.uleb128 0x5
 416 003f 49       		.uleb128 0x49
 417 0040 13       		.uleb128 0x13
 418 0041 00       		.byte	0
 419 0042 00       		.byte	0
 420 0043 06       		.uleb128 0x6
 421 0044 35       		.uleb128 0x35
 422 0045 00       		.byte	0
 423 0046 49       		.uleb128 0x49
 424 0047 13       		.uleb128 0x13
 425 0048 00       		.byte	0
 426 0049 00       		.byte	0
ARM GAS  C:\Users\LocalAdmin\AppData\Local\Temp\ccAn6tLz.s 			page 11


 427 004a 07       		.uleb128 0x7
 428 004b 2E       		.uleb128 0x2e
 429 004c 01       		.byte	0x1
 430 004d 3F       		.uleb128 0x3f
 431 004e 19       		.uleb128 0x19
 432 004f 03       		.uleb128 0x3
 433 0050 0E       		.uleb128 0xe
 434 0051 3A       		.uleb128 0x3a
 435 0052 0B       		.uleb128 0xb
 436 0053 3B       		.uleb128 0x3b
 437 0054 0B       		.uleb128 0xb
 438 0055 27       		.uleb128 0x27
 439 0056 19       		.uleb128 0x19
 440 0057 11       		.uleb128 0x11
 441 0058 01       		.uleb128 0x1
 442 0059 12       		.uleb128 0x12
 443 005a 06       		.uleb128 0x6
 444 005b 40       		.uleb128 0x40
 445 005c 18       		.uleb128 0x18
 446 005d 9742     		.uleb128 0x2117
 447 005f 19       		.uleb128 0x19
 448 0060 01       		.uleb128 0x1
 449 0061 13       		.uleb128 0x13
 450 0062 00       		.byte	0
 451 0063 00       		.byte	0
 452 0064 08       		.uleb128 0x8
 453 0065 05       		.uleb128 0x5
 454 0066 00       		.byte	0
 455 0067 03       		.uleb128 0x3
 456 0068 0E       		.uleb128 0xe
 457 0069 3A       		.uleb128 0x3a
 458 006a 0B       		.uleb128 0xb
 459 006b 3B       		.uleb128 0x3b
 460 006c 0B       		.uleb128 0xb
 461 006d 49       		.uleb128 0x49
 462 006e 13       		.uleb128 0x13
 463 006f 02       		.uleb128 0x2
 464 0070 18       		.uleb128 0x18
 465 0071 00       		.byte	0
 466 0072 00       		.byte	0
 467 0073 09       		.uleb128 0x9
 468 0074 34       		.uleb128 0x34
 469 0075 00       		.byte	0
 470 0076 03       		.uleb128 0x3
 471 0077 0E       		.uleb128 0xe
 472 0078 3A       		.uleb128 0x3a
 473 0079 0B       		.uleb128 0xb
 474 007a 3B       		.uleb128 0x3b
 475 007b 0B       		.uleb128 0xb
 476 007c 49       		.uleb128 0x49
 477 007d 13       		.uleb128 0x13
 478 007e 02       		.uleb128 0x2
 479 007f 18       		.uleb128 0x18
 480 0080 00       		.byte	0
 481 0081 00       		.byte	0
 482 0082 0A       		.uleb128 0xa
 483 0083 2E       		.uleb128 0x2e
ARM GAS  C:\Users\LocalAdmin\AppData\Local\Temp\ccAn6tLz.s 			page 12


 484 0084 00       		.byte	0
 485 0085 3F       		.uleb128 0x3f
 486 0086 19       		.uleb128 0x19
 487 0087 03       		.uleb128 0x3
 488 0088 0E       		.uleb128 0xe
 489 0089 3A       		.uleb128 0x3a
 490 008a 0B       		.uleb128 0xb
 491 008b 3B       		.uleb128 0x3b
 492 008c 0B       		.uleb128 0xb
 493 008d 27       		.uleb128 0x27
 494 008e 19       		.uleb128 0x19
 495 008f 49       		.uleb128 0x49
 496 0090 13       		.uleb128 0x13
 497 0091 11       		.uleb128 0x11
 498 0092 01       		.uleb128 0x1
 499 0093 12       		.uleb128 0x12
 500 0094 06       		.uleb128 0x6
 501 0095 40       		.uleb128 0x40
 502 0096 18       		.uleb128 0x18
 503 0097 9742     		.uleb128 0x2117
 504 0099 19       		.uleb128 0x19
 505 009a 00       		.byte	0
 506 009b 00       		.byte	0
 507 009c 00       		.byte	0
 508              		.section	.debug_aranges,"",%progbits
 509 0000 34000000 		.4byte	0x34
 510 0004 0200     		.2byte	0x2
 511 0006 00000000 		.4byte	.Ldebug_info0
 512 000a 04       		.byte	0x4
 513 000b 00       		.byte	0
 514 000c 0000     		.2byte	0
 515 000e 0000     		.2byte	0
 516 0010 00000000 		.4byte	.LFB0
 517 0014 34000000 		.4byte	.LFE0-.LFB0
 518 0018 00000000 		.4byte	.LFB1
 519 001c 38000000 		.4byte	.LFE1-.LFB1
 520 0020 00000000 		.4byte	.LFB2
 521 0024 1C000000 		.4byte	.LFE2-.LFB2
 522 0028 00000000 		.4byte	.LFB3
 523 002c 1C000000 		.4byte	.LFE3-.LFB3
 524 0030 00000000 		.4byte	0
 525 0034 00000000 		.4byte	0
 526              		.section	.debug_ranges,"",%progbits
 527              	.Ldebug_ranges0:
 528 0000 00000000 		.4byte	.LFB0
 529 0004 34000000 		.4byte	.LFE0
 530 0008 00000000 		.4byte	.LFB1
 531 000c 38000000 		.4byte	.LFE1
 532 0010 00000000 		.4byte	.LFB2
 533 0014 1C000000 		.4byte	.LFE2
 534 0018 00000000 		.4byte	.LFB3
 535 001c 1C000000 		.4byte	.LFE3
 536 0020 00000000 		.4byte	0
 537 0024 00000000 		.4byte	0
 538              		.section	.debug_line,"",%progbits
 539              	.Ldebug_line0:
 540 0000 9B000000 		.section	.debug_str,"MS",%progbits,1
ARM GAS  C:\Users\LocalAdmin\AppData\Local\Temp\ccAn6tLz.s 			page 13


 540      02004D00 
 540      00000201 
 540      FB0E0D00 
 540      01010101 
 541              	.LASF16:
 542 0000 76616C75 		.ascii	"value\000"
 542      6500
 543              	.LASF23:
 544 0006 73746174 		.ascii	"staticBits\000"
 544      69634269 
 544      747300
 545              	.LASF20:
 546 0011 474E5520 		.ascii	"GNU C 4.9.3 20150303 (release) [ARM/embedded-4_9-br"
 546      4320342E 
 546      392E3320 
 546      32303135 
 546      30333033 
 547 0044 616E6368 		.ascii	"anch revision 221220] -mcpu=cortex-m3 -mthumb -g -O"
 547      20726576 
 547      6973696F 
 547      6E203232 
 547      31323230 
 548 0077 30202D66 		.ascii	"0 -ffunction-sections -ffat-lto-objects\000"
 548      66756E63 
 548      74696F6E 
 548      2D736563 
 548      74696F6E 
 549              	.LASF21:
 550 009f 2E5C4765 		.ascii	".\\Generated_Source\\PSoC5\\Pin_Resistor_3.c\000"
 550      6E657261 
 550      7465645F 
 550      536F7572 
 550      63655C50 
 551              	.LASF9:
 552 00c9 666C6F61 		.ascii	"float\000"
 552      7400
 553              	.LASF1:
 554 00cf 756E7369 		.ascii	"unsigned char\000"
 554      676E6564 
 554      20636861 
 554      7200
 555              	.LASF13:
 556 00dd 72656738 		.ascii	"reg8\000"
 556      00
 557              	.LASF5:
 558 00e2 6C6F6E67 		.ascii	"long unsigned int\000"
 558      20756E73 
 558      69676E65 
 558      6420696E 
 558      7400
 559              	.LASF3:
 560 00f4 73686F72 		.ascii	"short unsigned int\000"
 560      7420756E 
 560      7369676E 
 560      65642069 
 560      6E7400
 561              	.LASF22:
ARM GAS  C:\Users\LocalAdmin\AppData\Local\Temp\ccAn6tLz.s 			page 14


 562 0107 473A5C41 		.ascii	"G:\\Auftrag_9521_Hoffmann_Lammelle-Steuerung\\2016-"
 562      75667472 
 562      61675F39 
 562      3532315F 
 562      486F6666 
 563 0138 30382D32 		.ascii	"08-29-Lamelle\\PSOC5_LamellaDevice\\PSOC5_Blinkscha"
 563      392D4C61 
 563      6D656C6C 
 563      655C5053 
 563      4F43355F 
 564 0169 6C74756E 		.ascii	"ltung.cydsn\000"
 564      672E6379 
 564      64736E00 
 565              	.LASF19:
 566 0175 50696E5F 		.ascii	"Pin_Resistor_3_ReadDataReg\000"
 566      52657369 
 566      73746F72 
 566      5F335F52 
 566      65616444 
 567              	.LASF10:
 568 0190 646F7562 		.ascii	"double\000"
 568      6C6500
 569              	.LASF14:
 570 0197 50696E5F 		.ascii	"Pin_Resistor_3_Write\000"
 570      52657369 
 570      73746F72 
 570      5F335F57 
 570      72697465 
 571              	.LASF18:
 572 01ac 50696E5F 		.ascii	"Pin_Resistor_3_Read\000"
 572      52657369 
 572      73746F72 
 572      5F335F52 
 572      65616400 
 573              	.LASF8:
 574 01c0 756E7369 		.ascii	"unsigned int\000"
 574      676E6564 
 574      20696E74 
 574      00
 575              	.LASF7:
 576 01cd 6C6F6E67 		.ascii	"long long unsigned int\000"
 576      206C6F6E 
 576      6720756E 
 576      7369676E 
 576      65642069 
 577              	.LASF17:
 578 01e4 6D6F6465 		.ascii	"mode\000"
 578      00
 579              	.LASF15:
 580 01e9 50696E5F 		.ascii	"Pin_Resistor_3_SetDriveMode\000"
 580      52657369 
 580      73746F72 
 580      5F335F53 
 580      65744472 
 581              	.LASF6:
 582 0205 6C6F6E67 		.ascii	"long long int\000"
 582      206C6F6E 
ARM GAS  C:\Users\LocalAdmin\AppData\Local\Temp\ccAn6tLz.s 			page 15


 582      6720696E 
 582      7400
 583              	.LASF11:
 584 0213 63686172 		.ascii	"char\000"
 584      00
 585              	.LASF2:
 586 0218 73686F72 		.ascii	"short int\000"
 586      7420696E 
 586      7400
 587              	.LASF12:
 588 0222 75696E74 		.ascii	"uint8\000"
 588      3800
 589              	.LASF4:
 590 0228 6C6F6E67 		.ascii	"long int\000"
 590      20696E74 
 590      00
 591              	.LASF0:
 592 0231 7369676E 		.ascii	"signed char\000"
 592      65642063 
 592      68617200 
 593              		.ident	"GCC: (GNU Tools for ARM Embedded Processors) 4.9.3 20150303 (release) [ARM/embedded-4_9-br
